<?xml version="1.0" encoding="UTF-8"?>
<testsuite xmlns:xsi="http://www.w3.org/2001/XMLSchema-instance" xsi:schemaLocation="https://maven.apache.org/surefire/maven-surefire-plugin/xsd/surefire-test-report.xsd" name="listas.RegressionTest" time="0.622" tests="5388" errors="0" skipped="0" failures="0">
  <properties>
    <property name="java.runtime.name" value="OpenJDK Runtime Environment"/>
    <property name="java.vm.version" value="11.0.16+8-post-Debian-1"/>
    <property name="sun.boot.library.path" value="/usr/lib/jvm/java-11-openjdk-amd64/lib"/>
    <property name="awt.useSystemAAFontSettings" value="on"/>
    <property name="maven.multiModuleProjectDirectory" value="/home/gabrielbaseggio/Tereza/vyv/vyv2023-practicos/practico4"/>
    <property name="java.vm.vendor" value="Debian"/>
    <property name="java.vendor.url" value="https://tracker.debian.org/openjdk-11"/>
    <property name="guice.disable.misplaced.annotation.check" value="true"/>
    <property name="path.separator" value=":"/>
    <property name="java.vm.name" value="OpenJDK 64-Bit Server VM"/>
    <property name="sun.os.patch.level" value="unknown"/>
    <property name="user.country" value="US"/>
    <property name="sun.java.launcher" value="SUN_STANDARD"/>
    <property name="test" value="RegressionTest"/>
    <property name="java.vm.specification.name" value="Java Virtual Machine Specification"/>
    <property name="user.dir" value="/home/gabrielbaseggio/Tereza/vyv/vyv2023-practicos/practico4"/>
    <property name="java.vm.compressedOopsMode" value="Zero based"/>
    <property name="java.runtime.version" value="11.0.16+8-post-Debian-1"/>
    <property name="java.awt.graphicsenv" value="sun.awt.X11GraphicsEnvironment"/>
    <property name="os.arch" value="amd64"/>
    <property name="java.io.tmpdir" value="/tmp"/>
    <property name="line.separator" value="&#10;"/>
    <property name="java.vm.specification.vendor" value="Oracle Corporation"/>
    <property name="os.name" value="Linux"/>
    <property name="classworlds.conf" value="/usr/share/maven/bin/m2.conf"/>
    <property name="sun.jnu.encoding" value="UTF-8"/>
    <property name="java.library.path" value="/usr/java/packages/lib:/usr/lib/x86_64-linux-gnu/jni:/lib/x86_64-linux-gnu:/usr/lib/x86_64-linux-gnu:/usr/lib/jni:/lib:/usr/lib"/>
    <property name="maven.conf" value="/usr/share/maven/conf"/>
    <property name="jdk.debug" value="release"/>
    <property name="java.class.version" value="55.0"/>
    <property name="java.specification.name" value="Java Platform API Specification"/>
    <property name="sun.management.compiler" value="HotSpot 64-Bit Tiered Compilers"/>
    <property name="os.version" value="5.18.0-kali7-amd64"/>
    <property name="library.jansi.path" value="/usr/share/maven/lib/jansi-native"/>
    <property name="user.home" value="/home/gabrielbaseggio"/>
    <property name="user.timezone" value="America/New_York"/>
    <property name="java.awt.printerjob" value="sun.print.PSPrinterJob"/>
    <property name="file.encoding" value="UTF-8"/>
    <property name="java.specification.version" value="11"/>
    <property name="user.name" value="gabrielbaseggio"/>
    <property name="java.class.path" value="/usr/share/maven/boot/plexus-classworlds-2.x.jar"/>
    <property name="java.vm.specification.version" value="11"/>
    <property name="sun.arch.data.model" value="64"/>
    <property name="sun.java.command" value="org.codehaus.plexus.classworlds.launcher.Launcher -Dtest=RegressionTest test"/>
    <property name="java.home" value="/usr/lib/jvm/java-11-openjdk-amd64"/>
    <property name="user.language" value="en"/>
    <property name="java.specification.vendor" value="Oracle Corporation"/>
    <property name="awt.toolkit" value="sun.awt.X11.XToolkit"/>
    <property name="java.vm.info" value="mixed mode, sharing"/>
    <property name="java.version" value="11.0.16"/>
    <property name="java.vendor" value="Debian"/>
    <property name="maven.home" value="/usr/share/maven"/>
    <property name="swing.aatext" value="true"/>
    <property name="file.separator" value="/"/>
    <property name="java.version.date" value="2022-07-19"/>
    <property name="java.vendor.url.bug" value="https://bugs.debian.org/openjdk-11"/>
    <property name="sun.io.unicode.encoding" value="UnicodeLittle"/>
    <property name="sun.cpu.endian" value="little"/>
    <property name="sun.cpu.isalist" value=""/>
  </properties>
  <testcase name="test001" classname="listas.RegressionTest0" time="0.002"/>
  <testcase name="test001" classname="listas.RegressionTest1" time="0"/>
  <testcase name="test001" classname="listas.RegressionTest2" time="0"/>
  <testcase name="test001" classname="listas.RegressionTest3" time="0"/>
  <testcase name="test001" classname="listas.RegressionTest4" time="0"/>
  <testcase name="test001" classname="listas.RegressionTest5" time="0"/>
  <testcase name="test001" classname="listas.RegressionTest6" time="0"/>
  <testcase name="test001" classname="listas.RegressionTest7" time="0"/>
  <testcase name="test001" classname="listas.RegressionTest8" time="0"/>
  <testcase name="test001" classname="listas.RegressionTest9" time="0"/>
  <testcase name="test001" classname="listas.RegressionTest10" time="0"/>
  <testcase name="test002" classname="listas.RegressionTest0" time="0"/>
  <testcase name="test002" classname="listas.RegressionTest1" time="0"/>
  <testcase name="test002" classname="listas.RegressionTest2" time="0.001"/>
  <testcase name="test002" classname="listas.RegressionTest3" time="0"/>
  <testcase name="test002" classname="listas.RegressionTest4" time="0.001"/>
  <testcase name="test002" classname="listas.RegressionTest5" time="0"/>
  <testcase name="test002" classname="listas.RegressionTest6" time="0"/>
  <testcase name="test002" classname="listas.RegressionTest7" time="0"/>
  <testcase name="test002" classname="listas.RegressionTest8" time="0"/>
  <testcase name="test002" classname="listas.RegressionTest9" time="0"/>
  <testcase name="test002" classname="listas.RegressionTest10" time="0"/>
  <testcase name="test003" classname="listas.RegressionTest0" time="0"/>
  <testcase name="test003" classname="listas.RegressionTest1" time="0"/>
  <testcase name="test003" classname="listas.RegressionTest2" time="0"/>
  <testcase name="test003" classname="listas.RegressionTest3" time="0"/>
  <testcase name="test003" classname="listas.RegressionTest4" time="0"/>
  <testcase name="test003" classname="listas.RegressionTest5" time="0.001"/>
  <testcase name="test003" classname="listas.RegressionTest6" time="0"/>
  <testcase name="test003" classname="listas.RegressionTest7" time="0"/>
  <testcase name="test003" classname="listas.RegressionTest8" time="0"/>
  <testcase name="test003" classname="listas.RegressionTest9" time="0"/>
  <testcase name="test003" classname="listas.RegressionTest10" time="0"/>
  <testcase name="test004" classname="listas.RegressionTest0" time="0"/>
  <testcase name="test004" classname="listas.RegressionTest1" time="0"/>
  <testcase name="test004" classname="listas.RegressionTest2" time="0"/>
  <testcase name="test004" classname="listas.RegressionTest3" time="0"/>
  <testcase name="test004" classname="listas.RegressionTest4" time="0"/>
  <testcase name="test004" classname="listas.RegressionTest5" time="0"/>
  <testcase name="test004" classname="listas.RegressionTest6" time="0"/>
  <testcase name="test004" classname="listas.RegressionTest7" time="0"/>
  <testcase name="test004" classname="listas.RegressionTest8" time="0"/>
  <testcase name="test004" classname="listas.RegressionTest9" time="0"/>
  <testcase name="test004" classname="listas.RegressionTest10" time="0"/>
  <testcase name="test005" classname="listas.RegressionTest0" time="0"/>
  <testcase name="test005" classname="listas.RegressionTest1" time="0"/>
  <testcase name="test005" classname="listas.RegressionTest2" time="0"/>
  <testcase name="test005" classname="listas.RegressionTest3" time="0"/>
  <testcase name="test005" classname="listas.RegressionTest4" time="0"/>
  <testcase name="test005" classname="listas.RegressionTest5" time="0"/>
  <testcase name="test005" classname="listas.RegressionTest6" time="0"/>
  <testcase name="test005" classname="listas.RegressionTest7" time="0"/>
  <testcase name="test005" classname="listas.RegressionTest8" time="0"/>
  <testcase name="test005" classname="listas.RegressionTest9" time="0"/>
  <testcase name="test005" classname="listas.RegressionTest10" time="0"/>
  <testcase name="test006" classname="listas.RegressionTest0" time="0"/>
  <testcase name="test006" classname="listas.RegressionTest1" time="0"/>
  <testcase name="test006" classname="listas.RegressionTest2" time="0"/>
  <testcase name="test006" classname="listas.RegressionTest3" time="0"/>
  <testcase name="test006" classname="listas.RegressionTest4" time="0"/>
  <testcase name="test006" classname="listas.RegressionTest5" time="0"/>
  <testcase name="test006" classname="listas.RegressionTest6" time="0"/>
  <testcase name="test006" classname="listas.RegressionTest7" time="0"/>
  <testcase name="test006" classname="listas.RegressionTest8" time="0"/>
  <testcase name="test006" classname="listas.RegressionTest9" time="0"/>
  <testcase name="test006" classname="listas.RegressionTest10" time="0"/>
  <testcase name="test007" classname="listas.RegressionTest0" time="0"/>
  <testcase name="test007" classname="listas.RegressionTest1" time="0"/>
  <testcase name="test007" classname="listas.RegressionTest2" time="0"/>
  <testcase name="test007" classname="listas.RegressionTest3" time="0"/>
  <testcase name="test007" classname="listas.RegressionTest4" time="0"/>
  <testcase name="test007" classname="listas.RegressionTest5" time="0"/>
  <testcase name="test007" classname="listas.RegressionTest6" time="0.001"/>
  <testcase name="test007" classname="listas.RegressionTest7" time="0"/>
  <testcase name="test007" classname="listas.RegressionTest8" time="0"/>
  <testcase name="test007" classname="listas.RegressionTest9" time="0"/>
  <testcase name="test007" classname="listas.RegressionTest10" time="0"/>
  <testcase name="test008" classname="listas.RegressionTest0" time="0"/>
  <testcase name="test008" classname="listas.RegressionTest1" time="0"/>
  <testcase name="test008" classname="listas.RegressionTest2" time="0"/>
  <testcase name="test008" classname="listas.RegressionTest3" time="0"/>
  <testcase name="test008" classname="listas.RegressionTest4" time="0"/>
  <testcase name="test008" classname="listas.RegressionTest5" time="0"/>
  <testcase name="test008" classname="listas.RegressionTest6" time="0"/>
  <testcase name="test008" classname="listas.RegressionTest7" time="0"/>
  <testcase name="test008" classname="listas.RegressionTest8" time="0"/>
  <testcase name="test008" classname="listas.RegressionTest9" time="0.001"/>
  <testcase name="test008" classname="listas.RegressionTest10" time="0"/>
  <testcase name="test009" classname="listas.RegressionTest0" time="0"/>
  <testcase name="test009" classname="listas.RegressionTest1" time="0"/>
  <testcase name="test009" classname="listas.RegressionTest2" time="0"/>
  <testcase name="test009" classname="listas.RegressionTest3" time="0"/>
  <testcase name="test009" classname="listas.RegressionTest4" time="0"/>
  <testcase name="test009" classname="listas.RegressionTest5" time="0"/>
  <testcase name="test009" classname="listas.RegressionTest6" time="0"/>
  <testcase name="test009" classname="listas.RegressionTest7" time="0"/>
  <testcase name="test009" classname="listas.RegressionTest8" time="0"/>
  <testcase name="test009" classname="listas.RegressionTest9" time="0"/>
  <testcase name="test009" classname="listas.RegressionTest10" time="0"/>
  <testcase name="test010" classname="listas.RegressionTest0" time="0"/>
  <testcase name="test010" classname="listas.RegressionTest1" time="0"/>
  <testcase name="test010" classname="listas.RegressionTest2" time="0"/>
  <testcase name="test010" classname="listas.RegressionTest3" time="0"/>
  <testcase name="test010" classname="listas.RegressionTest4" time="0"/>
  <testcase name="test010" classname="listas.RegressionTest5" time="0"/>
  <testcase name="test010" classname="listas.RegressionTest6" time="0"/>
  <testcase name="test010" classname="listas.RegressionTest7" time="0"/>
  <testcase name="test010" classname="listas.RegressionTest8" time="0"/>
  <testcase name="test010" classname="listas.RegressionTest9" time="0"/>
  <testcase name="test010" classname="listas.RegressionTest10" time="0"/>
  <testcase name="test011" classname="listas.RegressionTest0" time="0"/>
  <testcase name="test011" classname="listas.RegressionTest1" time="0.001"/>
  <testcase name="test011" classname="listas.RegressionTest2" time="0"/>
  <testcase name="test011" classname="listas.RegressionTest3" time="0"/>
  <testcase name="test011" classname="listas.RegressionTest4" time="0"/>
  <testcase name="test011" classname="listas.RegressionTest5" time="0"/>
  <testcase name="test011" classname="listas.RegressionTest6" time="0"/>
  <testcase name="test011" classname="listas.RegressionTest7" time="0.002"/>
  <testcase name="test011" classname="listas.RegressionTest8" time="0"/>
  <testcase name="test011" classname="listas.RegressionTest9" time="0"/>
  <testcase name="test011" classname="listas.RegressionTest10" time="0"/>
  <testcase name="test012" classname="listas.RegressionTest0" time="0"/>
  <testcase name="test012" classname="listas.RegressionTest1" time="0"/>
  <testcase name="test012" classname="listas.RegressionTest2" time="0"/>
  <testcase name="test012" classname="listas.RegressionTest3" time="0"/>
  <testcase name="test012" classname="listas.RegressionTest4" time="0"/>
  <testcase name="test012" classname="listas.RegressionTest5" time="0"/>
  <testcase name="test012" classname="listas.RegressionTest6" time="0"/>
  <testcase name="test012" classname="listas.RegressionTest7" time="0"/>
  <testcase name="test012" classname="listas.RegressionTest8" time="0"/>
  <testcase name="test012" classname="listas.RegressionTest9" time="0"/>
  <testcase name="test012" classname="listas.RegressionTest10" time="0"/>
  <testcase name="test013" classname="listas.RegressionTest0" time="0"/>
  <testcase name="test013" classname="listas.RegressionTest1" time="0"/>
  <testcase name="test013" classname="listas.RegressionTest2" time="0"/>
  <testcase name="test013" classname="listas.RegressionTest3" time="0"/>
  <testcase name="test013" classname="listas.RegressionTest4" time="0"/>
  <testcase name="test013" classname="listas.RegressionTest5" time="0"/>
  <testcase name="test013" classname="listas.RegressionTest6" time="0"/>
  <testcase name="test013" classname="listas.RegressionTest7" time="0"/>
  <testcase name="test013" classname="listas.RegressionTest8" time="0"/>
  <testcase name="test013" classname="listas.RegressionTest9" time="0"/>
  <testcase name="test013" classname="listas.RegressionTest10" time="0"/>
  <testcase name="test014" classname="listas.RegressionTest0" time="0"/>
  <testcase name="test014" classname="listas.RegressionTest1" time="0"/>
  <testcase name="test014" classname="listas.RegressionTest2" time="0"/>
  <testcase name="test014" classname="listas.RegressionTest3" time="0"/>
  <testcase name="test014" classname="listas.RegressionTest4" time="0"/>
  <testcase name="test014" classname="listas.RegressionTest5" time="0"/>
  <testcase name="test014" classname="listas.RegressionTest6" time="0"/>
  <testcase name="test014" classname="listas.RegressionTest7" time="0"/>
  <testcase name="test014" classname="listas.RegressionTest8" time="0"/>
  <testcase name="test014" classname="listas.RegressionTest9" time="0"/>
  <testcase name="test014" classname="listas.RegressionTest10" time="0.001"/>
  <testcase name="test015" classname="listas.RegressionTest0" time="0"/>
  <testcase name="test015" classname="listas.RegressionTest1" time="0"/>
  <testcase name="test015" classname="listas.RegressionTest2" time="0"/>
  <testcase name="test015" classname="listas.RegressionTest3" time="0"/>
  <testcase name="test015" classname="listas.RegressionTest4" time="0"/>
  <testcase name="test015" classname="listas.RegressionTest5" time="0"/>
  <testcase name="test015" classname="listas.RegressionTest6" time="0"/>
  <testcase name="test015" classname="listas.RegressionTest7" time="0"/>
  <testcase name="test015" classname="listas.RegressionTest8" time="0"/>
  <testcase name="test015" classname="listas.RegressionTest9" time="0"/>
  <testcase name="test015" classname="listas.RegressionTest10" time="0"/>
  <testcase name="test016" classname="listas.RegressionTest0" time="0"/>
  <testcase name="test016" classname="listas.RegressionTest1" time="0"/>
  <testcase name="test016" classname="listas.RegressionTest2" time="0"/>
  <testcase name="test016" classname="listas.RegressionTest3" time="0"/>
  <testcase name="test016" classname="listas.RegressionTest4" time="0"/>
  <testcase name="test016" classname="listas.RegressionTest5" time="0"/>
  <testcase name="test016" classname="listas.RegressionTest6" time="0"/>
  <testcase name="test016" classname="listas.RegressionTest7" time="0"/>
  <testcase name="test016" classname="listas.RegressionTest8" time="0"/>
  <testcase name="test016" classname="listas.RegressionTest9" time="0"/>
  <testcase name="test016" classname="listas.RegressionTest10" time="0"/>
  <testcase name="test017" classname="listas.RegressionTest0" time="0"/>
  <testcase name="test017" classname="listas.RegressionTest1" time="0.001"/>
  <testcase name="test017" classname="listas.RegressionTest2" time="0"/>
  <testcase name="test017" classname="listas.RegressionTest3" time="0"/>
  <testcase name="test017" classname="listas.RegressionTest4" time="0"/>
  <testcase name="test017" classname="listas.RegressionTest5" time="0"/>
  <testcase name="test017" classname="listas.RegressionTest6" time="0"/>
  <testcase name="test017" classname="listas.RegressionTest7" time="0"/>
  <testcase name="test017" classname="listas.RegressionTest8" time="0"/>
  <testcase name="test017" classname="listas.RegressionTest9" time="0"/>
  <testcase name="test017" classname="listas.RegressionTest10" time="0"/>
  <testcase name="test018" classname="listas.RegressionTest0" time="0"/>
  <testcase name="test018" classname="listas.RegressionTest1" time="0"/>
  <testcase name="test018" classname="listas.RegressionTest2" time="0"/>
  <testcase name="test018" classname="listas.RegressionTest3" time="0"/>
  <testcase name="test018" classname="listas.RegressionTest4" time="0"/>
  <testcase name="test018" classname="listas.RegressionTest5" time="0"/>
  <testcase name="test018" classname="listas.RegressionTest6" time="0"/>
  <testcase name="test018" classname="listas.RegressionTest7" time="0"/>
  <testcase name="test018" classname="listas.RegressionTest8" time="0"/>
  <testcase name="test018" classname="listas.RegressionTest9" time="0"/>
  <testcase name="test018" classname="listas.RegressionTest10" time="0"/>
  <testcase name="test019" classname="listas.RegressionTest0" time="0"/>
  <testcase name="test019" classname="listas.RegressionTest1" time="0"/>
  <testcase name="test019" classname="listas.RegressionTest2" time="0"/>
  <testcase name="test019" classname="listas.RegressionTest3" time="0"/>
  <testcase name="test019" classname="listas.RegressionTest4" time="0"/>
  <testcase name="test019" classname="listas.RegressionTest5" time="0"/>
  <testcase name="test019" classname="listas.RegressionTest6" time="0"/>
  <testcase name="test019" classname="listas.RegressionTest7" time="0"/>
  <testcase name="test019" classname="listas.RegressionTest8" time="0"/>
  <testcase name="test019" classname="listas.RegressionTest9" time="0"/>
  <testcase name="test019" classname="listas.RegressionTest10" time="0"/>
  <testcase name="test020" classname="listas.RegressionTest0" time="0"/>
  <testcase name="test020" classname="listas.RegressionTest1" time="0"/>
  <testcase name="test020" classname="listas.RegressionTest2" time="0"/>
  <testcase name="test020" classname="listas.RegressionTest3" time="0"/>
  <testcase name="test020" classname="listas.RegressionTest4" time="0"/>
  <testcase name="test020" classname="listas.RegressionTest5" time="0"/>
  <testcase name="test020" classname="listas.RegressionTest6" time="0"/>
  <testcase name="test020" classname="listas.RegressionTest7" time="0"/>
  <testcase name="test020" classname="listas.RegressionTest8" time="0"/>
  <testcase name="test020" classname="listas.RegressionTest9" time="0"/>
  <testcase name="test020" classname="listas.RegressionTest10" time="0"/>
  <testcase name="test021" classname="listas.RegressionTest0" time="0"/>
  <testcase name="test021" classname="listas.RegressionTest1" time="0"/>
  <testcase name="test021" classname="listas.RegressionTest2" time="0"/>
  <testcase name="test021" classname="listas.RegressionTest3" time="0"/>
  <testcase name="test021" classname="listas.RegressionTest4" time="0"/>
  <testcase name="test021" classname="listas.RegressionTest5" time="0"/>
  <testcase name="test021" classname="listas.RegressionTest6" time="0"/>
  <testcase name="test021" classname="listas.RegressionTest7" time="0"/>
  <testcase name="test021" classname="listas.RegressionTest8" time="0"/>
  <testcase name="test021" classname="listas.RegressionTest9" time="0"/>
  <testcase name="test021" classname="listas.RegressionTest10" time="0"/>
  <testcase name="test022" classname="listas.RegressionTest0" time="0"/>
  <testcase name="test022" classname="listas.RegressionTest1" time="0"/>
  <testcase name="test022" classname="listas.RegressionTest2" time="0"/>
  <testcase name="test022" classname="listas.RegressionTest3" time="0"/>
  <testcase name="test022" classname="listas.RegressionTest4" time="0"/>
  <testcase name="test022" classname="listas.RegressionTest5" time="0"/>
  <testcase name="test022" classname="listas.RegressionTest6" time="0"/>
  <testcase name="test022" classname="listas.RegressionTest7" time="0"/>
  <testcase name="test022" classname="listas.RegressionTest8" time="0"/>
  <testcase name="test022" classname="listas.RegressionTest9" time="0"/>
  <testcase name="test022" classname="listas.RegressionTest10" time="0"/>
  <testcase name="test023" classname="listas.RegressionTest0" time="0"/>
  <testcase name="test023" classname="listas.RegressionTest1" time="0"/>
  <testcase name="test023" classname="listas.RegressionTest2" time="0"/>
  <testcase name="test023" classname="listas.RegressionTest3" time="0"/>
  <testcase name="test023" classname="listas.RegressionTest4" time="0"/>
  <testcase name="test023" classname="listas.RegressionTest5" time="0"/>
  <testcase name="test023" classname="listas.RegressionTest6" time="0"/>
  <testcase name="test023" classname="listas.RegressionTest7" time="0"/>
  <testcase name="test023" classname="listas.RegressionTest8" time="0"/>
  <testcase name="test023" classname="listas.RegressionTest9" time="0"/>
  <testcase name="test023" classname="listas.RegressionTest10" time="0"/>
  <testcase name="test024" classname="listas.RegressionTest0" time="0"/>
  <testcase name="test024" classname="listas.RegressionTest1" time="0"/>
  <testcase name="test024" classname="listas.RegressionTest2" time="0.001"/>
  <testcase name="test024" classname="listas.RegressionTest3" time="0"/>
  <testcase name="test024" classname="listas.RegressionTest4" time="0"/>
  <testcase name="test024" classname="listas.RegressionTest5" time="0"/>
  <testcase name="test024" classname="listas.RegressionTest6" time="0"/>
  <testcase name="test024" classname="listas.RegressionTest7" time="0"/>
  <testcase name="test024" classname="listas.RegressionTest8" time="0"/>
  <testcase name="test024" classname="listas.RegressionTest9" time="0"/>
  <testcase name="test024" classname="listas.RegressionTest10" time="0"/>
  <testcase name="test025" classname="listas.RegressionTest0" time="0"/>
  <testcase name="test025" classname="listas.RegressionTest1" time="0"/>
  <testcase name="test025" classname="listas.RegressionTest2" time="0"/>
  <testcase name="test025" classname="listas.RegressionTest3" time="0"/>
  <testcase name="test025" classname="listas.RegressionTest4" time="0"/>
  <testcase name="test025" classname="listas.RegressionTest5" time="0"/>
  <testcase name="test025" classname="listas.RegressionTest6" time="0"/>
  <testcase name="test025" classname="listas.RegressionTest7" time="0"/>
  <testcase name="test025" classname="listas.RegressionTest8" time="0"/>
  <testcase name="test025" classname="listas.RegressionTest9" time="0"/>
  <testcase name="test025" classname="listas.RegressionTest10" time="0"/>
  <testcase name="test026" classname="listas.RegressionTest0" time="0"/>
  <testcase name="test026" classname="listas.RegressionTest1" time="0.001"/>
  <testcase name="test026" classname="listas.RegressionTest2" time="0"/>
  <testcase name="test026" classname="listas.RegressionTest3" time="0"/>
  <testcase name="test026" classname="listas.RegressionTest4" time="0"/>
  <testcase name="test026" classname="listas.RegressionTest5" time="0"/>
  <testcase name="test026" classname="listas.RegressionTest6" time="0"/>
  <testcase name="test026" classname="listas.RegressionTest7" time="0"/>
  <testcase name="test026" classname="listas.RegressionTest8" time="0"/>
  <testcase name="test026" classname="listas.RegressionTest9" time="0"/>
  <testcase name="test026" classname="listas.RegressionTest10" time="0"/>
  <testcase name="test027" classname="listas.RegressionTest0" time="0"/>
  <testcase name="test027" classname="listas.RegressionTest1" time="0"/>
  <testcase name="test027" classname="listas.RegressionTest2" time="0"/>
  <testcase name="test027" classname="listas.RegressionTest3" time="0"/>
  <testcase name="test027" classname="listas.RegressionTest4" time="0"/>
  <testcase name="test027" classname="listas.RegressionTest5" time="0"/>
  <testcase name="test027" classname="listas.RegressionTest6" time="0"/>
  <testcase name="test027" classname="listas.RegressionTest7" time="0"/>
  <testcase name="test027" classname="listas.RegressionTest8" time="0"/>
  <testcase name="test027" classname="listas.RegressionTest9" time="0"/>
  <testcase name="test027" classname="listas.RegressionTest10" time="0"/>
  <testcase name="test028" classname="listas.RegressionTest0" time="0"/>
  <testcase name="test028" classname="listas.RegressionTest1" time="0"/>
  <testcase name="test028" classname="listas.RegressionTest2" time="0"/>
  <testcase name="test028" classname="listas.RegressionTest3" time="0"/>
  <testcase name="test028" classname="listas.RegressionTest4" time="0"/>
  <testcase name="test028" classname="listas.RegressionTest5" time="0"/>
  <testcase name="test028" classname="listas.RegressionTest6" time="0"/>
  <testcase name="test028" classname="listas.RegressionTest7" time="0"/>
  <testcase name="test028" classname="listas.RegressionTest8" time="0"/>
  <testcase name="test028" classname="listas.RegressionTest9" time="0"/>
  <testcase name="test028" classname="listas.RegressionTest10" time="0.001"/>
  <testcase name="test029" classname="listas.RegressionTest0" time="0"/>
  <testcase name="test029" classname="listas.RegressionTest1" time="0"/>
  <testcase name="test029" classname="listas.RegressionTest2" time="0"/>
  <testcase name="test029" classname="listas.RegressionTest3" time="0"/>
  <testcase name="test029" classname="listas.RegressionTest4" time="0"/>
  <testcase name="test029" classname="listas.RegressionTest5" time="0"/>
  <testcase name="test029" classname="listas.RegressionTest6" time="0"/>
  <testcase name="test029" classname="listas.RegressionTest7" time="0"/>
  <testcase name="test029" classname="listas.RegressionTest8" time="0"/>
  <testcase name="test029" classname="listas.RegressionTest9" time="0"/>
  <testcase name="test029" classname="listas.RegressionTest10" time="0"/>
  <testcase name="test030" classname="listas.RegressionTest0" time="0"/>
  <testcase name="test030" classname="listas.RegressionTest1" time="0"/>
  <testcase name="test030" classname="listas.RegressionTest2" time="0"/>
  <testcase name="test030" classname="listas.RegressionTest3" time="0"/>
  <testcase name="test030" classname="listas.RegressionTest4" time="0"/>
  <testcase name="test030" classname="listas.RegressionTest5" time="0"/>
  <testcase name="test030" classname="listas.RegressionTest6" time="0"/>
  <testcase name="test030" classname="listas.RegressionTest7" time="0"/>
  <testcase name="test030" classname="listas.RegressionTest8" time="0"/>
  <testcase name="test030" classname="listas.RegressionTest9" time="0"/>
  <testcase name="test030" classname="listas.RegressionTest10" time="0"/>
  <testcase name="test031" classname="listas.RegressionTest0" time="0"/>
  <testcase name="test031" classname="listas.RegressionTest1" time="0"/>
  <testcase name="test031" classname="listas.RegressionTest2" time="0"/>
  <testcase name="test031" classname="listas.RegressionTest3" time="0"/>
  <testcase name="test031" classname="listas.RegressionTest4" time="0"/>
  <testcase name="test031" classname="listas.RegressionTest5" time="0.001"/>
  <testcase name="test031" classname="listas.RegressionTest6" time="0"/>
  <testcase name="test031" classname="listas.RegressionTest7" time="0"/>
  <testcase name="test031" classname="listas.RegressionTest8" time="0"/>
  <testcase name="test031" classname="listas.RegressionTest9" time="0"/>
  <testcase name="test031" classname="listas.RegressionTest10" time="0"/>
  <testcase name="test032" classname="listas.RegressionTest0" time="0"/>
  <testcase name="test032" classname="listas.RegressionTest1" time="0"/>
  <testcase name="test032" classname="listas.RegressionTest2" time="0"/>
  <testcase name="test032" classname="listas.RegressionTest3" time="0"/>
  <testcase name="test032" classname="listas.RegressionTest4" time="0"/>
  <testcase name="test032" classname="listas.RegressionTest5" time="0"/>
  <testcase name="test032" classname="listas.RegressionTest6" time="0"/>
  <testcase name="test032" classname="listas.RegressionTest7" time="0"/>
  <testcase name="test032" classname="listas.RegressionTest8" time="0"/>
  <testcase name="test032" classname="listas.RegressionTest9" time="0"/>
  <testcase name="test032" classname="listas.RegressionTest10" time="0"/>
  <testcase name="test033" classname="listas.RegressionTest0" time="0"/>
  <testcase name="test033" classname="listas.RegressionTest1" time="0"/>
  <testcase name="test033" classname="listas.RegressionTest2" time="0"/>
  <testcase name="test033" classname="listas.RegressionTest3" time="0"/>
  <testcase name="test033" classname="listas.RegressionTest4" time="0"/>
  <testcase name="test033" classname="listas.RegressionTest5" time="0"/>
  <testcase name="test033" classname="listas.RegressionTest6" time="0"/>
  <testcase name="test033" classname="listas.RegressionTest7" time="0"/>
  <testcase name="test033" classname="listas.RegressionTest8" time="0"/>
  <testcase name="test033" classname="listas.RegressionTest9" time="0"/>
  <testcase name="test033" classname="listas.RegressionTest10" time="0"/>
  <testcase name="test034" classname="listas.RegressionTest0" time="0"/>
  <testcase name="test034" classname="listas.RegressionTest1" time="0"/>
  <testcase name="test034" classname="listas.RegressionTest2" time="0"/>
  <testcase name="test034" classname="listas.RegressionTest3" time="0"/>
  <testcase name="test034" classname="listas.RegressionTest4" time="0"/>
  <testcase name="test034" classname="listas.RegressionTest5" time="0"/>
  <testcase name="test034" classname="listas.RegressionTest6" time="0"/>
  <testcase name="test034" classname="listas.RegressionTest7" time="0"/>
  <testcase name="test034" classname="listas.RegressionTest8" time="0"/>
  <testcase name="test034" classname="listas.RegressionTest9" time="0"/>
  <testcase name="test034" classname="listas.RegressionTest10" time="0"/>
  <testcase name="test035" classname="listas.RegressionTest0" time="0"/>
  <testcase name="test035" classname="listas.RegressionTest1" time="0"/>
  <testcase name="test035" classname="listas.RegressionTest2" time="0"/>
  <testcase name="test035" classname="listas.RegressionTest3" time="0"/>
  <testcase name="test035" classname="listas.RegressionTest4" time="0"/>
  <testcase name="test035" classname="listas.RegressionTest5" time="0"/>
  <testcase name="test035" classname="listas.RegressionTest6" time="0"/>
  <testcase name="test035" classname="listas.RegressionTest7" time="0"/>
  <testcase name="test035" classname="listas.RegressionTest8" time="0"/>
  <testcase name="test035" classname="listas.RegressionTest9" time="0"/>
  <testcase name="test035" classname="listas.RegressionTest10" time="0"/>
  <testcase name="test036" classname="listas.RegressionTest0" time="0"/>
  <testcase name="test036" classname="listas.RegressionTest1" time="0"/>
  <testcase name="test036" classname="listas.RegressionTest2" time="0.001"/>
  <testcase name="test036" classname="listas.RegressionTest3" time="0"/>
  <testcase name="test036" classname="listas.RegressionTest4" time="0"/>
  <testcase name="test036" classname="listas.RegressionTest5" time="0"/>
  <testcase name="test036" classname="listas.RegressionTest6" time="0"/>
  <testcase name="test036" classname="listas.RegressionTest7" time="0"/>
  <testcase name="test036" classname="listas.RegressionTest8" time="0"/>
  <testcase name="test036" classname="listas.RegressionTest9" time="0"/>
  <testcase name="test036" classname="listas.RegressionTest10" time="0"/>
  <testcase name="test037" classname="listas.RegressionTest0" time="0"/>
  <testcase name="test037" classname="listas.RegressionTest1" time="0"/>
  <testcase name="test037" classname="listas.RegressionTest2" time="0"/>
  <testcase name="test037" classname="listas.RegressionTest3" time="0"/>
  <testcase name="test037" classname="listas.RegressionTest4" time="0"/>
  <testcase name="test037" classname="listas.RegressionTest5" time="0"/>
  <testcase name="test037" classname="listas.RegressionTest6" time="0.001"/>
  <testcase name="test037" classname="listas.RegressionTest7" time="0"/>
  <testcase name="test037" classname="listas.RegressionTest8" time="0"/>
  <testcase name="test037" classname="listas.RegressionTest9" time="0"/>
  <testcase name="test037" classname="listas.RegressionTest10" time="0"/>
  <testcase name="test038" classname="listas.RegressionTest0" time="0"/>
  <testcase name="test038" classname="listas.RegressionTest1" time="0"/>
  <testcase name="test038" classname="listas.RegressionTest2" time="0"/>
  <testcase name="test038" classname="listas.RegressionTest3" time="0"/>
  <testcase name="test038" classname="listas.RegressionTest4" time="0"/>
  <testcase name="test038" classname="listas.RegressionTest5" time="0"/>
  <testcase name="test038" classname="listas.RegressionTest6" time="0"/>
  <testcase name="test038" classname="listas.RegressionTest7" time="0"/>
  <testcase name="test038" classname="listas.RegressionTest8" time="0"/>
  <testcase name="test038" classname="listas.RegressionTest9" time="0"/>
  <testcase name="test038" classname="listas.RegressionTest10" time="0"/>
  <testcase name="test039" classname="listas.RegressionTest0" time="0"/>
  <testcase name="test039" classname="listas.RegressionTest1" time="0"/>
  <testcase name="test039" classname="listas.RegressionTest2" time="0"/>
  <testcase name="test039" classname="listas.RegressionTest3" time="0.001"/>
  <testcase name="test039" classname="listas.RegressionTest4" time="0"/>
  <testcase name="test039" classname="listas.RegressionTest5" time="0"/>
  <testcase name="test039" classname="listas.RegressionTest6" time="0"/>
  <testcase name="test039" classname="listas.RegressionTest7" time="0"/>
  <testcase name="test039" classname="listas.RegressionTest8" time="0"/>
  <testcase name="test039" classname="listas.RegressionTest9" time="0"/>
  <testcase name="test039" classname="listas.RegressionTest10" time="0"/>
  <testcase name="test040" classname="listas.RegressionTest0" time="0"/>
  <testcase name="test040" classname="listas.RegressionTest1" time="0"/>
  <testcase name="test040" classname="listas.RegressionTest2" time="0"/>
  <testcase name="test040" classname="listas.RegressionTest3" time="0"/>
  <testcase name="test040" classname="listas.RegressionTest4" time="0"/>
  <testcase name="test040" classname="listas.RegressionTest5" time="0"/>
  <testcase name="test040" classname="listas.RegressionTest6" time="0"/>
  <testcase name="test040" classname="listas.RegressionTest7" time="0"/>
  <testcase name="test040" classname="listas.RegressionTest8" time="0"/>
  <testcase name="test040" classname="listas.RegressionTest9" time="0"/>
  <testcase name="test040" classname="listas.RegressionTest10" time="0"/>
  <testcase name="test041" classname="listas.RegressionTest0" time="0"/>
  <testcase name="test041" classname="listas.RegressionTest1" time="0"/>
  <testcase name="test041" classname="listas.RegressionTest2" time="0"/>
  <testcase name="test041" classname="listas.RegressionTest3" time="0"/>
  <testcase name="test041" classname="listas.RegressionTest4" time="0"/>
  <testcase name="test041" classname="listas.RegressionTest5" time="0"/>
  <testcase name="test041" classname="listas.RegressionTest6" time="0"/>
  <testcase name="test041" classname="listas.RegressionTest7" time="0"/>
  <testcase name="test041" classname="listas.RegressionTest8" time="0"/>
  <testcase name="test041" classname="listas.RegressionTest9" time="0"/>
  <testcase name="test041" classname="listas.RegressionTest10" time="0"/>
  <testcase name="test042" classname="listas.RegressionTest0" time="0.001"/>
  <testcase name="test042" classname="listas.RegressionTest1" time="0"/>
  <testcase name="test042" classname="listas.RegressionTest2" time="0"/>
  <testcase name="test042" classname="listas.RegressionTest3" time="0"/>
  <testcase name="test042" classname="listas.RegressionTest4" time="0"/>
  <testcase name="test042" classname="listas.RegressionTest5" time="0"/>
  <testcase name="test042" classname="listas.RegressionTest6" time="0"/>
  <testcase name="test042" classname="listas.RegressionTest7" time="0"/>
  <testcase name="test042" classname="listas.RegressionTest8" time="0"/>
  <testcase name="test042" classname="listas.RegressionTest9" time="0"/>
  <testcase name="test042" classname="listas.RegressionTest10" time="0"/>
  <testcase name="test043" classname="listas.RegressionTest0" time="0"/>
  <testcase name="test043" classname="listas.RegressionTest1" time="0"/>
  <testcase name="test043" classname="listas.RegressionTest2" time="0"/>
  <testcase name="test043" classname="listas.RegressionTest3" time="0"/>
  <testcase name="test043" classname="listas.RegressionTest4" time="0"/>
  <testcase name="test043" classname="listas.RegressionTest5" time="0"/>
  <testcase name="test043" classname="listas.RegressionTest6" time="0"/>
  <testcase name="test043" classname="listas.RegressionTest7" time="0"/>
  <testcase name="test043" classname="listas.RegressionTest8" time="0"/>
  <testcase name="test043" classname="listas.RegressionTest9" time="0"/>
  <testcase name="test043" classname="listas.RegressionTest10" time="0"/>
  <testcase name="test044" classname="listas.RegressionTest0" time="0"/>
  <testcase name="test044" classname="listas.RegressionTest1" time="0"/>
  <testcase name="test044" classname="listas.RegressionTest2" time="0"/>
  <testcase name="test044" classname="listas.RegressionTest3" time="0"/>
  <testcase name="test044" classname="listas.RegressionTest4" time="0"/>
  <testcase name="test044" classname="listas.RegressionTest5" time="0"/>
  <testcase name="test044" classname="listas.RegressionTest6" time="0"/>
  <testcase name="test044" classname="listas.RegressionTest7" time="0"/>
  <testcase name="test044" classname="listas.RegressionTest8" time="0"/>
  <testcase name="test044" classname="listas.RegressionTest9" time="0"/>
  <testcase name="test044" classname="listas.RegressionTest10" time="0"/>
  <testcase name="test045" classname="listas.RegressionTest0" time="0"/>
  <testcase name="test045" classname="listas.RegressionTest1" time="0.001"/>
  <testcase name="test045" classname="listas.RegressionTest2" time="0"/>
  <testcase name="test045" classname="listas.RegressionTest3" time="0"/>
  <testcase name="test045" classname="listas.RegressionTest4" time="0"/>
  <testcase name="test045" classname="listas.RegressionTest5" time="0"/>
  <testcase name="test045" classname="listas.RegressionTest6" time="0"/>
  <testcase name="test045" classname="listas.RegressionTest7" time="0"/>
  <testcase name="test045" classname="listas.RegressionTest8" time="0"/>
  <testcase name="test045" classname="listas.RegressionTest9" time="0"/>
  <testcase name="test045" classname="listas.RegressionTest10" time="0"/>
  <testcase name="test046" classname="listas.RegressionTest0" time="0.001"/>
  <testcase name="test046" classname="listas.RegressionTest1" time="0"/>
  <testcase name="test046" classname="listas.RegressionTest2" time="0"/>
  <testcase name="test046" classname="listas.RegressionTest3" time="0"/>
  <testcase name="test046" classname="listas.RegressionTest4" time="0"/>
  <testcase name="test046" classname="listas.RegressionTest5" time="0"/>
  <testcase name="test046" classname="listas.RegressionTest6" time="0"/>
  <testcase name="test046" classname="listas.RegressionTest7" time="0"/>
  <testcase name="test046" classname="listas.RegressionTest8" time="0"/>
  <testcase name="test046" classname="listas.RegressionTest9" time="0"/>
  <testcase name="test046" classname="listas.RegressionTest10" time="0"/>
  <testcase name="test047" classname="listas.RegressionTest0" time="0"/>
  <testcase name="test047" classname="listas.RegressionTest1" time="0"/>
  <testcase name="test047" classname="listas.RegressionTest2" time="0"/>
  <testcase name="test047" classname="listas.RegressionTest3" time="0"/>
  <testcase name="test047" classname="listas.RegressionTest4" time="0"/>
  <testcase name="test047" classname="listas.RegressionTest5" time="0"/>
  <testcase name="test047" classname="listas.RegressionTest6" time="0"/>
  <testcase name="test047" classname="listas.RegressionTest7" time="0"/>
  <testcase name="test047" classname="listas.RegressionTest8" time="0"/>
  <testcase name="test047" classname="listas.RegressionTest9" time="0"/>
  <testcase name="test047" classname="listas.RegressionTest10" time="0"/>
  <testcase name="test048" classname="listas.RegressionTest0" time="0"/>
  <testcase name="test048" classname="listas.RegressionTest1" time="0"/>
  <testcase name="test048" classname="listas.RegressionTest2" time="0"/>
  <testcase name="test048" classname="listas.RegressionTest3" time="0"/>
  <testcase name="test048" classname="listas.RegressionTest4" time="0"/>
  <testcase name="test048" classname="listas.RegressionTest5" time="0"/>
  <testcase name="test048" classname="listas.RegressionTest6" time="0"/>
  <testcase name="test048" classname="listas.RegressionTest7" time="0"/>
  <testcase name="test048" classname="listas.RegressionTest8" time="0"/>
  <testcase name="test048" classname="listas.RegressionTest9" time="0"/>
  <testcase name="test048" classname="listas.RegressionTest10" time="0"/>
  <testcase name="test049" classname="listas.RegressionTest0" time="0"/>
  <testcase name="test049" classname="listas.RegressionTest1" time="0"/>
  <testcase name="test049" classname="listas.RegressionTest2" time="0"/>
  <testcase name="test049" classname="listas.RegressionTest3" time="0"/>
  <testcase name="test049" classname="listas.RegressionTest4" time="0"/>
  <testcase name="test049" classname="listas.RegressionTest5" time="0"/>
  <testcase name="test049" classname="listas.RegressionTest6" time="0"/>
  <testcase name="test049" classname="listas.RegressionTest7" time="0"/>
  <testcase name="test049" classname="listas.RegressionTest8" time="0"/>
  <testcase name="test049" classname="listas.RegressionTest9" time="0"/>
  <testcase name="test049" classname="listas.RegressionTest10" time="0"/>
  <testcase name="test050" classname="listas.RegressionTest0" time="0"/>
  <testcase name="test050" classname="listas.RegressionTest1" time="0"/>
  <testcase name="test050" classname="listas.RegressionTest2" time="0"/>
  <testcase name="test050" classname="listas.RegressionTest3" time="0"/>
  <testcase name="test050" classname="listas.RegressionTest4" time="0"/>
  <testcase name="test050" classname="listas.RegressionTest5" time="0"/>
  <testcase name="test050" classname="listas.RegressionTest6" time="0"/>
  <testcase name="test050" classname="listas.RegressionTest7" time="0"/>
  <testcase name="test050" classname="listas.RegressionTest8" time="0.001"/>
  <testcase name="test050" classname="listas.RegressionTest9" time="0"/>
  <testcase name="test050" classname="listas.RegressionTest10" time="0"/>
  <testcase name="test051" classname="listas.RegressionTest0" time="0"/>
  <testcase name="test051" classname="listas.RegressionTest1" time="0"/>
  <testcase name="test051" classname="listas.RegressionTest2" time="0"/>
  <testcase name="test051" classname="listas.RegressionTest3" time="0"/>
  <testcase name="test051" classname="listas.RegressionTest4" time="0"/>
  <testcase name="test051" classname="listas.RegressionTest5" time="0"/>
  <testcase name="test051" classname="listas.RegressionTest6" time="0"/>
  <testcase name="test051" classname="listas.RegressionTest7" time="0"/>
  <testcase name="test051" classname="listas.RegressionTest8" time="0"/>
  <testcase name="test051" classname="listas.RegressionTest9" time="0"/>
  <testcase name="test051" classname="listas.RegressionTest10" time="0"/>
  <testcase name="test052" classname="listas.RegressionTest0" time="0"/>
  <testcase name="test052" classname="listas.RegressionTest1" time="0"/>
  <testcase name="test052" classname="listas.RegressionTest2" time="0"/>
  <testcase name="test052" classname="listas.RegressionTest3" time="0"/>
  <testcase name="test052" classname="listas.RegressionTest4" time="0"/>
  <testcase name="test052" classname="listas.RegressionTest5" time="0"/>
  <testcase name="test052" classname="listas.RegressionTest6" time="0"/>
  <testcase name="test052" classname="listas.RegressionTest7" time="0"/>
  <testcase name="test052" classname="listas.RegressionTest8" time="0"/>
  <testcase name="test052" classname="listas.RegressionTest9" time="0"/>
  <testcase name="test052" classname="listas.RegressionTest10" time="0"/>
  <testcase name="test053" classname="listas.RegressionTest0" time="0"/>
  <testcase name="test053" classname="listas.RegressionTest1" time="0"/>
  <testcase name="test053" classname="listas.RegressionTest2" time="0"/>
  <testcase name="test053" classname="listas.RegressionTest3" time="0"/>
  <testcase name="test053" classname="listas.RegressionTest4" time="0"/>
  <testcase name="test053" classname="listas.RegressionTest5" time="0"/>
  <testcase name="test053" classname="listas.RegressionTest6" time="0"/>
  <testcase name="test053" classname="listas.RegressionTest7" time="0"/>
  <testcase name="test053" classname="listas.RegressionTest8" time="0"/>
  <testcase name="test053" classname="listas.RegressionTest9" time="0"/>
  <testcase name="test053" classname="listas.RegressionTest10" time="0"/>
  <testcase name="test054" classname="listas.RegressionTest0" time="0"/>
  <testcase name="test054" classname="listas.RegressionTest1" time="0"/>
  <testcase name="test054" classname="listas.RegressionTest2" time="0"/>
  <testcase name="test054" classname="listas.RegressionTest3" time="0"/>
  <testcase name="test054" classname="listas.RegressionTest4" time="0"/>
  <testcase name="test054" classname="listas.RegressionTest5" time="0"/>
  <testcase name="test054" classname="listas.RegressionTest6" time="0"/>
  <testcase name="test054" classname="listas.RegressionTest7" time="0"/>
  <testcase name="test054" classname="listas.RegressionTest8" time="0"/>
  <testcase name="test054" classname="listas.RegressionTest9" time="0"/>
  <testcase name="test054" classname="listas.RegressionTest10" time="0"/>
  <testcase name="test055" classname="listas.RegressionTest0" time="0"/>
  <testcase name="test055" classname="listas.RegressionTest1" time="0.001"/>
  <testcase name="test055" classname="listas.RegressionTest2" time="0"/>
  <testcase name="test055" classname="listas.RegressionTest3" time="0"/>
  <testcase name="test055" classname="listas.RegressionTest4" time="0"/>
  <testcase name="test055" classname="listas.RegressionTest5" time="0"/>
  <testcase name="test055" classname="listas.RegressionTest6" time="0"/>
  <testcase name="test055" classname="listas.RegressionTest7" time="0"/>
  <testcase name="test055" classname="listas.RegressionTest8" time="0"/>
  <testcase name="test055" classname="listas.RegressionTest9" time="0"/>
  <testcase name="test055" classname="listas.RegressionTest10" time="0"/>
  <testcase name="test056" classname="listas.RegressionTest0" time="0"/>
  <testcase name="test056" classname="listas.RegressionTest1" time="0"/>
  <testcase name="test056" classname="listas.RegressionTest2" time="0"/>
  <testcase name="test056" classname="listas.RegressionTest3" time="0"/>
  <testcase name="test056" classname="listas.RegressionTest4" time="0"/>
  <testcase name="test056" classname="listas.RegressionTest5" time="0"/>
  <testcase name="test056" classname="listas.RegressionTest6" time="0"/>
  <testcase name="test056" classname="listas.RegressionTest7" time="0"/>
  <testcase name="test056" classname="listas.RegressionTest8" time="0"/>
  <testcase name="test056" classname="listas.RegressionTest9" time="0"/>
  <testcase name="test056" classname="listas.RegressionTest10" time="0"/>
  <testcase name="test057" classname="listas.RegressionTest0" time="0"/>
  <testcase name="test057" classname="listas.RegressionTest1" time="0"/>
  <testcase name="test057" classname="listas.RegressionTest2" time="0"/>
  <testcase name="test057" classname="listas.RegressionTest3" time="0"/>
  <testcase name="test057" classname="listas.RegressionTest4" time="0"/>
  <testcase name="test057" classname="listas.RegressionTest5" time="0"/>
  <testcase name="test057" classname="listas.RegressionTest6" time="0"/>
  <testcase name="test057" classname="listas.RegressionTest7" time="0"/>
  <testcase name="test057" classname="listas.RegressionTest8" time="0"/>
  <testcase name="test057" classname="listas.RegressionTest9" time="0"/>
  <testcase name="test057" classname="listas.RegressionTest10" time="0"/>
  <testcase name="test058" classname="listas.RegressionTest0" time="0"/>
  <testcase name="test058" classname="listas.RegressionTest1" time="0"/>
  <testcase name="test058" classname="listas.RegressionTest2" time="0"/>
  <testcase name="test058" classname="listas.RegressionTest3" time="0"/>
  <testcase name="test058" classname="listas.RegressionTest4" time="0"/>
  <testcase name="test058" classname="listas.RegressionTest5" time="0"/>
  <testcase name="test058" classname="listas.RegressionTest6" time="0"/>
  <testcase name="test058" classname="listas.RegressionTest7" time="0"/>
  <testcase name="test058" classname="listas.RegressionTest8" time="0"/>
  <testcase name="test058" classname="listas.RegressionTest9" time="0"/>
  <testcase name="test058" classname="listas.RegressionTest10" time="0"/>
  <testcase name="test059" classname="listas.RegressionTest0" time="0.001"/>
  <testcase name="test059" classname="listas.RegressionTest1" time="0"/>
  <testcase name="test059" classname="listas.RegressionTest2" time="0"/>
  <testcase name="test059" classname="listas.RegressionTest3" time="0"/>
  <testcase name="test059" classname="listas.RegressionTest4" time="0"/>
  <testcase name="test059" classname="listas.RegressionTest5" time="0"/>
  <testcase name="test059" classname="listas.RegressionTest6" time="0"/>
  <testcase name="test059" classname="listas.RegressionTest7" time="0"/>
  <testcase name="test059" classname="listas.RegressionTest8" time="0"/>
  <testcase name="test059" classname="listas.RegressionTest9" time="0"/>
  <testcase name="test059" classname="listas.RegressionTest10" time="0"/>
  <testcase name="test060" classname="listas.RegressionTest0" time="0"/>
  <testcase name="test060" classname="listas.RegressionTest1" time="0"/>
  <testcase name="test060" classname="listas.RegressionTest2" time="0"/>
  <testcase name="test060" classname="listas.RegressionTest3" time="0"/>
  <testcase name="test060" classname="listas.RegressionTest4" time="0"/>
  <testcase name="test060" classname="listas.RegressionTest5" time="0"/>
  <testcase name="test060" classname="listas.RegressionTest6" time="0"/>
  <testcase name="test060" classname="listas.RegressionTest7" time="0"/>
  <testcase name="test060" classname="listas.RegressionTest8" time="0"/>
  <testcase name="test060" classname="listas.RegressionTest9" time="0"/>
  <testcase name="test060" classname="listas.RegressionTest10" time="0"/>
  <testcase name="test061" classname="listas.RegressionTest0" time="0"/>
  <testcase name="test061" classname="listas.RegressionTest1" time="0"/>
  <testcase name="test061" classname="listas.RegressionTest2" time="0"/>
  <testcase name="test061" classname="listas.RegressionTest3" time="0"/>
  <testcase name="test061" classname="listas.RegressionTest4" time="0"/>
  <testcase name="test061" classname="listas.RegressionTest5" time="0"/>
  <testcase name="test061" classname="listas.RegressionTest6" time="0"/>
  <testcase name="test061" classname="listas.RegressionTest7" time="0"/>
  <testcase name="test061" classname="listas.RegressionTest8" time="0"/>
  <testcase name="test061" classname="listas.RegressionTest9" time="0"/>
  <testcase name="test061" classname="listas.RegressionTest10" time="0"/>
  <testcase name="test062" classname="listas.RegressionTest0" time="0"/>
  <testcase name="test062" classname="listas.RegressionTest1" time="0"/>
  <testcase name="test062" classname="listas.RegressionTest2" time="0"/>
  <testcase name="test062" classname="listas.RegressionTest3" time="0"/>
  <testcase name="test062" classname="listas.RegressionTest4" time="0"/>
  <testcase name="test062" classname="listas.RegressionTest5" time="0"/>
  <testcase name="test062" classname="listas.RegressionTest6" time="0"/>
  <testcase name="test062" classname="listas.RegressionTest7" time="0"/>
  <testcase name="test062" classname="listas.RegressionTest8" time="0"/>
  <testcase name="test062" classname="listas.RegressionTest9" time="0"/>
  <testcase name="test062" classname="listas.RegressionTest10" time="0"/>
  <testcase name="test063" classname="listas.RegressionTest0" time="0"/>
  <testcase name="test063" classname="listas.RegressionTest1" time="0"/>
  <testcase name="test063" classname="listas.RegressionTest2" time="0"/>
  <testcase name="test063" classname="listas.RegressionTest3" time="0"/>
  <testcase name="test063" classname="listas.RegressionTest4" time="0"/>
  <testcase name="test063" classname="listas.RegressionTest5" time="0"/>
  <testcase name="test063" classname="listas.RegressionTest6" time="0"/>
  <testcase name="test063" classname="listas.RegressionTest7" time="0"/>
  <testcase name="test063" classname="listas.RegressionTest8" time="0"/>
  <testcase name="test063" classname="listas.RegressionTest9" time="0"/>
  <testcase name="test063" classname="listas.RegressionTest10" time="0"/>
  <testcase name="test064" classname="listas.RegressionTest0" time="0"/>
  <testcase name="test064" classname="listas.RegressionTest1" time="0"/>
  <testcase name="test064" classname="listas.RegressionTest2" time="0"/>
  <testcase name="test064" classname="listas.RegressionTest3" time="0"/>
  <testcase name="test064" classname="listas.RegressionTest4" time="0"/>
  <testcase name="test064" classname="listas.RegressionTest5" time="0"/>
  <testcase name="test064" classname="listas.RegressionTest6" time="0"/>
  <testcase name="test064" classname="listas.RegressionTest7" time="0"/>
  <testcase name="test064" classname="listas.RegressionTest8" time="0"/>
  <testcase name="test064" classname="listas.RegressionTest9" time="0"/>
  <testcase name="test064" classname="listas.RegressionTest10" time="0.001"/>
  <testcase name="test065" classname="listas.RegressionTest0" time="0"/>
  <testcase name="test065" classname="listas.RegressionTest1" time="0"/>
  <testcase name="test065" classname="listas.RegressionTest2" time="0"/>
  <testcase name="test065" classname="listas.RegressionTest3" time="0"/>
  <testcase name="test065" classname="listas.RegressionTest4" time="0"/>
  <testcase name="test065" classname="listas.RegressionTest5" time="0.001"/>
  <testcase name="test065" classname="listas.RegressionTest6" time="0.005"/>
  <testcase name="test065" classname="listas.RegressionTest7" time="0"/>
  <testcase name="test065" classname="listas.RegressionTest8" time="0"/>
  <testcase name="test065" classname="listas.RegressionTest9" time="0"/>
  <testcase name="test065" classname="listas.RegressionTest10" time="0"/>
  <testcase name="test066" classname="listas.RegressionTest0" time="0"/>
  <testcase name="test066" classname="listas.RegressionTest1" time="0"/>
  <testcase name="test066" classname="listas.RegressionTest2" time="0"/>
  <testcase name="test066" classname="listas.RegressionTest3" time="0"/>
  <testcase name="test066" classname="listas.RegressionTest4" time="0"/>
  <testcase name="test066" classname="listas.RegressionTest5" time="0"/>
  <testcase name="test066" classname="listas.RegressionTest6" time="0"/>
  <testcase name="test066" classname="listas.RegressionTest7" time="0"/>
  <testcase name="test066" classname="listas.RegressionTest8" time="0.001"/>
  <testcase name="test066" classname="listas.RegressionTest9" time="0"/>
  <testcase name="test066" classname="listas.RegressionTest10" time="0"/>
  <testcase name="test067" classname="listas.RegressionTest0" time="0"/>
  <testcase name="test067" classname="listas.RegressionTest1" time="0"/>
  <testcase name="test067" classname="listas.RegressionTest2" time="0"/>
  <testcase name="test067" classname="listas.RegressionTest3" time="0"/>
  <testcase name="test067" classname="listas.RegressionTest4" time="0"/>
  <testcase name="test067" classname="listas.RegressionTest5" time="0"/>
  <testcase name="test067" classname="listas.RegressionTest6" time="0"/>
  <testcase name="test067" classname="listas.RegressionTest7" time="0"/>
  <testcase name="test067" classname="listas.RegressionTest8" time="0"/>
  <testcase name="test067" classname="listas.RegressionTest9" time="0"/>
  <testcase name="test067" classname="listas.RegressionTest10" time="0"/>
  <testcase name="test068" classname="listas.RegressionTest0" time="0"/>
  <testcase name="test068" classname="listas.RegressionTest1" time="0"/>
  <testcase name="test068" classname="listas.RegressionTest2" time="0"/>
  <testcase name="test068" classname="listas.RegressionTest3" time="0.001"/>
  <testcase name="test068" classname="listas.RegressionTest4" time="0"/>
  <testcase name="test068" classname="listas.RegressionTest5" time="0"/>
  <testcase name="test068" classname="listas.RegressionTest6" time="0"/>
  <testcase name="test068" classname="listas.RegressionTest7" time="0"/>
  <testcase name="test068" classname="listas.RegressionTest8" time="0"/>
  <testcase name="test068" classname="listas.RegressionTest9" time="0"/>
  <testcase name="test068" classname="listas.RegressionTest10" time="0"/>
  <testcase name="test069" classname="listas.RegressionTest0" time="0"/>
  <testcase name="test069" classname="listas.RegressionTest1" time="0"/>
  <testcase name="test069" classname="listas.RegressionTest2" time="0"/>
  <testcase name="test069" classname="listas.RegressionTest3" time="0"/>
  <testcase name="test069" classname="listas.RegressionTest4" time="0"/>
  <testcase name="test069" classname="listas.RegressionTest5" time="0"/>
  <testcase name="test069" classname="listas.RegressionTest6" time="0"/>
  <testcase name="test069" classname="listas.RegressionTest7" time="0"/>
  <testcase name="test069" classname="listas.RegressionTest8" time="0"/>
  <testcase name="test069" classname="listas.RegressionTest9" time="0"/>
  <testcase name="test069" classname="listas.RegressionTest10" time="0"/>
  <testcase name="test070" classname="listas.RegressionTest0" time="0"/>
  <testcase name="test070" classname="listas.RegressionTest1" time="0"/>
  <testcase name="test070" classname="listas.RegressionTest2" time="0"/>
  <testcase name="test070" classname="listas.RegressionTest3" time="0"/>
  <testcase name="test070" classname="listas.RegressionTest4" time="0"/>
  <testcase name="test070" classname="listas.RegressionTest5" time="0"/>
  <testcase name="test070" classname="listas.RegressionTest6" time="0"/>
  <testcase name="test070" classname="listas.RegressionTest7" time="0"/>
  <testcase name="test070" classname="listas.RegressionTest8" time="0"/>
  <testcase name="test070" classname="listas.RegressionTest9" time="0"/>
  <testcase name="test070" classname="listas.RegressionTest10" time="0"/>
  <testcase name="test071" classname="listas.RegressionTest0" time="0"/>
  <testcase name="test071" classname="listas.RegressionTest1" time="0"/>
  <testcase name="test071" classname="listas.RegressionTest2" time="0"/>
  <testcase name="test071" classname="listas.RegressionTest3" time="0"/>
  <testcase name="test071" classname="listas.RegressionTest4" time="0"/>
  <testcase name="test071" classname="listas.RegressionTest5" time="0"/>
  <testcase name="test071" classname="listas.RegressionTest6" time="0"/>
  <testcase name="test071" classname="listas.RegressionTest7" time="0"/>
  <testcase name="test071" classname="listas.RegressionTest8" time="0"/>
  <testcase name="test071" classname="listas.RegressionTest9" time="0"/>
  <testcase name="test071" classname="listas.RegressionTest10" time="0"/>
  <testcase name="test072" classname="listas.RegressionTest0" time="0"/>
  <testcase name="test072" classname="listas.RegressionTest1" time="0"/>
  <testcase name="test072" classname="listas.RegressionTest2" time="0"/>
  <testcase name="test072" classname="listas.RegressionTest3" time="0"/>
  <testcase name="test072" classname="listas.RegressionTest4" time="0"/>
  <testcase name="test072" classname="listas.RegressionTest5" time="0"/>
  <testcase name="test072" classname="listas.RegressionTest6" time="0"/>
  <testcase name="test072" classname="listas.RegressionTest7" time="0"/>
  <testcase name="test072" classname="listas.RegressionTest8" time="0"/>
  <testcase name="test072" classname="listas.RegressionTest9" time="0"/>
  <testcase name="test072" classname="listas.RegressionTest10" time="0"/>
  <testcase name="test073" classname="listas.RegressionTest0" time="0"/>
  <testcase name="test073" classname="listas.RegressionTest1" time="0"/>
  <testcase name="test073" classname="listas.RegressionTest2" time="0"/>
  <testcase name="test073" classname="listas.RegressionTest3" time="0"/>
  <testcase name="test073" classname="listas.RegressionTest4" time="0"/>
  <testcase name="test073" classname="listas.RegressionTest5" time="0"/>
  <testcase name="test073" classname="listas.RegressionTest6" time="0"/>
  <testcase name="test073" classname="listas.RegressionTest7" time="0"/>
  <testcase name="test073" classname="listas.RegressionTest8" time="0"/>
  <testcase name="test073" classname="listas.RegressionTest9" time="0"/>
  <testcase name="test073" classname="listas.RegressionTest10" time="0"/>
  <testcase name="test074" classname="listas.RegressionTest0" time="0"/>
  <testcase name="test074" classname="listas.RegressionTest1" time="0"/>
  <testcase name="test074" classname="listas.RegressionTest2" time="0"/>
  <testcase name="test074" classname="listas.RegressionTest3" time="0"/>
  <testcase name="test074" classname="listas.RegressionTest4" time="0"/>
  <testcase name="test074" classname="listas.RegressionTest5" time="0"/>
  <testcase name="test074" classname="listas.RegressionTest6" time="0"/>
  <testcase name="test074" classname="listas.RegressionTest7" time="0"/>
  <testcase name="test074" classname="listas.RegressionTest8" time="0"/>
  <testcase name="test074" classname="listas.RegressionTest9" time="0"/>
  <testcase name="test074" classname="listas.RegressionTest10" time="0"/>
  <testcase name="test075" classname="listas.RegressionTest0" time="0"/>
  <testcase name="test075" classname="listas.RegressionTest1" time="0"/>
  <testcase name="test075" classname="listas.RegressionTest2" time="0"/>
  <testcase name="test075" classname="listas.RegressionTest3" time="0"/>
  <testcase name="test075" classname="listas.RegressionTest4" time="0"/>
  <testcase name="test075" classname="listas.RegressionTest5" time="0"/>
  <testcase name="test075" classname="listas.RegressionTest6" time="0"/>
  <testcase name="test075" classname="listas.RegressionTest7" time="0"/>
  <testcase name="test075" classname="listas.RegressionTest8" time="0"/>
  <testcase name="test075" classname="listas.RegressionTest9" time="0"/>
  <testcase name="test075" classname="listas.RegressionTest10" time="0"/>
  <testcase name="test076" classname="listas.RegressionTest0" time="0"/>
  <testcase name="test076" classname="listas.RegressionTest1" time="0"/>
  <testcase name="test076" classname="listas.RegressionTest2" time="0"/>
  <testcase name="test076" classname="listas.RegressionTest3" time="0"/>
  <testcase name="test076" classname="listas.RegressionTest4" time="0"/>
  <testcase name="test076" classname="listas.RegressionTest5" time="0"/>
  <testcase name="test076" classname="listas.RegressionTest6" time="0"/>
  <testcase name="test076" classname="listas.RegressionTest7" time="0"/>
  <testcase name="test076" classname="listas.RegressionTest8" time="0"/>
  <testcase name="test076" classname="listas.RegressionTest9" time="0"/>
  <testcase name="test076" classname="listas.RegressionTest10" time="0"/>
  <testcase name="test077" classname="listas.RegressionTest0" time="0"/>
  <testcase name="test077" classname="listas.RegressionTest1" time="0"/>
  <testcase name="test077" classname="listas.RegressionTest2" time="0"/>
  <testcase name="test077" classname="listas.RegressionTest3" time="0"/>
  <testcase name="test077" classname="listas.RegressionTest4" time="0"/>
  <testcase name="test077" classname="listas.RegressionTest5" time="0"/>
  <testcase name="test077" classname="listas.RegressionTest6" time="0"/>
  <testcase name="test077" classname="listas.RegressionTest7" time="0"/>
  <testcase name="test077" classname="listas.RegressionTest8" time="0"/>
  <testcase name="test077" classname="listas.RegressionTest9" time="0"/>
  <testcase name="test077" classname="listas.RegressionTest10" time="0"/>
  <testcase name="test078" classname="listas.RegressionTest0" time="0"/>
  <testcase name="test078" classname="listas.RegressionTest1" time="0"/>
  <testcase name="test078" classname="listas.RegressionTest2" time="0"/>
  <testcase name="test078" classname="listas.RegressionTest3" time="0"/>
  <testcase name="test078" classname="listas.RegressionTest4" time="0"/>
  <testcase name="test078" classname="listas.RegressionTest5" time="0"/>
  <testcase name="test078" classname="listas.RegressionTest6" time="0"/>
  <testcase name="test078" classname="listas.RegressionTest7" time="0"/>
  <testcase name="test078" classname="listas.RegressionTest8" time="0"/>
  <testcase name="test078" classname="listas.RegressionTest9" time="0"/>
  <testcase name="test078" classname="listas.RegressionTest10" time="0"/>
  <testcase name="test079" classname="listas.RegressionTest0" time="0.001"/>
  <testcase name="test079" classname="listas.RegressionTest1" time="0"/>
  <testcase name="test079" classname="listas.RegressionTest2" time="0"/>
  <testcase name="test079" classname="listas.RegressionTest3" time="0"/>
  <testcase name="test079" classname="listas.RegressionTest4" time="0"/>
  <testcase name="test079" classname="listas.RegressionTest5" time="0"/>
  <testcase name="test079" classname="listas.RegressionTest6" time="0"/>
  <testcase name="test079" classname="listas.RegressionTest7" time="0"/>
  <testcase name="test079" classname="listas.RegressionTest8" time="0"/>
  <testcase name="test079" classname="listas.RegressionTest9" time="0"/>
  <testcase name="test079" classname="listas.RegressionTest10" time="0"/>
  <testcase name="test080" classname="listas.RegressionTest0" time="0"/>
  <testcase name="test080" classname="listas.RegressionTest1" time="0"/>
  <testcase name="test080" classname="listas.RegressionTest2" time="0"/>
  <testcase name="test080" classname="listas.RegressionTest3" time="0"/>
  <testcase name="test080" classname="listas.RegressionTest4" time="0"/>
  <testcase name="test080" classname="listas.RegressionTest5" time="0"/>
  <testcase name="test080" classname="listas.RegressionTest6" time="0"/>
  <testcase name="test080" classname="listas.RegressionTest7" time="0"/>
  <testcase name="test080" classname="listas.RegressionTest8" time="0"/>
  <testcase name="test080" classname="listas.RegressionTest9" time="0"/>
  <testcase name="test080" classname="listas.RegressionTest10" time="0"/>
  <testcase name="test081" classname="listas.RegressionTest0" time="0"/>
  <testcase name="test081" classname="listas.RegressionTest1" time="0"/>
  <testcase name="test081" classname="listas.RegressionTest2" time="0"/>
  <testcase name="test081" classname="listas.RegressionTest3" time="0"/>
  <testcase name="test081" classname="listas.RegressionTest4" time="0"/>
  <testcase name="test081" classname="listas.RegressionTest5" time="0"/>
  <testcase name="test081" classname="listas.RegressionTest6" time="0"/>
  <testcase name="test081" classname="listas.RegressionTest7" time="0"/>
  <testcase name="test081" classname="listas.RegressionTest8" time="0"/>
  <testcase name="test081" classname="listas.RegressionTest9" time="0"/>
  <testcase name="test081" classname="listas.RegressionTest10" time="0"/>
  <testcase name="test082" classname="listas.RegressionTest0" time="0"/>
  <testcase name="test082" classname="listas.RegressionTest1" time="0.001"/>
  <testcase name="test082" classname="listas.RegressionTest2" time="0"/>
  <testcase name="test082" classname="listas.RegressionTest3" time="0"/>
  <testcase name="test082" classname="listas.RegressionTest4" time="0"/>
  <testcase name="test082" classname="listas.RegressionTest5" time="0"/>
  <testcase name="test082" classname="listas.RegressionTest6" time="0"/>
  <testcase name="test082" classname="listas.RegressionTest7" time="0"/>
  <testcase name="test082" classname="listas.RegressionTest8" time="0"/>
  <testcase name="test082" classname="listas.RegressionTest9" time="0"/>
  <testcase name="test082" classname="listas.RegressionTest10" time="0"/>
  <testcase name="test083" classname="listas.RegressionTest0" time="0"/>
  <testcase name="test083" classname="listas.RegressionTest1" time="0"/>
  <testcase name="test083" classname="listas.RegressionTest2" time="0"/>
  <testcase name="test083" classname="listas.RegressionTest3" time="0"/>
  <testcase name="test083" classname="listas.RegressionTest4" time="0"/>
  <testcase name="test083" classname="listas.RegressionTest5" time="0"/>
  <testcase name="test083" classname="listas.RegressionTest6" time="0"/>
  <testcase name="test083" classname="listas.RegressionTest7" time="0"/>
  <testcase name="test083" classname="listas.RegressionTest8" time="0"/>
  <testcase name="test083" classname="listas.RegressionTest9" time="0"/>
  <testcase name="test083" classname="listas.RegressionTest10" time="0.001"/>
  <testcase name="test084" classname="listas.RegressionTest0" time="0"/>
  <testcase name="test084" classname="listas.RegressionTest1" time="0"/>
  <testcase name="test084" classname="listas.RegressionTest2" time="0"/>
  <testcase name="test084" classname="listas.RegressionTest3" time="0"/>
  <testcase name="test084" classname="listas.RegressionTest4" time="0"/>
  <testcase name="test084" classname="listas.RegressionTest5" time="0"/>
  <testcase name="test084" classname="listas.RegressionTest6" time="0"/>
  <testcase name="test084" classname="listas.RegressionTest7" time="0"/>
  <testcase name="test084" classname="listas.RegressionTest8" time="0"/>
  <testcase name="test084" classname="listas.RegressionTest9" time="0"/>
  <testcase name="test084" classname="listas.RegressionTest10" time="0"/>
  <testcase name="test085" classname="listas.RegressionTest0" time="0"/>
  <testcase name="test085" classname="listas.RegressionTest1" time="0"/>
  <testcase name="test085" classname="listas.RegressionTest2" time="0"/>
  <testcase name="test085" classname="listas.RegressionTest3" time="0"/>
  <testcase name="test085" classname="listas.RegressionTest4" time="0"/>
  <testcase name="test085" classname="listas.RegressionTest5" time="0"/>
  <testcase name="test085" classname="listas.RegressionTest6" time="0"/>
  <testcase name="test085" classname="listas.RegressionTest7" time="0"/>
  <testcase name="test085" classname="listas.RegressionTest8" time="0"/>
  <testcase name="test085" classname="listas.RegressionTest9" time="0"/>
  <testcase name="test085" classname="listas.RegressionTest10" time="0"/>
  <testcase name="test086" classname="listas.RegressionTest0" time="0"/>
  <testcase name="test086" classname="listas.RegressionTest1" time="0"/>
  <testcase name="test086" classname="listas.RegressionTest2" time="0"/>
  <testcase name="test086" classname="listas.RegressionTest3" time="0"/>
  <testcase name="test086" classname="listas.RegressionTest4" time="0"/>
  <testcase name="test086" classname="listas.RegressionTest5" time="0"/>
  <testcase name="test086" classname="listas.RegressionTest6" time="0"/>
  <testcase name="test086" classname="listas.RegressionTest7" time="0"/>
  <testcase name="test086" classname="listas.RegressionTest8" time="0"/>
  <testcase name="test086" classname="listas.RegressionTest9" time="0"/>
  <testcase name="test086" classname="listas.RegressionTest10" time="0"/>
  <testcase name="test087" classname="listas.RegressionTest0" time="0"/>
  <testcase name="test087" classname="listas.RegressionTest1" time="0"/>
  <testcase name="test087" classname="listas.RegressionTest2" time="0"/>
  <testcase name="test087" classname="listas.RegressionTest3" time="0"/>
  <testcase name="test087" classname="listas.RegressionTest4" time="0"/>
  <testcase name="test087" classname="listas.RegressionTest5" time="0"/>
  <testcase name="test087" classname="listas.RegressionTest6" time="0"/>
  <testcase name="test087" classname="listas.RegressionTest7" time="0"/>
  <testcase name="test087" classname="listas.RegressionTest8" time="0"/>
  <testcase name="test087" classname="listas.RegressionTest9" time="0"/>
  <testcase name="test087" classname="listas.RegressionTest10" time="0"/>
  <testcase name="test088" classname="listas.RegressionTest0" time="0"/>
  <testcase name="test088" classname="listas.RegressionTest1" time="0"/>
  <testcase name="test088" classname="listas.RegressionTest2" time="0"/>
  <testcase name="test088" classname="listas.RegressionTest3" time="0"/>
  <testcase name="test088" classname="listas.RegressionTest4" time="0"/>
  <testcase name="test088" classname="listas.RegressionTest5" time="0"/>
  <testcase name="test088" classname="listas.RegressionTest6" time="0"/>
  <testcase name="test088" classname="listas.RegressionTest7" time="0"/>
  <testcase name="test088" classname="listas.RegressionTest8" time="0"/>
  <testcase name="test088" classname="listas.RegressionTest9" time="0"/>
  <testcase name="test088" classname="listas.RegressionTest10" time="0"/>
  <testcase name="test089" classname="listas.RegressionTest0" time="0"/>
  <testcase name="test089" classname="listas.RegressionTest1" time="0"/>
  <testcase name="test089" classname="listas.RegressionTest2" time="0"/>
  <testcase name="test089" classname="listas.RegressionTest3" time="0"/>
  <testcase name="test089" classname="listas.RegressionTest4" time="0"/>
  <testcase name="test089" classname="listas.RegressionTest5" time="0"/>
  <testcase name="test089" classname="listas.RegressionTest6" time="0"/>
  <testcase name="test089" classname="listas.RegressionTest7" time="0"/>
  <testcase name="test089" classname="listas.RegressionTest8" time="0"/>
  <testcase name="test089" classname="listas.RegressionTest9" time="0"/>
  <testcase name="test089" classname="listas.RegressionTest10" time="0"/>
  <testcase name="test090" classname="listas.RegressionTest0" time="0"/>
  <testcase name="test090" classname="listas.RegressionTest1" time="0"/>
  <testcase name="test090" classname="listas.RegressionTest2" time="0"/>
  <testcase name="test090" classname="listas.RegressionTest3" time="0"/>
  <testcase name="test090" classname="listas.RegressionTest4" time="0"/>
  <testcase name="test090" classname="listas.RegressionTest5" time="0"/>
  <testcase name="test090" classname="listas.RegressionTest6" time="0"/>
  <testcase name="test090" classname="listas.RegressionTest7" time="0"/>
  <testcase name="test090" classname="listas.RegressionTest8" time="0"/>
  <testcase name="test090" classname="listas.RegressionTest9" time="0"/>
  <testcase name="test090" classname="listas.RegressionTest10" time="0"/>
  <testcase name="test091" classname="listas.RegressionTest0" time="0"/>
  <testcase name="test091" classname="listas.RegressionTest1" time="0.001"/>
  <testcase name="test091" classname="listas.RegressionTest2" time="0"/>
  <testcase name="test091" classname="listas.RegressionTest3" time="0"/>
  <testcase name="test091" classname="listas.RegressionTest4" time="0"/>
  <testcase name="test091" classname="listas.RegressionTest5" time="0"/>
  <testcase name="test091" classname="listas.RegressionTest6" time="0"/>
  <testcase name="test091" classname="listas.RegressionTest7" time="0"/>
  <testcase name="test091" classname="listas.RegressionTest8" time="0"/>
  <testcase name="test091" classname="listas.RegressionTest9" time="0"/>
  <testcase name="test091" classname="listas.RegressionTest10" time="0"/>
  <testcase name="test092" classname="listas.RegressionTest0" time="0"/>
  <testcase name="test092" classname="listas.RegressionTest1" time="0"/>
  <testcase name="test092" classname="listas.RegressionTest2" time="0"/>
  <testcase name="test092" classname="listas.RegressionTest3" time="0"/>
  <testcase name="test092" classname="listas.RegressionTest4" time="0"/>
  <testcase name="test092" classname="listas.RegressionTest5" time="0"/>
  <testcase name="test092" classname="listas.RegressionTest6" time="0"/>
  <testcase name="test092" classname="listas.RegressionTest7" time="0"/>
  <testcase name="test092" classname="listas.RegressionTest8" time="0"/>
  <testcase name="test092" classname="listas.RegressionTest9" time="0"/>
  <testcase name="test092" classname="listas.RegressionTest10" time="0"/>
  <testcase name="test093" classname="listas.RegressionTest0" time="0"/>
  <testcase name="test093" classname="listas.RegressionTest1" time="0"/>
  <testcase name="test093" classname="listas.RegressionTest2" time="0"/>
  <testcase name="test093" classname="listas.RegressionTest3" time="0"/>
  <testcase name="test093" classname="listas.RegressionTest4" time="0"/>
  <testcase name="test093" classname="listas.RegressionTest5" time="0"/>
  <testcase name="test093" classname="listas.RegressionTest6" time="0"/>
  <testcase name="test093" classname="listas.RegressionTest7" time="0"/>
  <testcase name="test093" classname="listas.RegressionTest8" time="0"/>
  <testcase name="test093" classname="listas.RegressionTest9" time="0"/>
  <testcase name="test093" classname="listas.RegressionTest10" time="0"/>
  <testcase name="test094" classname="listas.RegressionTest0" time="0.001"/>
  <testcase name="test094" classname="listas.RegressionTest1" time="0"/>
  <testcase name="test094" classname="listas.RegressionTest2" time="0"/>
  <testcase name="test094" classname="listas.RegressionTest3" time="0"/>
  <testcase name="test094" classname="listas.RegressionTest4" time="0"/>
  <testcase name="test094" classname="listas.RegressionTest5" time="0"/>
  <testcase name="test094" classname="listas.RegressionTest6" time="0"/>
  <testcase name="test094" classname="listas.RegressionTest7" time="0"/>
  <testcase name="test094" classname="listas.RegressionTest8" time="0"/>
  <testcase name="test094" classname="listas.RegressionTest9" time="0"/>
  <testcase name="test094" classname="listas.RegressionTest10" time="0"/>
  <testcase name="test095" classname="listas.RegressionTest0" time="0"/>
  <testcase name="test095" classname="listas.RegressionTest1" time="0"/>
  <testcase name="test095" classname="listas.RegressionTest2" time="0"/>
  <testcase name="test095" classname="listas.RegressionTest3" time="0"/>
  <testcase name="test095" classname="listas.RegressionTest4" time="0"/>
  <testcase name="test095" classname="listas.RegressionTest5" time="0"/>
  <testcase name="test095" classname="listas.RegressionTest6" time="0"/>
  <testcase name="test095" classname="listas.RegressionTest7" time="0"/>
  <testcase name="test095" classname="listas.RegressionTest8" time="0"/>
  <testcase name="test095" classname="listas.RegressionTest9" time="0"/>
  <testcase name="test095" classname="listas.RegressionTest10" time="0"/>
  <testcase name="test096" classname="listas.RegressionTest0" time="0"/>
  <testcase name="test096" classname="listas.RegressionTest1" time="0"/>
  <testcase name="test096" classname="listas.RegressionTest2" time="0"/>
  <testcase name="test096" classname="listas.RegressionTest3" time="0"/>
  <testcase name="test096" classname="listas.RegressionTest4" time="0"/>
  <testcase name="test096" classname="listas.RegressionTest5" time="0"/>
  <testcase name="test096" classname="listas.RegressionTest6" time="0"/>
  <testcase name="test096" classname="listas.RegressionTest7" time="0"/>
  <testcase name="test096" classname="listas.RegressionTest8" time="0"/>
  <testcase name="test096" classname="listas.RegressionTest9" time="0"/>
  <testcase name="test096" classname="listas.RegressionTest10" time="0"/>
  <testcase name="test097" classname="listas.RegressionTest0" time="0"/>
  <testcase name="test097" classname="listas.RegressionTest1" time="0"/>
  <testcase name="test097" classname="listas.RegressionTest2" time="0"/>
  <testcase name="test097" classname="listas.RegressionTest3" time="0"/>
  <testcase name="test097" classname="listas.RegressionTest4" time="0"/>
  <testcase name="test097" classname="listas.RegressionTest5" time="0"/>
  <testcase name="test097" classname="listas.RegressionTest6" time="0"/>
  <testcase name="test097" classname="listas.RegressionTest7" time="0"/>
  <testcase name="test097" classname="listas.RegressionTest8" time="0"/>
  <testcase name="test097" classname="listas.RegressionTest9" time="0"/>
  <testcase name="test097" classname="listas.RegressionTest10" time="0"/>
  <testcase name="test098" classname="listas.RegressionTest0" time="0"/>
  <testcase name="test098" classname="listas.RegressionTest1" time="0"/>
  <testcase name="test098" classname="listas.RegressionTest2" time="0"/>
  <testcase name="test098" classname="listas.RegressionTest3" time="0"/>
  <testcase name="test098" classname="listas.RegressionTest4" time="0"/>
  <testcase name="test098" classname="listas.RegressionTest5" time="0"/>
  <testcase name="test098" classname="listas.RegressionTest6" time="0"/>
  <testcase name="test098" classname="listas.RegressionTest7" time="0"/>
  <testcase name="test098" classname="listas.RegressionTest8" time="0"/>
  <testcase name="test098" classname="listas.RegressionTest9" time="0"/>
  <testcase name="test098" classname="listas.RegressionTest10" time="0"/>
  <testcase name="test099" classname="listas.RegressionTest0" time="0.001"/>
  <testcase name="test099" classname="listas.RegressionTest1" time="0"/>
  <testcase name="test099" classname="listas.RegressionTest2" time="0"/>
  <testcase name="test099" classname="listas.RegressionTest3" time="0"/>
  <testcase name="test099" classname="listas.RegressionTest4" time="0"/>
  <testcase name="test099" classname="listas.RegressionTest5" time="0"/>
  <testcase name="test099" classname="listas.RegressionTest6" time="0"/>
  <testcase name="test099" classname="listas.RegressionTest7" time="0"/>
  <testcase name="test099" classname="listas.RegressionTest8" time="0"/>
  <testcase name="test099" classname="listas.RegressionTest9" time="0"/>
  <testcase name="test099" classname="listas.RegressionTest10" time="0"/>
  <testcase name="test100" classname="listas.RegressionTest0" time="0"/>
  <testcase name="test100" classname="listas.RegressionTest1" time="0"/>
  <testcase name="test100" classname="listas.RegressionTest2" time="0"/>
  <testcase name="test100" classname="listas.RegressionTest3" time="0"/>
  <testcase name="test100" classname="listas.RegressionTest4" time="0"/>
  <testcase name="test100" classname="listas.RegressionTest5" time="0"/>
  <testcase name="test100" classname="listas.RegressionTest6" time="0"/>
  <testcase name="test100" classname="listas.RegressionTest7" time="0"/>
  <testcase name="test100" classname="listas.RegressionTest8" time="0"/>
  <testcase name="test100" classname="listas.RegressionTest9" time="0"/>
  <testcase name="test100" classname="listas.RegressionTest10" time="0"/>
  <testcase name="test101" classname="listas.RegressionTest0" time="0"/>
  <testcase name="test101" classname="listas.RegressionTest1" time="0"/>
  <testcase name="test101" classname="listas.RegressionTest2" time="0"/>
  <testcase name="test101" classname="listas.RegressionTest3" time="0"/>
  <testcase name="test101" classname="listas.RegressionTest4" time="0"/>
  <testcase name="test101" classname="listas.RegressionTest5" time="0"/>
  <testcase name="test101" classname="listas.RegressionTest6" time="0"/>
  <testcase name="test101" classname="listas.RegressionTest7" time="0"/>
  <testcase name="test101" classname="listas.RegressionTest8" time="0"/>
  <testcase name="test101" classname="listas.RegressionTest9" time="0"/>
  <testcase name="test101" classname="listas.RegressionTest10" time="0"/>
  <testcase name="test102" classname="listas.RegressionTest0" time="0"/>
  <testcase name="test102" classname="listas.RegressionTest1" time="0"/>
  <testcase name="test102" classname="listas.RegressionTest2" time="0"/>
  <testcase name="test102" classname="listas.RegressionTest3" time="0"/>
  <testcase name="test102" classname="listas.RegressionTest4" time="0"/>
  <testcase name="test102" classname="listas.RegressionTest5" time="0"/>
  <testcase name="test102" classname="listas.RegressionTest6" time="0"/>
  <testcase name="test102" classname="listas.RegressionTest7" time="0"/>
  <testcase name="test102" classname="listas.RegressionTest8" time="0"/>
  <testcase name="test102" classname="listas.RegressionTest9" time="0"/>
  <testcase name="test102" classname="listas.RegressionTest10" time="0"/>
  <testcase name="test103" classname="listas.RegressionTest0" time="0"/>
  <testcase name="test103" classname="listas.RegressionTest1" time="0"/>
  <testcase name="test103" classname="listas.RegressionTest2" time="0"/>
  <testcase name="test103" classname="listas.RegressionTest3" time="0"/>
  <testcase name="test103" classname="listas.RegressionTest4" time="0"/>
  <testcase name="test103" classname="listas.RegressionTest5" time="0"/>
  <testcase name="test103" classname="listas.RegressionTest6" time="0"/>
  <testcase name="test103" classname="listas.RegressionTest7" time="0"/>
  <testcase name="test103" classname="listas.RegressionTest8" time="0"/>
  <testcase name="test103" classname="listas.RegressionTest9" time="0"/>
  <testcase name="test103" classname="listas.RegressionTest10" time="0"/>
  <testcase name="test104" classname="listas.RegressionTest0" time="0"/>
  <testcase name="test104" classname="listas.RegressionTest1" time="0"/>
  <testcase name="test104" classname="listas.RegressionTest2" time="0"/>
  <testcase name="test104" classname="listas.RegressionTest3" time="0"/>
  <testcase name="test104" classname="listas.RegressionTest4" time="0"/>
  <testcase name="test104" classname="listas.RegressionTest5" time="0"/>
  <testcase name="test104" classname="listas.RegressionTest6" time="0"/>
  <testcase name="test104" classname="listas.RegressionTest7" time="0"/>
  <testcase name="test104" classname="listas.RegressionTest8" time="0"/>
  <testcase name="test104" classname="listas.RegressionTest9" time="0"/>
  <testcase name="test104" classname="listas.RegressionTest10" time="0"/>
  <testcase name="test105" classname="listas.RegressionTest0" time="0"/>
  <testcase name="test105" classname="listas.RegressionTest1" time="0"/>
  <testcase name="test105" classname="listas.RegressionTest2" time="0"/>
  <testcase name="test105" classname="listas.RegressionTest3" time="0"/>
  <testcase name="test105" classname="listas.RegressionTest4" time="0"/>
  <testcase name="test105" classname="listas.RegressionTest5" time="0"/>
  <testcase name="test105" classname="listas.RegressionTest6" time="0"/>
  <testcase name="test105" classname="listas.RegressionTest7" time="0"/>
  <testcase name="test105" classname="listas.RegressionTest8" time="0"/>
  <testcase name="test105" classname="listas.RegressionTest9" time="0"/>
  <testcase name="test105" classname="listas.RegressionTest10" time="0"/>
  <testcase name="test106" classname="listas.RegressionTest0" time="0"/>
  <testcase name="test106" classname="listas.RegressionTest1" time="0"/>
  <testcase name="test106" classname="listas.RegressionTest2" time="0"/>
  <testcase name="test106" classname="listas.RegressionTest3" time="0"/>
  <testcase name="test106" classname="listas.RegressionTest4" time="0"/>
  <testcase name="test106" classname="listas.RegressionTest5" time="0"/>
  <testcase name="test106" classname="listas.RegressionTest6" time="0"/>
  <testcase name="test106" classname="listas.RegressionTest7" time="0"/>
  <testcase name="test106" classname="listas.RegressionTest8" time="0"/>
  <testcase name="test106" classname="listas.RegressionTest9" time="0.001"/>
  <testcase name="test106" classname="listas.RegressionTest10" time="0"/>
  <testcase name="test107" classname="listas.RegressionTest0" time="0"/>
  <testcase name="test107" classname="listas.RegressionTest1" time="0"/>
  <testcase name="test107" classname="listas.RegressionTest2" time="0"/>
  <testcase name="test107" classname="listas.RegressionTest3" time="0"/>
  <testcase name="test107" classname="listas.RegressionTest4" time="0"/>
  <testcase name="test107" classname="listas.RegressionTest5" time="0"/>
  <testcase name="test107" classname="listas.RegressionTest6" time="0"/>
  <testcase name="test107" classname="listas.RegressionTest7" time="0"/>
  <testcase name="test107" classname="listas.RegressionTest8" time="0"/>
  <testcase name="test107" classname="listas.RegressionTest9" time="0"/>
  <testcase name="test107" classname="listas.RegressionTest10" time="0"/>
  <testcase name="test108" classname="listas.RegressionTest0" time="0"/>
  <testcase name="test108" classname="listas.RegressionTest1" time="0"/>
  <testcase name="test108" classname="listas.RegressionTest2" time="0"/>
  <testcase name="test108" classname="listas.RegressionTest3" time="0"/>
  <testcase name="test108" classname="listas.RegressionTest4" time="0"/>
  <testcase name="test108" classname="listas.RegressionTest5" time="0"/>
  <testcase name="test108" classname="listas.RegressionTest6" time="0"/>
  <testcase name="test108" classname="listas.RegressionTest7" time="0"/>
  <testcase name="test108" classname="listas.RegressionTest8" time="0"/>
  <testcase name="test108" classname="listas.RegressionTest9" time="0"/>
  <testcase name="test108" classname="listas.RegressionTest10" time="0"/>
  <testcase name="test109" classname="listas.RegressionTest0" time="0"/>
  <testcase name="test109" classname="listas.RegressionTest1" time="0"/>
  <testcase name="test109" classname="listas.RegressionTest2" time="0"/>
  <testcase name="test109" classname="listas.RegressionTest3" time="0"/>
  <testcase name="test109" classname="listas.RegressionTest4" time="0"/>
  <testcase name="test109" classname="listas.RegressionTest5" time="0"/>
  <testcase name="test109" classname="listas.RegressionTest6" time="0"/>
  <testcase name="test109" classname="listas.RegressionTest7" time="0"/>
  <testcase name="test109" classname="listas.RegressionTest8" time="0"/>
  <testcase name="test109" classname="listas.RegressionTest9" time="0"/>
  <testcase name="test109" classname="listas.RegressionTest10" time="0"/>
  <testcase name="test110" classname="listas.RegressionTest0" time="0"/>
  <testcase name="test110" classname="listas.RegressionTest1" time="0"/>
  <testcase name="test110" classname="listas.RegressionTest2" time="0"/>
  <testcase name="test110" classname="listas.RegressionTest3" time="0"/>
  <testcase name="test110" classname="listas.RegressionTest4" time="0"/>
  <testcase name="test110" classname="listas.RegressionTest5" time="0"/>
  <testcase name="test110" classname="listas.RegressionTest6" time="0"/>
  <testcase name="test110" classname="listas.RegressionTest7" time="0"/>
  <testcase name="test110" classname="listas.RegressionTest8" time="0"/>
  <testcase name="test110" classname="listas.RegressionTest9" time="0"/>
  <testcase name="test110" classname="listas.RegressionTest10" time="0"/>
  <testcase name="test111" classname="listas.RegressionTest0" time="0"/>
  <testcase name="test111" classname="listas.RegressionTest1" time="0"/>
  <testcase name="test111" classname="listas.RegressionTest2" time="0"/>
  <testcase name="test111" classname="listas.RegressionTest3" time="0"/>
  <testcase name="test111" classname="listas.RegressionTest4" time="0"/>
  <testcase name="test111" classname="listas.RegressionTest5" time="0"/>
  <testcase name="test111" classname="listas.RegressionTest6" time="0"/>
  <testcase name="test111" classname="listas.RegressionTest7" time="0"/>
  <testcase name="test111" classname="listas.RegressionTest8" time="0"/>
  <testcase name="test111" classname="listas.RegressionTest9" time="0"/>
  <testcase name="test111" classname="listas.RegressionTest10" time="0"/>
  <testcase name="test112" classname="listas.RegressionTest0" time="0"/>
  <testcase name="test112" classname="listas.RegressionTest1" time="0"/>
  <testcase name="test112" classname="listas.RegressionTest2" time="0"/>
  <testcase name="test112" classname="listas.RegressionTest3" time="0"/>
  <testcase name="test112" classname="listas.RegressionTest4" time="0"/>
  <testcase name="test112" classname="listas.RegressionTest5" time="0"/>
  <testcase name="test112" classname="listas.RegressionTest6" time="0"/>
  <testcase name="test112" classname="listas.RegressionTest7" time="0"/>
  <testcase name="test112" classname="listas.RegressionTest8" time="0"/>
  <testcase name="test112" classname="listas.RegressionTest9" time="0"/>
  <testcase name="test112" classname="listas.RegressionTest10" time="0"/>
  <testcase name="test113" classname="listas.RegressionTest0" time="0"/>
  <testcase name="test113" classname="listas.RegressionTest1" time="0"/>
  <testcase name="test113" classname="listas.RegressionTest2" time="0"/>
  <testcase name="test113" classname="listas.RegressionTest3" time="0"/>
  <testcase name="test113" classname="listas.RegressionTest4" time="0"/>
  <testcase name="test113" classname="listas.RegressionTest5" time="0"/>
  <testcase name="test113" classname="listas.RegressionTest6" time="0"/>
  <testcase name="test113" classname="listas.RegressionTest7" time="0"/>
  <testcase name="test113" classname="listas.RegressionTest8" time="0"/>
  <testcase name="test113" classname="listas.RegressionTest9" time="0"/>
  <testcase name="test113" classname="listas.RegressionTest10" time="0"/>
  <testcase name="test114" classname="listas.RegressionTest0" time="0.001"/>
  <testcase name="test114" classname="listas.RegressionTest1" time="0"/>
  <testcase name="test114" classname="listas.RegressionTest2" time="0"/>
  <testcase name="test114" classname="listas.RegressionTest3" time="0"/>
  <testcase name="test114" classname="listas.RegressionTest4" time="0"/>
  <testcase name="test114" classname="listas.RegressionTest5" time="0"/>
  <testcase name="test114" classname="listas.RegressionTest6" time="0"/>
  <testcase name="test114" classname="listas.RegressionTest7" time="0"/>
  <testcase name="test114" classname="listas.RegressionTest8" time="0"/>
  <testcase name="test114" classname="listas.RegressionTest9" time="0"/>
  <testcase name="test114" classname="listas.RegressionTest10" time="0"/>
  <testcase name="test115" classname="listas.RegressionTest0" time="0"/>
  <testcase name="test115" classname="listas.RegressionTest1" time="0"/>
  <testcase name="test115" classname="listas.RegressionTest2" time="0"/>
  <testcase name="test115" classname="listas.RegressionTest3" time="0"/>
  <testcase name="test115" classname="listas.RegressionTest4" time="0"/>
  <testcase name="test115" classname="listas.RegressionTest5" time="0.001"/>
  <testcase name="test115" classname="listas.RegressionTest6" time="0"/>
  <testcase name="test115" classname="listas.RegressionTest7" time="0"/>
  <testcase name="test115" classname="listas.RegressionTest8" time="0.001"/>
  <testcase name="test115" classname="listas.RegressionTest9" time="0"/>
  <testcase name="test115" classname="listas.RegressionTest10" time="0"/>
  <testcase name="test116" classname="listas.RegressionTest0" time="0"/>
  <testcase name="test116" classname="listas.RegressionTest1" time="0"/>
  <testcase name="test116" classname="listas.RegressionTest2" time="0"/>
  <testcase name="test116" classname="listas.RegressionTest3" time="0"/>
  <testcase name="test116" classname="listas.RegressionTest4" time="0"/>
  <testcase name="test116" classname="listas.RegressionTest5" time="0"/>
  <testcase name="test116" classname="listas.RegressionTest6" time="0"/>
  <testcase name="test116" classname="listas.RegressionTest7" time="0"/>
  <testcase name="test116" classname="listas.RegressionTest8" time="0"/>
  <testcase name="test116" classname="listas.RegressionTest9" time="0"/>
  <testcase name="test116" classname="listas.RegressionTest10" time="0"/>
  <testcase name="test117" classname="listas.RegressionTest0" time="0"/>
  <testcase name="test117" classname="listas.RegressionTest1" time="0"/>
  <testcase name="test117" classname="listas.RegressionTest2" time="0"/>
  <testcase name="test117" classname="listas.RegressionTest3" time="0"/>
  <testcase name="test117" classname="listas.RegressionTest4" time="0"/>
  <testcase name="test117" classname="listas.RegressionTest5" time="0"/>
  <testcase name="test117" classname="listas.RegressionTest6" time="0"/>
  <testcase name="test117" classname="listas.RegressionTest7" time="0"/>
  <testcase name="test117" classname="listas.RegressionTest8" time="0"/>
  <testcase name="test117" classname="listas.RegressionTest9" time="0"/>
  <testcase name="test117" classname="listas.RegressionTest10" time="0"/>
  <testcase name="test118" classname="listas.RegressionTest0" time="0"/>
  <testcase name="test118" classname="listas.RegressionTest1" time="0"/>
  <testcase name="test118" classname="listas.RegressionTest2" time="0"/>
  <testcase name="test118" classname="listas.RegressionTest3" time="0"/>
  <testcase name="test118" classname="listas.RegressionTest4" time="0"/>
  <testcase name="test118" classname="listas.RegressionTest5" time="0"/>
  <testcase name="test118" classname="listas.RegressionTest6" time="0"/>
  <testcase name="test118" classname="listas.RegressionTest7" time="0"/>
  <testcase name="test118" classname="listas.RegressionTest8" time="0"/>
  <testcase name="test118" classname="listas.RegressionTest9" time="0"/>
  <testcase name="test118" classname="listas.RegressionTest10" time="0"/>
  <testcase name="test119" classname="listas.RegressionTest0" time="0.001"/>
  <testcase name="test119" classname="listas.RegressionTest1" time="0"/>
  <testcase name="test119" classname="listas.RegressionTest2" time="0"/>
  <testcase name="test119" classname="listas.RegressionTest3" time="0"/>
  <testcase name="test119" classname="listas.RegressionTest4" time="0"/>
  <testcase name="test119" classname="listas.RegressionTest5" time="0"/>
  <testcase name="test119" classname="listas.RegressionTest6" time="0"/>
  <testcase name="test119" classname="listas.RegressionTest7" time="0"/>
  <testcase name="test119" classname="listas.RegressionTest8" time="0"/>
  <testcase name="test119" classname="listas.RegressionTest9" time="0"/>
  <testcase name="test119" classname="listas.RegressionTest10" time="0"/>
  <testcase name="test120" classname="listas.RegressionTest0" time="0"/>
  <testcase name="test120" classname="listas.RegressionTest1" time="0"/>
  <testcase name="test120" classname="listas.RegressionTest2" time="0"/>
  <testcase name="test120" classname="listas.RegressionTest3" time="0"/>
  <testcase name="test120" classname="listas.RegressionTest4" time="0"/>
  <testcase name="test120" classname="listas.RegressionTest5" time="0"/>
  <testcase name="test120" classname="listas.RegressionTest6" time="0"/>
  <testcase name="test120" classname="listas.RegressionTest7" time="0"/>
  <testcase name="test120" classname="listas.RegressionTest8" time="0"/>
  <testcase name="test120" classname="listas.RegressionTest9" time="0"/>
  <testcase name="test120" classname="listas.RegressionTest10" time="0"/>
  <testcase name="test121" classname="listas.RegressionTest0" time="0"/>
  <testcase name="test121" classname="listas.RegressionTest1" time="0"/>
  <testcase name="test121" classname="listas.RegressionTest2" time="0"/>
  <testcase name="test121" classname="listas.RegressionTest3" time="0"/>
  <testcase name="test121" classname="listas.RegressionTest4" time="0"/>
  <testcase name="test121" classname="listas.RegressionTest5" time="0"/>
  <testcase name="test121" classname="listas.RegressionTest6" time="0"/>
  <testcase name="test121" classname="listas.RegressionTest7" time="0"/>
  <testcase name="test121" classname="listas.RegressionTest8" time="0"/>
  <testcase name="test121" classname="listas.RegressionTest9" time="0"/>
  <testcase name="test121" classname="listas.RegressionTest10" time="0"/>
  <testcase name="test122" classname="listas.RegressionTest0" time="0"/>
  <testcase name="test122" classname="listas.RegressionTest1" time="0.001"/>
  <testcase name="test122" classname="listas.RegressionTest2" time="0"/>
  <testcase name="test122" classname="listas.RegressionTest3" time="0"/>
  <testcase name="test122" classname="listas.RegressionTest4" time="0"/>
  <testcase name="test122" classname="listas.RegressionTest5" time="0"/>
  <testcase name="test122" classname="listas.RegressionTest6" time="0"/>
  <testcase name="test122" classname="listas.RegressionTest7" time="0"/>
  <testcase name="test122" classname="listas.RegressionTest8" time="0"/>
  <testcase name="test122" classname="listas.RegressionTest9" time="0"/>
  <testcase name="test122" classname="listas.RegressionTest10" time="0"/>
  <testcase name="test123" classname="listas.RegressionTest0" time="0"/>
  <testcase name="test123" classname="listas.RegressionTest1" time="0"/>
  <testcase name="test123" classname="listas.RegressionTest2" time="0.001"/>
  <testcase name="test123" classname="listas.RegressionTest3" time="0"/>
  <testcase name="test123" classname="listas.RegressionTest4" time="0"/>
  <testcase name="test123" classname="listas.RegressionTest5" time="0"/>
  <testcase name="test123" classname="listas.RegressionTest6" time="0"/>
  <testcase name="test123" classname="listas.RegressionTest7" time="0"/>
  <testcase name="test123" classname="listas.RegressionTest8" time="0"/>
  <testcase name="test123" classname="listas.RegressionTest9" time="0"/>
  <testcase name="test123" classname="listas.RegressionTest10" time="0"/>
  <testcase name="test124" classname="listas.RegressionTest0" time="0.001"/>
  <testcase name="test124" classname="listas.RegressionTest1" time="0"/>
  <testcase name="test124" classname="listas.RegressionTest2" time="0"/>
  <testcase name="test124" classname="listas.RegressionTest3" time="0"/>
  <testcase name="test124" classname="listas.RegressionTest4" time="0"/>
  <testcase name="test124" classname="listas.RegressionTest5" time="0"/>
  <testcase name="test124" classname="listas.RegressionTest6" time="0"/>
  <testcase name="test124" classname="listas.RegressionTest7" time="0"/>
  <testcase name="test124" classname="listas.RegressionTest8" time="0"/>
  <testcase name="test124" classname="listas.RegressionTest9" time="0"/>
  <testcase name="test124" classname="listas.RegressionTest10" time="0"/>
  <testcase name="test125" classname="listas.RegressionTest0" time="0"/>
  <testcase name="test125" classname="listas.RegressionTest1" time="0"/>
  <testcase name="test125" classname="listas.RegressionTest2" time="0"/>
  <testcase name="test125" classname="listas.RegressionTest3" time="0"/>
  <testcase name="test125" classname="listas.RegressionTest4" time="0"/>
  <testcase name="test125" classname="listas.RegressionTest5" time="0"/>
  <testcase name="test125" classname="listas.RegressionTest6" time="0"/>
  <testcase name="test125" classname="listas.RegressionTest7" time="0"/>
  <testcase name="test125" classname="listas.RegressionTest8" time="0"/>
  <testcase name="test125" classname="listas.RegressionTest9" time="0"/>
  <testcase name="test125" classname="listas.RegressionTest10" time="0"/>
  <testcase name="test126" classname="listas.RegressionTest0" time="0"/>
  <testcase name="test126" classname="listas.RegressionTest1" time="0"/>
  <testcase name="test126" classname="listas.RegressionTest2" time="0"/>
  <testcase name="test126" classname="listas.RegressionTest3" time="0"/>
  <testcase name="test126" classname="listas.RegressionTest4" time="0"/>
  <testcase name="test126" classname="listas.RegressionTest5" time="0"/>
  <testcase name="test126" classname="listas.RegressionTest6" time="0"/>
  <testcase name="test126" classname="listas.RegressionTest7" time="0"/>
  <testcase name="test126" classname="listas.RegressionTest8" time="0"/>
  <testcase name="test126" classname="listas.RegressionTest9" time="0"/>
  <testcase name="test126" classname="listas.RegressionTest10" time="0"/>
  <testcase name="test127" classname="listas.RegressionTest0" time="0"/>
  <testcase name="test127" classname="listas.RegressionTest1" time="0"/>
  <testcase name="test127" classname="listas.RegressionTest2" time="0"/>
  <testcase name="test127" classname="listas.RegressionTest3" time="0"/>
  <testcase name="test127" classname="listas.RegressionTest4" time="0"/>
  <testcase name="test127" classname="listas.RegressionTest5" time="0"/>
  <testcase name="test127" classname="listas.RegressionTest6" time="0"/>
  <testcase name="test127" classname="listas.RegressionTest7" time="0"/>
  <testcase name="test127" classname="listas.RegressionTest8" time="0"/>
  <testcase name="test127" classname="listas.RegressionTest9" time="0"/>
  <testcase name="test127" classname="listas.RegressionTest10" time="0"/>
  <testcase name="test128" classname="listas.RegressionTest0" time="0"/>
  <testcase name="test128" classname="listas.RegressionTest1" time="0"/>
  <testcase name="test128" classname="listas.RegressionTest2" time="0"/>
  <testcase name="test128" classname="listas.RegressionTest3" time="0"/>
  <testcase name="test128" classname="listas.RegressionTest4" time="0"/>
  <testcase name="test128" classname="listas.RegressionTest5" time="0"/>
  <testcase name="test128" classname="listas.RegressionTest6" time="0"/>
  <testcase name="test128" classname="listas.RegressionTest7" time="0"/>
  <testcase name="test128" classname="listas.RegressionTest8" time="0"/>
  <testcase name="test128" classname="listas.RegressionTest9" time="0"/>
  <testcase name="test128" classname="listas.RegressionTest10" time="0"/>
  <testcase name="test129" classname="listas.RegressionTest0" time="0"/>
  <testcase name="test129" classname="listas.RegressionTest1" time="0"/>
  <testcase name="test129" classname="listas.RegressionTest2" time="0"/>
  <testcase name="test129" classname="listas.RegressionTest3" time="0"/>
  <testcase name="test129" classname="listas.RegressionTest4" time="0"/>
  <testcase name="test129" classname="listas.RegressionTest5" time="0"/>
  <testcase name="test129" classname="listas.RegressionTest6" time="0"/>
  <testcase name="test129" classname="listas.RegressionTest7" time="0"/>
  <testcase name="test129" classname="listas.RegressionTest8" time="0"/>
  <testcase name="test129" classname="listas.RegressionTest9" time="0"/>
  <testcase name="test129" classname="listas.RegressionTest10" time="0"/>
  <testcase name="test130" classname="listas.RegressionTest0" time="0"/>
  <testcase name="test130" classname="listas.RegressionTest1" time="0"/>
  <testcase name="test130" classname="listas.RegressionTest2" time="0"/>
  <testcase name="test130" classname="listas.RegressionTest3" time="0"/>
  <testcase name="test130" classname="listas.RegressionTest4" time="0"/>
  <testcase name="test130" classname="listas.RegressionTest5" time="0"/>
  <testcase name="test130" classname="listas.RegressionTest6" time="0"/>
  <testcase name="test130" classname="listas.RegressionTest7" time="0"/>
  <testcase name="test130" classname="listas.RegressionTest8" time="0"/>
  <testcase name="test130" classname="listas.RegressionTest9" time="0"/>
  <testcase name="test130" classname="listas.RegressionTest10" time="0"/>
  <testcase name="test131" classname="listas.RegressionTest0" time="0"/>
  <testcase name="test131" classname="listas.RegressionTest1" time="0"/>
  <testcase name="test131" classname="listas.RegressionTest2" time="0"/>
  <testcase name="test131" classname="listas.RegressionTest3" time="0"/>
  <testcase name="test131" classname="listas.RegressionTest4" time="0"/>
  <testcase name="test131" classname="listas.RegressionTest5" time="0"/>
  <testcase name="test131" classname="listas.RegressionTest6" time="0"/>
  <testcase name="test131" classname="listas.RegressionTest7" time="0"/>
  <testcase name="test131" classname="listas.RegressionTest8" time="0.001"/>
  <testcase name="test131" classname="listas.RegressionTest9" time="0"/>
  <testcase name="test131" classname="listas.RegressionTest10" time="0"/>
  <testcase name="test132" classname="listas.RegressionTest0" time="0"/>
  <testcase name="test132" classname="listas.RegressionTest1" time="0.001"/>
  <testcase name="test132" classname="listas.RegressionTest2" time="0"/>
  <testcase name="test132" classname="listas.RegressionTest3" time="0"/>
  <testcase name="test132" classname="listas.RegressionTest4" time="0"/>
  <testcase name="test132" classname="listas.RegressionTest5" time="0"/>
  <testcase name="test132" classname="listas.RegressionTest6" time="0"/>
  <testcase name="test132" classname="listas.RegressionTest7" time="0"/>
  <testcase name="test132" classname="listas.RegressionTest8" time="0"/>
  <testcase name="test132" classname="listas.RegressionTest9" time="0"/>
  <testcase name="test132" classname="listas.RegressionTest10" time="0"/>
  <testcase name="test133" classname="listas.RegressionTest0" time="0"/>
  <testcase name="test133" classname="listas.RegressionTest1" time="0"/>
  <testcase name="test133" classname="listas.RegressionTest2" time="0.002"/>
  <testcase name="test133" classname="listas.RegressionTest3" time="0"/>
  <testcase name="test133" classname="listas.RegressionTest4" time="0"/>
  <testcase name="test133" classname="listas.RegressionTest5" time="0"/>
  <testcase name="test133" classname="listas.RegressionTest6" time="0"/>
  <testcase name="test133" classname="listas.RegressionTest7" time="0"/>
  <testcase name="test133" classname="listas.RegressionTest8" time="0"/>
  <testcase name="test133" classname="listas.RegressionTest9" time="0"/>
  <testcase name="test133" classname="listas.RegressionTest10" time="0"/>
  <testcase name="test134" classname="listas.RegressionTest0" time="0"/>
  <testcase name="test134" classname="listas.RegressionTest1" time="0"/>
  <testcase name="test134" classname="listas.RegressionTest2" time="0"/>
  <testcase name="test134" classname="listas.RegressionTest3" time="0"/>
  <testcase name="test134" classname="listas.RegressionTest4" time="0"/>
  <testcase name="test134" classname="listas.RegressionTest5" time="0"/>
  <testcase name="test134" classname="listas.RegressionTest6" time="0"/>
  <testcase name="test134" classname="listas.RegressionTest7" time="0"/>
  <testcase name="test134" classname="listas.RegressionTest8" time="0"/>
  <testcase name="test134" classname="listas.RegressionTest9" time="0"/>
  <testcase name="test134" classname="listas.RegressionTest10" time="0"/>
  <testcase name="test135" classname="listas.RegressionTest0" time="0"/>
  <testcase name="test135" classname="listas.RegressionTest1" time="0"/>
  <testcase name="test135" classname="listas.RegressionTest2" time="0"/>
  <testcase name="test135" classname="listas.RegressionTest3" time="0"/>
  <testcase name="test135" classname="listas.RegressionTest4" time="0"/>
  <testcase name="test135" classname="listas.RegressionTest5" time="0"/>
  <testcase name="test135" classname="listas.RegressionTest6" time="0"/>
  <testcase name="test135" classname="listas.RegressionTest7" time="0"/>
  <testcase name="test135" classname="listas.RegressionTest8" time="0"/>
  <testcase name="test135" classname="listas.RegressionTest9" time="0"/>
  <testcase name="test135" classname="listas.RegressionTest10" time="0"/>
  <testcase name="test136" classname="listas.RegressionTest0" time="0"/>
  <testcase name="test136" classname="listas.RegressionTest1" time="0"/>
  <testcase name="test136" classname="listas.RegressionTest2" time="0"/>
  <testcase name="test136" classname="listas.RegressionTest3" time="0"/>
  <testcase name="test136" classname="listas.RegressionTest4" time="0"/>
  <testcase name="test136" classname="listas.RegressionTest5" time="0"/>
  <testcase name="test136" classname="listas.RegressionTest6" time="0"/>
  <testcase name="test136" classname="listas.RegressionTest7" time="0"/>
  <testcase name="test136" classname="listas.RegressionTest8" time="0"/>
  <testcase name="test136" classname="listas.RegressionTest9" time="0"/>
  <testcase name="test136" classname="listas.RegressionTest10" time="0"/>
  <testcase name="test137" classname="listas.RegressionTest0" time="0"/>
  <testcase name="test137" classname="listas.RegressionTest1" time="0"/>
  <testcase name="test137" classname="listas.RegressionTest2" time="0"/>
  <testcase name="test137" classname="listas.RegressionTest3" time="0"/>
  <testcase name="test137" classname="listas.RegressionTest4" time="0"/>
  <testcase name="test137" classname="listas.RegressionTest5" time="0"/>
  <testcase name="test137" classname="listas.RegressionTest6" time="0"/>
  <testcase name="test137" classname="listas.RegressionTest7" time="0"/>
  <testcase name="test137" classname="listas.RegressionTest8" time="0"/>
  <testcase name="test137" classname="listas.RegressionTest9" time="0"/>
  <testcase name="test137" classname="listas.RegressionTest10" time="0"/>
  <testcase name="test138" classname="listas.RegressionTest0" time="0.001"/>
  <testcase name="test138" classname="listas.RegressionTest1" time="0"/>
  <testcase name="test138" classname="listas.RegressionTest2" time="0"/>
  <testcase name="test138" classname="listas.RegressionTest3" time="0"/>
  <testcase name="test138" classname="listas.RegressionTest4" time="0"/>
  <testcase name="test138" classname="listas.RegressionTest5" time="0"/>
  <testcase name="test138" classname="listas.RegressionTest6" time="0"/>
  <testcase name="test138" classname="listas.RegressionTest7" time="0"/>
  <testcase name="test138" classname="listas.RegressionTest8" time="0"/>
  <testcase name="test138" classname="listas.RegressionTest9" time="0"/>
  <testcase name="test138" classname="listas.RegressionTest10" time="0"/>
  <testcase name="test139" classname="listas.RegressionTest0" time="0"/>
  <testcase name="test139" classname="listas.RegressionTest1" time="0"/>
  <testcase name="test139" classname="listas.RegressionTest2" time="0"/>
  <testcase name="test139" classname="listas.RegressionTest3" time="0"/>
  <testcase name="test139" classname="listas.RegressionTest4" time="0"/>
  <testcase name="test139" classname="listas.RegressionTest5" time="0"/>
  <testcase name="test139" classname="listas.RegressionTest6" time="0"/>
  <testcase name="test139" classname="listas.RegressionTest7" time="0"/>
  <testcase name="test139" classname="listas.RegressionTest8" time="0"/>
  <testcase name="test139" classname="listas.RegressionTest9" time="0"/>
  <testcase name="test139" classname="listas.RegressionTest10" time="0"/>
  <testcase name="test140" classname="listas.RegressionTest0" time="0"/>
  <testcase name="test140" classname="listas.RegressionTest1" time="0"/>
  <testcase name="test140" classname="listas.RegressionTest2" time="0"/>
  <testcase name="test140" classname="listas.RegressionTest3" time="0"/>
  <testcase name="test140" classname="listas.RegressionTest4" time="0"/>
  <testcase name="test140" classname="listas.RegressionTest5" time="0"/>
  <testcase name="test140" classname="listas.RegressionTest6" time="0"/>
  <testcase name="test140" classname="listas.RegressionTest7" time="0"/>
  <testcase name="test140" classname="listas.RegressionTest8" time="0"/>
  <testcase name="test140" classname="listas.RegressionTest9" time="0"/>
  <testcase name="test140" classname="listas.RegressionTest10" time="0"/>
  <testcase name="test141" classname="listas.RegressionTest0" time="0"/>
  <testcase name="test141" classname="listas.RegressionTest1" time="0"/>
  <testcase name="test141" classname="listas.RegressionTest2" time="0"/>
  <testcase name="test141" classname="listas.RegressionTest3" time="0"/>
  <testcase name="test141" classname="listas.RegressionTest4" time="0"/>
  <testcase name="test141" classname="listas.RegressionTest5" time="0"/>
  <testcase name="test141" classname="listas.RegressionTest6" time="0"/>
  <testcase name="test141" classname="listas.RegressionTest7" time="0"/>
  <testcase name="test141" classname="listas.RegressionTest8" time="0"/>
  <testcase name="test141" classname="listas.RegressionTest9" time="0"/>
  <testcase name="test141" classname="listas.RegressionTest10" time="0"/>
  <testcase name="test142" classname="listas.RegressionTest0" time="0"/>
  <testcase name="test142" classname="listas.RegressionTest1" time="0"/>
  <testcase name="test142" classname="listas.RegressionTest2" time="0"/>
  <testcase name="test142" classname="listas.RegressionTest3" time="0"/>
  <testcase name="test142" classname="listas.RegressionTest4" time="0"/>
  <testcase name="test142" classname="listas.RegressionTest5" time="0"/>
  <testcase name="test142" classname="listas.RegressionTest6" time="0"/>
  <testcase name="test142" classname="listas.RegressionTest7" time="0"/>
  <testcase name="test142" classname="listas.RegressionTest8" time="0"/>
  <testcase name="test142" classname="listas.RegressionTest9" time="0"/>
  <testcase name="test142" classname="listas.RegressionTest10" time="0"/>
  <testcase name="test143" classname="listas.RegressionTest0" time="0.001"/>
  <testcase name="test143" classname="listas.RegressionTest1" time="0"/>
  <testcase name="test143" classname="listas.RegressionTest2" time="0"/>
  <testcase name="test143" classname="listas.RegressionTest3" time="0"/>
  <testcase name="test143" classname="listas.RegressionTest4" time="0"/>
  <testcase name="test143" classname="listas.RegressionTest5" time="0"/>
  <testcase name="test143" classname="listas.RegressionTest6" time="0"/>
  <testcase name="test143" classname="listas.RegressionTest7" time="0"/>
  <testcase name="test143" classname="listas.RegressionTest8" time="0"/>
  <testcase name="test143" classname="listas.RegressionTest9" time="0"/>
  <testcase name="test143" classname="listas.RegressionTest10" time="0"/>
  <testcase name="test144" classname="listas.RegressionTest0" time="0"/>
  <testcase name="test144" classname="listas.RegressionTest1" time="0"/>
  <testcase name="test144" classname="listas.RegressionTest2" time="0"/>
  <testcase name="test144" classname="listas.RegressionTest3" time="0"/>
  <testcase name="test144" classname="listas.RegressionTest4" time="0"/>
  <testcase name="test144" classname="listas.RegressionTest5" time="0"/>
  <testcase name="test144" classname="listas.RegressionTest6" time="0"/>
  <testcase name="test144" classname="listas.RegressionTest7" time="0"/>
  <testcase name="test144" classname="listas.RegressionTest8" time="0"/>
  <testcase name="test144" classname="listas.RegressionTest9" time="0"/>
  <testcase name="test144" classname="listas.RegressionTest10" time="0"/>
  <testcase name="test145" classname="listas.RegressionTest0" time="0"/>
  <testcase name="test145" classname="listas.RegressionTest1" time="0"/>
  <testcase name="test145" classname="listas.RegressionTest2" time="0"/>
  <testcase name="test145" classname="listas.RegressionTest3" time="0"/>
  <testcase name="test145" classname="listas.RegressionTest4" time="0"/>
  <testcase name="test145" classname="listas.RegressionTest5" time="0"/>
  <testcase name="test145" classname="listas.RegressionTest6" time="0"/>
  <testcase name="test145" classname="listas.RegressionTest7" time="0"/>
  <testcase name="test145" classname="listas.RegressionTest8" time="0"/>
  <testcase name="test145" classname="listas.RegressionTest9" time="0"/>
  <testcase name="test145" classname="listas.RegressionTest10" time="0"/>
  <testcase name="test146" classname="listas.RegressionTest0" time="0"/>
  <testcase name="test146" classname="listas.RegressionTest1" time="0"/>
  <testcase name="test146" classname="listas.RegressionTest2" time="0"/>
  <testcase name="test146" classname="listas.RegressionTest3" time="0"/>
  <testcase name="test146" classname="listas.RegressionTest4" time="0"/>
  <testcase name="test146" classname="listas.RegressionTest5" time="0"/>
  <testcase name="test146" classname="listas.RegressionTest6" time="0"/>
  <testcase name="test146" classname="listas.RegressionTest7" time="0"/>
  <testcase name="test146" classname="listas.RegressionTest8" time="0"/>
  <testcase name="test146" classname="listas.RegressionTest9" time="0"/>
  <testcase name="test146" classname="listas.RegressionTest10" time="0"/>
  <testcase name="test147" classname="listas.RegressionTest0" time="0"/>
  <testcase name="test147" classname="listas.RegressionTest1" time="0"/>
  <testcase name="test147" classname="listas.RegressionTest2" time="0"/>
  <testcase name="test147" classname="listas.RegressionTest3" time="0"/>
  <testcase name="test147" classname="listas.RegressionTest4" time="0"/>
  <testcase name="test147" classname="listas.RegressionTest5" time="0"/>
  <testcase name="test147" classname="listas.RegressionTest6" time="0"/>
  <testcase name="test147" classname="listas.RegressionTest7" time="0"/>
  <testcase name="test147" classname="listas.RegressionTest8" time="0"/>
  <testcase name="test147" classname="listas.RegressionTest9" time="0"/>
  <testcase name="test147" classname="listas.RegressionTest10" time="0"/>
  <testcase name="test148" classname="listas.RegressionTest0" time="0.001"/>
  <testcase name="test148" classname="listas.RegressionTest1" time="0"/>
  <testcase name="test148" classname="listas.RegressionTest2" time="0"/>
  <testcase name="test148" classname="listas.RegressionTest3" time="0"/>
  <testcase name="test148" classname="listas.RegressionTest4" time="0"/>
  <testcase name="test148" classname="listas.RegressionTest5" time="0"/>
  <testcase name="test148" classname="listas.RegressionTest6" time="0"/>
  <testcase name="test148" classname="listas.RegressionTest7" time="0"/>
  <testcase name="test148" classname="listas.RegressionTest8" time="0.001"/>
  <testcase name="test148" classname="listas.RegressionTest9" time="0"/>
  <testcase name="test148" classname="listas.RegressionTest10" time="0"/>
  <testcase name="test149" classname="listas.RegressionTest0" time="0"/>
  <testcase name="test149" classname="listas.RegressionTest1" time="0"/>
  <testcase name="test149" classname="listas.RegressionTest2" time="0"/>
  <testcase name="test149" classname="listas.RegressionTest3" time="0"/>
  <testcase name="test149" classname="listas.RegressionTest4" time="0"/>
  <testcase name="test149" classname="listas.RegressionTest5" time="0"/>
  <testcase name="test149" classname="listas.RegressionTest6" time="0"/>
  <testcase name="test149" classname="listas.RegressionTest7" time="0"/>
  <testcase name="test149" classname="listas.RegressionTest8" time="0"/>
  <testcase name="test149" classname="listas.RegressionTest9" time="0"/>
  <testcase name="test149" classname="listas.RegressionTest10" time="0"/>
  <testcase name="test150" classname="listas.RegressionTest0" time="0"/>
  <testcase name="test150" classname="listas.RegressionTest1" time="0"/>
  <testcase name="test150" classname="listas.RegressionTest2" time="0"/>
  <testcase name="test150" classname="listas.RegressionTest3" time="0"/>
  <testcase name="test150" classname="listas.RegressionTest4" time="0"/>
  <testcase name="test150" classname="listas.RegressionTest5" time="0"/>
  <testcase name="test150" classname="listas.RegressionTest6" time="0"/>
  <testcase name="test150" classname="listas.RegressionTest7" time="0"/>
  <testcase name="test150" classname="listas.RegressionTest8" time="0"/>
  <testcase name="test150" classname="listas.RegressionTest9" time="0"/>
  <testcase name="test150" classname="listas.RegressionTest10" time="0"/>
  <testcase name="test151" classname="listas.RegressionTest0" time="0"/>
  <testcase name="test151" classname="listas.RegressionTest1" time="0"/>
  <testcase name="test151" classname="listas.RegressionTest2" time="0"/>
  <testcase name="test151" classname="listas.RegressionTest3" time="0"/>
  <testcase name="test151" classname="listas.RegressionTest4" time="0"/>
  <testcase name="test151" classname="listas.RegressionTest5" time="0"/>
  <testcase name="test151" classname="listas.RegressionTest6" time="0"/>
  <testcase name="test151" classname="listas.RegressionTest7" time="0"/>
  <testcase name="test151" classname="listas.RegressionTest8" time="0"/>
  <testcase name="test151" classname="listas.RegressionTest9" time="0"/>
  <testcase name="test151" classname="listas.RegressionTest10" time="0"/>
  <testcase name="test152" classname="listas.RegressionTest0" time="0"/>
  <testcase name="test152" classname="listas.RegressionTest1" time="0"/>
  <testcase name="test152" classname="listas.RegressionTest2" time="0"/>
  <testcase name="test152" classname="listas.RegressionTest3" time="0"/>
  <testcase name="test152" classname="listas.RegressionTest4" time="0"/>
  <testcase name="test152" classname="listas.RegressionTest5" time="0"/>
  <testcase name="test152" classname="listas.RegressionTest6" time="0"/>
  <testcase name="test152" classname="listas.RegressionTest7" time="0"/>
  <testcase name="test152" classname="listas.RegressionTest8" time="0"/>
  <testcase name="test152" classname="listas.RegressionTest9" time="0"/>
  <testcase name="test152" classname="listas.RegressionTest10" time="0"/>
  <testcase name="test153" classname="listas.RegressionTest0" time="0"/>
  <testcase name="test153" classname="listas.RegressionTest1" time="0"/>
  <testcase name="test153" classname="listas.RegressionTest2" time="0"/>
  <testcase name="test153" classname="listas.RegressionTest3" time="0"/>
  <testcase name="test153" classname="listas.RegressionTest4" time="0"/>
  <testcase name="test153" classname="listas.RegressionTest5" time="0"/>
  <testcase name="test153" classname="listas.RegressionTest6" time="0"/>
  <testcase name="test153" classname="listas.RegressionTest7" time="0"/>
  <testcase name="test153" classname="listas.RegressionTest8" time="0"/>
  <testcase name="test153" classname="listas.RegressionTest9" time="0"/>
  <testcase name="test153" classname="listas.RegressionTest10" time="0"/>
  <testcase name="test154" classname="listas.RegressionTest0" time="0"/>
  <testcase name="test154" classname="listas.RegressionTest1" time="0"/>
  <testcase name="test154" classname="listas.RegressionTest2" time="0"/>
  <testcase name="test154" classname="listas.RegressionTest3" time="0"/>
  <testcase name="test154" classname="listas.RegressionTest4" time="0"/>
  <testcase name="test154" classname="listas.RegressionTest5" time="0"/>
  <testcase name="test154" classname="listas.RegressionTest6" time="0"/>
  <testcase name="test154" classname="listas.RegressionTest7" time="0"/>
  <testcase name="test154" classname="listas.RegressionTest8" time="0"/>
  <testcase name="test154" classname="listas.RegressionTest9" time="0"/>
  <testcase name="test154" classname="listas.RegressionTest10" time="0"/>
  <testcase name="test155" classname="listas.RegressionTest0" time="0"/>
  <testcase name="test155" classname="listas.RegressionTest1" time="0"/>
  <testcase name="test155" classname="listas.RegressionTest2" time="0"/>
  <testcase name="test155" classname="listas.RegressionTest3" time="0"/>
  <testcase name="test155" classname="listas.RegressionTest4" time="0"/>
  <testcase name="test155" classname="listas.RegressionTest5" time="0"/>
  <testcase name="test155" classname="listas.RegressionTest6" time="0"/>
  <testcase name="test155" classname="listas.RegressionTest7" time="0"/>
  <testcase name="test155" classname="listas.RegressionTest8" time="0"/>
  <testcase name="test155" classname="listas.RegressionTest9" time="0"/>
  <testcase name="test155" classname="listas.RegressionTest10" time="0"/>
  <testcase name="test156" classname="listas.RegressionTest0" time="0"/>
  <testcase name="test156" classname="listas.RegressionTest1" time="0"/>
  <testcase name="test156" classname="listas.RegressionTest2" time="0"/>
  <testcase name="test156" classname="listas.RegressionTest3" time="0"/>
  <testcase name="test156" classname="listas.RegressionTest4" time="0"/>
  <testcase name="test156" classname="listas.RegressionTest5" time="0"/>
  <testcase name="test156" classname="listas.RegressionTest6" time="0"/>
  <testcase name="test156" classname="listas.RegressionTest7" time="0"/>
  <testcase name="test156" classname="listas.RegressionTest8" time="0"/>
  <testcase name="test156" classname="listas.RegressionTest9" time="0"/>
  <testcase name="test156" classname="listas.RegressionTest10" time="0"/>
  <testcase name="test157" classname="listas.RegressionTest0" time="0"/>
  <testcase name="test157" classname="listas.RegressionTest1" time="0"/>
  <testcase name="test157" classname="listas.RegressionTest2" time="0"/>
  <testcase name="test157" classname="listas.RegressionTest3" time="0"/>
  <testcase name="test157" classname="listas.RegressionTest4" time="0"/>
  <testcase name="test157" classname="listas.RegressionTest5" time="0"/>
  <testcase name="test157" classname="listas.RegressionTest6" time="0"/>
  <testcase name="test157" classname="listas.RegressionTest7" time="0"/>
  <testcase name="test157" classname="listas.RegressionTest8" time="0"/>
  <testcase name="test157" classname="listas.RegressionTest9" time="0"/>
  <testcase name="test157" classname="listas.RegressionTest10" time="0"/>
  <testcase name="test158" classname="listas.RegressionTest0" time="0"/>
  <testcase name="test158" classname="listas.RegressionTest1" time="0"/>
  <testcase name="test158" classname="listas.RegressionTest2" time="0"/>
  <testcase name="test158" classname="listas.RegressionTest3" time="0.001"/>
  <testcase name="test158" classname="listas.RegressionTest4" time="0"/>
  <testcase name="test158" classname="listas.RegressionTest5" time="0"/>
  <testcase name="test158" classname="listas.RegressionTest6" time="0"/>
  <testcase name="test158" classname="listas.RegressionTest7" time="0"/>
  <testcase name="test158" classname="listas.RegressionTest8" time="0"/>
  <testcase name="test158" classname="listas.RegressionTest9" time="0"/>
  <testcase name="test158" classname="listas.RegressionTest10" time="0"/>
  <testcase name="test159" classname="listas.RegressionTest0" time="0.001"/>
  <testcase name="test159" classname="listas.RegressionTest1" time="0"/>
  <testcase name="test159" classname="listas.RegressionTest2" time="0"/>
  <testcase name="test159" classname="listas.RegressionTest3" time="0"/>
  <testcase name="test159" classname="listas.RegressionTest4" time="0"/>
  <testcase name="test159" classname="listas.RegressionTest5" time="0"/>
  <testcase name="test159" classname="listas.RegressionTest6" time="0"/>
  <testcase name="test159" classname="listas.RegressionTest7" time="0"/>
  <testcase name="test159" classname="listas.RegressionTest8" time="0"/>
  <testcase name="test159" classname="listas.RegressionTest9" time="0"/>
  <testcase name="test159" classname="listas.RegressionTest10" time="0"/>
  <testcase name="test160" classname="listas.RegressionTest0" time="0"/>
  <testcase name="test160" classname="listas.RegressionTest1" time="0"/>
  <testcase name="test160" classname="listas.RegressionTest2" time="0"/>
  <testcase name="test160" classname="listas.RegressionTest3" time="0"/>
  <testcase name="test160" classname="listas.RegressionTest4" time="0"/>
  <testcase name="test160" classname="listas.RegressionTest5" time="0"/>
  <testcase name="test160" classname="listas.RegressionTest6" time="0"/>
  <testcase name="test160" classname="listas.RegressionTest7" time="0"/>
  <testcase name="test160" classname="listas.RegressionTest8" time="0"/>
  <testcase name="test160" classname="listas.RegressionTest9" time="0"/>
  <testcase name="test160" classname="listas.RegressionTest10" time="0"/>
  <testcase name="test161" classname="listas.RegressionTest0" time="0"/>
  <testcase name="test161" classname="listas.RegressionTest1" time="0.001"/>
  <testcase name="test161" classname="listas.RegressionTest2" time="0"/>
  <testcase name="test161" classname="listas.RegressionTest3" time="0"/>
  <testcase name="test161" classname="listas.RegressionTest4" time="0"/>
  <testcase name="test161" classname="listas.RegressionTest5" time="0"/>
  <testcase name="test161" classname="listas.RegressionTest6" time="0"/>
  <testcase name="test161" classname="listas.RegressionTest7" time="0"/>
  <testcase name="test161" classname="listas.RegressionTest8" time="0"/>
  <testcase name="test161" classname="listas.RegressionTest9" time="0"/>
  <testcase name="test161" classname="listas.RegressionTest10" time="0"/>
  <testcase name="test162" classname="listas.RegressionTest0" time="0"/>
  <testcase name="test162" classname="listas.RegressionTest1" time="0"/>
  <testcase name="test162" classname="listas.RegressionTest2" time="0"/>
  <testcase name="test162" classname="listas.RegressionTest3" time="0"/>
  <testcase name="test162" classname="listas.RegressionTest4" time="0"/>
  <testcase name="test162" classname="listas.RegressionTest5" time="0"/>
  <testcase name="test162" classname="listas.RegressionTest6" time="0"/>
  <testcase name="test162" classname="listas.RegressionTest7" time="0"/>
  <testcase name="test162" classname="listas.RegressionTest8" time="0"/>
  <testcase name="test162" classname="listas.RegressionTest9" time="0"/>
  <testcase name="test162" classname="listas.RegressionTest10" time="0"/>
  <testcase name="test163" classname="listas.RegressionTest0" time="0"/>
  <testcase name="test163" classname="listas.RegressionTest1" time="0"/>
  <testcase name="test163" classname="listas.RegressionTest2" time="0"/>
  <testcase name="test163" classname="listas.RegressionTest3" time="0"/>
  <testcase name="test163" classname="listas.RegressionTest4" time="0"/>
  <testcase name="test163" classname="listas.RegressionTest5" time="0"/>
  <testcase name="test163" classname="listas.RegressionTest6" time="0"/>
  <testcase name="test163" classname="listas.RegressionTest7" time="0"/>
  <testcase name="test163" classname="listas.RegressionTest8" time="0"/>
  <testcase name="test163" classname="listas.RegressionTest9" time="0"/>
  <testcase name="test163" classname="listas.RegressionTest10" time="0"/>
  <testcase name="test164" classname="listas.RegressionTest0" time="0.001"/>
  <testcase name="test164" classname="listas.RegressionTest1" time="0"/>
  <testcase name="test164" classname="listas.RegressionTest2" time="0"/>
  <testcase name="test164" classname="listas.RegressionTest3" time="0"/>
  <testcase name="test164" classname="listas.RegressionTest4" time="0"/>
  <testcase name="test164" classname="listas.RegressionTest5" time="0"/>
  <testcase name="test164" classname="listas.RegressionTest6" time="0"/>
  <testcase name="test164" classname="listas.RegressionTest7" time="0"/>
  <testcase name="test164" classname="listas.RegressionTest8" time="0"/>
  <testcase name="test164" classname="listas.RegressionTest9" time="0"/>
  <testcase name="test164" classname="listas.RegressionTest10" time="0"/>
  <testcase name="test165" classname="listas.RegressionTest0" time="0"/>
  <testcase name="test165" classname="listas.RegressionTest1" time="0"/>
  <testcase name="test165" classname="listas.RegressionTest2" time="0"/>
  <testcase name="test165" classname="listas.RegressionTest3" time="0"/>
  <testcase name="test165" classname="listas.RegressionTest4" time="0"/>
  <testcase name="test165" classname="listas.RegressionTest5" time="0"/>
  <testcase name="test165" classname="listas.RegressionTest6" time="0"/>
  <testcase name="test165" classname="listas.RegressionTest7" time="0"/>
  <testcase name="test165" classname="listas.RegressionTest8" time="0"/>
  <testcase name="test165" classname="listas.RegressionTest9" time="0"/>
  <testcase name="test165" classname="listas.RegressionTest10" time="0"/>
  <testcase name="test166" classname="listas.RegressionTest0" time="0"/>
  <testcase name="test166" classname="listas.RegressionTest1" time="0"/>
  <testcase name="test166" classname="listas.RegressionTest2" time="0"/>
  <testcase name="test166" classname="listas.RegressionTest3" time="0"/>
  <testcase name="test166" classname="listas.RegressionTest4" time="0"/>
  <testcase name="test166" classname="listas.RegressionTest5" time="0"/>
  <testcase name="test166" classname="listas.RegressionTest6" time="0"/>
  <testcase name="test166" classname="listas.RegressionTest7" time="0"/>
  <testcase name="test166" classname="listas.RegressionTest8" time="0"/>
  <testcase name="test166" classname="listas.RegressionTest9" time="0"/>
  <testcase name="test166" classname="listas.RegressionTest10" time="0"/>
  <testcase name="test167" classname="listas.RegressionTest0" time="0"/>
  <testcase name="test167" classname="listas.RegressionTest1" time="0"/>
  <testcase name="test167" classname="listas.RegressionTest2" time="0"/>
  <testcase name="test167" classname="listas.RegressionTest3" time="0"/>
  <testcase name="test167" classname="listas.RegressionTest4" time="0"/>
  <testcase name="test167" classname="listas.RegressionTest5" time="0"/>
  <testcase name="test167" classname="listas.RegressionTest6" time="0.001"/>
  <testcase name="test167" classname="listas.RegressionTest7" time="0"/>
  <testcase name="test167" classname="listas.RegressionTest8" time="0"/>
  <testcase name="test167" classname="listas.RegressionTest9" time="0"/>
  <testcase name="test167" classname="listas.RegressionTest10" time="0"/>
  <testcase name="test168" classname="listas.RegressionTest0" time="0"/>
  <testcase name="test168" classname="listas.RegressionTest1" time="0"/>
  <testcase name="test168" classname="listas.RegressionTest2" time="0"/>
  <testcase name="test168" classname="listas.RegressionTest3" time="0"/>
  <testcase name="test168" classname="listas.RegressionTest4" time="0"/>
  <testcase name="test168" classname="listas.RegressionTest5" time="0"/>
  <testcase name="test168" classname="listas.RegressionTest6" time="0"/>
  <testcase name="test168" classname="listas.RegressionTest7" time="0"/>
  <testcase name="test168" classname="listas.RegressionTest8" time="0"/>
  <testcase name="test168" classname="listas.RegressionTest9" time="0"/>
  <testcase name="test168" classname="listas.RegressionTest10" time="0"/>
  <testcase name="test169" classname="listas.RegressionTest0" time="0"/>
  <testcase name="test169" classname="listas.RegressionTest1" time="0"/>
  <testcase name="test169" classname="listas.RegressionTest2" time="0"/>
  <testcase name="test169" classname="listas.RegressionTest3" time="0"/>
  <testcase name="test169" classname="listas.RegressionTest4" time="0"/>
  <testcase name="test169" classname="listas.RegressionTest5" time="0"/>
  <testcase name="test169" classname="listas.RegressionTest6" time="0"/>
  <testcase name="test169" classname="listas.RegressionTest7" time="0"/>
  <testcase name="test169" classname="listas.RegressionTest8" time="0"/>
  <testcase name="test169" classname="listas.RegressionTest9" time="0"/>
  <testcase name="test169" classname="listas.RegressionTest10" time="0"/>
  <testcase name="test170" classname="listas.RegressionTest0" time="0"/>
  <testcase name="test170" classname="listas.RegressionTest1" time="0"/>
  <testcase name="test170" classname="listas.RegressionTest2" time="0"/>
  <testcase name="test170" classname="listas.RegressionTest3" time="0"/>
  <testcase name="test170" classname="listas.RegressionTest4" time="0"/>
  <testcase name="test170" classname="listas.RegressionTest5" time="0"/>
  <testcase name="test170" classname="listas.RegressionTest6" time="0"/>
  <testcase name="test170" classname="listas.RegressionTest7" time="0"/>
  <testcase name="test170" classname="listas.RegressionTest8" time="0"/>
  <testcase name="test170" classname="listas.RegressionTest9" time="0"/>
  <testcase name="test170" classname="listas.RegressionTest10" time="0"/>
  <testcase name="test171" classname="listas.RegressionTest0" time="0"/>
  <testcase name="test171" classname="listas.RegressionTest1" time="0.001"/>
  <testcase name="test171" classname="listas.RegressionTest2" time="0"/>
  <testcase name="test171" classname="listas.RegressionTest3" time="0.001"/>
  <testcase name="test171" classname="listas.RegressionTest4" time="0"/>
  <testcase name="test171" classname="listas.RegressionTest5" time="0"/>
  <testcase name="test171" classname="listas.RegressionTest6" time="0"/>
  <testcase name="test171" classname="listas.RegressionTest7" time="0"/>
  <testcase name="test171" classname="listas.RegressionTest8" time="0"/>
  <testcase name="test171" classname="listas.RegressionTest9" time="0"/>
  <testcase name="test171" classname="listas.RegressionTest10" time="0"/>
  <testcase name="test172" classname="listas.RegressionTest0" time="0"/>
  <testcase name="test172" classname="listas.RegressionTest1" time="0"/>
  <testcase name="test172" classname="listas.RegressionTest2" time="0"/>
  <testcase name="test172" classname="listas.RegressionTest3" time="0"/>
  <testcase name="test172" classname="listas.RegressionTest4" time="0"/>
  <testcase name="test172" classname="listas.RegressionTest5" time="0"/>
  <testcase name="test172" classname="listas.RegressionTest6" time="0"/>
  <testcase name="test172" classname="listas.RegressionTest7" time="0"/>
  <testcase name="test172" classname="listas.RegressionTest8" time="0"/>
  <testcase name="test172" classname="listas.RegressionTest9" time="0"/>
  <testcase name="test172" classname="listas.RegressionTest10" time="0"/>
  <testcase name="test173" classname="listas.RegressionTest0" time="0"/>
  <testcase name="test173" classname="listas.RegressionTest1" time="0"/>
  <testcase name="test173" classname="listas.RegressionTest2" time="0"/>
  <testcase name="test173" classname="listas.RegressionTest3" time="0"/>
  <testcase name="test173" classname="listas.RegressionTest4" time="0.001"/>
  <testcase name="test173" classname="listas.RegressionTest5" time="0"/>
  <testcase name="test173" classname="listas.RegressionTest6" time="0"/>
  <testcase name="test173" classname="listas.RegressionTest7" time="0"/>
  <testcase name="test173" classname="listas.RegressionTest8" time="0"/>
  <testcase name="test173" classname="listas.RegressionTest9" time="0"/>
  <testcase name="test173" classname="listas.RegressionTest10" time="0"/>
  <testcase name="test174" classname="listas.RegressionTest0" time="0"/>
  <testcase name="test174" classname="listas.RegressionTest1" time="0"/>
  <testcase name="test174" classname="listas.RegressionTest2" time="0"/>
  <testcase name="test174" classname="listas.RegressionTest3" time="0"/>
  <testcase name="test174" classname="listas.RegressionTest4" time="0"/>
  <testcase name="test174" classname="listas.RegressionTest5" time="0"/>
  <testcase name="test174" classname="listas.RegressionTest6" time="0"/>
  <testcase name="test174" classname="listas.RegressionTest7" time="0"/>
  <testcase name="test174" classname="listas.RegressionTest8" time="0"/>
  <testcase name="test174" classname="listas.RegressionTest9" time="0"/>
  <testcase name="test174" classname="listas.RegressionTest10" time="0"/>
  <testcase name="test175" classname="listas.RegressionTest0" time="0"/>
  <testcase name="test175" classname="listas.RegressionTest1" time="0"/>
  <testcase name="test175" classname="listas.RegressionTest2" time="0"/>
  <testcase name="test175" classname="listas.RegressionTest3" time="0"/>
  <testcase name="test175" classname="listas.RegressionTest4" time="0"/>
  <testcase name="test175" classname="listas.RegressionTest5" time="0"/>
  <testcase name="test175" classname="listas.RegressionTest6" time="0"/>
  <testcase name="test175" classname="listas.RegressionTest7" time="0"/>
  <testcase name="test175" classname="listas.RegressionTest8" time="0"/>
  <testcase name="test175" classname="listas.RegressionTest9" time="0"/>
  <testcase name="test175" classname="listas.RegressionTest10" time="0"/>
  <testcase name="test176" classname="listas.RegressionTest0" time="0"/>
  <testcase name="test176" classname="listas.RegressionTest1" time="0"/>
  <testcase name="test176" classname="listas.RegressionTest2" time="0"/>
  <testcase name="test176" classname="listas.RegressionTest3" time="0"/>
  <testcase name="test176" classname="listas.RegressionTest4" time="0"/>
  <testcase name="test176" classname="listas.RegressionTest5" time="0"/>
  <testcase name="test176" classname="listas.RegressionTest6" time="0"/>
  <testcase name="test176" classname="listas.RegressionTest7" time="0"/>
  <testcase name="test176" classname="listas.RegressionTest8" time="0"/>
  <testcase name="test176" classname="listas.RegressionTest9" time="0"/>
  <testcase name="test176" classname="listas.RegressionTest10" time="0.001"/>
  <testcase name="test177" classname="listas.RegressionTest0" time="0"/>
  <testcase name="test177" classname="listas.RegressionTest1" time="0"/>
  <testcase name="test177" classname="listas.RegressionTest2" time="0"/>
  <testcase name="test177" classname="listas.RegressionTest3" time="0"/>
  <testcase name="test177" classname="listas.RegressionTest4" time="0"/>
  <testcase name="test177" classname="listas.RegressionTest5" time="0"/>
  <testcase name="test177" classname="listas.RegressionTest6" time="0"/>
  <testcase name="test177" classname="listas.RegressionTest7" time="0"/>
  <testcase name="test177" classname="listas.RegressionTest8" time="0"/>
  <testcase name="test177" classname="listas.RegressionTest9" time="0"/>
  <testcase name="test177" classname="listas.RegressionTest10" time="0"/>
  <testcase name="test178" classname="listas.RegressionTest0" time="0"/>
  <testcase name="test178" classname="listas.RegressionTest1" time="0"/>
  <testcase name="test178" classname="listas.RegressionTest2" time="0"/>
  <testcase name="test178" classname="listas.RegressionTest3" time="0"/>
  <testcase name="test178" classname="listas.RegressionTest4" time="0"/>
  <testcase name="test178" classname="listas.RegressionTest5" time="0"/>
  <testcase name="test178" classname="listas.RegressionTest6" time="0"/>
  <testcase name="test178" classname="listas.RegressionTest7" time="0"/>
  <testcase name="test178" classname="listas.RegressionTest8" time="0"/>
  <testcase name="test178" classname="listas.RegressionTest9" time="0"/>
  <testcase name="test178" classname="listas.RegressionTest10" time="0"/>
  <testcase name="test179" classname="listas.RegressionTest0" time="0"/>
  <testcase name="test179" classname="listas.RegressionTest1" time="0"/>
  <testcase name="test179" classname="listas.RegressionTest2" time="0"/>
  <testcase name="test179" classname="listas.RegressionTest3" time="0"/>
  <testcase name="test179" classname="listas.RegressionTest4" time="0"/>
  <testcase name="test179" classname="listas.RegressionTest5" time="0"/>
  <testcase name="test179" classname="listas.RegressionTest6" time="0"/>
  <testcase name="test179" classname="listas.RegressionTest7" time="0"/>
  <testcase name="test179" classname="listas.RegressionTest8" time="0"/>
  <testcase name="test179" classname="listas.RegressionTest9" time="0"/>
  <testcase name="test179" classname="listas.RegressionTest10" time="0"/>
  <testcase name="test180" classname="listas.RegressionTest0" time="0"/>
  <testcase name="test180" classname="listas.RegressionTest1" time="0.001"/>
  <testcase name="test180" classname="listas.RegressionTest2" time="0"/>
  <testcase name="test180" classname="listas.RegressionTest3" time="0"/>
  <testcase name="test180" classname="listas.RegressionTest4" time="0"/>
  <testcase name="test180" classname="listas.RegressionTest5" time="0"/>
  <testcase name="test180" classname="listas.RegressionTest6" time="0"/>
  <testcase name="test180" classname="listas.RegressionTest7" time="0"/>
  <testcase name="test180" classname="listas.RegressionTest8" time="0"/>
  <testcase name="test180" classname="listas.RegressionTest9" time="0"/>
  <testcase name="test180" classname="listas.RegressionTest10" time="0"/>
  <testcase name="test181" classname="listas.RegressionTest0" time="0"/>
  <testcase name="test181" classname="listas.RegressionTest1" time="0"/>
  <testcase name="test181" classname="listas.RegressionTest2" time="0"/>
  <testcase name="test181" classname="listas.RegressionTest3" time="0"/>
  <testcase name="test181" classname="listas.RegressionTest4" time="0"/>
  <testcase name="test181" classname="listas.RegressionTest5" time="0"/>
  <testcase name="test181" classname="listas.RegressionTest6" time="0"/>
  <testcase name="test181" classname="listas.RegressionTest7" time="0"/>
  <testcase name="test181" classname="listas.RegressionTest8" time="0"/>
  <testcase name="test181" classname="listas.RegressionTest9" time="0"/>
  <testcase name="test181" classname="listas.RegressionTest10" time="0"/>
  <testcase name="test182" classname="listas.RegressionTest0" time="0"/>
  <testcase name="test182" classname="listas.RegressionTest1" time="0"/>
  <testcase name="test182" classname="listas.RegressionTest2" time="0"/>
  <testcase name="test182" classname="listas.RegressionTest3" time="0"/>
  <testcase name="test182" classname="listas.RegressionTest4" time="0"/>
  <testcase name="test182" classname="listas.RegressionTest5" time="0"/>
  <testcase name="test182" classname="listas.RegressionTest6" time="0"/>
  <testcase name="test182" classname="listas.RegressionTest7" time="0"/>
  <testcase name="test182" classname="listas.RegressionTest8" time="0"/>
  <testcase name="test182" classname="listas.RegressionTest9" time="0"/>
  <testcase name="test182" classname="listas.RegressionTest10" time="0"/>
  <testcase name="test183" classname="listas.RegressionTest0" time="0"/>
  <testcase name="test183" classname="listas.RegressionTest1" time="0"/>
  <testcase name="test183" classname="listas.RegressionTest2" time="0.001"/>
  <testcase name="test183" classname="listas.RegressionTest3" time="0"/>
  <testcase name="test183" classname="listas.RegressionTest4" time="0"/>
  <testcase name="test183" classname="listas.RegressionTest5" time="0"/>
  <testcase name="test183" classname="listas.RegressionTest6" time="0"/>
  <testcase name="test183" classname="listas.RegressionTest7" time="0"/>
  <testcase name="test183" classname="listas.RegressionTest8" time="0"/>
  <testcase name="test183" classname="listas.RegressionTest9" time="0"/>
  <testcase name="test183" classname="listas.RegressionTest10" time="0"/>
  <testcase name="test184" classname="listas.RegressionTest0" time="0"/>
  <testcase name="test184" classname="listas.RegressionTest1" time="0"/>
  <testcase name="test184" classname="listas.RegressionTest2" time="0"/>
  <testcase name="test184" classname="listas.RegressionTest3" time="0"/>
  <testcase name="test184" classname="listas.RegressionTest4" time="0"/>
  <testcase name="test184" classname="listas.RegressionTest5" time="0"/>
  <testcase name="test184" classname="listas.RegressionTest6" time="0"/>
  <testcase name="test184" classname="listas.RegressionTest7" time="0"/>
  <testcase name="test184" classname="listas.RegressionTest8" time="0"/>
  <testcase name="test184" classname="listas.RegressionTest9" time="0"/>
  <testcase name="test184" classname="listas.RegressionTest10" time="0"/>
  <testcase name="test185" classname="listas.RegressionTest0" time="0"/>
  <testcase name="test185" classname="listas.RegressionTest1" time="0"/>
  <testcase name="test185" classname="listas.RegressionTest2" time="0"/>
  <testcase name="test185" classname="listas.RegressionTest3" time="0"/>
  <testcase name="test185" classname="listas.RegressionTest4" time="0"/>
  <testcase name="test185" classname="listas.RegressionTest5" time="0"/>
  <testcase name="test185" classname="listas.RegressionTest6" time="0"/>
  <testcase name="test185" classname="listas.RegressionTest7" time="0"/>
  <testcase name="test185" classname="listas.RegressionTest8" time="0"/>
  <testcase name="test185" classname="listas.RegressionTest9" time="0"/>
  <testcase name="test185" classname="listas.RegressionTest10" time="0"/>
  <testcase name="test186" classname="listas.RegressionTest0" time="0.001"/>
  <testcase name="test186" classname="listas.RegressionTest1" time="0"/>
  <testcase name="test186" classname="listas.RegressionTest2" time="0"/>
  <testcase name="test186" classname="listas.RegressionTest3" time="0"/>
  <testcase name="test186" classname="listas.RegressionTest4" time="0"/>
  <testcase name="test186" classname="listas.RegressionTest5" time="0"/>
  <testcase name="test186" classname="listas.RegressionTest6" time="0"/>
  <testcase name="test186" classname="listas.RegressionTest7" time="0"/>
  <testcase name="test186" classname="listas.RegressionTest8" time="0"/>
  <testcase name="test186" classname="listas.RegressionTest9" time="0"/>
  <testcase name="test186" classname="listas.RegressionTest10" time="0"/>
  <testcase name="test187" classname="listas.RegressionTest0" time="0"/>
  <testcase name="test187" classname="listas.RegressionTest1" time="0"/>
  <testcase name="test187" classname="listas.RegressionTest2" time="0"/>
  <testcase name="test187" classname="listas.RegressionTest3" time="0"/>
  <testcase name="test187" classname="listas.RegressionTest4" time="0"/>
  <testcase name="test187" classname="listas.RegressionTest5" time="0"/>
  <testcase name="test187" classname="listas.RegressionTest6" time="0"/>
  <testcase name="test187" classname="listas.RegressionTest7" time="0"/>
  <testcase name="test187" classname="listas.RegressionTest8" time="0"/>
  <testcase name="test187" classname="listas.RegressionTest9" time="0"/>
  <testcase name="test187" classname="listas.RegressionTest10" time="0"/>
  <testcase name="test188" classname="listas.RegressionTest0" time="0"/>
  <testcase name="test188" classname="listas.RegressionTest1" time="0"/>
  <testcase name="test188" classname="listas.RegressionTest2" time="0"/>
  <testcase name="test188" classname="listas.RegressionTest3" time="0"/>
  <testcase name="test188" classname="listas.RegressionTest4" time="0"/>
  <testcase name="test188" classname="listas.RegressionTest5" time="0"/>
  <testcase name="test188" classname="listas.RegressionTest6" time="0"/>
  <testcase name="test188" classname="listas.RegressionTest7" time="0"/>
  <testcase name="test188" classname="listas.RegressionTest8" time="0"/>
  <testcase name="test188" classname="listas.RegressionTest9" time="0"/>
  <testcase name="test188" classname="listas.RegressionTest10" time="0"/>
  <testcase name="test189" classname="listas.RegressionTest0" time="0"/>
  <testcase name="test189" classname="listas.RegressionTest1" time="0"/>
  <testcase name="test189" classname="listas.RegressionTest2" time="0"/>
  <testcase name="test189" classname="listas.RegressionTest3" time="0"/>
  <testcase name="test189" classname="listas.RegressionTest4" time="0"/>
  <testcase name="test189" classname="listas.RegressionTest5" time="0"/>
  <testcase name="test189" classname="listas.RegressionTest6" time="0"/>
  <testcase name="test189" classname="listas.RegressionTest7" time="0"/>
  <testcase name="test189" classname="listas.RegressionTest8" time="0"/>
  <testcase name="test189" classname="listas.RegressionTest9" time="0"/>
  <testcase name="test189" classname="listas.RegressionTest10" time="0"/>
  <testcase name="test190" classname="listas.RegressionTest0" time="0"/>
  <testcase name="test190" classname="listas.RegressionTest1" time="0.001"/>
  <testcase name="test190" classname="listas.RegressionTest2" time="0"/>
  <testcase name="test190" classname="listas.RegressionTest3" time="0"/>
  <testcase name="test190" classname="listas.RegressionTest4" time="0.001"/>
  <testcase name="test190" classname="listas.RegressionTest5" time="0"/>
  <testcase name="test190" classname="listas.RegressionTest6" time="0"/>
  <testcase name="test190" classname="listas.RegressionTest7" time="0"/>
  <testcase name="test190" classname="listas.RegressionTest8" time="0"/>
  <testcase name="test190" classname="listas.RegressionTest9" time="0"/>
  <testcase name="test190" classname="listas.RegressionTest10" time="0"/>
  <testcase name="test191" classname="listas.RegressionTest0" time="0"/>
  <testcase name="test191" classname="listas.RegressionTest1" time="0"/>
  <testcase name="test191" classname="listas.RegressionTest2" time="0"/>
  <testcase name="test191" classname="listas.RegressionTest3" time="0"/>
  <testcase name="test191" classname="listas.RegressionTest4" time="0"/>
  <testcase name="test191" classname="listas.RegressionTest5" time="0"/>
  <testcase name="test191" classname="listas.RegressionTest6" time="0"/>
  <testcase name="test191" classname="listas.RegressionTest7" time="0"/>
  <testcase name="test191" classname="listas.RegressionTest8" time="0"/>
  <testcase name="test191" classname="listas.RegressionTest9" time="0"/>
  <testcase name="test191" classname="listas.RegressionTest10" time="0"/>
  <testcase name="test192" classname="listas.RegressionTest0" time="0"/>
  <testcase name="test192" classname="listas.RegressionTest1" time="0"/>
  <testcase name="test192" classname="listas.RegressionTest2" time="0"/>
  <testcase name="test192" classname="listas.RegressionTest3" time="0"/>
  <testcase name="test192" classname="listas.RegressionTest4" time="0"/>
  <testcase name="test192" classname="listas.RegressionTest5" time="0"/>
  <testcase name="test192" classname="listas.RegressionTest6" time="0"/>
  <testcase name="test192" classname="listas.RegressionTest7" time="0"/>
  <testcase name="test192" classname="listas.RegressionTest8" time="0"/>
  <testcase name="test192" classname="listas.RegressionTest9" time="0"/>
  <testcase name="test192" classname="listas.RegressionTest10" time="0"/>
  <testcase name="test193" classname="listas.RegressionTest0" time="0"/>
  <testcase name="test193" classname="listas.RegressionTest1" time="0"/>
  <testcase name="test193" classname="listas.RegressionTest2" time="0"/>
  <testcase name="test193" classname="listas.RegressionTest3" time="0"/>
  <testcase name="test193" classname="listas.RegressionTest4" time="0"/>
  <testcase name="test193" classname="listas.RegressionTest5" time="0"/>
  <testcase name="test193" classname="listas.RegressionTest6" time="0"/>
  <testcase name="test193" classname="listas.RegressionTest7" time="0"/>
  <testcase name="test193" classname="listas.RegressionTest8" time="0"/>
  <testcase name="test193" classname="listas.RegressionTest9" time="0"/>
  <testcase name="test193" classname="listas.RegressionTest10" time="0"/>
  <testcase name="test194" classname="listas.RegressionTest0" time="0"/>
  <testcase name="test194" classname="listas.RegressionTest1" time="0"/>
  <testcase name="test194" classname="listas.RegressionTest2" time="0"/>
  <testcase name="test194" classname="listas.RegressionTest3" time="0"/>
  <testcase name="test194" classname="listas.RegressionTest4" time="0"/>
  <testcase name="test194" classname="listas.RegressionTest5" time="0"/>
  <testcase name="test194" classname="listas.RegressionTest6" time="0"/>
  <testcase name="test194" classname="listas.RegressionTest7" time="0"/>
  <testcase name="test194" classname="listas.RegressionTest8" time="0"/>
  <testcase name="test194" classname="listas.RegressionTest9" time="0"/>
  <testcase name="test194" classname="listas.RegressionTest10" time="0"/>
  <testcase name="test195" classname="listas.RegressionTest0" time="0"/>
  <testcase name="test195" classname="listas.RegressionTest1" time="0"/>
  <testcase name="test195" classname="listas.RegressionTest2" time="0"/>
  <testcase name="test195" classname="listas.RegressionTest3" time="0"/>
  <testcase name="test195" classname="listas.RegressionTest4" time="0"/>
  <testcase name="test195" classname="listas.RegressionTest5" time="0"/>
  <testcase name="test195" classname="listas.RegressionTest6" time="0"/>
  <testcase name="test195" classname="listas.RegressionTest7" time="0"/>
  <testcase name="test195" classname="listas.RegressionTest8" time="0"/>
  <testcase name="test195" classname="listas.RegressionTest9" time="0"/>
  <testcase name="test195" classname="listas.RegressionTest10" time="0"/>
  <testcase name="test196" classname="listas.RegressionTest0" time="0"/>
  <testcase name="test196" classname="listas.RegressionTest1" time="0"/>
  <testcase name="test196" classname="listas.RegressionTest2" time="0"/>
  <testcase name="test196" classname="listas.RegressionTest3" time="0"/>
  <testcase name="test196" classname="listas.RegressionTest4" time="0"/>
  <testcase name="test196" classname="listas.RegressionTest5" time="0"/>
  <testcase name="test196" classname="listas.RegressionTest6" time="0"/>
  <testcase name="test196" classname="listas.RegressionTest7" time="0"/>
  <testcase name="test196" classname="listas.RegressionTest8" time="0"/>
  <testcase name="test196" classname="listas.RegressionTest9" time="0.001"/>
  <testcase name="test196" classname="listas.RegressionTest10" time="0"/>
  <testcase name="test197" classname="listas.RegressionTest0" time="0"/>
  <testcase name="test197" classname="listas.RegressionTest1" time="0"/>
  <testcase name="test197" classname="listas.RegressionTest2" time="0"/>
  <testcase name="test197" classname="listas.RegressionTest3" time="0"/>
  <testcase name="test197" classname="listas.RegressionTest4" time="0"/>
  <testcase name="test197" classname="listas.RegressionTest5" time="0"/>
  <testcase name="test197" classname="listas.RegressionTest6" time="0"/>
  <testcase name="test197" classname="listas.RegressionTest7" time="0"/>
  <testcase name="test197" classname="listas.RegressionTest8" time="0"/>
  <testcase name="test197" classname="listas.RegressionTest9" time="0"/>
  <testcase name="test197" classname="listas.RegressionTest10" time="0"/>
  <testcase name="test198" classname="listas.RegressionTest0" time="0"/>
  <testcase name="test198" classname="listas.RegressionTest1" time="0"/>
  <testcase name="test198" classname="listas.RegressionTest2" time="0"/>
  <testcase name="test198" classname="listas.RegressionTest3" time="0"/>
  <testcase name="test198" classname="listas.RegressionTest4" time="0"/>
  <testcase name="test198" classname="listas.RegressionTest5" time="0"/>
  <testcase name="test198" classname="listas.RegressionTest6" time="0"/>
  <testcase name="test198" classname="listas.RegressionTest7" time="0"/>
  <testcase name="test198" classname="listas.RegressionTest8" time="0"/>
  <testcase name="test198" classname="listas.RegressionTest9" time="0"/>
  <testcase name="test198" classname="listas.RegressionTest10" time="0"/>
  <testcase name="test199" classname="listas.RegressionTest0" time="0"/>
  <testcase name="test199" classname="listas.RegressionTest1" time="0"/>
  <testcase name="test199" classname="listas.RegressionTest2" time="0"/>
  <testcase name="test199" classname="listas.RegressionTest3" time="0"/>
  <testcase name="test199" classname="listas.RegressionTest4" time="0"/>
  <testcase name="test199" classname="listas.RegressionTest5" time="0"/>
  <testcase name="test199" classname="listas.RegressionTest6" time="0"/>
  <testcase name="test199" classname="listas.RegressionTest7" time="0"/>
  <testcase name="test199" classname="listas.RegressionTest8" time="0"/>
  <testcase name="test199" classname="listas.RegressionTest9" time="0"/>
  <testcase name="test199" classname="listas.RegressionTest10" time="0"/>
  <testcase name="test200" classname="listas.RegressionTest0" time="0"/>
  <testcase name="test200" classname="listas.RegressionTest1" time="0"/>
  <testcase name="test200" classname="listas.RegressionTest2" time="0"/>
  <testcase name="test200" classname="listas.RegressionTest3" time="0"/>
  <testcase name="test200" classname="listas.RegressionTest4" time="0"/>
  <testcase name="test200" classname="listas.RegressionTest5" time="0"/>
  <testcase name="test200" classname="listas.RegressionTest6" time="0.001"/>
  <testcase name="test200" classname="listas.RegressionTest7" time="0"/>
  <testcase name="test200" classname="listas.RegressionTest8" time="0"/>
  <testcase name="test200" classname="listas.RegressionTest9" time="0"/>
  <testcase name="test200" classname="listas.RegressionTest10" time="0"/>
  <testcase name="test201" classname="listas.RegressionTest0" time="0"/>
  <testcase name="test201" classname="listas.RegressionTest1" time="0"/>
  <testcase name="test201" classname="listas.RegressionTest2" time="0"/>
  <testcase name="test201" classname="listas.RegressionTest3" time="0"/>
  <testcase name="test201" classname="listas.RegressionTest4" time="0"/>
  <testcase name="test201" classname="listas.RegressionTest5" time="0"/>
  <testcase name="test201" classname="listas.RegressionTest6" time="0"/>
  <testcase name="test201" classname="listas.RegressionTest7" time="0"/>
  <testcase name="test201" classname="listas.RegressionTest8" time="0"/>
  <testcase name="test201" classname="listas.RegressionTest9" time="0"/>
  <testcase name="test201" classname="listas.RegressionTest10" time="0"/>
  <testcase name="test202" classname="listas.RegressionTest0" time="0"/>
  <testcase name="test202" classname="listas.RegressionTest1" time="0.001"/>
  <testcase name="test202" classname="listas.RegressionTest2" time="0"/>
  <testcase name="test202" classname="listas.RegressionTest3" time="0"/>
  <testcase name="test202" classname="listas.RegressionTest4" time="0"/>
  <testcase name="test202" classname="listas.RegressionTest5" time="0"/>
  <testcase name="test202" classname="listas.RegressionTest6" time="0"/>
  <testcase name="test202" classname="listas.RegressionTest7" time="0"/>
  <testcase name="test202" classname="listas.RegressionTest8" time="0"/>
  <testcase name="test202" classname="listas.RegressionTest9" time="0"/>
  <testcase name="test202" classname="listas.RegressionTest10" time="0"/>
  <testcase name="test203" classname="listas.RegressionTest0" time="0"/>
  <testcase name="test203" classname="listas.RegressionTest1" time="0"/>
  <testcase name="test203" classname="listas.RegressionTest2" time="0"/>
  <testcase name="test203" classname="listas.RegressionTest3" time="0"/>
  <testcase name="test203" classname="listas.RegressionTest4" time="0"/>
  <testcase name="test203" classname="listas.RegressionTest5" time="0"/>
  <testcase name="test203" classname="listas.RegressionTest6" time="0"/>
  <testcase name="test203" classname="listas.RegressionTest7" time="0"/>
  <testcase name="test203" classname="listas.RegressionTest8" time="0"/>
  <testcase name="test203" classname="listas.RegressionTest9" time="0"/>
  <testcase name="test203" classname="listas.RegressionTest10" time="0"/>
  <testcase name="test204" classname="listas.RegressionTest0" time="0"/>
  <testcase name="test204" classname="listas.RegressionTest1" time="0"/>
  <testcase name="test204" classname="listas.RegressionTest2" time="0"/>
  <testcase name="test204" classname="listas.RegressionTest3" time="0"/>
  <testcase name="test204" classname="listas.RegressionTest4" time="0"/>
  <testcase name="test204" classname="listas.RegressionTest5" time="0"/>
  <testcase name="test204" classname="listas.RegressionTest6" time="0"/>
  <testcase name="test204" classname="listas.RegressionTest7" time="0"/>
  <testcase name="test204" classname="listas.RegressionTest8" time="0"/>
  <testcase name="test204" classname="listas.RegressionTest9" time="0"/>
  <testcase name="test204" classname="listas.RegressionTest10" time="0"/>
  <testcase name="test205" classname="listas.RegressionTest0" time="0"/>
  <testcase name="test205" classname="listas.RegressionTest1" time="0"/>
  <testcase name="test205" classname="listas.RegressionTest2" time="0"/>
  <testcase name="test205" classname="listas.RegressionTest3" time="0.001"/>
  <testcase name="test205" classname="listas.RegressionTest4" time="0"/>
  <testcase name="test205" classname="listas.RegressionTest5" time="0"/>
  <testcase name="test205" classname="listas.RegressionTest6" time="0"/>
  <testcase name="test205" classname="listas.RegressionTest7" time="0"/>
  <testcase name="test205" classname="listas.RegressionTest8" time="0"/>
  <testcase name="test205" classname="listas.RegressionTest9" time="0"/>
  <testcase name="test205" classname="listas.RegressionTest10" time="0"/>
  <testcase name="test206" classname="listas.RegressionTest0" time="0"/>
  <testcase name="test206" classname="listas.RegressionTest1" time="0"/>
  <testcase name="test206" classname="listas.RegressionTest2" time="0"/>
  <testcase name="test206" classname="listas.RegressionTest3" time="0"/>
  <testcase name="test206" classname="listas.RegressionTest4" time="0.001"/>
  <testcase name="test206" classname="listas.RegressionTest5" time="0"/>
  <testcase name="test206" classname="listas.RegressionTest6" time="0"/>
  <testcase name="test206" classname="listas.RegressionTest7" time="0"/>
  <testcase name="test206" classname="listas.RegressionTest8" time="0"/>
  <testcase name="test206" classname="listas.RegressionTest9" time="0"/>
  <testcase name="test206" classname="listas.RegressionTest10" time="0"/>
  <testcase name="test207" classname="listas.RegressionTest0" time="0.001"/>
  <testcase name="test207" classname="listas.RegressionTest1" time="0"/>
  <testcase name="test207" classname="listas.RegressionTest2" time="0"/>
  <testcase name="test207" classname="listas.RegressionTest3" time="0"/>
  <testcase name="test207" classname="listas.RegressionTest4" time="0"/>
  <testcase name="test207" classname="listas.RegressionTest5" time="0"/>
  <testcase name="test207" classname="listas.RegressionTest6" time="0"/>
  <testcase name="test207" classname="listas.RegressionTest7" time="0"/>
  <testcase name="test207" classname="listas.RegressionTest8" time="0"/>
  <testcase name="test207" classname="listas.RegressionTest9" time="0"/>
  <testcase name="test207" classname="listas.RegressionTest10" time="0"/>
  <testcase name="test208" classname="listas.RegressionTest0" time="0"/>
  <testcase name="test208" classname="listas.RegressionTest1" time="0"/>
  <testcase name="test208" classname="listas.RegressionTest2" time="0"/>
  <testcase name="test208" classname="listas.RegressionTest3" time="0"/>
  <testcase name="test208" classname="listas.RegressionTest4" time="0"/>
  <testcase name="test208" classname="listas.RegressionTest5" time="0"/>
  <testcase name="test208" classname="listas.RegressionTest6" time="0"/>
  <testcase name="test208" classname="listas.RegressionTest7" time="0"/>
  <testcase name="test208" classname="listas.RegressionTest8" time="0"/>
  <testcase name="test208" classname="listas.RegressionTest9" time="0"/>
  <testcase name="test208" classname="listas.RegressionTest10" time="0"/>
  <testcase name="test209" classname="listas.RegressionTest0" time="0"/>
  <testcase name="test209" classname="listas.RegressionTest1" time="0"/>
  <testcase name="test209" classname="listas.RegressionTest2" time="0"/>
  <testcase name="test209" classname="listas.RegressionTest3" time="0"/>
  <testcase name="test209" classname="listas.RegressionTest4" time="0"/>
  <testcase name="test209" classname="listas.RegressionTest5" time="0"/>
  <testcase name="test209" classname="listas.RegressionTest6" time="0"/>
  <testcase name="test209" classname="listas.RegressionTest7" time="0"/>
  <testcase name="test209" classname="listas.RegressionTest8" time="0"/>
  <testcase name="test209" classname="listas.RegressionTest9" time="0"/>
  <testcase name="test209" classname="listas.RegressionTest10" time="0"/>
  <testcase name="test210" classname="listas.RegressionTest0" time="0"/>
  <testcase name="test210" classname="listas.RegressionTest1" time="0"/>
  <testcase name="test210" classname="listas.RegressionTest2" time="0"/>
  <testcase name="test210" classname="listas.RegressionTest3" time="0"/>
  <testcase name="test210" classname="listas.RegressionTest4" time="0"/>
  <testcase name="test210" classname="listas.RegressionTest5" time="0"/>
  <testcase name="test210" classname="listas.RegressionTest6" time="0"/>
  <testcase name="test210" classname="listas.RegressionTest7" time="0"/>
  <testcase name="test210" classname="listas.RegressionTest8" time="0"/>
  <testcase name="test210" classname="listas.RegressionTest9" time="0"/>
  <testcase name="test210" classname="listas.RegressionTest10" time="0"/>
  <testcase name="test211" classname="listas.RegressionTest0" time="0"/>
  <testcase name="test211" classname="listas.RegressionTest1" time="0"/>
  <testcase name="test211" classname="listas.RegressionTest2" time="0"/>
  <testcase name="test211" classname="listas.RegressionTest3" time="0"/>
  <testcase name="test211" classname="listas.RegressionTest4" time="0"/>
  <testcase name="test211" classname="listas.RegressionTest5" time="0"/>
  <testcase name="test211" classname="listas.RegressionTest6" time="0"/>
  <testcase name="test211" classname="listas.RegressionTest7" time="0"/>
  <testcase name="test211" classname="listas.RegressionTest8" time="0"/>
  <testcase name="test211" classname="listas.RegressionTest9" time="0"/>
  <testcase name="test211" classname="listas.RegressionTest10" time="0"/>
  <testcase name="test212" classname="listas.RegressionTest0" time="0"/>
  <testcase name="test212" classname="listas.RegressionTest1" time="0"/>
  <testcase name="test212" classname="listas.RegressionTest2" time="0"/>
  <testcase name="test212" classname="listas.RegressionTest3" time="0"/>
  <testcase name="test212" classname="listas.RegressionTest4" time="0"/>
  <testcase name="test212" classname="listas.RegressionTest5" time="0"/>
  <testcase name="test212" classname="listas.RegressionTest6" time="0"/>
  <testcase name="test212" classname="listas.RegressionTest7" time="0"/>
  <testcase name="test212" classname="listas.RegressionTest8" time="0"/>
  <testcase name="test212" classname="listas.RegressionTest9" time="0"/>
  <testcase name="test212" classname="listas.RegressionTest10" time="0"/>
  <testcase name="test213" classname="listas.RegressionTest0" time="0"/>
  <testcase name="test213" classname="listas.RegressionTest1" time="0"/>
  <testcase name="test213" classname="listas.RegressionTest2" time="0"/>
  <testcase name="test213" classname="listas.RegressionTest3" time="0"/>
  <testcase name="test213" classname="listas.RegressionTest4" time="0"/>
  <testcase name="test213" classname="listas.RegressionTest5" time="0"/>
  <testcase name="test213" classname="listas.RegressionTest6" time="0"/>
  <testcase name="test213" classname="listas.RegressionTest7" time="0"/>
  <testcase name="test213" classname="listas.RegressionTest8" time="0"/>
  <testcase name="test213" classname="listas.RegressionTest9" time="0"/>
  <testcase name="test213" classname="listas.RegressionTest10" time="0"/>
  <testcase name="test214" classname="listas.RegressionTest0" time="0"/>
  <testcase name="test214" classname="listas.RegressionTest1" time="0"/>
  <testcase name="test214" classname="listas.RegressionTest2" time="0"/>
  <testcase name="test214" classname="listas.RegressionTest3" time="0"/>
  <testcase name="test214" classname="listas.RegressionTest4" time="0"/>
  <testcase name="test214" classname="listas.RegressionTest5" time="0"/>
  <testcase name="test214" classname="listas.RegressionTest6" time="0"/>
  <testcase name="test214" classname="listas.RegressionTest7" time="0"/>
  <testcase name="test214" classname="listas.RegressionTest8" time="0"/>
  <testcase name="test214" classname="listas.RegressionTest9" time="0"/>
  <testcase name="test214" classname="listas.RegressionTest10" time="0"/>
  <testcase name="test215" classname="listas.RegressionTest0" time="0"/>
  <testcase name="test215" classname="listas.RegressionTest1" time="0"/>
  <testcase name="test215" classname="listas.RegressionTest2" time="0"/>
  <testcase name="test215" classname="listas.RegressionTest3" time="0"/>
  <testcase name="test215" classname="listas.RegressionTest4" time="0"/>
  <testcase name="test215" classname="listas.RegressionTest5" time="0"/>
  <testcase name="test215" classname="listas.RegressionTest6" time="0"/>
  <testcase name="test215" classname="listas.RegressionTest7" time="0"/>
  <testcase name="test215" classname="listas.RegressionTest8" time="0"/>
  <testcase name="test215" classname="listas.RegressionTest9" time="0"/>
  <testcase name="test215" classname="listas.RegressionTest10" time="0"/>
  <testcase name="test216" classname="listas.RegressionTest0" time="0"/>
  <testcase name="test216" classname="listas.RegressionTest1" time="0"/>
  <testcase name="test216" classname="listas.RegressionTest2" time="0"/>
  <testcase name="test216" classname="listas.RegressionTest3" time="0"/>
  <testcase name="test216" classname="listas.RegressionTest4" time="0"/>
  <testcase name="test216" classname="listas.RegressionTest5" time="0"/>
  <testcase name="test216" classname="listas.RegressionTest6" time="0"/>
  <testcase name="test216" classname="listas.RegressionTest7" time="0"/>
  <testcase name="test216" classname="listas.RegressionTest8" time="0"/>
  <testcase name="test216" classname="listas.RegressionTest9" time="0"/>
  <testcase name="test216" classname="listas.RegressionTest10" time="0"/>
  <testcase name="test217" classname="listas.RegressionTest0" time="0"/>
  <testcase name="test217" classname="listas.RegressionTest1" time="0"/>
  <testcase name="test217" classname="listas.RegressionTest2" time="0"/>
  <testcase name="test217" classname="listas.RegressionTest3" time="0"/>
  <testcase name="test217" classname="listas.RegressionTest4" time="0"/>
  <testcase name="test217" classname="listas.RegressionTest5" time="0"/>
  <testcase name="test217" classname="listas.RegressionTest6" time="0.001"/>
  <testcase name="test217" classname="listas.RegressionTest7" time="0"/>
  <testcase name="test217" classname="listas.RegressionTest8" time="0"/>
  <testcase name="test217" classname="listas.RegressionTest9" time="0"/>
  <testcase name="test217" classname="listas.RegressionTest10" time="0"/>
  <testcase name="test218" classname="listas.RegressionTest0" time="0"/>
  <testcase name="test218" classname="listas.RegressionTest1" time="0"/>
  <testcase name="test218" classname="listas.RegressionTest2" time="0"/>
  <testcase name="test218" classname="listas.RegressionTest3" time="0"/>
  <testcase name="test218" classname="listas.RegressionTest4" time="0"/>
  <testcase name="test218" classname="listas.RegressionTest5" time="0"/>
  <testcase name="test218" classname="listas.RegressionTest6" time="0"/>
  <testcase name="test218" classname="listas.RegressionTest7" time="0"/>
  <testcase name="test218" classname="listas.RegressionTest8" time="0"/>
  <testcase name="test218" classname="listas.RegressionTest9" time="0"/>
  <testcase name="test218" classname="listas.RegressionTest10" time="0"/>
  <testcase name="test219" classname="listas.RegressionTest0" time="0"/>
  <testcase name="test219" classname="listas.RegressionTest1" time="0"/>
  <testcase name="test219" classname="listas.RegressionTest2" time="0"/>
  <testcase name="test219" classname="listas.RegressionTest3" time="0"/>
  <testcase name="test219" classname="listas.RegressionTest4" time="0"/>
  <testcase name="test219" classname="listas.RegressionTest5" time="0"/>
  <testcase name="test219" classname="listas.RegressionTest6" time="0"/>
  <testcase name="test219" classname="listas.RegressionTest7" time="0"/>
  <testcase name="test219" classname="listas.RegressionTest8" time="0"/>
  <testcase name="test219" classname="listas.RegressionTest9" time="0"/>
  <testcase name="test219" classname="listas.RegressionTest10" time="0"/>
  <testcase name="test220" classname="listas.RegressionTest0" time="0"/>
  <testcase name="test220" classname="listas.RegressionTest1" time="0"/>
  <testcase name="test220" classname="listas.RegressionTest2" time="0"/>
  <testcase name="test220" classname="listas.RegressionTest3" time="0"/>
  <testcase name="test220" classname="listas.RegressionTest4" time="0"/>
  <testcase name="test220" classname="listas.RegressionTest5" time="0"/>
  <testcase name="test220" classname="listas.RegressionTest6" time="0"/>
  <testcase name="test220" classname="listas.RegressionTest7" time="0"/>
  <testcase name="test220" classname="listas.RegressionTest8" time="0"/>
  <testcase name="test220" classname="listas.RegressionTest9" time="0"/>
  <testcase name="test220" classname="listas.RegressionTest10" time="0"/>
  <testcase name="test221" classname="listas.RegressionTest0" time="0"/>
  <testcase name="test221" classname="listas.RegressionTest1" time="0"/>
  <testcase name="test221" classname="listas.RegressionTest2" time="0"/>
  <testcase name="test221" classname="listas.RegressionTest3" time="0"/>
  <testcase name="test221" classname="listas.RegressionTest4" time="0"/>
  <testcase name="test221" classname="listas.RegressionTest5" time="0"/>
  <testcase name="test221" classname="listas.RegressionTest6" time="0"/>
  <testcase name="test221" classname="listas.RegressionTest7" time="0"/>
  <testcase name="test221" classname="listas.RegressionTest8" time="0"/>
  <testcase name="test221" classname="listas.RegressionTest9" time="0"/>
  <testcase name="test221" classname="listas.RegressionTest10" time="0"/>
  <testcase name="test222" classname="listas.RegressionTest0" time="0"/>
  <testcase name="test222" classname="listas.RegressionTest1" time="0"/>
  <testcase name="test222" classname="listas.RegressionTest2" time="0"/>
  <testcase name="test222" classname="listas.RegressionTest3" time="0"/>
  <testcase name="test222" classname="listas.RegressionTest4" time="0"/>
  <testcase name="test222" classname="listas.RegressionTest5" time="0"/>
  <testcase name="test222" classname="listas.RegressionTest6" time="0"/>
  <testcase name="test222" classname="listas.RegressionTest7" time="0"/>
  <testcase name="test222" classname="listas.RegressionTest8" time="0"/>
  <testcase name="test222" classname="listas.RegressionTest9" time="0"/>
  <testcase name="test222" classname="listas.RegressionTest10" time="0"/>
  <testcase name="test223" classname="listas.RegressionTest0" time="0"/>
  <testcase name="test223" classname="listas.RegressionTest1" time="0"/>
  <testcase name="test223" classname="listas.RegressionTest2" time="0"/>
  <testcase name="test223" classname="listas.RegressionTest3" time="0"/>
  <testcase name="test223" classname="listas.RegressionTest4" time="0"/>
  <testcase name="test223" classname="listas.RegressionTest5" time="0"/>
  <testcase name="test223" classname="listas.RegressionTest6" time="0"/>
  <testcase name="test223" classname="listas.RegressionTest7" time="0"/>
  <testcase name="test223" classname="listas.RegressionTest8" time="0"/>
  <testcase name="test223" classname="listas.RegressionTest9" time="0"/>
  <testcase name="test223" classname="listas.RegressionTest10" time="0"/>
  <testcase name="test224" classname="listas.RegressionTest0" time="0"/>
  <testcase name="test224" classname="listas.RegressionTest1" time="0.001"/>
  <testcase name="test224" classname="listas.RegressionTest2" time="0"/>
  <testcase name="test224" classname="listas.RegressionTest3" time="0"/>
  <testcase name="test224" classname="listas.RegressionTest4" time="0"/>
  <testcase name="test224" classname="listas.RegressionTest5" time="0"/>
  <testcase name="test224" classname="listas.RegressionTest6" time="0"/>
  <testcase name="test224" classname="listas.RegressionTest7" time="0"/>
  <testcase name="test224" classname="listas.RegressionTest8" time="0"/>
  <testcase name="test224" classname="listas.RegressionTest9" time="0"/>
  <testcase name="test224" classname="listas.RegressionTest10" time="0"/>
  <testcase name="test225" classname="listas.RegressionTest0" time="0"/>
  <testcase name="test225" classname="listas.RegressionTest1" time="0"/>
  <testcase name="test225" classname="listas.RegressionTest2" time="0"/>
  <testcase name="test225" classname="listas.RegressionTest3" time="0"/>
  <testcase name="test225" classname="listas.RegressionTest4" time="0"/>
  <testcase name="test225" classname="listas.RegressionTest5" time="0"/>
  <testcase name="test225" classname="listas.RegressionTest6" time="0"/>
  <testcase name="test225" classname="listas.RegressionTest7" time="0"/>
  <testcase name="test225" classname="listas.RegressionTest8" time="0"/>
  <testcase name="test225" classname="listas.RegressionTest9" time="0"/>
  <testcase name="test225" classname="listas.RegressionTest10" time="0"/>
  <testcase name="test226" classname="listas.RegressionTest0" time="0"/>
  <testcase name="test226" classname="listas.RegressionTest1" time="0"/>
  <testcase name="test226" classname="listas.RegressionTest2" time="0"/>
  <testcase name="test226" classname="listas.RegressionTest3" time="0"/>
  <testcase name="test226" classname="listas.RegressionTest4" time="0"/>
  <testcase name="test226" classname="listas.RegressionTest5" time="0"/>
  <testcase name="test226" classname="listas.RegressionTest6" time="0"/>
  <testcase name="test226" classname="listas.RegressionTest7" time="0"/>
  <testcase name="test226" classname="listas.RegressionTest8" time="0"/>
  <testcase name="test226" classname="listas.RegressionTest9" time="0"/>
  <testcase name="test226" classname="listas.RegressionTest10" time="0"/>
  <testcase name="test227" classname="listas.RegressionTest0" time="0"/>
  <testcase name="test227" classname="listas.RegressionTest1" time="0"/>
  <testcase name="test227" classname="listas.RegressionTest2" time="0"/>
  <testcase name="test227" classname="listas.RegressionTest3" time="0"/>
  <testcase name="test227" classname="listas.RegressionTest4" time="0"/>
  <testcase name="test227" classname="listas.RegressionTest5" time="0"/>
  <testcase name="test227" classname="listas.RegressionTest6" time="0"/>
  <testcase name="test227" classname="listas.RegressionTest7" time="0"/>
  <testcase name="test227" classname="listas.RegressionTest8" time="0"/>
  <testcase name="test227" classname="listas.RegressionTest9" time="0"/>
  <testcase name="test227" classname="listas.RegressionTest10" time="0"/>
  <testcase name="test228" classname="listas.RegressionTest0" time="0"/>
  <testcase name="test228" classname="listas.RegressionTest1" time="0"/>
  <testcase name="test228" classname="listas.RegressionTest2" time="0"/>
  <testcase name="test228" classname="listas.RegressionTest3" time="0"/>
  <testcase name="test228" classname="listas.RegressionTest4" time="0"/>
  <testcase name="test228" classname="listas.RegressionTest5" time="0"/>
  <testcase name="test228" classname="listas.RegressionTest6" time="0"/>
  <testcase name="test228" classname="listas.RegressionTest7" time="0"/>
  <testcase name="test228" classname="listas.RegressionTest8" time="0"/>
  <testcase name="test228" classname="listas.RegressionTest9" time="0"/>
  <testcase name="test228" classname="listas.RegressionTest10" time="0"/>
  <testcase name="test229" classname="listas.RegressionTest0" time="0"/>
  <testcase name="test229" classname="listas.RegressionTest1" time="0"/>
  <testcase name="test229" classname="listas.RegressionTest2" time="0"/>
  <testcase name="test229" classname="listas.RegressionTest3" time="0"/>
  <testcase name="test229" classname="listas.RegressionTest4" time="0"/>
  <testcase name="test229" classname="listas.RegressionTest5" time="0"/>
  <testcase name="test229" classname="listas.RegressionTest6" time="0"/>
  <testcase name="test229" classname="listas.RegressionTest7" time="0"/>
  <testcase name="test229" classname="listas.RegressionTest8" time="0"/>
  <testcase name="test229" classname="listas.RegressionTest9" time="0"/>
  <testcase name="test229" classname="listas.RegressionTest10" time="0"/>
  <testcase name="test230" classname="listas.RegressionTest0" time="0.001"/>
  <testcase name="test230" classname="listas.RegressionTest1" time="0"/>
  <testcase name="test230" classname="listas.RegressionTest2" time="0"/>
  <testcase name="test230" classname="listas.RegressionTest3" time="0"/>
  <testcase name="test230" classname="listas.RegressionTest4" time="0"/>
  <testcase name="test230" classname="listas.RegressionTest5" time="0"/>
  <testcase name="test230" classname="listas.RegressionTest6" time="0"/>
  <testcase name="test230" classname="listas.RegressionTest7" time="0"/>
  <testcase name="test230" classname="listas.RegressionTest8" time="0"/>
  <testcase name="test230" classname="listas.RegressionTest9" time="0"/>
  <testcase name="test230" classname="listas.RegressionTest10" time="0"/>
  <testcase name="test231" classname="listas.RegressionTest0" time="0"/>
  <testcase name="test231" classname="listas.RegressionTest1" time="0"/>
  <testcase name="test231" classname="listas.RegressionTest2" time="0.002"/>
  <testcase name="test231" classname="listas.RegressionTest3" time="0"/>
  <testcase name="test231" classname="listas.RegressionTest4" time="0"/>
  <testcase name="test231" classname="listas.RegressionTest5" time="0"/>
  <testcase name="test231" classname="listas.RegressionTest6" time="0"/>
  <testcase name="test231" classname="listas.RegressionTest7" time="0"/>
  <testcase name="test231" classname="listas.RegressionTest8" time="0"/>
  <testcase name="test231" classname="listas.RegressionTest9" time="0"/>
  <testcase name="test231" classname="listas.RegressionTest10" time="0"/>
  <testcase name="test232" classname="listas.RegressionTest0" time="0"/>
  <testcase name="test232" classname="listas.RegressionTest1" time="0"/>
  <testcase name="test232" classname="listas.RegressionTest2" time="0"/>
  <testcase name="test232" classname="listas.RegressionTest3" time="0"/>
  <testcase name="test232" classname="listas.RegressionTest4" time="0"/>
  <testcase name="test232" classname="listas.RegressionTest5" time="0"/>
  <testcase name="test232" classname="listas.RegressionTest6" time="0"/>
  <testcase name="test232" classname="listas.RegressionTest7" time="0"/>
  <testcase name="test232" classname="listas.RegressionTest8" time="0"/>
  <testcase name="test232" classname="listas.RegressionTest9" time="0"/>
  <testcase name="test232" classname="listas.RegressionTest10" time="0"/>
  <testcase name="test233" classname="listas.RegressionTest0" time="0"/>
  <testcase name="test233" classname="listas.RegressionTest1" time="0"/>
  <testcase name="test233" classname="listas.RegressionTest2" time="0"/>
  <testcase name="test233" classname="listas.RegressionTest3" time="0"/>
  <testcase name="test233" classname="listas.RegressionTest4" time="0"/>
  <testcase name="test233" classname="listas.RegressionTest5" time="0"/>
  <testcase name="test233" classname="listas.RegressionTest6" time="0"/>
  <testcase name="test233" classname="listas.RegressionTest7" time="0"/>
  <testcase name="test233" classname="listas.RegressionTest8" time="0"/>
  <testcase name="test233" classname="listas.RegressionTest9" time="0.001"/>
  <testcase name="test233" classname="listas.RegressionTest10" time="0"/>
  <testcase name="test234" classname="listas.RegressionTest0" time="0"/>
  <testcase name="test234" classname="listas.RegressionTest1" time="0"/>
  <testcase name="test234" classname="listas.RegressionTest2" time="0"/>
  <testcase name="test234" classname="listas.RegressionTest3" time="0"/>
  <testcase name="test234" classname="listas.RegressionTest4" time="0"/>
  <testcase name="test234" classname="listas.RegressionTest5" time="0"/>
  <testcase name="test234" classname="listas.RegressionTest6" time="0"/>
  <testcase name="test234" classname="listas.RegressionTest7" time="0"/>
  <testcase name="test234" classname="listas.RegressionTest8" time="0"/>
  <testcase name="test234" classname="listas.RegressionTest9" time="0"/>
  <testcase name="test234" classname="listas.RegressionTest10" time="0"/>
  <testcase name="test235" classname="listas.RegressionTest0" time="0"/>
  <testcase name="test235" classname="listas.RegressionTest1" time="0.001"/>
  <testcase name="test235" classname="listas.RegressionTest2" time="0"/>
  <testcase name="test235" classname="listas.RegressionTest3" time="0"/>
  <testcase name="test235" classname="listas.RegressionTest4" time="0"/>
  <testcase name="test235" classname="listas.RegressionTest5" time="0"/>
  <testcase name="test235" classname="listas.RegressionTest6" time="0"/>
  <testcase name="test235" classname="listas.RegressionTest7" time="0"/>
  <testcase name="test235" classname="listas.RegressionTest8" time="0"/>
  <testcase name="test235" classname="listas.RegressionTest9" time="0"/>
  <testcase name="test235" classname="listas.RegressionTest10" time="0"/>
  <testcase name="test236" classname="listas.RegressionTest0" time="0.001"/>
  <testcase name="test236" classname="listas.RegressionTest1" time="0"/>
  <testcase name="test236" classname="listas.RegressionTest2" time="0"/>
  <testcase name="test236" classname="listas.RegressionTest3" time="0.001"/>
  <testcase name="test236" classname="listas.RegressionTest4" time="0"/>
  <testcase name="test236" classname="listas.RegressionTest5" time="0"/>
  <testcase name="test236" classname="listas.RegressionTest6" time="0"/>
  <testcase name="test236" classname="listas.RegressionTest7" time="0"/>
  <testcase name="test236" classname="listas.RegressionTest8" time="0"/>
  <testcase name="test236" classname="listas.RegressionTest9" time="0"/>
  <testcase name="test236" classname="listas.RegressionTest10" time="0"/>
  <testcase name="test237" classname="listas.RegressionTest0" time="0"/>
  <testcase name="test237" classname="listas.RegressionTest1" time="0"/>
  <testcase name="test237" classname="listas.RegressionTest2" time="0"/>
  <testcase name="test237" classname="listas.RegressionTest3" time="0"/>
  <testcase name="test237" classname="listas.RegressionTest4" time="0"/>
  <testcase name="test237" classname="listas.RegressionTest5" time="0"/>
  <testcase name="test237" classname="listas.RegressionTest6" time="0"/>
  <testcase name="test237" classname="listas.RegressionTest7" time="0"/>
  <testcase name="test237" classname="listas.RegressionTest8" time="0"/>
  <testcase name="test237" classname="listas.RegressionTest9" time="0.001"/>
  <testcase name="test237" classname="listas.RegressionTest10" time="0"/>
  <testcase name="test238" classname="listas.RegressionTest0" time="0"/>
  <testcase name="test238" classname="listas.RegressionTest1" time="0"/>
  <testcase name="test238" classname="listas.RegressionTest2" time="0"/>
  <testcase name="test238" classname="listas.RegressionTest3" time="0"/>
  <testcase name="test238" classname="listas.RegressionTest4" time="0"/>
  <testcase name="test238" classname="listas.RegressionTest5" time="0"/>
  <testcase name="test238" classname="listas.RegressionTest6" time="0"/>
  <testcase name="test238" classname="listas.RegressionTest7" time="0"/>
  <testcase name="test238" classname="listas.RegressionTest8" time="0"/>
  <testcase name="test238" classname="listas.RegressionTest9" time="0"/>
  <testcase name="test238" classname="listas.RegressionTest10" time="0"/>
  <testcase name="test239" classname="listas.RegressionTest0" time="0"/>
  <testcase name="test239" classname="listas.RegressionTest1" time="0"/>
  <testcase name="test239" classname="listas.RegressionTest2" time="0"/>
  <testcase name="test239" classname="listas.RegressionTest3" time="0"/>
  <testcase name="test239" classname="listas.RegressionTest4" time="0"/>
  <testcase name="test239" classname="listas.RegressionTest5" time="0"/>
  <testcase name="test239" classname="listas.RegressionTest6" time="0"/>
  <testcase name="test239" classname="listas.RegressionTest7" time="0"/>
  <testcase name="test239" classname="listas.RegressionTest8" time="0"/>
  <testcase name="test239" classname="listas.RegressionTest9" time="0"/>
  <testcase name="test239" classname="listas.RegressionTest10" time="0"/>
  <testcase name="test240" classname="listas.RegressionTest0" time="0"/>
  <testcase name="test240" classname="listas.RegressionTest1" time="0"/>
  <testcase name="test240" classname="listas.RegressionTest2" time="0"/>
  <testcase name="test240" classname="listas.RegressionTest3" time="0"/>
  <testcase name="test240" classname="listas.RegressionTest4" time="0"/>
  <testcase name="test240" classname="listas.RegressionTest5" time="0"/>
  <testcase name="test240" classname="listas.RegressionTest6" time="0"/>
  <testcase name="test240" classname="listas.RegressionTest7" time="0"/>
  <testcase name="test240" classname="listas.RegressionTest8" time="0"/>
  <testcase name="test240" classname="listas.RegressionTest9" time="0"/>
  <testcase name="test240" classname="listas.RegressionTest10" time="0"/>
  <testcase name="test241" classname="listas.RegressionTest0" time="0"/>
  <testcase name="test241" classname="listas.RegressionTest1" time="0"/>
  <testcase name="test241" classname="listas.RegressionTest2" time="0"/>
  <testcase name="test241" classname="listas.RegressionTest3" time="0"/>
  <testcase name="test241" classname="listas.RegressionTest4" time="0"/>
  <testcase name="test241" classname="listas.RegressionTest5" time="0"/>
  <testcase name="test241" classname="listas.RegressionTest6" time="0"/>
  <testcase name="test241" classname="listas.RegressionTest7" time="0"/>
  <testcase name="test241" classname="listas.RegressionTest8" time="0"/>
  <testcase name="test241" classname="listas.RegressionTest9" time="0"/>
  <testcase name="test241" classname="listas.RegressionTest10" time="0"/>
  <testcase name="test242" classname="listas.RegressionTest0" time="0"/>
  <testcase name="test242" classname="listas.RegressionTest1" time="0"/>
  <testcase name="test242" classname="listas.RegressionTest2" time="0"/>
  <testcase name="test242" classname="listas.RegressionTest3" time="0"/>
  <testcase name="test242" classname="listas.RegressionTest4" time="0"/>
  <testcase name="test242" classname="listas.RegressionTest5" time="0"/>
  <testcase name="test242" classname="listas.RegressionTest6" time="0"/>
  <testcase name="test242" classname="listas.RegressionTest7" time="0"/>
  <testcase name="test242" classname="listas.RegressionTest8" time="0"/>
  <testcase name="test242" classname="listas.RegressionTest9" time="0"/>
  <testcase name="test242" classname="listas.RegressionTest10" time="0"/>
  <testcase name="test243" classname="listas.RegressionTest0" time="0"/>
  <testcase name="test243" classname="listas.RegressionTest1" time="0"/>
  <testcase name="test243" classname="listas.RegressionTest2" time="0"/>
  <testcase name="test243" classname="listas.RegressionTest3" time="0"/>
  <testcase name="test243" classname="listas.RegressionTest4" time="0"/>
  <testcase name="test243" classname="listas.RegressionTest5" time="0"/>
  <testcase name="test243" classname="listas.RegressionTest6" time="0"/>
  <testcase name="test243" classname="listas.RegressionTest7" time="0"/>
  <testcase name="test243" classname="listas.RegressionTest8" time="0"/>
  <testcase name="test243" classname="listas.RegressionTest9" time="0"/>
  <testcase name="test243" classname="listas.RegressionTest10" time="0"/>
  <testcase name="test244" classname="listas.RegressionTest0" time="0"/>
  <testcase name="test244" classname="listas.RegressionTest1" time="0"/>
  <testcase name="test244" classname="listas.RegressionTest2" time="0"/>
  <testcase name="test244" classname="listas.RegressionTest3" time="0"/>
  <testcase name="test244" classname="listas.RegressionTest4" time="0"/>
  <testcase name="test244" classname="listas.RegressionTest5" time="0"/>
  <testcase name="test244" classname="listas.RegressionTest6" time="0"/>
  <testcase name="test244" classname="listas.RegressionTest7" time="0"/>
  <testcase name="test244" classname="listas.RegressionTest8" time="0"/>
  <testcase name="test244" classname="listas.RegressionTest9" time="0"/>
  <testcase name="test244" classname="listas.RegressionTest10" time="0"/>
  <testcase name="test245" classname="listas.RegressionTest0" time="0"/>
  <testcase name="test245" classname="listas.RegressionTest1" time="0"/>
  <testcase name="test245" classname="listas.RegressionTest2" time="0"/>
  <testcase name="test245" classname="listas.RegressionTest3" time="0"/>
  <testcase name="test245" classname="listas.RegressionTest4" time="0"/>
  <testcase name="test245" classname="listas.RegressionTest5" time="0"/>
  <testcase name="test245" classname="listas.RegressionTest6" time="0"/>
  <testcase name="test245" classname="listas.RegressionTest7" time="0"/>
  <testcase name="test245" classname="listas.RegressionTest8" time="0"/>
  <testcase name="test245" classname="listas.RegressionTest9" time="0"/>
  <testcase name="test245" classname="listas.RegressionTest10" time="0"/>
  <testcase name="test246" classname="listas.RegressionTest0" time="0"/>
  <testcase name="test246" classname="listas.RegressionTest1" time="0"/>
  <testcase name="test246" classname="listas.RegressionTest2" time="0"/>
  <testcase name="test246" classname="listas.RegressionTest3" time="0"/>
  <testcase name="test246" classname="listas.RegressionTest4" time="0"/>
  <testcase name="test246" classname="listas.RegressionTest5" time="0"/>
  <testcase name="test246" classname="listas.RegressionTest6" time="0"/>
  <testcase name="test246" classname="listas.RegressionTest7" time="0"/>
  <testcase name="test246" classname="listas.RegressionTest8" time="0"/>
  <testcase name="test246" classname="listas.RegressionTest9" time="0"/>
  <testcase name="test246" classname="listas.RegressionTest10" time="0"/>
  <testcase name="test247" classname="listas.RegressionTest0" time="0"/>
  <testcase name="test247" classname="listas.RegressionTest1" time="0"/>
  <testcase name="test247" classname="listas.RegressionTest2" time="0"/>
  <testcase name="test247" classname="listas.RegressionTest3" time="0"/>
  <testcase name="test247" classname="listas.RegressionTest4" time="0"/>
  <testcase name="test247" classname="listas.RegressionTest5" time="0"/>
  <testcase name="test247" classname="listas.RegressionTest6" time="0"/>
  <testcase name="test247" classname="listas.RegressionTest7" time="0"/>
  <testcase name="test247" classname="listas.RegressionTest8" time="0"/>
  <testcase name="test247" classname="listas.RegressionTest9" time="0"/>
  <testcase name="test247" classname="listas.RegressionTest10" time="0"/>
  <testcase name="test248" classname="listas.RegressionTest0" time="0"/>
  <testcase name="test248" classname="listas.RegressionTest1" time="0"/>
  <testcase name="test248" classname="listas.RegressionTest2" time="0"/>
  <testcase name="test248" classname="listas.RegressionTest3" time="0"/>
  <testcase name="test248" classname="listas.RegressionTest4" time="0"/>
  <testcase name="test248" classname="listas.RegressionTest5" time="0"/>
  <testcase name="test248" classname="listas.RegressionTest6" time="0"/>
  <testcase name="test248" classname="listas.RegressionTest7" time="0"/>
  <testcase name="test248" classname="listas.RegressionTest8" time="0"/>
  <testcase name="test248" classname="listas.RegressionTest9" time="0"/>
  <testcase name="test248" classname="listas.RegressionTest10" time="0"/>
  <testcase name="test249" classname="listas.RegressionTest0" time="0"/>
  <testcase name="test249" classname="listas.RegressionTest1" time="0"/>
  <testcase name="test249" classname="listas.RegressionTest2" time="0"/>
  <testcase name="test249" classname="listas.RegressionTest3" time="0"/>
  <testcase name="test249" classname="listas.RegressionTest4" time="0"/>
  <testcase name="test249" classname="listas.RegressionTest5" time="0"/>
  <testcase name="test249" classname="listas.RegressionTest6" time="0"/>
  <testcase name="test249" classname="listas.RegressionTest7" time="0"/>
  <testcase name="test249" classname="listas.RegressionTest8" time="0"/>
  <testcase name="test249" classname="listas.RegressionTest9" time="0"/>
  <testcase name="test249" classname="listas.RegressionTest10" time="0"/>
  <testcase name="test250" classname="listas.RegressionTest0" time="0"/>
  <testcase name="test250" classname="listas.RegressionTest1" time="0"/>
  <testcase name="test250" classname="listas.RegressionTest2" time="0"/>
  <testcase name="test250" classname="listas.RegressionTest3" time="0"/>
  <testcase name="test250" classname="listas.RegressionTest4" time="0"/>
  <testcase name="test250" classname="listas.RegressionTest5" time="0"/>
  <testcase name="test250" classname="listas.RegressionTest6" time="0"/>
  <testcase name="test250" classname="listas.RegressionTest7" time="0"/>
  <testcase name="test250" classname="listas.RegressionTest8" time="0"/>
  <testcase name="test250" classname="listas.RegressionTest9" time="0"/>
  <testcase name="test250" classname="listas.RegressionTest10" time="0"/>
  <testcase name="test251" classname="listas.RegressionTest0" time="0"/>
  <testcase name="test251" classname="listas.RegressionTest1" time="0"/>
  <testcase name="test251" classname="listas.RegressionTest2" time="0"/>
  <testcase name="test251" classname="listas.RegressionTest3" time="0"/>
  <testcase name="test251" classname="listas.RegressionTest4" time="0"/>
  <testcase name="test251" classname="listas.RegressionTest5" time="0"/>
  <testcase name="test251" classname="listas.RegressionTest6" time="0.001"/>
  <testcase name="test251" classname="listas.RegressionTest7" time="0"/>
  <testcase name="test251" classname="listas.RegressionTest8" time="0"/>
  <testcase name="test251" classname="listas.RegressionTest9" time="0"/>
  <testcase name="test251" classname="listas.RegressionTest10" time="0"/>
  <testcase name="test252" classname="listas.RegressionTest0" time="0"/>
  <testcase name="test252" classname="listas.RegressionTest1" time="0"/>
  <testcase name="test252" classname="listas.RegressionTest2" time="0"/>
  <testcase name="test252" classname="listas.RegressionTest3" time="0"/>
  <testcase name="test252" classname="listas.RegressionTest4" time="0"/>
  <testcase name="test252" classname="listas.RegressionTest5" time="0"/>
  <testcase name="test252" classname="listas.RegressionTest6" time="0"/>
  <testcase name="test252" classname="listas.RegressionTest7" time="0"/>
  <testcase name="test252" classname="listas.RegressionTest8" time="0"/>
  <testcase name="test252" classname="listas.RegressionTest9" time="0"/>
  <testcase name="test252" classname="listas.RegressionTest10" time="0"/>
  <testcase name="test253" classname="listas.RegressionTest0" time="0"/>
  <testcase name="test253" classname="listas.RegressionTest1" time="0"/>
  <testcase name="test253" classname="listas.RegressionTest2" time="0"/>
  <testcase name="test253" classname="listas.RegressionTest3" time="0"/>
  <testcase name="test253" classname="listas.RegressionTest4" time="0"/>
  <testcase name="test253" classname="listas.RegressionTest5" time="0"/>
  <testcase name="test253" classname="listas.RegressionTest6" time="0"/>
  <testcase name="test253" classname="listas.RegressionTest7" time="0"/>
  <testcase name="test253" classname="listas.RegressionTest8" time="0"/>
  <testcase name="test253" classname="listas.RegressionTest9" time="0"/>
  <testcase name="test253" classname="listas.RegressionTest10" time="0"/>
  <testcase name="test254" classname="listas.RegressionTest0" time="0"/>
  <testcase name="test254" classname="listas.RegressionTest1" time="0"/>
  <testcase name="test254" classname="listas.RegressionTest2" time="0"/>
  <testcase name="test254" classname="listas.RegressionTest3" time="0"/>
  <testcase name="test254" classname="listas.RegressionTest4" time="0"/>
  <testcase name="test254" classname="listas.RegressionTest5" time="0"/>
  <testcase name="test254" classname="listas.RegressionTest6" time="0"/>
  <testcase name="test254" classname="listas.RegressionTest7" time="0"/>
  <testcase name="test254" classname="listas.RegressionTest8" time="0"/>
  <testcase name="test254" classname="listas.RegressionTest9" time="0"/>
  <testcase name="test254" classname="listas.RegressionTest10" time="0"/>
  <testcase name="test255" classname="listas.RegressionTest0" time="0"/>
  <testcase name="test255" classname="listas.RegressionTest1" time="0"/>
  <testcase name="test255" classname="listas.RegressionTest2" time="0"/>
  <testcase name="test255" classname="listas.RegressionTest3" time="0"/>
  <testcase name="test255" classname="listas.RegressionTest4" time="0"/>
  <testcase name="test255" classname="listas.RegressionTest5" time="0"/>
  <testcase name="test255" classname="listas.RegressionTest6" time="0"/>
  <testcase name="test255" classname="listas.RegressionTest7" time="0"/>
  <testcase name="test255" classname="listas.RegressionTest8" time="0"/>
  <testcase name="test255" classname="listas.RegressionTest9" time="0"/>
  <testcase name="test255" classname="listas.RegressionTest10" time="0"/>
  <testcase name="test256" classname="listas.RegressionTest0" time="0"/>
  <testcase name="test256" classname="listas.RegressionTest1" time="0"/>
  <testcase name="test256" classname="listas.RegressionTest2" time="0"/>
  <testcase name="test256" classname="listas.RegressionTest3" time="0"/>
  <testcase name="test256" classname="listas.RegressionTest4" time="0"/>
  <testcase name="test256" classname="listas.RegressionTest5" time="0"/>
  <testcase name="test256" classname="listas.RegressionTest6" time="0"/>
  <testcase name="test256" classname="listas.RegressionTest7" time="0"/>
  <testcase name="test256" classname="listas.RegressionTest8" time="0"/>
  <testcase name="test256" classname="listas.RegressionTest9" time="0"/>
  <testcase name="test256" classname="listas.RegressionTest10" time="0"/>
  <testcase name="test257" classname="listas.RegressionTest0" time="0"/>
  <testcase name="test257" classname="listas.RegressionTest1" time="0"/>
  <testcase name="test257" classname="listas.RegressionTest2" time="0"/>
  <testcase name="test257" classname="listas.RegressionTest3" time="0"/>
  <testcase name="test257" classname="listas.RegressionTest4" time="0"/>
  <testcase name="test257" classname="listas.RegressionTest5" time="0"/>
  <testcase name="test257" classname="listas.RegressionTest6" time="0"/>
  <testcase name="test257" classname="listas.RegressionTest7" time="0"/>
  <testcase name="test257" classname="listas.RegressionTest8" time="0"/>
  <testcase name="test257" classname="listas.RegressionTest9" time="0"/>
  <testcase name="test257" classname="listas.RegressionTest10" time="0"/>
  <testcase name="test258" classname="listas.RegressionTest0" time="0"/>
  <testcase name="test258" classname="listas.RegressionTest1" time="0"/>
  <testcase name="test258" classname="listas.RegressionTest2" time="0"/>
  <testcase name="test258" classname="listas.RegressionTest3" time="0"/>
  <testcase name="test258" classname="listas.RegressionTest4" time="0"/>
  <testcase name="test258" classname="listas.RegressionTest5" time="0"/>
  <testcase name="test258" classname="listas.RegressionTest6" time="0"/>
  <testcase name="test258" classname="listas.RegressionTest7" time="0"/>
  <testcase name="test258" classname="listas.RegressionTest8" time="0"/>
  <testcase name="test258" classname="listas.RegressionTest9" time="0"/>
  <testcase name="test258" classname="listas.RegressionTest10" time="0"/>
  <testcase name="test259" classname="listas.RegressionTest0" time="0"/>
  <testcase name="test259" classname="listas.RegressionTest1" time="0"/>
  <testcase name="test259" classname="listas.RegressionTest2" time="0"/>
  <testcase name="test259" classname="listas.RegressionTest3" time="0"/>
  <testcase name="test259" classname="listas.RegressionTest4" time="0"/>
  <testcase name="test259" classname="listas.RegressionTest5" time="0"/>
  <testcase name="test259" classname="listas.RegressionTest6" time="0"/>
  <testcase name="test259" classname="listas.RegressionTest7" time="0"/>
  <testcase name="test259" classname="listas.RegressionTest8" time="0"/>
  <testcase name="test259" classname="listas.RegressionTest9" time="0"/>
  <testcase name="test259" classname="listas.RegressionTest10" time="0"/>
  <testcase name="test260" classname="listas.RegressionTest0" time="0"/>
  <testcase name="test260" classname="listas.RegressionTest1" time="0"/>
  <testcase name="test260" classname="listas.RegressionTest2" time="0"/>
  <testcase name="test260" classname="listas.RegressionTest3" time="0"/>
  <testcase name="test260" classname="listas.RegressionTest4" time="0.001"/>
  <testcase name="test260" classname="listas.RegressionTest5" time="0"/>
  <testcase name="test260" classname="listas.RegressionTest6" time="0"/>
  <testcase name="test260" classname="listas.RegressionTest7" time="0"/>
  <testcase name="test260" classname="listas.RegressionTest8" time="0"/>
  <testcase name="test260" classname="listas.RegressionTest9" time="0"/>
  <testcase name="test260" classname="listas.RegressionTest10" time="0"/>
  <testcase name="test261" classname="listas.RegressionTest0" time="0"/>
  <testcase name="test261" classname="listas.RegressionTest1" time="0"/>
  <testcase name="test261" classname="listas.RegressionTest2" time="0"/>
  <testcase name="test261" classname="listas.RegressionTest3" time="0"/>
  <testcase name="test261" classname="listas.RegressionTest4" time="0"/>
  <testcase name="test261" classname="listas.RegressionTest5" time="0"/>
  <testcase name="test261" classname="listas.RegressionTest6" time="0"/>
  <testcase name="test261" classname="listas.RegressionTest7" time="0"/>
  <testcase name="test261" classname="listas.RegressionTest8" time="0"/>
  <testcase name="test261" classname="listas.RegressionTest9" time="0"/>
  <testcase name="test261" classname="listas.RegressionTest10" time="0"/>
  <testcase name="test262" classname="listas.RegressionTest0" time="0"/>
  <testcase name="test262" classname="listas.RegressionTest1" time="0"/>
  <testcase name="test262" classname="listas.RegressionTest2" time="0"/>
  <testcase name="test262" classname="listas.RegressionTest3" time="0"/>
  <testcase name="test262" classname="listas.RegressionTest4" time="0"/>
  <testcase name="test262" classname="listas.RegressionTest5" time="0"/>
  <testcase name="test262" classname="listas.RegressionTest6" time="0"/>
  <testcase name="test262" classname="listas.RegressionTest7" time="0"/>
  <testcase name="test262" classname="listas.RegressionTest8" time="0"/>
  <testcase name="test262" classname="listas.RegressionTest9" time="0"/>
  <testcase name="test262" classname="listas.RegressionTest10" time="0"/>
  <testcase name="test263" classname="listas.RegressionTest0" time="0"/>
  <testcase name="test263" classname="listas.RegressionTest1" time="0"/>
  <testcase name="test263" classname="listas.RegressionTest2" time="0"/>
  <testcase name="test263" classname="listas.RegressionTest3" time="0"/>
  <testcase name="test263" classname="listas.RegressionTest4" time="0"/>
  <testcase name="test263" classname="listas.RegressionTest5" time="0"/>
  <testcase name="test263" classname="listas.RegressionTest6" time="0"/>
  <testcase name="test263" classname="listas.RegressionTest7" time="0"/>
  <testcase name="test263" classname="listas.RegressionTest8" time="0"/>
  <testcase name="test263" classname="listas.RegressionTest9" time="0"/>
  <testcase name="test263" classname="listas.RegressionTest10" time="0"/>
  <testcase name="test264" classname="listas.RegressionTest0" time="0.001"/>
  <testcase name="test264" classname="listas.RegressionTest1" time="0"/>
  <testcase name="test264" classname="listas.RegressionTest2" time="0"/>
  <testcase name="test264" classname="listas.RegressionTest3" time="0"/>
  <testcase name="test264" classname="listas.RegressionTest4" time="0"/>
  <testcase name="test264" classname="listas.RegressionTest5" time="0"/>
  <testcase name="test264" classname="listas.RegressionTest6" time="0"/>
  <testcase name="test264" classname="listas.RegressionTest7" time="0"/>
  <testcase name="test264" classname="listas.RegressionTest8" time="0"/>
  <testcase name="test264" classname="listas.RegressionTest9" time="0"/>
  <testcase name="test264" classname="listas.RegressionTest10" time="0"/>
  <testcase name="test265" classname="listas.RegressionTest0" time="0"/>
  <testcase name="test265" classname="listas.RegressionTest1" time="0"/>
  <testcase name="test265" classname="listas.RegressionTest2" time="0"/>
  <testcase name="test265" classname="listas.RegressionTest3" time="0"/>
  <testcase name="test265" classname="listas.RegressionTest4" time="0"/>
  <testcase name="test265" classname="listas.RegressionTest5" time="0"/>
  <testcase name="test265" classname="listas.RegressionTest6" time="0"/>
  <testcase name="test265" classname="listas.RegressionTest7" time="0"/>
  <testcase name="test265" classname="listas.RegressionTest8" time="0"/>
  <testcase name="test265" classname="listas.RegressionTest9" time="0"/>
  <testcase name="test265" classname="listas.RegressionTest10" time="0"/>
  <testcase name="test266" classname="listas.RegressionTest0" time="0"/>
  <testcase name="test266" classname="listas.RegressionTest1" time="0.001"/>
  <testcase name="test266" classname="listas.RegressionTest2" time="0"/>
  <testcase name="test266" classname="listas.RegressionTest3" time="0.001"/>
  <testcase name="test266" classname="listas.RegressionTest4" time="0"/>
  <testcase name="test266" classname="listas.RegressionTest5" time="0"/>
  <testcase name="test266" classname="listas.RegressionTest6" time="0"/>
  <testcase name="test266" classname="listas.RegressionTest7" time="0"/>
  <testcase name="test266" classname="listas.RegressionTest8" time="0"/>
  <testcase name="test266" classname="listas.RegressionTest9" time="0"/>
  <testcase name="test266" classname="listas.RegressionTest10" time="0"/>
  <testcase name="test267" classname="listas.RegressionTest0" time="0"/>
  <testcase name="test267" classname="listas.RegressionTest1" time="0"/>
  <testcase name="test267" classname="listas.RegressionTest2" time="0"/>
  <testcase name="test267" classname="listas.RegressionTest3" time="0"/>
  <testcase name="test267" classname="listas.RegressionTest4" time="0"/>
  <testcase name="test267" classname="listas.RegressionTest5" time="0"/>
  <testcase name="test267" classname="listas.RegressionTest6" time="0"/>
  <testcase name="test267" classname="listas.RegressionTest7" time="0"/>
  <testcase name="test267" classname="listas.RegressionTest8" time="0"/>
  <testcase name="test267" classname="listas.RegressionTest9" time="0"/>
  <testcase name="test267" classname="listas.RegressionTest10" time="0"/>
  <testcase name="test268" classname="listas.RegressionTest0" time="0"/>
  <testcase name="test268" classname="listas.RegressionTest1" time="0"/>
  <testcase name="test268" classname="listas.RegressionTest2" time="0"/>
  <testcase name="test268" classname="listas.RegressionTest3" time="0"/>
  <testcase name="test268" classname="listas.RegressionTest4" time="0"/>
  <testcase name="test268" classname="listas.RegressionTest5" time="0"/>
  <testcase name="test268" classname="listas.RegressionTest6" time="0"/>
  <testcase name="test268" classname="listas.RegressionTest7" time="0"/>
  <testcase name="test268" classname="listas.RegressionTest8" time="0"/>
  <testcase name="test268" classname="listas.RegressionTest9" time="0"/>
  <testcase name="test268" classname="listas.RegressionTest10" time="0"/>
  <testcase name="test269" classname="listas.RegressionTest0" time="0"/>
  <testcase name="test269" classname="listas.RegressionTest1" time="0"/>
  <testcase name="test269" classname="listas.RegressionTest2" time="0"/>
  <testcase name="test269" classname="listas.RegressionTest3" time="0"/>
  <testcase name="test269" classname="listas.RegressionTest4" time="0"/>
  <testcase name="test269" classname="listas.RegressionTest5" time="0"/>
  <testcase name="test269" classname="listas.RegressionTest6" time="0"/>
  <testcase name="test269" classname="listas.RegressionTest7" time="0"/>
  <testcase name="test269" classname="listas.RegressionTest8" time="0"/>
  <testcase name="test269" classname="listas.RegressionTest9" time="0"/>
  <testcase name="test269" classname="listas.RegressionTest10" time="0"/>
  <testcase name="test270" classname="listas.RegressionTest0" time="0"/>
  <testcase name="test270" classname="listas.RegressionTest1" time="0"/>
  <testcase name="test270" classname="listas.RegressionTest2" time="0"/>
  <testcase name="test270" classname="listas.RegressionTest3" time="0"/>
  <testcase name="test270" classname="listas.RegressionTest4" time="0"/>
  <testcase name="test270" classname="listas.RegressionTest5" time="0"/>
  <testcase name="test270" classname="listas.RegressionTest6" time="0"/>
  <testcase name="test270" classname="listas.RegressionTest7" time="0"/>
  <testcase name="test270" classname="listas.RegressionTest8" time="0"/>
  <testcase name="test270" classname="listas.RegressionTest9" time="0"/>
  <testcase name="test270" classname="listas.RegressionTest10" time="0"/>
  <testcase name="test271" classname="listas.RegressionTest0" time="0"/>
  <testcase name="test271" classname="listas.RegressionTest1" time="0"/>
  <testcase name="test271" classname="listas.RegressionTest2" time="0"/>
  <testcase name="test271" classname="listas.RegressionTest3" time="0"/>
  <testcase name="test271" classname="listas.RegressionTest4" time="0"/>
  <testcase name="test271" classname="listas.RegressionTest5" time="0"/>
  <testcase name="test271" classname="listas.RegressionTest6" time="0"/>
  <testcase name="test271" classname="listas.RegressionTest7" time="0"/>
  <testcase name="test271" classname="listas.RegressionTest8" time="0"/>
  <testcase name="test271" classname="listas.RegressionTest9" time="0"/>
  <testcase name="test271" classname="listas.RegressionTest10" time="0"/>
  <testcase name="test272" classname="listas.RegressionTest0" time="0"/>
  <testcase name="test272" classname="listas.RegressionTest1" time="0"/>
  <testcase name="test272" classname="listas.RegressionTest2" time="0"/>
  <testcase name="test272" classname="listas.RegressionTest3" time="0"/>
  <testcase name="test272" classname="listas.RegressionTest4" time="0"/>
  <testcase name="test272" classname="listas.RegressionTest5" time="0"/>
  <testcase name="test272" classname="listas.RegressionTest6" time="0"/>
  <testcase name="test272" classname="listas.RegressionTest7" time="0"/>
  <testcase name="test272" classname="listas.RegressionTest8" time="0"/>
  <testcase name="test272" classname="listas.RegressionTest9" time="0.001"/>
  <testcase name="test272" classname="listas.RegressionTest10" time="0"/>
  <testcase name="test273" classname="listas.RegressionTest0" time="0"/>
  <testcase name="test273" classname="listas.RegressionTest1" time="0"/>
  <testcase name="test273" classname="listas.RegressionTest2" time="0"/>
  <testcase name="test273" classname="listas.RegressionTest3" time="0"/>
  <testcase name="test273" classname="listas.RegressionTest4" time="0"/>
  <testcase name="test273" classname="listas.RegressionTest5" time="0"/>
  <testcase name="test273" classname="listas.RegressionTest6" time="0"/>
  <testcase name="test273" classname="listas.RegressionTest7" time="0"/>
  <testcase name="test273" classname="listas.RegressionTest8" time="0"/>
  <testcase name="test273" classname="listas.RegressionTest9" time="0"/>
  <testcase name="test273" classname="listas.RegressionTest10" time="0"/>
  <testcase name="test274" classname="listas.RegressionTest0" time="0.001"/>
  <testcase name="test274" classname="listas.RegressionTest1" time="0"/>
  <testcase name="test274" classname="listas.RegressionTest2" time="0"/>
  <testcase name="test274" classname="listas.RegressionTest3" time="0"/>
  <testcase name="test274" classname="listas.RegressionTest4" time="0"/>
  <testcase name="test274" classname="listas.RegressionTest5" time="0"/>
  <testcase name="test274" classname="listas.RegressionTest6" time="0"/>
  <testcase name="test274" classname="listas.RegressionTest7" time="0"/>
  <testcase name="test274" classname="listas.RegressionTest8" time="0"/>
  <testcase name="test274" classname="listas.RegressionTest9" time="0"/>
  <testcase name="test274" classname="listas.RegressionTest10" time="0"/>
  <testcase name="test275" classname="listas.RegressionTest0" time="0"/>
  <testcase name="test275" classname="listas.RegressionTest1" time="0.001"/>
  <testcase name="test275" classname="listas.RegressionTest2" time="0"/>
  <testcase name="test275" classname="listas.RegressionTest3" time="0"/>
  <testcase name="test275" classname="listas.RegressionTest4" time="0"/>
  <testcase name="test275" classname="listas.RegressionTest5" time="0"/>
  <testcase name="test275" classname="listas.RegressionTest6" time="0"/>
  <testcase name="test275" classname="listas.RegressionTest7" time="0"/>
  <testcase name="test275" classname="listas.RegressionTest8" time="0"/>
  <testcase name="test275" classname="listas.RegressionTest9" time="0"/>
  <testcase name="test275" classname="listas.RegressionTest10" time="0"/>
  <testcase name="test276" classname="listas.RegressionTest0" time="0"/>
  <testcase name="test276" classname="listas.RegressionTest1" time="0"/>
  <testcase name="test276" classname="listas.RegressionTest2" time="0"/>
  <testcase name="test276" classname="listas.RegressionTest3" time="0"/>
  <testcase name="test276" classname="listas.RegressionTest4" time="0"/>
  <testcase name="test276" classname="listas.RegressionTest5" time="0"/>
  <testcase name="test276" classname="listas.RegressionTest6" time="0"/>
  <testcase name="test276" classname="listas.RegressionTest7" time="0"/>
  <testcase name="test276" classname="listas.RegressionTest8" time="0"/>
  <testcase name="test276" classname="listas.RegressionTest9" time="0"/>
  <testcase name="test276" classname="listas.RegressionTest10" time="0"/>
  <testcase name="test277" classname="listas.RegressionTest0" time="0"/>
  <testcase name="test277" classname="listas.RegressionTest1" time="0"/>
  <testcase name="test277" classname="listas.RegressionTest2" time="0"/>
  <testcase name="test277" classname="listas.RegressionTest3" time="0"/>
  <testcase name="test277" classname="listas.RegressionTest4" time="0"/>
  <testcase name="test277" classname="listas.RegressionTest5" time="0"/>
  <testcase name="test277" classname="listas.RegressionTest6" time="0"/>
  <testcase name="test277" classname="listas.RegressionTest7" time="0"/>
  <testcase name="test277" classname="listas.RegressionTest8" time="0"/>
  <testcase name="test277" classname="listas.RegressionTest9" time="0"/>
  <testcase name="test277" classname="listas.RegressionTest10" time="0"/>
  <testcase name="test278" classname="listas.RegressionTest0" time="0.001"/>
  <testcase name="test278" classname="listas.RegressionTest1" time="0"/>
  <testcase name="test278" classname="listas.RegressionTest2" time="0"/>
  <testcase name="test278" classname="listas.RegressionTest3" time="0"/>
  <testcase name="test278" classname="listas.RegressionTest4" time="0"/>
  <testcase name="test278" classname="listas.RegressionTest5" time="0"/>
  <testcase name="test278" classname="listas.RegressionTest6" time="0"/>
  <testcase name="test278" classname="listas.RegressionTest7" time="0"/>
  <testcase name="test278" classname="listas.RegressionTest8" time="0"/>
  <testcase name="test278" classname="listas.RegressionTest9" time="0"/>
  <testcase name="test278" classname="listas.RegressionTest10" time="0"/>
  <testcase name="test279" classname="listas.RegressionTest0" time="0"/>
  <testcase name="test279" classname="listas.RegressionTest1" time="0"/>
  <testcase name="test279" classname="listas.RegressionTest2" time="0"/>
  <testcase name="test279" classname="listas.RegressionTest3" time="0"/>
  <testcase name="test279" classname="listas.RegressionTest4" time="0"/>
  <testcase name="test279" classname="listas.RegressionTest5" time="0"/>
  <testcase name="test279" classname="listas.RegressionTest6" time="0"/>
  <testcase name="test279" classname="listas.RegressionTest7" time="0"/>
  <testcase name="test279" classname="listas.RegressionTest8" time="0"/>
  <testcase name="test279" classname="listas.RegressionTest9" time="0"/>
  <testcase name="test279" classname="listas.RegressionTest10" time="0"/>
  <testcase name="test280" classname="listas.RegressionTest0" time="0"/>
  <testcase name="test280" classname="listas.RegressionTest1" time="0"/>
  <testcase name="test280" classname="listas.RegressionTest2" time="0"/>
  <testcase name="test280" classname="listas.RegressionTest3" time="0"/>
  <testcase name="test280" classname="listas.RegressionTest4" time="0"/>
  <testcase name="test280" classname="listas.RegressionTest5" time="0"/>
  <testcase name="test280" classname="listas.RegressionTest6" time="0"/>
  <testcase name="test280" classname="listas.RegressionTest7" time="0"/>
  <testcase name="test280" classname="listas.RegressionTest8" time="0"/>
  <testcase name="test280" classname="listas.RegressionTest9" time="0"/>
  <testcase name="test280" classname="listas.RegressionTest10" time="0"/>
  <testcase name="test281" classname="listas.RegressionTest0" time="0"/>
  <testcase name="test281" classname="listas.RegressionTest1" time="0"/>
  <testcase name="test281" classname="listas.RegressionTest2" time="0"/>
  <testcase name="test281" classname="listas.RegressionTest3" time="0"/>
  <testcase name="test281" classname="listas.RegressionTest4" time="0"/>
  <testcase name="test281" classname="listas.RegressionTest5" time="0"/>
  <testcase name="test281" classname="listas.RegressionTest6" time="0"/>
  <testcase name="test281" classname="listas.RegressionTest7" time="0"/>
  <testcase name="test281" classname="listas.RegressionTest8" time="0"/>
  <testcase name="test281" classname="listas.RegressionTest9" time="0"/>
  <testcase name="test281" classname="listas.RegressionTest10" time="0"/>
  <testcase name="test282" classname="listas.RegressionTest0" time="0"/>
  <testcase name="test282" classname="listas.RegressionTest1" time="0"/>
  <testcase name="test282" classname="listas.RegressionTest2" time="0"/>
  <testcase name="test282" classname="listas.RegressionTest3" time="0"/>
  <testcase name="test282" classname="listas.RegressionTest4" time="0"/>
  <testcase name="test282" classname="listas.RegressionTest5" time="0"/>
  <testcase name="test282" classname="listas.RegressionTest6" time="0"/>
  <testcase name="test282" classname="listas.RegressionTest7" time="0"/>
  <testcase name="test282" classname="listas.RegressionTest8" time="0"/>
  <testcase name="test282" classname="listas.RegressionTest9" time="0"/>
  <testcase name="test282" classname="listas.RegressionTest10" time="0"/>
  <testcase name="test283" classname="listas.RegressionTest0" time="0.001"/>
  <testcase name="test283" classname="listas.RegressionTest1" time="0"/>
  <testcase name="test283" classname="listas.RegressionTest2" time="0"/>
  <testcase name="test283" classname="listas.RegressionTest3" time="0"/>
  <testcase name="test283" classname="listas.RegressionTest4" time="0"/>
  <testcase name="test283" classname="listas.RegressionTest5" time="0"/>
  <testcase name="test283" classname="listas.RegressionTest6" time="0"/>
  <testcase name="test283" classname="listas.RegressionTest7" time="0"/>
  <testcase name="test283" classname="listas.RegressionTest8" time="0"/>
  <testcase name="test283" classname="listas.RegressionTest9" time="0"/>
  <testcase name="test283" classname="listas.RegressionTest10" time="0"/>
  <testcase name="test284" classname="listas.RegressionTest0" time="0"/>
  <testcase name="test284" classname="listas.RegressionTest1" time="0"/>
  <testcase name="test284" classname="listas.RegressionTest2" time="0"/>
  <testcase name="test284" classname="listas.RegressionTest3" time="0"/>
  <testcase name="test284" classname="listas.RegressionTest4" time="0"/>
  <testcase name="test284" classname="listas.RegressionTest5" time="0.001"/>
  <testcase name="test284" classname="listas.RegressionTest6" time="0"/>
  <testcase name="test284" classname="listas.RegressionTest7" time="0"/>
  <testcase name="test284" classname="listas.RegressionTest8" time="0"/>
  <testcase name="test284" classname="listas.RegressionTest9" time="0"/>
  <testcase name="test284" classname="listas.RegressionTest10" time="0"/>
  <testcase name="test285" classname="listas.RegressionTest0" time="0"/>
  <testcase name="test285" classname="listas.RegressionTest1" time="0"/>
  <testcase name="test285" classname="listas.RegressionTest2" time="0"/>
  <testcase name="test285" classname="listas.RegressionTest3" time="0"/>
  <testcase name="test285" classname="listas.RegressionTest4" time="0"/>
  <testcase name="test285" classname="listas.RegressionTest5" time="0"/>
  <testcase name="test285" classname="listas.RegressionTest6" time="0"/>
  <testcase name="test285" classname="listas.RegressionTest7" time="0"/>
  <testcase name="test285" classname="listas.RegressionTest8" time="0"/>
  <testcase name="test285" classname="listas.RegressionTest9" time="0"/>
  <testcase name="test285" classname="listas.RegressionTest10" time="0"/>
  <testcase name="test286" classname="listas.RegressionTest0" time="0"/>
  <testcase name="test286" classname="listas.RegressionTest1" time="0.001"/>
  <testcase name="test286" classname="listas.RegressionTest2" time="0"/>
  <testcase name="test286" classname="listas.RegressionTest3" time="0"/>
  <testcase name="test286" classname="listas.RegressionTest4" time="0"/>
  <testcase name="test286" classname="listas.RegressionTest5" time="0"/>
  <testcase name="test286" classname="listas.RegressionTest6" time="0.001"/>
  <testcase name="test286" classname="listas.RegressionTest7" time="0"/>
  <testcase name="test286" classname="listas.RegressionTest8" time="0"/>
  <testcase name="test286" classname="listas.RegressionTest9" time="0"/>
  <testcase name="test286" classname="listas.RegressionTest10" time="0"/>
  <testcase name="test287" classname="listas.RegressionTest0" time="0"/>
  <testcase name="test287" classname="listas.RegressionTest1" time="0"/>
  <testcase name="test287" classname="listas.RegressionTest2" time="0"/>
  <testcase name="test287" classname="listas.RegressionTest3" time="0"/>
  <testcase name="test287" classname="listas.RegressionTest4" time="0"/>
  <testcase name="test287" classname="listas.RegressionTest5" time="0"/>
  <testcase name="test287" classname="listas.RegressionTest6" time="0"/>
  <testcase name="test287" classname="listas.RegressionTest7" time="0"/>
  <testcase name="test287" classname="listas.RegressionTest8" time="0"/>
  <testcase name="test287" classname="listas.RegressionTest9" time="0"/>
  <testcase name="test287" classname="listas.RegressionTest10" time="0"/>
  <testcase name="test288" classname="listas.RegressionTest0" time="0.001"/>
  <testcase name="test288" classname="listas.RegressionTest1" time="0"/>
  <testcase name="test288" classname="listas.RegressionTest2" time="0"/>
  <testcase name="test288" classname="listas.RegressionTest3" time="0"/>
  <testcase name="test288" classname="listas.RegressionTest4" time="0"/>
  <testcase name="test288" classname="listas.RegressionTest5" time="0"/>
  <testcase name="test288" classname="listas.RegressionTest6" time="0"/>
  <testcase name="test288" classname="listas.RegressionTest7" time="0"/>
  <testcase name="test288" classname="listas.RegressionTest8" time="0"/>
  <testcase name="test288" classname="listas.RegressionTest9" time="0"/>
  <testcase name="test288" classname="listas.RegressionTest10" time="0"/>
  <testcase name="test289" classname="listas.RegressionTest0" time="0"/>
  <testcase name="test289" classname="listas.RegressionTest1" time="0"/>
  <testcase name="test289" classname="listas.RegressionTest2" time="0"/>
  <testcase name="test289" classname="listas.RegressionTest3" time="0"/>
  <testcase name="test289" classname="listas.RegressionTest4" time="0"/>
  <testcase name="test289" classname="listas.RegressionTest5" time="0"/>
  <testcase name="test289" classname="listas.RegressionTest6" time="0"/>
  <testcase name="test289" classname="listas.RegressionTest7" time="0"/>
  <testcase name="test289" classname="listas.RegressionTest8" time="0"/>
  <testcase name="test289" classname="listas.RegressionTest9" time="0"/>
  <testcase name="test289" classname="listas.RegressionTest10" time="0"/>
  <testcase name="test290" classname="listas.RegressionTest0" time="0"/>
  <testcase name="test290" classname="listas.RegressionTest1" time="0"/>
  <testcase name="test290" classname="listas.RegressionTest2" time="0"/>
  <testcase name="test290" classname="listas.RegressionTest3" time="0"/>
  <testcase name="test290" classname="listas.RegressionTest4" time="0"/>
  <testcase name="test290" classname="listas.RegressionTest5" time="0"/>
  <testcase name="test290" classname="listas.RegressionTest6" time="0"/>
  <testcase name="test290" classname="listas.RegressionTest7" time="0"/>
  <testcase name="test290" classname="listas.RegressionTest8" time="0"/>
  <testcase name="test290" classname="listas.RegressionTest9" time="0"/>
  <testcase name="test290" classname="listas.RegressionTest10" time="0"/>
  <testcase name="test291" classname="listas.RegressionTest0" time="0"/>
  <testcase name="test291" classname="listas.RegressionTest1" time="0"/>
  <testcase name="test291" classname="listas.RegressionTest2" time="0"/>
  <testcase name="test291" classname="listas.RegressionTest3" time="0"/>
  <testcase name="test291" classname="listas.RegressionTest4" time="0"/>
  <testcase name="test291" classname="listas.RegressionTest5" time="0"/>
  <testcase name="test291" classname="listas.RegressionTest6" time="0"/>
  <testcase name="test291" classname="listas.RegressionTest7" time="0"/>
  <testcase name="test291" classname="listas.RegressionTest8" time="0"/>
  <testcase name="test291" classname="listas.RegressionTest9" time="0.001"/>
  <testcase name="test291" classname="listas.RegressionTest10" time="0"/>
  <testcase name="test292" classname="listas.RegressionTest0" time="0"/>
  <testcase name="test292" classname="listas.RegressionTest1" time="0"/>
  <testcase name="test292" classname="listas.RegressionTest2" time="0"/>
  <testcase name="test292" classname="listas.RegressionTest3" time="0"/>
  <testcase name="test292" classname="listas.RegressionTest4" time="0"/>
  <testcase name="test292" classname="listas.RegressionTest5" time="0"/>
  <testcase name="test292" classname="listas.RegressionTest6" time="0"/>
  <testcase name="test292" classname="listas.RegressionTest7" time="0"/>
  <testcase name="test292" classname="listas.RegressionTest8" time="0"/>
  <testcase name="test292" classname="listas.RegressionTest9" time="0"/>
  <testcase name="test292" classname="listas.RegressionTest10" time="0"/>
  <testcase name="test293" classname="listas.RegressionTest0" time="0.001"/>
  <testcase name="test293" classname="listas.RegressionTest1" time="0"/>
  <testcase name="test293" classname="listas.RegressionTest2" time="0"/>
  <testcase name="test293" classname="listas.RegressionTest3" time="0"/>
  <testcase name="test293" classname="listas.RegressionTest4" time="0"/>
  <testcase name="test293" classname="listas.RegressionTest5" time="0"/>
  <testcase name="test293" classname="listas.RegressionTest6" time="0"/>
  <testcase name="test293" classname="listas.RegressionTest7" time="0"/>
  <testcase name="test293" classname="listas.RegressionTest8" time="0"/>
  <testcase name="test293" classname="listas.RegressionTest9" time="0"/>
  <testcase name="test293" classname="listas.RegressionTest10" time="0"/>
  <testcase name="test294" classname="listas.RegressionTest0" time="0"/>
  <testcase name="test294" classname="listas.RegressionTest1" time="0"/>
  <testcase name="test294" classname="listas.RegressionTest2" time="0"/>
  <testcase name="test294" classname="listas.RegressionTest3" time="0"/>
  <testcase name="test294" classname="listas.RegressionTest4" time="0"/>
  <testcase name="test294" classname="listas.RegressionTest5" time="0"/>
  <testcase name="test294" classname="listas.RegressionTest6" time="0"/>
  <testcase name="test294" classname="listas.RegressionTest7" time="0"/>
  <testcase name="test294" classname="listas.RegressionTest8" time="0"/>
  <testcase name="test294" classname="listas.RegressionTest9" time="0"/>
  <testcase name="test294" classname="listas.RegressionTest10" time="0"/>
  <testcase name="test295" classname="listas.RegressionTest0" time="0"/>
  <testcase name="test295" classname="listas.RegressionTest1" time="0"/>
  <testcase name="test295" classname="listas.RegressionTest2" time="0"/>
  <testcase name="test295" classname="listas.RegressionTest3" time="0"/>
  <testcase name="test295" classname="listas.RegressionTest4" time="0"/>
  <testcase name="test295" classname="listas.RegressionTest5" time="0"/>
  <testcase name="test295" classname="listas.RegressionTest6" time="0"/>
  <testcase name="test295" classname="listas.RegressionTest7" time="0"/>
  <testcase name="test295" classname="listas.RegressionTest8" time="0"/>
  <testcase name="test295" classname="listas.RegressionTest9" time="0"/>
  <testcase name="test295" classname="listas.RegressionTest10" time="0"/>
  <testcase name="test296" classname="listas.RegressionTest0" time="0"/>
  <testcase name="test296" classname="listas.RegressionTest1" time="0"/>
  <testcase name="test296" classname="listas.RegressionTest2" time="0"/>
  <testcase name="test296" classname="listas.RegressionTest3" time="0"/>
  <testcase name="test296" classname="listas.RegressionTest4" time="0"/>
  <testcase name="test296" classname="listas.RegressionTest5" time="0"/>
  <testcase name="test296" classname="listas.RegressionTest6" time="0"/>
  <testcase name="test296" classname="listas.RegressionTest7" time="0"/>
  <testcase name="test296" classname="listas.RegressionTest8" time="0.001"/>
  <testcase name="test296" classname="listas.RegressionTest9" time="0"/>
  <testcase name="test296" classname="listas.RegressionTest10" time="0"/>
  <testcase name="test297" classname="listas.RegressionTest0" time="0"/>
  <testcase name="test297" classname="listas.RegressionTest1" time="0"/>
  <testcase name="test297" classname="listas.RegressionTest2" time="0"/>
  <testcase name="test297" classname="listas.RegressionTest3" time="0"/>
  <testcase name="test297" classname="listas.RegressionTest4" time="0"/>
  <testcase name="test297" classname="listas.RegressionTest5" time="0"/>
  <testcase name="test297" classname="listas.RegressionTest6" time="0"/>
  <testcase name="test297" classname="listas.RegressionTest7" time="0"/>
  <testcase name="test297" classname="listas.RegressionTest8" time="0"/>
  <testcase name="test297" classname="listas.RegressionTest9" time="0"/>
  <testcase name="test297" classname="listas.RegressionTest10" time="0"/>
  <testcase name="test298" classname="listas.RegressionTest0" time="0"/>
  <testcase name="test298" classname="listas.RegressionTest1" time="0"/>
  <testcase name="test298" classname="listas.RegressionTest2" time="0"/>
  <testcase name="test298" classname="listas.RegressionTest3" time="0"/>
  <testcase name="test298" classname="listas.RegressionTest4" time="0"/>
  <testcase name="test298" classname="listas.RegressionTest5" time="0"/>
  <testcase name="test298" classname="listas.RegressionTest6" time="0"/>
  <testcase name="test298" classname="listas.RegressionTest7" time="0"/>
  <testcase name="test298" classname="listas.RegressionTest8" time="0"/>
  <testcase name="test298" classname="listas.RegressionTest9" time="0"/>
  <testcase name="test298" classname="listas.RegressionTest10" time="0"/>
  <testcase name="test299" classname="listas.RegressionTest0" time="0"/>
  <testcase name="test299" classname="listas.RegressionTest1" time="0"/>
  <testcase name="test299" classname="listas.RegressionTest2" time="0"/>
  <testcase name="test299" classname="listas.RegressionTest3" time="0"/>
  <testcase name="test299" classname="listas.RegressionTest4" time="0"/>
  <testcase name="test299" classname="listas.RegressionTest5" time="0"/>
  <testcase name="test299" classname="listas.RegressionTest6" time="0"/>
  <testcase name="test299" classname="listas.RegressionTest7" time="0"/>
  <testcase name="test299" classname="listas.RegressionTest8" time="0"/>
  <testcase name="test299" classname="listas.RegressionTest9" time="0"/>
  <testcase name="test299" classname="listas.RegressionTest10" time="0"/>
  <testcase name="test300" classname="listas.RegressionTest0" time="0"/>
  <testcase name="test300" classname="listas.RegressionTest1" time="0"/>
  <testcase name="test300" classname="listas.RegressionTest2" time="0"/>
  <testcase name="test300" classname="listas.RegressionTest3" time="0"/>
  <testcase name="test300" classname="listas.RegressionTest4" time="0"/>
  <testcase name="test300" classname="listas.RegressionTest5" time="0"/>
  <testcase name="test300" classname="listas.RegressionTest6" time="0"/>
  <testcase name="test300" classname="listas.RegressionTest7" time="0"/>
  <testcase name="test300" classname="listas.RegressionTest8" time="0"/>
  <testcase name="test300" classname="listas.RegressionTest9" time="0"/>
  <testcase name="test300" classname="listas.RegressionTest10" time="0"/>
  <testcase name="test301" classname="listas.RegressionTest0" time="0"/>
  <testcase name="test301" classname="listas.RegressionTest1" time="0"/>
  <testcase name="test301" classname="listas.RegressionTest2" time="0"/>
  <testcase name="test301" classname="listas.RegressionTest3" time="0"/>
  <testcase name="test301" classname="listas.RegressionTest4" time="0"/>
  <testcase name="test301" classname="listas.RegressionTest5" time="0"/>
  <testcase name="test301" classname="listas.RegressionTest6" time="0"/>
  <testcase name="test301" classname="listas.RegressionTest7" time="0"/>
  <testcase name="test301" classname="listas.RegressionTest8" time="0"/>
  <testcase name="test301" classname="listas.RegressionTest9" time="0"/>
  <testcase name="test301" classname="listas.RegressionTest10" time="0"/>
  <testcase name="test302" classname="listas.RegressionTest0" time="0"/>
  <testcase name="test302" classname="listas.RegressionTest1" time="0"/>
  <testcase name="test302" classname="listas.RegressionTest2" time="0"/>
  <testcase name="test302" classname="listas.RegressionTest3" time="0"/>
  <testcase name="test302" classname="listas.RegressionTest4" time="0"/>
  <testcase name="test302" classname="listas.RegressionTest5" time="0"/>
  <testcase name="test302" classname="listas.RegressionTest6" time="0"/>
  <testcase name="test302" classname="listas.RegressionTest7" time="0"/>
  <testcase name="test302" classname="listas.RegressionTest8" time="0"/>
  <testcase name="test302" classname="listas.RegressionTest9" time="0"/>
  <testcase name="test302" classname="listas.RegressionTest10" time="0"/>
  <testcase name="test303" classname="listas.RegressionTest0" time="0"/>
  <testcase name="test303" classname="listas.RegressionTest1" time="0"/>
  <testcase name="test303" classname="listas.RegressionTest2" time="0"/>
  <testcase name="test303" classname="listas.RegressionTest3" time="0"/>
  <testcase name="test303" classname="listas.RegressionTest4" time="0.001"/>
  <testcase name="test303" classname="listas.RegressionTest5" time="0"/>
  <testcase name="test303" classname="listas.RegressionTest6" time="0.001"/>
  <testcase name="test303" classname="listas.RegressionTest7" time="0"/>
  <testcase name="test303" classname="listas.RegressionTest8" time="0"/>
  <testcase name="test303" classname="listas.RegressionTest9" time="0"/>
  <testcase name="test303" classname="listas.RegressionTest10" time="0"/>
  <testcase name="test304" classname="listas.RegressionTest0" time="0"/>
  <testcase name="test304" classname="listas.RegressionTest1" time="0"/>
  <testcase name="test304" classname="listas.RegressionTest2" time="0"/>
  <testcase name="test304" classname="listas.RegressionTest3" time="0"/>
  <testcase name="test304" classname="listas.RegressionTest4" time="0"/>
  <testcase name="test304" classname="listas.RegressionTest5" time="0"/>
  <testcase name="test304" classname="listas.RegressionTest6" time="0"/>
  <testcase name="test304" classname="listas.RegressionTest7" time="0"/>
  <testcase name="test304" classname="listas.RegressionTest8" time="0"/>
  <testcase name="test304" classname="listas.RegressionTest9" time="0"/>
  <testcase name="test304" classname="listas.RegressionTest10" time="0"/>
  <testcase name="test305" classname="listas.RegressionTest0" time="0"/>
  <testcase name="test305" classname="listas.RegressionTest1" time="0"/>
  <testcase name="test305" classname="listas.RegressionTest2" time="0.001"/>
  <testcase name="test305" classname="listas.RegressionTest3" time="0"/>
  <testcase name="test305" classname="listas.RegressionTest4" time="0"/>
  <testcase name="test305" classname="listas.RegressionTest5" time="0"/>
  <testcase name="test305" classname="listas.RegressionTest6" time="0"/>
  <testcase name="test305" classname="listas.RegressionTest7" time="0"/>
  <testcase name="test305" classname="listas.RegressionTest8" time="0"/>
  <testcase name="test305" classname="listas.RegressionTest9" time="0"/>
  <testcase name="test305" classname="listas.RegressionTest10" time="0"/>
  <testcase name="test306" classname="listas.RegressionTest0" time="0.001"/>
  <testcase name="test306" classname="listas.RegressionTest1" time="0"/>
  <testcase name="test306" classname="listas.RegressionTest2" time="0"/>
  <testcase name="test306" classname="listas.RegressionTest3" time="0"/>
  <testcase name="test306" classname="listas.RegressionTest4" time="0"/>
  <testcase name="test306" classname="listas.RegressionTest5" time="0"/>
  <testcase name="test306" classname="listas.RegressionTest6" time="0"/>
  <testcase name="test306" classname="listas.RegressionTest7" time="0"/>
  <testcase name="test306" classname="listas.RegressionTest8" time="0"/>
  <testcase name="test306" classname="listas.RegressionTest9" time="0"/>
  <testcase name="test306" classname="listas.RegressionTest10" time="0"/>
  <testcase name="test307" classname="listas.RegressionTest0" time="0"/>
  <testcase name="test307" classname="listas.RegressionTest1" time="0"/>
  <testcase name="test307" classname="listas.RegressionTest2" time="0"/>
  <testcase name="test307" classname="listas.RegressionTest3" time="0"/>
  <testcase name="test307" classname="listas.RegressionTest4" time="0"/>
  <testcase name="test307" classname="listas.RegressionTest5" time="0"/>
  <testcase name="test307" classname="listas.RegressionTest6" time="0"/>
  <testcase name="test307" classname="listas.RegressionTest7" time="0"/>
  <testcase name="test307" classname="listas.RegressionTest8" time="0"/>
  <testcase name="test307" classname="listas.RegressionTest9" time="0"/>
  <testcase name="test307" classname="listas.RegressionTest10" time="0"/>
  <testcase name="test308" classname="listas.RegressionTest0" time="0"/>
  <testcase name="test308" classname="listas.RegressionTest1" time="0"/>
  <testcase name="test308" classname="listas.RegressionTest2" time="0"/>
  <testcase name="test308" classname="listas.RegressionTest3" time="0"/>
  <testcase name="test308" classname="listas.RegressionTest4" time="0"/>
  <testcase name="test308" classname="listas.RegressionTest5" time="0"/>
  <testcase name="test308" classname="listas.RegressionTest6" time="0"/>
  <testcase name="test308" classname="listas.RegressionTest7" time="0"/>
  <testcase name="test308" classname="listas.RegressionTest8" time="0"/>
  <testcase name="test308" classname="listas.RegressionTest9" time="0"/>
  <testcase name="test308" classname="listas.RegressionTest10" time="0.001"/>
  <testcase name="test309" classname="listas.RegressionTest0" time="0"/>
  <testcase name="test309" classname="listas.RegressionTest1" time="0"/>
  <testcase name="test309" classname="listas.RegressionTest2" time="0"/>
  <testcase name="test309" classname="listas.RegressionTest3" time="0"/>
  <testcase name="test309" classname="listas.RegressionTest4" time="0"/>
  <testcase name="test309" classname="listas.RegressionTest5" time="0"/>
  <testcase name="test309" classname="listas.RegressionTest6" time="0"/>
  <testcase name="test309" classname="listas.RegressionTest7" time="0"/>
  <testcase name="test309" classname="listas.RegressionTest8" time="0"/>
  <testcase name="test309" classname="listas.RegressionTest9" time="0"/>
  <testcase name="test309" classname="listas.RegressionTest10" time="0"/>
  <testcase name="test310" classname="listas.RegressionTest0" time="0"/>
  <testcase name="test310" classname="listas.RegressionTest1" time="0"/>
  <testcase name="test310" classname="listas.RegressionTest2" time="0"/>
  <testcase name="test310" classname="listas.RegressionTest3" time="0"/>
  <testcase name="test310" classname="listas.RegressionTest4" time="0"/>
  <testcase name="test310" classname="listas.RegressionTest5" time="0"/>
  <testcase name="test310" classname="listas.RegressionTest6" time="0"/>
  <testcase name="test310" classname="listas.RegressionTest7" time="0"/>
  <testcase name="test310" classname="listas.RegressionTest8" time="0"/>
  <testcase name="test310" classname="listas.RegressionTest9" time="0.001"/>
  <testcase name="test310" classname="listas.RegressionTest10" time="0"/>
  <testcase name="test311" classname="listas.RegressionTest0" time="0"/>
  <testcase name="test311" classname="listas.RegressionTest1" time="0"/>
  <testcase name="test311" classname="listas.RegressionTest2" time="0"/>
  <testcase name="test311" classname="listas.RegressionTest3" time="0.001"/>
  <testcase name="test311" classname="listas.RegressionTest4" time="0"/>
  <testcase name="test311" classname="listas.RegressionTest5" time="0"/>
  <testcase name="test311" classname="listas.RegressionTest6" time="0"/>
  <testcase name="test311" classname="listas.RegressionTest7" time="0"/>
  <testcase name="test311" classname="listas.RegressionTest8" time="0"/>
  <testcase name="test311" classname="listas.RegressionTest9" time="0"/>
  <testcase name="test311" classname="listas.RegressionTest10" time="0"/>
  <testcase name="test312" classname="listas.RegressionTest0" time="0"/>
  <testcase name="test312" classname="listas.RegressionTest1" time="0"/>
  <testcase name="test312" classname="listas.RegressionTest2" time="0"/>
  <testcase name="test312" classname="listas.RegressionTest3" time="0"/>
  <testcase name="test312" classname="listas.RegressionTest4" time="0"/>
  <testcase name="test312" classname="listas.RegressionTest5" time="0"/>
  <testcase name="test312" classname="listas.RegressionTest6" time="0"/>
  <testcase name="test312" classname="listas.RegressionTest7" time="0"/>
  <testcase name="test312" classname="listas.RegressionTest8" time="0"/>
  <testcase name="test312" classname="listas.RegressionTest9" time="0"/>
  <testcase name="test312" classname="listas.RegressionTest10" time="0"/>
  <testcase name="test313" classname="listas.RegressionTest0" time="0.001"/>
  <testcase name="test313" classname="listas.RegressionTest1" time="0"/>
  <testcase name="test313" classname="listas.RegressionTest2" time="0"/>
  <testcase name="test313" classname="listas.RegressionTest3" time="0"/>
  <testcase name="test313" classname="listas.RegressionTest4" time="0"/>
  <testcase name="test313" classname="listas.RegressionTest5" time="0"/>
  <testcase name="test313" classname="listas.RegressionTest6" time="0"/>
  <testcase name="test313" classname="listas.RegressionTest7" time="0"/>
  <testcase name="test313" classname="listas.RegressionTest8" time="0"/>
  <testcase name="test313" classname="listas.RegressionTest9" time="0"/>
  <testcase name="test313" classname="listas.RegressionTest10" time="0"/>
  <testcase name="test314" classname="listas.RegressionTest0" time="0"/>
  <testcase name="test314" classname="listas.RegressionTest1" time="0"/>
  <testcase name="test314" classname="listas.RegressionTest2" time="0"/>
  <testcase name="test314" classname="listas.RegressionTest3" time="0"/>
  <testcase name="test314" classname="listas.RegressionTest4" time="0"/>
  <testcase name="test314" classname="listas.RegressionTest5" time="0"/>
  <testcase name="test314" classname="listas.RegressionTest6" time="0"/>
  <testcase name="test314" classname="listas.RegressionTest7" time="0"/>
  <testcase name="test314" classname="listas.RegressionTest8" time="0"/>
  <testcase name="test314" classname="listas.RegressionTest9" time="0"/>
  <testcase name="test314" classname="listas.RegressionTest10" time="0"/>
  <testcase name="test315" classname="listas.RegressionTest0" time="0"/>
  <testcase name="test315" classname="listas.RegressionTest1" time="0"/>
  <testcase name="test315" classname="listas.RegressionTest2" time="0"/>
  <testcase name="test315" classname="listas.RegressionTest3" time="0"/>
  <testcase name="test315" classname="listas.RegressionTest4" time="0"/>
  <testcase name="test315" classname="listas.RegressionTest5" time="0"/>
  <testcase name="test315" classname="listas.RegressionTest6" time="0"/>
  <testcase name="test315" classname="listas.RegressionTest7" time="0"/>
  <testcase name="test315" classname="listas.RegressionTest8" time="0"/>
  <testcase name="test315" classname="listas.RegressionTest9" time="0"/>
  <testcase name="test315" classname="listas.RegressionTest10" time="0"/>
  <testcase name="test316" classname="listas.RegressionTest0" time="0"/>
  <testcase name="test316" classname="listas.RegressionTest1" time="0"/>
  <testcase name="test316" classname="listas.RegressionTest2" time="0"/>
  <testcase name="test316" classname="listas.RegressionTest3" time="0"/>
  <testcase name="test316" classname="listas.RegressionTest4" time="0"/>
  <testcase name="test316" classname="listas.RegressionTest5" time="0"/>
  <testcase name="test316" classname="listas.RegressionTest6" time="0"/>
  <testcase name="test316" classname="listas.RegressionTest7" time="0"/>
  <testcase name="test316" classname="listas.RegressionTest8" time="0"/>
  <testcase name="test316" classname="listas.RegressionTest9" time="0"/>
  <testcase name="test316" classname="listas.RegressionTest10" time="0"/>
  <testcase name="test317" classname="listas.RegressionTest0" time="0"/>
  <testcase name="test317" classname="listas.RegressionTest1" time="0"/>
  <testcase name="test317" classname="listas.RegressionTest2" time="0"/>
  <testcase name="test317" classname="listas.RegressionTest3" time="0"/>
  <testcase name="test317" classname="listas.RegressionTest4" time="0"/>
  <testcase name="test317" classname="listas.RegressionTest5" time="0"/>
  <testcase name="test317" classname="listas.RegressionTest6" time="0"/>
  <testcase name="test317" classname="listas.RegressionTest7" time="0"/>
  <testcase name="test317" classname="listas.RegressionTest8" time="0"/>
  <testcase name="test317" classname="listas.RegressionTest9" time="0"/>
  <testcase name="test317" classname="listas.RegressionTest10" time="0"/>
  <testcase name="test318" classname="listas.RegressionTest0" time="0"/>
  <testcase name="test318" classname="listas.RegressionTest1" time="0"/>
  <testcase name="test318" classname="listas.RegressionTest2" time="0"/>
  <testcase name="test318" classname="listas.RegressionTest3" time="0"/>
  <testcase name="test318" classname="listas.RegressionTest4" time="0"/>
  <testcase name="test318" classname="listas.RegressionTest5" time="0"/>
  <testcase name="test318" classname="listas.RegressionTest6" time="0"/>
  <testcase name="test318" classname="listas.RegressionTest7" time="0"/>
  <testcase name="test318" classname="listas.RegressionTest8" time="0"/>
  <testcase name="test318" classname="listas.RegressionTest9" time="0"/>
  <testcase name="test318" classname="listas.RegressionTest10" time="0"/>
  <testcase name="test319" classname="listas.RegressionTest0" time="0"/>
  <testcase name="test319" classname="listas.RegressionTest1" time="0"/>
  <testcase name="test319" classname="listas.RegressionTest2" time="0.001"/>
  <testcase name="test319" classname="listas.RegressionTest3" time="0"/>
  <testcase name="test319" classname="listas.RegressionTest4" time="0"/>
  <testcase name="test319" classname="listas.RegressionTest5" time="0.001"/>
  <testcase name="test319" classname="listas.RegressionTest6" time="0"/>
  <testcase name="test319" classname="listas.RegressionTest7" time="0"/>
  <testcase name="test319" classname="listas.RegressionTest8" time="0"/>
  <testcase name="test319" classname="listas.RegressionTest9" time="0"/>
  <testcase name="test319" classname="listas.RegressionTest10" time="0"/>
  <testcase name="test320" classname="listas.RegressionTest0" time="0.001"/>
  <testcase name="test320" classname="listas.RegressionTest1" time="0"/>
  <testcase name="test320" classname="listas.RegressionTest2" time="0"/>
  <testcase name="test320" classname="listas.RegressionTest3" time="0"/>
  <testcase name="test320" classname="listas.RegressionTest4" time="0.001"/>
  <testcase name="test320" classname="listas.RegressionTest5" time="0"/>
  <testcase name="test320" classname="listas.RegressionTest6" time="0"/>
  <testcase name="test320" classname="listas.RegressionTest7" time="0"/>
  <testcase name="test320" classname="listas.RegressionTest8" time="0"/>
  <testcase name="test320" classname="listas.RegressionTest9" time="0"/>
  <testcase name="test320" classname="listas.RegressionTest10" time="0"/>
  <testcase name="test321" classname="listas.RegressionTest0" time="0"/>
  <testcase name="test321" classname="listas.RegressionTest1" time="0"/>
  <testcase name="test321" classname="listas.RegressionTest2" time="0"/>
  <testcase name="test321" classname="listas.RegressionTest3" time="0"/>
  <testcase name="test321" classname="listas.RegressionTest4" time="0"/>
  <testcase name="test321" classname="listas.RegressionTest5" time="0"/>
  <testcase name="test321" classname="listas.RegressionTest6" time="0"/>
  <testcase name="test321" classname="listas.RegressionTest7" time="0"/>
  <testcase name="test321" classname="listas.RegressionTest8" time="0"/>
  <testcase name="test321" classname="listas.RegressionTest9" time="0"/>
  <testcase name="test321" classname="listas.RegressionTest10" time="0"/>
  <testcase name="test322" classname="listas.RegressionTest0" time="0"/>
  <testcase name="test322" classname="listas.RegressionTest1" time="0"/>
  <testcase name="test322" classname="listas.RegressionTest2" time="0"/>
  <testcase name="test322" classname="listas.RegressionTest3" time="0"/>
  <testcase name="test322" classname="listas.RegressionTest4" time="0"/>
  <testcase name="test322" classname="listas.RegressionTest5" time="0"/>
  <testcase name="test322" classname="listas.RegressionTest6" time="0"/>
  <testcase name="test322" classname="listas.RegressionTest7" time="0"/>
  <testcase name="test322" classname="listas.RegressionTest8" time="0"/>
  <testcase name="test322" classname="listas.RegressionTest9" time="0"/>
  <testcase name="test322" classname="listas.RegressionTest10" time="0"/>
  <testcase name="test323" classname="listas.RegressionTest0" time="0"/>
  <testcase name="test323" classname="listas.RegressionTest1" time="0"/>
  <testcase name="test323" classname="listas.RegressionTest2" time="0"/>
  <testcase name="test323" classname="listas.RegressionTest3" time="0"/>
  <testcase name="test323" classname="listas.RegressionTest4" time="0"/>
  <testcase name="test323" classname="listas.RegressionTest5" time="0"/>
  <testcase name="test323" classname="listas.RegressionTest6" time="0"/>
  <testcase name="test323" classname="listas.RegressionTest7" time="0"/>
  <testcase name="test323" classname="listas.RegressionTest8" time="0"/>
  <testcase name="test323" classname="listas.RegressionTest9" time="0"/>
  <testcase name="test323" classname="listas.RegressionTest10" time="0"/>
  <testcase name="test324" classname="listas.RegressionTest0" time="0"/>
  <testcase name="test324" classname="listas.RegressionTest1" time="0"/>
  <testcase name="test324" classname="listas.RegressionTest2" time="0"/>
  <testcase name="test324" classname="listas.RegressionTest3" time="0"/>
  <testcase name="test324" classname="listas.RegressionTest4" time="0"/>
  <testcase name="test324" classname="listas.RegressionTest5" time="0"/>
  <testcase name="test324" classname="listas.RegressionTest6" time="0"/>
  <testcase name="test324" classname="listas.RegressionTest7" time="0"/>
  <testcase name="test324" classname="listas.RegressionTest8" time="0"/>
  <testcase name="test324" classname="listas.RegressionTest9" time="0"/>
  <testcase name="test324" classname="listas.RegressionTest10" time="0"/>
  <testcase name="test325" classname="listas.RegressionTest0" time="0"/>
  <testcase name="test325" classname="listas.RegressionTest1" time="0"/>
  <testcase name="test325" classname="listas.RegressionTest2" time="0"/>
  <testcase name="test325" classname="listas.RegressionTest3" time="0"/>
  <testcase name="test325" classname="listas.RegressionTest4" time="0"/>
  <testcase name="test325" classname="listas.RegressionTest5" time="0"/>
  <testcase name="test325" classname="listas.RegressionTest6" time="0"/>
  <testcase name="test325" classname="listas.RegressionTest7" time="0"/>
  <testcase name="test325" classname="listas.RegressionTest8" time="0"/>
  <testcase name="test325" classname="listas.RegressionTest9" time="0"/>
  <testcase name="test325" classname="listas.RegressionTest10" time="0"/>
  <testcase name="test326" classname="listas.RegressionTest0" time="0"/>
  <testcase name="test326" classname="listas.RegressionTest1" time="0"/>
  <testcase name="test326" classname="listas.RegressionTest2" time="0"/>
  <testcase name="test326" classname="listas.RegressionTest3" time="0"/>
  <testcase name="test326" classname="listas.RegressionTest4" time="0"/>
  <testcase name="test326" classname="listas.RegressionTest5" time="0"/>
  <testcase name="test326" classname="listas.RegressionTest6" time="0"/>
  <testcase name="test326" classname="listas.RegressionTest7" time="0"/>
  <testcase name="test326" classname="listas.RegressionTest8" time="0"/>
  <testcase name="test326" classname="listas.RegressionTest9" time="0"/>
  <testcase name="test326" classname="listas.RegressionTest10" time="0"/>
  <testcase name="test327" classname="listas.RegressionTest0" time="0"/>
  <testcase name="test327" classname="listas.RegressionTest1" time="0"/>
  <testcase name="test327" classname="listas.RegressionTest2" time="0"/>
  <testcase name="test327" classname="listas.RegressionTest3" time="0"/>
  <testcase name="test327" classname="listas.RegressionTest4" time="0"/>
  <testcase name="test327" classname="listas.RegressionTest5" time="0"/>
  <testcase name="test327" classname="listas.RegressionTest6" time="0"/>
  <testcase name="test327" classname="listas.RegressionTest7" time="0"/>
  <testcase name="test327" classname="listas.RegressionTest8" time="0"/>
  <testcase name="test327" classname="listas.RegressionTest9" time="0"/>
  <testcase name="test327" classname="listas.RegressionTest10" time="0"/>
  <testcase name="test328" classname="listas.RegressionTest0" time="0"/>
  <testcase name="test328" classname="listas.RegressionTest1" time="0"/>
  <testcase name="test328" classname="listas.RegressionTest2" time="0"/>
  <testcase name="test328" classname="listas.RegressionTest3" time="0"/>
  <testcase name="test328" classname="listas.RegressionTest4" time="0"/>
  <testcase name="test328" classname="listas.RegressionTest5" time="0"/>
  <testcase name="test328" classname="listas.RegressionTest6" time="0"/>
  <testcase name="test328" classname="listas.RegressionTest7" time="0"/>
  <testcase name="test328" classname="listas.RegressionTest8" time="0"/>
  <testcase name="test328" classname="listas.RegressionTest9" time="0"/>
  <testcase name="test328" classname="listas.RegressionTest10" time="0"/>
  <testcase name="test329" classname="listas.RegressionTest0" time="0"/>
  <testcase name="test329" classname="listas.RegressionTest1" time="0"/>
  <testcase name="test329" classname="listas.RegressionTest2" time="0"/>
  <testcase name="test329" classname="listas.RegressionTest3" time="0"/>
  <testcase name="test329" classname="listas.RegressionTest4" time="0"/>
  <testcase name="test329" classname="listas.RegressionTest5" time="0"/>
  <testcase name="test329" classname="listas.RegressionTest6" time="0"/>
  <testcase name="test329" classname="listas.RegressionTest7" time="0"/>
  <testcase name="test329" classname="listas.RegressionTest8" time="0"/>
  <testcase name="test329" classname="listas.RegressionTest9" time="0"/>
  <testcase name="test329" classname="listas.RegressionTest10" time="0"/>
  <testcase name="test330" classname="listas.RegressionTest0" time="0"/>
  <testcase name="test330" classname="listas.RegressionTest1" time="0"/>
  <testcase name="test330" classname="listas.RegressionTest2" time="0"/>
  <testcase name="test330" classname="listas.RegressionTest3" time="0"/>
  <testcase name="test330" classname="listas.RegressionTest4" time="0"/>
  <testcase name="test330" classname="listas.RegressionTest5" time="0"/>
  <testcase name="test330" classname="listas.RegressionTest6" time="0"/>
  <testcase name="test330" classname="listas.RegressionTest7" time="0"/>
  <testcase name="test330" classname="listas.RegressionTest8" time="0"/>
  <testcase name="test330" classname="listas.RegressionTest9" time="0"/>
  <testcase name="test330" classname="listas.RegressionTest10" time="0"/>
  <testcase name="test331" classname="listas.RegressionTest0" time="0"/>
  <testcase name="test331" classname="listas.RegressionTest1" time="0"/>
  <testcase name="test331" classname="listas.RegressionTest2" time="0"/>
  <testcase name="test331" classname="listas.RegressionTest3" time="0"/>
  <testcase name="test331" classname="listas.RegressionTest4" time="0"/>
  <testcase name="test331" classname="listas.RegressionTest5" time="0"/>
  <testcase name="test331" classname="listas.RegressionTest6" time="0"/>
  <testcase name="test331" classname="listas.RegressionTest7" time="0"/>
  <testcase name="test331" classname="listas.RegressionTest8" time="0"/>
  <testcase name="test331" classname="listas.RegressionTest9" time="0"/>
  <testcase name="test331" classname="listas.RegressionTest10" time="0"/>
  <testcase name="test332" classname="listas.RegressionTest0" time="0"/>
  <testcase name="test332" classname="listas.RegressionTest1" time="0"/>
  <testcase name="test332" classname="listas.RegressionTest2" time="0"/>
  <testcase name="test332" classname="listas.RegressionTest3" time="0"/>
  <testcase name="test332" classname="listas.RegressionTest4" time="0"/>
  <testcase name="test332" classname="listas.RegressionTest5" time="0"/>
  <testcase name="test332" classname="listas.RegressionTest6" time="0"/>
  <testcase name="test332" classname="listas.RegressionTest7" time="0"/>
  <testcase name="test332" classname="listas.RegressionTest8" time="0"/>
  <testcase name="test332" classname="listas.RegressionTest9" time="0"/>
  <testcase name="test332" classname="listas.RegressionTest10" time="0"/>
  <testcase name="test333" classname="listas.RegressionTest0" time="0"/>
  <testcase name="test333" classname="listas.RegressionTest1" time="0.001"/>
  <testcase name="test333" classname="listas.RegressionTest2" time="0"/>
  <testcase name="test333" classname="listas.RegressionTest3" time="0"/>
  <testcase name="test333" classname="listas.RegressionTest4" time="0"/>
  <testcase name="test333" classname="listas.RegressionTest5" time="0"/>
  <testcase name="test333" classname="listas.RegressionTest6" time="0"/>
  <testcase name="test333" classname="listas.RegressionTest7" time="0"/>
  <testcase name="test333" classname="listas.RegressionTest8" time="0"/>
  <testcase name="test333" classname="listas.RegressionTest9" time="0"/>
  <testcase name="test333" classname="listas.RegressionTest10" time="0"/>
  <testcase name="test334" classname="listas.RegressionTest0" time="0"/>
  <testcase name="test334" classname="listas.RegressionTest1" time="0"/>
  <testcase name="test334" classname="listas.RegressionTest2" time="0"/>
  <testcase name="test334" classname="listas.RegressionTest3" time="0"/>
  <testcase name="test334" classname="listas.RegressionTest4" time="0"/>
  <testcase name="test334" classname="listas.RegressionTest5" time="0"/>
  <testcase name="test334" classname="listas.RegressionTest6" time="0"/>
  <testcase name="test334" classname="listas.RegressionTest7" time="0"/>
  <testcase name="test334" classname="listas.RegressionTest8" time="0"/>
  <testcase name="test334" classname="listas.RegressionTest9" time="0"/>
  <testcase name="test334" classname="listas.RegressionTest10" time="0"/>
  <testcase name="test335" classname="listas.RegressionTest0" time="0"/>
  <testcase name="test335" classname="listas.RegressionTest1" time="0"/>
  <testcase name="test335" classname="listas.RegressionTest2" time="0"/>
  <testcase name="test335" classname="listas.RegressionTest3" time="0"/>
  <testcase name="test335" classname="listas.RegressionTest4" time="0"/>
  <testcase name="test335" classname="listas.RegressionTest5" time="0"/>
  <testcase name="test335" classname="listas.RegressionTest6" time="0"/>
  <testcase name="test335" classname="listas.RegressionTest7" time="0"/>
  <testcase name="test335" classname="listas.RegressionTest8" time="0"/>
  <testcase name="test335" classname="listas.RegressionTest9" time="0"/>
  <testcase name="test335" classname="listas.RegressionTest10" time="0"/>
  <testcase name="test336" classname="listas.RegressionTest0" time="0"/>
  <testcase name="test336" classname="listas.RegressionTest1" time="0"/>
  <testcase name="test336" classname="listas.RegressionTest2" time="0"/>
  <testcase name="test336" classname="listas.RegressionTest3" time="0"/>
  <testcase name="test336" classname="listas.RegressionTest4" time="0"/>
  <testcase name="test336" classname="listas.RegressionTest5" time="0"/>
  <testcase name="test336" classname="listas.RegressionTest6" time="0"/>
  <testcase name="test336" classname="listas.RegressionTest7" time="0"/>
  <testcase name="test336" classname="listas.RegressionTest8" time="0"/>
  <testcase name="test336" classname="listas.RegressionTest9" time="0"/>
  <testcase name="test336" classname="listas.RegressionTest10" time="0"/>
  <testcase name="test337" classname="listas.RegressionTest0" time="0"/>
  <testcase name="test337" classname="listas.RegressionTest1" time="0"/>
  <testcase name="test337" classname="listas.RegressionTest2" time="0"/>
  <testcase name="test337" classname="listas.RegressionTest3" time="0"/>
  <testcase name="test337" classname="listas.RegressionTest4" time="0"/>
  <testcase name="test337" classname="listas.RegressionTest5" time="0.001"/>
  <testcase name="test337" classname="listas.RegressionTest6" time="0"/>
  <testcase name="test337" classname="listas.RegressionTest7" time="0"/>
  <testcase name="test337" classname="listas.RegressionTest8" time="0"/>
  <testcase name="test337" classname="listas.RegressionTest9" time="0"/>
  <testcase name="test337" classname="listas.RegressionTest10" time="0"/>
  <testcase name="test338" classname="listas.RegressionTest0" time="0"/>
  <testcase name="test338" classname="listas.RegressionTest1" time="0"/>
  <testcase name="test338" classname="listas.RegressionTest2" time="0"/>
  <testcase name="test338" classname="listas.RegressionTest3" time="0"/>
  <testcase name="test338" classname="listas.RegressionTest4" time="0"/>
  <testcase name="test338" classname="listas.RegressionTest5" time="0"/>
  <testcase name="test338" classname="listas.RegressionTest6" time="0"/>
  <testcase name="test338" classname="listas.RegressionTest7" time="0"/>
  <testcase name="test338" classname="listas.RegressionTest8" time="0"/>
  <testcase name="test338" classname="listas.RegressionTest9" time="0"/>
  <testcase name="test338" classname="listas.RegressionTest10" time="0"/>
  <testcase name="test339" classname="listas.RegressionTest0" time="0"/>
  <testcase name="test339" classname="listas.RegressionTest1" time="0"/>
  <testcase name="test339" classname="listas.RegressionTest2" time="0"/>
  <testcase name="test339" classname="listas.RegressionTest3" time="0"/>
  <testcase name="test339" classname="listas.RegressionTest4" time="0"/>
  <testcase name="test339" classname="listas.RegressionTest5" time="0"/>
  <testcase name="test339" classname="listas.RegressionTest6" time="0"/>
  <testcase name="test339" classname="listas.RegressionTest7" time="0"/>
  <testcase name="test339" classname="listas.RegressionTest8" time="0"/>
  <testcase name="test339" classname="listas.RegressionTest9" time="0"/>
  <testcase name="test339" classname="listas.RegressionTest10" time="0"/>
  <testcase name="test340" classname="listas.RegressionTest0" time="0"/>
  <testcase name="test340" classname="listas.RegressionTest1" time="0"/>
  <testcase name="test340" classname="listas.RegressionTest2" time="0"/>
  <testcase name="test340" classname="listas.RegressionTest3" time="0"/>
  <testcase name="test340" classname="listas.RegressionTest4" time="0"/>
  <testcase name="test340" classname="listas.RegressionTest5" time="0"/>
  <testcase name="test340" classname="listas.RegressionTest6" time="0"/>
  <testcase name="test340" classname="listas.RegressionTest7" time="0"/>
  <testcase name="test340" classname="listas.RegressionTest8" time="0"/>
  <testcase name="test340" classname="listas.RegressionTest9" time="0"/>
  <testcase name="test340" classname="listas.RegressionTest10" time="0"/>
  <testcase name="test341" classname="listas.RegressionTest0" time="0"/>
  <testcase name="test341" classname="listas.RegressionTest1" time="0"/>
  <testcase name="test341" classname="listas.RegressionTest2" time="0"/>
  <testcase name="test341" classname="listas.RegressionTest3" time="0"/>
  <testcase name="test341" classname="listas.RegressionTest4" time="0"/>
  <testcase name="test341" classname="listas.RegressionTest5" time="0"/>
  <testcase name="test341" classname="listas.RegressionTest6" time="0"/>
  <testcase name="test341" classname="listas.RegressionTest7" time="0"/>
  <testcase name="test341" classname="listas.RegressionTest8" time="0"/>
  <testcase name="test341" classname="listas.RegressionTest9" time="0"/>
  <testcase name="test341" classname="listas.RegressionTest10" time="0"/>
  <testcase name="test342" classname="listas.RegressionTest0" time="0"/>
  <testcase name="test342" classname="listas.RegressionTest1" time="0"/>
  <testcase name="test342" classname="listas.RegressionTest2" time="0"/>
  <testcase name="test342" classname="listas.RegressionTest3" time="0"/>
  <testcase name="test342" classname="listas.RegressionTest4" time="0"/>
  <testcase name="test342" classname="listas.RegressionTest5" time="0"/>
  <testcase name="test342" classname="listas.RegressionTest6" time="0"/>
  <testcase name="test342" classname="listas.RegressionTest7" time="0"/>
  <testcase name="test342" classname="listas.RegressionTest8" time="0"/>
  <testcase name="test342" classname="listas.RegressionTest9" time="0"/>
  <testcase name="test342" classname="listas.RegressionTest10" time="0"/>
  <testcase name="test343" classname="listas.RegressionTest0" time="0"/>
  <testcase name="test343" classname="listas.RegressionTest1" time="0"/>
  <testcase name="test343" classname="listas.RegressionTest2" time="0"/>
  <testcase name="test343" classname="listas.RegressionTest3" time="0"/>
  <testcase name="test343" classname="listas.RegressionTest4" time="0"/>
  <testcase name="test343" classname="listas.RegressionTest5" time="0"/>
  <testcase name="test343" classname="listas.RegressionTest6" time="0"/>
  <testcase name="test343" classname="listas.RegressionTest7" time="0"/>
  <testcase name="test343" classname="listas.RegressionTest8" time="0"/>
  <testcase name="test343" classname="listas.RegressionTest9" time="0"/>
  <testcase name="test343" classname="listas.RegressionTest10" time="0"/>
  <testcase name="test344" classname="listas.RegressionTest0" time="0"/>
  <testcase name="test344" classname="listas.RegressionTest1" time="0"/>
  <testcase name="test344" classname="listas.RegressionTest2" time="0"/>
  <testcase name="test344" classname="listas.RegressionTest3" time="0"/>
  <testcase name="test344" classname="listas.RegressionTest4" time="0"/>
  <testcase name="test344" classname="listas.RegressionTest5" time="0"/>
  <testcase name="test344" classname="listas.RegressionTest6" time="0"/>
  <testcase name="test344" classname="listas.RegressionTest7" time="0"/>
  <testcase name="test344" classname="listas.RegressionTest8" time="0"/>
  <testcase name="test344" classname="listas.RegressionTest9" time="0"/>
  <testcase name="test344" classname="listas.RegressionTest10" time="0"/>
  <testcase name="test345" classname="listas.RegressionTest0" time="0"/>
  <testcase name="test345" classname="listas.RegressionTest1" time="0"/>
  <testcase name="test345" classname="listas.RegressionTest2" time="0"/>
  <testcase name="test345" classname="listas.RegressionTest3" time="0"/>
  <testcase name="test345" classname="listas.RegressionTest4" time="0"/>
  <testcase name="test345" classname="listas.RegressionTest5" time="0"/>
  <testcase name="test345" classname="listas.RegressionTest6" time="0"/>
  <testcase name="test345" classname="listas.RegressionTest7" time="0"/>
  <testcase name="test345" classname="listas.RegressionTest8" time="0"/>
  <testcase name="test345" classname="listas.RegressionTest9" time="0"/>
  <testcase name="test345" classname="listas.RegressionTest10" time="0"/>
  <testcase name="test346" classname="listas.RegressionTest0" time="0"/>
  <testcase name="test346" classname="listas.RegressionTest1" time="0"/>
  <testcase name="test346" classname="listas.RegressionTest2" time="0"/>
  <testcase name="test346" classname="listas.RegressionTest3" time="0"/>
  <testcase name="test346" classname="listas.RegressionTest4" time="0"/>
  <testcase name="test346" classname="listas.RegressionTest5" time="0"/>
  <testcase name="test346" classname="listas.RegressionTest6" time="0"/>
  <testcase name="test346" classname="listas.RegressionTest7" time="0"/>
  <testcase name="test346" classname="listas.RegressionTest8" time="0"/>
  <testcase name="test346" classname="listas.RegressionTest9" time="0"/>
  <testcase name="test346" classname="listas.RegressionTest10" time="0"/>
  <testcase name="test347" classname="listas.RegressionTest0" time="0.001"/>
  <testcase name="test347" classname="listas.RegressionTest1" time="0"/>
  <testcase name="test347" classname="listas.RegressionTest2" time="0"/>
  <testcase name="test347" classname="listas.RegressionTest3" time="0"/>
  <testcase name="test347" classname="listas.RegressionTest4" time="0"/>
  <testcase name="test347" classname="listas.RegressionTest5" time="0"/>
  <testcase name="test347" classname="listas.RegressionTest6" time="0"/>
  <testcase name="test347" classname="listas.RegressionTest7" time="0"/>
  <testcase name="test347" classname="listas.RegressionTest8" time="0"/>
  <testcase name="test347" classname="listas.RegressionTest9" time="0"/>
  <testcase name="test347" classname="listas.RegressionTest10" time="0"/>
  <testcase name="test348" classname="listas.RegressionTest0" time="0"/>
  <testcase name="test348" classname="listas.RegressionTest1" time="0"/>
  <testcase name="test348" classname="listas.RegressionTest2" time="0"/>
  <testcase name="test348" classname="listas.RegressionTest3" time="0"/>
  <testcase name="test348" classname="listas.RegressionTest4" time="0"/>
  <testcase name="test348" classname="listas.RegressionTest5" time="0"/>
  <testcase name="test348" classname="listas.RegressionTest6" time="0"/>
  <testcase name="test348" classname="listas.RegressionTest7" time="0"/>
  <testcase name="test348" classname="listas.RegressionTest8" time="0"/>
  <testcase name="test348" classname="listas.RegressionTest9" time="0"/>
  <testcase name="test348" classname="listas.RegressionTest10" time="0"/>
  <testcase name="test349" classname="listas.RegressionTest0" time="0"/>
  <testcase name="test349" classname="listas.RegressionTest1" time="0"/>
  <testcase name="test349" classname="listas.RegressionTest2" time="0"/>
  <testcase name="test349" classname="listas.RegressionTest3" time="0"/>
  <testcase name="test349" classname="listas.RegressionTest4" time="0"/>
  <testcase name="test349" classname="listas.RegressionTest5" time="0"/>
  <testcase name="test349" classname="listas.RegressionTest6" time="0"/>
  <testcase name="test349" classname="listas.RegressionTest7" time="0"/>
  <testcase name="test349" classname="listas.RegressionTest8" time="0"/>
  <testcase name="test349" classname="listas.RegressionTest9" time="0"/>
  <testcase name="test349" classname="listas.RegressionTest10" time="0"/>
  <testcase name="test350" classname="listas.RegressionTest0" time="0"/>
  <testcase name="test350" classname="listas.RegressionTest1" time="0"/>
  <testcase name="test350" classname="listas.RegressionTest2" time="0"/>
  <testcase name="test350" classname="listas.RegressionTest3" time="0"/>
  <testcase name="test350" classname="listas.RegressionTest4" time="0"/>
  <testcase name="test350" classname="listas.RegressionTest5" time="0"/>
  <testcase name="test350" classname="listas.RegressionTest6" time="0"/>
  <testcase name="test350" classname="listas.RegressionTest7" time="0"/>
  <testcase name="test350" classname="listas.RegressionTest8" time="0"/>
  <testcase name="test350" classname="listas.RegressionTest9" time="0"/>
  <testcase name="test350" classname="listas.RegressionTest10" time="0"/>
  <testcase name="test351" classname="listas.RegressionTest0" time="0"/>
  <testcase name="test351" classname="listas.RegressionTest1" time="0"/>
  <testcase name="test351" classname="listas.RegressionTest2" time="0"/>
  <testcase name="test351" classname="listas.RegressionTest3" time="0"/>
  <testcase name="test351" classname="listas.RegressionTest4" time="0"/>
  <testcase name="test351" classname="listas.RegressionTest5" time="0"/>
  <testcase name="test351" classname="listas.RegressionTest6" time="0"/>
  <testcase name="test351" classname="listas.RegressionTest7" time="0"/>
  <testcase name="test351" classname="listas.RegressionTest8" time="0"/>
  <testcase name="test351" classname="listas.RegressionTest9" time="0"/>
  <testcase name="test351" classname="listas.RegressionTest10" time="0"/>
  <testcase name="test352" classname="listas.RegressionTest0" time="0"/>
  <testcase name="test352" classname="listas.RegressionTest1" time="0"/>
  <testcase name="test352" classname="listas.RegressionTest2" time="0"/>
  <testcase name="test352" classname="listas.RegressionTest3" time="0"/>
  <testcase name="test352" classname="listas.RegressionTest4" time="0"/>
  <testcase name="test352" classname="listas.RegressionTest5" time="0"/>
  <testcase name="test352" classname="listas.RegressionTest6" time="0"/>
  <testcase name="test352" classname="listas.RegressionTest7" time="0"/>
  <testcase name="test352" classname="listas.RegressionTest8" time="0"/>
  <testcase name="test352" classname="listas.RegressionTest9" time="0"/>
  <testcase name="test352" classname="listas.RegressionTest10" time="0"/>
  <testcase name="test353" classname="listas.RegressionTest0" time="0"/>
  <testcase name="test353" classname="listas.RegressionTest1" time="0"/>
  <testcase name="test353" classname="listas.RegressionTest2" time="0"/>
  <testcase name="test353" classname="listas.RegressionTest3" time="0"/>
  <testcase name="test353" classname="listas.RegressionTest4" time="0"/>
  <testcase name="test353" classname="listas.RegressionTest5" time="0"/>
  <testcase name="test353" classname="listas.RegressionTest6" time="0"/>
  <testcase name="test353" classname="listas.RegressionTest7" time="0"/>
  <testcase name="test353" classname="listas.RegressionTest8" time="0"/>
  <testcase name="test353" classname="listas.RegressionTest9" time="0"/>
  <testcase name="test353" classname="listas.RegressionTest10" time="0"/>
  <testcase name="test354" classname="listas.RegressionTest0" time="0"/>
  <testcase name="test354" classname="listas.RegressionTest1" time="0"/>
  <testcase name="test354" classname="listas.RegressionTest2" time="0"/>
  <testcase name="test354" classname="listas.RegressionTest3" time="0"/>
  <testcase name="test354" classname="listas.RegressionTest4" time="0.001"/>
  <testcase name="test354" classname="listas.RegressionTest5" time="0.001"/>
  <testcase name="test354" classname="listas.RegressionTest6" time="0"/>
  <testcase name="test354" classname="listas.RegressionTest7" time="0"/>
  <testcase name="test354" classname="listas.RegressionTest8" time="0"/>
  <testcase name="test354" classname="listas.RegressionTest9" time="0"/>
  <testcase name="test354" classname="listas.RegressionTest10" time="0"/>
  <testcase name="test355" classname="listas.RegressionTest0" time="0"/>
  <testcase name="test355" classname="listas.RegressionTest1" time="0"/>
  <testcase name="test355" classname="listas.RegressionTest2" time="0"/>
  <testcase name="test355" classname="listas.RegressionTest3" time="0"/>
  <testcase name="test355" classname="listas.RegressionTest4" time="0"/>
  <testcase name="test355" classname="listas.RegressionTest5" time="0"/>
  <testcase name="test355" classname="listas.RegressionTest6" time="0"/>
  <testcase name="test355" classname="listas.RegressionTest7" time="0"/>
  <testcase name="test355" classname="listas.RegressionTest8" time="0"/>
  <testcase name="test355" classname="listas.RegressionTest9" time="0"/>
  <testcase name="test355" classname="listas.RegressionTest10" time="0"/>
  <testcase name="test356" classname="listas.RegressionTest0" time="0"/>
  <testcase name="test356" classname="listas.RegressionTest1" time="0"/>
  <testcase name="test356" classname="listas.RegressionTest2" time="0"/>
  <testcase name="test356" classname="listas.RegressionTest3" time="0"/>
  <testcase name="test356" classname="listas.RegressionTest4" time="0"/>
  <testcase name="test356" classname="listas.RegressionTest5" time="0"/>
  <testcase name="test356" classname="listas.RegressionTest6" time="0"/>
  <testcase name="test356" classname="listas.RegressionTest7" time="0"/>
  <testcase name="test356" classname="listas.RegressionTest8" time="0"/>
  <testcase name="test356" classname="listas.RegressionTest9" time="0"/>
  <testcase name="test356" classname="listas.RegressionTest10" time="0"/>
  <testcase name="test357" classname="listas.RegressionTest0" time="0"/>
  <testcase name="test357" classname="listas.RegressionTest1" time="0"/>
  <testcase name="test357" classname="listas.RegressionTest2" time="0"/>
  <testcase name="test357" classname="listas.RegressionTest3" time="0"/>
  <testcase name="test357" classname="listas.RegressionTest4" time="0"/>
  <testcase name="test357" classname="listas.RegressionTest5" time="0"/>
  <testcase name="test357" classname="listas.RegressionTest6" time="0.001"/>
  <testcase name="test357" classname="listas.RegressionTest7" time="0"/>
  <testcase name="test357" classname="listas.RegressionTest8" time="0"/>
  <testcase name="test357" classname="listas.RegressionTest9" time="0"/>
  <testcase name="test357" classname="listas.RegressionTest10" time="0"/>
  <testcase name="test358" classname="listas.RegressionTest0" time="0"/>
  <testcase name="test358" classname="listas.RegressionTest1" time="0.001"/>
  <testcase name="test358" classname="listas.RegressionTest2" time="0"/>
  <testcase name="test358" classname="listas.RegressionTest3" time="0"/>
  <testcase name="test358" classname="listas.RegressionTest4" time="0"/>
  <testcase name="test358" classname="listas.RegressionTest5" time="0"/>
  <testcase name="test358" classname="listas.RegressionTest6" time="0"/>
  <testcase name="test358" classname="listas.RegressionTest7" time="0"/>
  <testcase name="test358" classname="listas.RegressionTest8" time="0"/>
  <testcase name="test358" classname="listas.RegressionTest9" time="0"/>
  <testcase name="test358" classname="listas.RegressionTest10" time="0"/>
  <testcase name="test359" classname="listas.RegressionTest0" time="0"/>
  <testcase name="test359" classname="listas.RegressionTest1" time="0"/>
  <testcase name="test359" classname="listas.RegressionTest2" time="0"/>
  <testcase name="test359" classname="listas.RegressionTest3" time="0"/>
  <testcase name="test359" classname="listas.RegressionTest4" time="0"/>
  <testcase name="test359" classname="listas.RegressionTest5" time="0"/>
  <testcase name="test359" classname="listas.RegressionTest6" time="0"/>
  <testcase name="test359" classname="listas.RegressionTest7" time="0"/>
  <testcase name="test359" classname="listas.RegressionTest8" time="0"/>
  <testcase name="test359" classname="listas.RegressionTest9" time="0"/>
  <testcase name="test359" classname="listas.RegressionTest10" time="0"/>
  <testcase name="test360" classname="listas.RegressionTest0" time="0"/>
  <testcase name="test360" classname="listas.RegressionTest1" time="0"/>
  <testcase name="test360" classname="listas.RegressionTest2" time="0"/>
  <testcase name="test360" classname="listas.RegressionTest3" time="0"/>
  <testcase name="test360" classname="listas.RegressionTest4" time="0"/>
  <testcase name="test360" classname="listas.RegressionTest5" time="0"/>
  <testcase name="test360" classname="listas.RegressionTest6" time="0"/>
  <testcase name="test360" classname="listas.RegressionTest7" time="0"/>
  <testcase name="test360" classname="listas.RegressionTest8" time="0"/>
  <testcase name="test360" classname="listas.RegressionTest9" time="0"/>
  <testcase name="test360" classname="listas.RegressionTest10" time="0"/>
  <testcase name="test361" classname="listas.RegressionTest0" time="0.001"/>
  <testcase name="test361" classname="listas.RegressionTest1" time="0"/>
  <testcase name="test361" classname="listas.RegressionTest2" time="0"/>
  <testcase name="test361" classname="listas.RegressionTest3" time="0"/>
  <testcase name="test361" classname="listas.RegressionTest4" time="0"/>
  <testcase name="test361" classname="listas.RegressionTest5" time="0"/>
  <testcase name="test361" classname="listas.RegressionTest6" time="0"/>
  <testcase name="test361" classname="listas.RegressionTest7" time="0"/>
  <testcase name="test361" classname="listas.RegressionTest8" time="0"/>
  <testcase name="test361" classname="listas.RegressionTest9" time="0"/>
  <testcase name="test361" classname="listas.RegressionTest10" time="0"/>
  <testcase name="test362" classname="listas.RegressionTest0" time="0"/>
  <testcase name="test362" classname="listas.RegressionTest1" time="0"/>
  <testcase name="test362" classname="listas.RegressionTest2" time="0.001"/>
  <testcase name="test362" classname="listas.RegressionTest3" time="0"/>
  <testcase name="test362" classname="listas.RegressionTest4" time="0"/>
  <testcase name="test362" classname="listas.RegressionTest5" time="0"/>
  <testcase name="test362" classname="listas.RegressionTest6" time="0"/>
  <testcase name="test362" classname="listas.RegressionTest7" time="0"/>
  <testcase name="test362" classname="listas.RegressionTest8" time="0"/>
  <testcase name="test362" classname="listas.RegressionTest9" time="0"/>
  <testcase name="test362" classname="listas.RegressionTest10" time="0"/>
  <testcase name="test363" classname="listas.RegressionTest0" time="0"/>
  <testcase name="test363" classname="listas.RegressionTest1" time="0"/>
  <testcase name="test363" classname="listas.RegressionTest2" time="0"/>
  <testcase name="test363" classname="listas.RegressionTest3" time="0"/>
  <testcase name="test363" classname="listas.RegressionTest4" time="0"/>
  <testcase name="test363" classname="listas.RegressionTest5" time="0"/>
  <testcase name="test363" classname="listas.RegressionTest6" time="0"/>
  <testcase name="test363" classname="listas.RegressionTest7" time="0"/>
  <testcase name="test363" classname="listas.RegressionTest8" time="0"/>
  <testcase name="test363" classname="listas.RegressionTest9" time="0"/>
  <testcase name="test363" classname="listas.RegressionTest10" time="0"/>
  <testcase name="test364" classname="listas.RegressionTest0" time="0"/>
  <testcase name="test364" classname="listas.RegressionTest1" time="0"/>
  <testcase name="test364" classname="listas.RegressionTest2" time="0"/>
  <testcase name="test364" classname="listas.RegressionTest3" time="0"/>
  <testcase name="test364" classname="listas.RegressionTest4" time="0"/>
  <testcase name="test364" classname="listas.RegressionTest5" time="0"/>
  <testcase name="test364" classname="listas.RegressionTest6" time="0"/>
  <testcase name="test364" classname="listas.RegressionTest7" time="0"/>
  <testcase name="test364" classname="listas.RegressionTest8" time="0"/>
  <testcase name="test364" classname="listas.RegressionTest9" time="0"/>
  <testcase name="test364" classname="listas.RegressionTest10" time="0"/>
  <testcase name="test365" classname="listas.RegressionTest0" time="0"/>
  <testcase name="test365" classname="listas.RegressionTest1" time="0"/>
  <testcase name="test365" classname="listas.RegressionTest2" time="0"/>
  <testcase name="test365" classname="listas.RegressionTest3" time="0"/>
  <testcase name="test365" classname="listas.RegressionTest4" time="0"/>
  <testcase name="test365" classname="listas.RegressionTest5" time="0"/>
  <testcase name="test365" classname="listas.RegressionTest6" time="0"/>
  <testcase name="test365" classname="listas.RegressionTest7" time="0"/>
  <testcase name="test365" classname="listas.RegressionTest8" time="0"/>
  <testcase name="test365" classname="listas.RegressionTest9" time="0"/>
  <testcase name="test365" classname="listas.RegressionTest10" time="0"/>
  <testcase name="test366" classname="listas.RegressionTest0" time="0"/>
  <testcase name="test366" classname="listas.RegressionTest1" time="0"/>
  <testcase name="test366" classname="listas.RegressionTest2" time="0"/>
  <testcase name="test366" classname="listas.RegressionTest3" time="0"/>
  <testcase name="test366" classname="listas.RegressionTest4" time="0"/>
  <testcase name="test366" classname="listas.RegressionTest5" time="0"/>
  <testcase name="test366" classname="listas.RegressionTest6" time="0"/>
  <testcase name="test366" classname="listas.RegressionTest7" time="0"/>
  <testcase name="test366" classname="listas.RegressionTest8" time="0.001"/>
  <testcase name="test366" classname="listas.RegressionTest9" time="0"/>
  <testcase name="test366" classname="listas.RegressionTest10" time="0"/>
  <testcase name="test367" classname="listas.RegressionTest0" time="0"/>
  <testcase name="test367" classname="listas.RegressionTest1" time="0"/>
  <testcase name="test367" classname="listas.RegressionTest2" time="0"/>
  <testcase name="test367" classname="listas.RegressionTest3" time="0"/>
  <testcase name="test367" classname="listas.RegressionTest4" time="0"/>
  <testcase name="test367" classname="listas.RegressionTest5" time="0"/>
  <testcase name="test367" classname="listas.RegressionTest6" time="0"/>
  <testcase name="test367" classname="listas.RegressionTest7" time="0"/>
  <testcase name="test367" classname="listas.RegressionTest8" time="0"/>
  <testcase name="test367" classname="listas.RegressionTest9" time="0"/>
  <testcase name="test367" classname="listas.RegressionTest10" time="0"/>
  <testcase name="test368" classname="listas.RegressionTest0" time="0"/>
  <testcase name="test368" classname="listas.RegressionTest1" time="0"/>
  <testcase name="test368" classname="listas.RegressionTest2" time="0"/>
  <testcase name="test368" classname="listas.RegressionTest3" time="0"/>
  <testcase name="test368" classname="listas.RegressionTest4" time="0"/>
  <testcase name="test368" classname="listas.RegressionTest5" time="0"/>
  <testcase name="test368" classname="listas.RegressionTest6" time="0"/>
  <testcase name="test368" classname="listas.RegressionTest7" time="0"/>
  <testcase name="test368" classname="listas.RegressionTest8" time="0"/>
  <testcase name="test368" classname="listas.RegressionTest9" time="0"/>
  <testcase name="test368" classname="listas.RegressionTest10" time="0"/>
  <testcase name="test369" classname="listas.RegressionTest0" time="0"/>
  <testcase name="test369" classname="listas.RegressionTest1" time="0"/>
  <testcase name="test369" classname="listas.RegressionTest2" time="0"/>
  <testcase name="test369" classname="listas.RegressionTest3" time="0"/>
  <testcase name="test369" classname="listas.RegressionTest4" time="0"/>
  <testcase name="test369" classname="listas.RegressionTest5" time="0"/>
  <testcase name="test369" classname="listas.RegressionTest6" time="0"/>
  <testcase name="test369" classname="listas.RegressionTest7" time="0"/>
  <testcase name="test369" classname="listas.RegressionTest8" time="0"/>
  <testcase name="test369" classname="listas.RegressionTest9" time="0"/>
  <testcase name="test369" classname="listas.RegressionTest10" time="0"/>
  <testcase name="test370" classname="listas.RegressionTest0" time="0"/>
  <testcase name="test370" classname="listas.RegressionTest1" time="0"/>
  <testcase name="test370" classname="listas.RegressionTest2" time="0"/>
  <testcase name="test370" classname="listas.RegressionTest3" time="0"/>
  <testcase name="test370" classname="listas.RegressionTest4" time="0"/>
  <testcase name="test370" classname="listas.RegressionTest5" time="0"/>
  <testcase name="test370" classname="listas.RegressionTest6" time="0"/>
  <testcase name="test370" classname="listas.RegressionTest7" time="0"/>
  <testcase name="test370" classname="listas.RegressionTest8" time="0"/>
  <testcase name="test370" classname="listas.RegressionTest9" time="0"/>
  <testcase name="test370" classname="listas.RegressionTest10" time="0"/>
  <testcase name="test371" classname="listas.RegressionTest0" time="0"/>
  <testcase name="test371" classname="listas.RegressionTest1" time="0"/>
  <testcase name="test371" classname="listas.RegressionTest2" time="0"/>
  <testcase name="test371" classname="listas.RegressionTest3" time="0"/>
  <testcase name="test371" classname="listas.RegressionTest4" time="0.001"/>
  <testcase name="test371" classname="listas.RegressionTest5" time="0.001"/>
  <testcase name="test371" classname="listas.RegressionTest6" time="0"/>
  <testcase name="test371" classname="listas.RegressionTest7" time="0"/>
  <testcase name="test371" classname="listas.RegressionTest8" time="0"/>
  <testcase name="test371" classname="listas.RegressionTest9" time="0"/>
  <testcase name="test371" classname="listas.RegressionTest10" time="0"/>
  <testcase name="test372" classname="listas.RegressionTest0" time="0"/>
  <testcase name="test372" classname="listas.RegressionTest1" time="0"/>
  <testcase name="test372" classname="listas.RegressionTest2" time="0"/>
  <testcase name="test372" classname="listas.RegressionTest3" time="0"/>
  <testcase name="test372" classname="listas.RegressionTest4" time="0"/>
  <testcase name="test372" classname="listas.RegressionTest5" time="0"/>
  <testcase name="test372" classname="listas.RegressionTest6" time="0"/>
  <testcase name="test372" classname="listas.RegressionTest7" time="0"/>
  <testcase name="test372" classname="listas.RegressionTest8" time="0"/>
  <testcase name="test372" classname="listas.RegressionTest9" time="0"/>
  <testcase name="test372" classname="listas.RegressionTest10" time="0"/>
  <testcase name="test373" classname="listas.RegressionTest0" time="0"/>
  <testcase name="test373" classname="listas.RegressionTest1" time="0"/>
  <testcase name="test373" classname="listas.RegressionTest2" time="0"/>
  <testcase name="test373" classname="listas.RegressionTest3" time="0"/>
  <testcase name="test373" classname="listas.RegressionTest4" time="0"/>
  <testcase name="test373" classname="listas.RegressionTest5" time="0"/>
  <testcase name="test373" classname="listas.RegressionTest6" time="0"/>
  <testcase name="test373" classname="listas.RegressionTest7" time="0"/>
  <testcase name="test373" classname="listas.RegressionTest8" time="0"/>
  <testcase name="test373" classname="listas.RegressionTest9" time="0"/>
  <testcase name="test373" classname="listas.RegressionTest10" time="0"/>
  <testcase name="test374" classname="listas.RegressionTest0" time="0"/>
  <testcase name="test374" classname="listas.RegressionTest1" time="0"/>
  <testcase name="test374" classname="listas.RegressionTest2" time="0"/>
  <testcase name="test374" classname="listas.RegressionTest3" time="0"/>
  <testcase name="test374" classname="listas.RegressionTest4" time="0"/>
  <testcase name="test374" classname="listas.RegressionTest5" time="0"/>
  <testcase name="test374" classname="listas.RegressionTest6" time="0"/>
  <testcase name="test374" classname="listas.RegressionTest7" time="0"/>
  <testcase name="test374" classname="listas.RegressionTest8" time="0"/>
  <testcase name="test374" classname="listas.RegressionTest9" time="0"/>
  <testcase name="test374" classname="listas.RegressionTest10" time="0"/>
  <testcase name="test375" classname="listas.RegressionTest0" time="0.001"/>
  <testcase name="test375" classname="listas.RegressionTest1" time="0"/>
  <testcase name="test375" classname="listas.RegressionTest2" time="0"/>
  <testcase name="test375" classname="listas.RegressionTest3" time="0"/>
  <testcase name="test375" classname="listas.RegressionTest4" time="0"/>
  <testcase name="test375" classname="listas.RegressionTest5" time="0"/>
  <testcase name="test375" classname="listas.RegressionTest6" time="0"/>
  <testcase name="test375" classname="listas.RegressionTest7" time="0"/>
  <testcase name="test375" classname="listas.RegressionTest8" time="0"/>
  <testcase name="test375" classname="listas.RegressionTest9" time="0"/>
  <testcase name="test375" classname="listas.RegressionTest10" time="0"/>
  <testcase name="test376" classname="listas.RegressionTest0" time="0"/>
  <testcase name="test376" classname="listas.RegressionTest1" time="0"/>
  <testcase name="test376" classname="listas.RegressionTest2" time="0.001"/>
  <testcase name="test376" classname="listas.RegressionTest3" time="0"/>
  <testcase name="test376" classname="listas.RegressionTest4" time="0"/>
  <testcase name="test376" classname="listas.RegressionTest5" time="0"/>
  <testcase name="test376" classname="listas.RegressionTest6" time="0.001"/>
  <testcase name="test376" classname="listas.RegressionTest7" time="0"/>
  <testcase name="test376" classname="listas.RegressionTest8" time="0"/>
  <testcase name="test376" classname="listas.RegressionTest9" time="0"/>
  <testcase name="test376" classname="listas.RegressionTest10" time="0"/>
  <testcase name="test377" classname="listas.RegressionTest0" time="0"/>
  <testcase name="test377" classname="listas.RegressionTest1" time="0"/>
  <testcase name="test377" classname="listas.RegressionTest2" time="0"/>
  <testcase name="test377" classname="listas.RegressionTest3" time="0"/>
  <testcase name="test377" classname="listas.RegressionTest4" time="0"/>
  <testcase name="test377" classname="listas.RegressionTest5" time="0"/>
  <testcase name="test377" classname="listas.RegressionTest6" time="0"/>
  <testcase name="test377" classname="listas.RegressionTest7" time="0"/>
  <testcase name="test377" classname="listas.RegressionTest8" time="0"/>
  <testcase name="test377" classname="listas.RegressionTest9" time="0"/>
  <testcase name="test377" classname="listas.RegressionTest10" time="0"/>
  <testcase name="test378" classname="listas.RegressionTest0" time="0"/>
  <testcase name="test378" classname="listas.RegressionTest1" time="0"/>
  <testcase name="test378" classname="listas.RegressionTest2" time="0"/>
  <testcase name="test378" classname="listas.RegressionTest3" time="0"/>
  <testcase name="test378" classname="listas.RegressionTest4" time="0"/>
  <testcase name="test378" classname="listas.RegressionTest5" time="0"/>
  <testcase name="test378" classname="listas.RegressionTest6" time="0"/>
  <testcase name="test378" classname="listas.RegressionTest7" time="0"/>
  <testcase name="test378" classname="listas.RegressionTest8" time="0"/>
  <testcase name="test378" classname="listas.RegressionTest9" time="0"/>
  <testcase name="test378" classname="listas.RegressionTest10" time="0"/>
  <testcase name="test379" classname="listas.RegressionTest0" time="0"/>
  <testcase name="test379" classname="listas.RegressionTest1" time="0"/>
  <testcase name="test379" classname="listas.RegressionTest2" time="0"/>
  <testcase name="test379" classname="listas.RegressionTest3" time="0"/>
  <testcase name="test379" classname="listas.RegressionTest4" time="0"/>
  <testcase name="test379" classname="listas.RegressionTest5" time="0"/>
  <testcase name="test379" classname="listas.RegressionTest6" time="0"/>
  <testcase name="test379" classname="listas.RegressionTest7" time="0"/>
  <testcase name="test379" classname="listas.RegressionTest8" time="0"/>
  <testcase name="test379" classname="listas.RegressionTest9" time="0"/>
  <testcase name="test379" classname="listas.RegressionTest10" time="0"/>
  <testcase name="test380" classname="listas.RegressionTest0" time="0"/>
  <testcase name="test380" classname="listas.RegressionTest1" time="0"/>
  <testcase name="test380" classname="listas.RegressionTest2" time="0"/>
  <testcase name="test380" classname="listas.RegressionTest3" time="0"/>
  <testcase name="test380" classname="listas.RegressionTest4" time="0"/>
  <testcase name="test380" classname="listas.RegressionTest5" time="0"/>
  <testcase name="test380" classname="listas.RegressionTest6" time="0"/>
  <testcase name="test380" classname="listas.RegressionTest7" time="0"/>
  <testcase name="test380" classname="listas.RegressionTest8" time="0"/>
  <testcase name="test380" classname="listas.RegressionTest9" time="0"/>
  <testcase name="test380" classname="listas.RegressionTest10" time="0"/>
  <testcase name="test381" classname="listas.RegressionTest0" time="0"/>
  <testcase name="test381" classname="listas.RegressionTest1" time="0"/>
  <testcase name="test381" classname="listas.RegressionTest2" time="0"/>
  <testcase name="test381" classname="listas.RegressionTest3" time="0"/>
  <testcase name="test381" classname="listas.RegressionTest4" time="0"/>
  <testcase name="test381" classname="listas.RegressionTest5" time="0"/>
  <testcase name="test381" classname="listas.RegressionTest6" time="0"/>
  <testcase name="test381" classname="listas.RegressionTest7" time="0"/>
  <testcase name="test381" classname="listas.RegressionTest8" time="0"/>
  <testcase name="test381" classname="listas.RegressionTest9" time="0"/>
  <testcase name="test381" classname="listas.RegressionTest10" time="0"/>
  <testcase name="test382" classname="listas.RegressionTest0" time="0"/>
  <testcase name="test382" classname="listas.RegressionTest1" time="0"/>
  <testcase name="test382" classname="listas.RegressionTest2" time="0"/>
  <testcase name="test382" classname="listas.RegressionTest3" time="0"/>
  <testcase name="test382" classname="listas.RegressionTest4" time="0"/>
  <testcase name="test382" classname="listas.RegressionTest5" time="0"/>
  <testcase name="test382" classname="listas.RegressionTest6" time="0"/>
  <testcase name="test382" classname="listas.RegressionTest7" time="0"/>
  <testcase name="test382" classname="listas.RegressionTest8" time="0.001"/>
  <testcase name="test382" classname="listas.RegressionTest9" time="0"/>
  <testcase name="test382" classname="listas.RegressionTest10" time="0"/>
  <testcase name="test383" classname="listas.RegressionTest0" time="0"/>
  <testcase name="test383" classname="listas.RegressionTest1" time="0.001"/>
  <testcase name="test383" classname="listas.RegressionTest2" time="0"/>
  <testcase name="test383" classname="listas.RegressionTest3" time="0"/>
  <testcase name="test383" classname="listas.RegressionTest4" time="0"/>
  <testcase name="test383" classname="listas.RegressionTest5" time="0"/>
  <testcase name="test383" classname="listas.RegressionTest6" time="0"/>
  <testcase name="test383" classname="listas.RegressionTest7" time="0"/>
  <testcase name="test383" classname="listas.RegressionTest8" time="0"/>
  <testcase name="test383" classname="listas.RegressionTest9" time="0"/>
  <testcase name="test383" classname="listas.RegressionTest10" time="0"/>
  <testcase name="test384" classname="listas.RegressionTest0" time="0"/>
  <testcase name="test384" classname="listas.RegressionTest1" time="0"/>
  <testcase name="test384" classname="listas.RegressionTest2" time="0"/>
  <testcase name="test384" classname="listas.RegressionTest3" time="0"/>
  <testcase name="test384" classname="listas.RegressionTest4" time="0"/>
  <testcase name="test384" classname="listas.RegressionTest5" time="0"/>
  <testcase name="test384" classname="listas.RegressionTest6" time="0"/>
  <testcase name="test384" classname="listas.RegressionTest7" time="0"/>
  <testcase name="test384" classname="listas.RegressionTest8" time="0"/>
  <testcase name="test384" classname="listas.RegressionTest9" time="0"/>
  <testcase name="test384" classname="listas.RegressionTest10" time="0"/>
  <testcase name="test385" classname="listas.RegressionTest0" time="0"/>
  <testcase name="test385" classname="listas.RegressionTest1" time="0"/>
  <testcase name="test385" classname="listas.RegressionTest2" time="0"/>
  <testcase name="test385" classname="listas.RegressionTest3" time="0"/>
  <testcase name="test385" classname="listas.RegressionTest4" time="0"/>
  <testcase name="test385" classname="listas.RegressionTest5" time="0"/>
  <testcase name="test385" classname="listas.RegressionTest6" time="0"/>
  <testcase name="test385" classname="listas.RegressionTest7" time="0"/>
  <testcase name="test385" classname="listas.RegressionTest8" time="0"/>
  <testcase name="test385" classname="listas.RegressionTest9" time="0"/>
  <testcase name="test385" classname="listas.RegressionTest10" time="0.001"/>
  <testcase name="test386" classname="listas.RegressionTest0" time="0"/>
  <testcase name="test386" classname="listas.RegressionTest1" time="0"/>
  <testcase name="test386" classname="listas.RegressionTest2" time="0"/>
  <testcase name="test386" classname="listas.RegressionTest3" time="0"/>
  <testcase name="test386" classname="listas.RegressionTest4" time="0.001"/>
  <testcase name="test386" classname="listas.RegressionTest5" time="0"/>
  <testcase name="test386" classname="listas.RegressionTest6" time="0"/>
  <testcase name="test386" classname="listas.RegressionTest7" time="0"/>
  <testcase name="test386" classname="listas.RegressionTest8" time="0"/>
  <testcase name="test386" classname="listas.RegressionTest9" time="0"/>
  <testcase name="test386" classname="listas.RegressionTest10" time="0"/>
  <testcase name="test387" classname="listas.RegressionTest0" time="0"/>
  <testcase name="test387" classname="listas.RegressionTest1" time="0"/>
  <testcase name="test387" classname="listas.RegressionTest2" time="0"/>
  <testcase name="test387" classname="listas.RegressionTest3" time="0"/>
  <testcase name="test387" classname="listas.RegressionTest4" time="0"/>
  <testcase name="test387" classname="listas.RegressionTest5" time="0"/>
  <testcase name="test387" classname="listas.RegressionTest6" time="0"/>
  <testcase name="test387" classname="listas.RegressionTest7" time="0"/>
  <testcase name="test387" classname="listas.RegressionTest8" time="0"/>
  <testcase name="test387" classname="listas.RegressionTest9" time="0"/>
  <testcase name="test387" classname="listas.RegressionTest10" time="0"/>
  <testcase name="test388" classname="listas.RegressionTest0" time="0.001"/>
  <testcase name="test388" classname="listas.RegressionTest1" time="0"/>
  <testcase name="test388" classname="listas.RegressionTest2" time="0"/>
  <testcase name="test388" classname="listas.RegressionTest3" time="0"/>
  <testcase name="test388" classname="listas.RegressionTest4" time="0"/>
  <testcase name="test388" classname="listas.RegressionTest5" time="0"/>
  <testcase name="test388" classname="listas.RegressionTest6" time="0"/>
  <testcase name="test388" classname="listas.RegressionTest7" time="0"/>
  <testcase name="test388" classname="listas.RegressionTest8" time="0"/>
  <testcase name="test388" classname="listas.RegressionTest9" time="0.001"/>
  <testcase name="test388" classname="listas.RegressionTest10" time="0"/>
  <testcase name="test389" classname="listas.RegressionTest0" time="0"/>
  <testcase name="test389" classname="listas.RegressionTest1" time="0"/>
  <testcase name="test389" classname="listas.RegressionTest2" time="0"/>
  <testcase name="test389" classname="listas.RegressionTest3" time="0"/>
  <testcase name="test389" classname="listas.RegressionTest4" time="0"/>
  <testcase name="test389" classname="listas.RegressionTest5" time="0.001"/>
  <testcase name="test389" classname="listas.RegressionTest6" time="0"/>
  <testcase name="test389" classname="listas.RegressionTest7" time="0"/>
  <testcase name="test389" classname="listas.RegressionTest8" time="0"/>
  <testcase name="test389" classname="listas.RegressionTest9" time="0"/>
  <testcase name="test390" classname="listas.RegressionTest0" time="0"/>
  <testcase name="test390" classname="listas.RegressionTest1" time="0"/>
  <testcase name="test390" classname="listas.RegressionTest2" time="0"/>
  <testcase name="test390" classname="listas.RegressionTest3" time="0"/>
  <testcase name="test390" classname="listas.RegressionTest4" time="0"/>
  <testcase name="test390" classname="listas.RegressionTest5" time="0"/>
  <testcase name="test390" classname="listas.RegressionTest6" time="0"/>
  <testcase name="test390" classname="listas.RegressionTest7" time="0"/>
  <testcase name="test390" classname="listas.RegressionTest8" time="0"/>
  <testcase name="test390" classname="listas.RegressionTest9" time="0"/>
  <testcase name="test391" classname="listas.RegressionTest0" time="0"/>
  <testcase name="test391" classname="listas.RegressionTest1" time="0"/>
  <testcase name="test391" classname="listas.RegressionTest2" time="0.001"/>
  <testcase name="test391" classname="listas.RegressionTest3" time="0"/>
  <testcase name="test391" classname="listas.RegressionTest4" time="0"/>
  <testcase name="test391" classname="listas.RegressionTest5" time="0"/>
  <testcase name="test391" classname="listas.RegressionTest6" time="0"/>
  <testcase name="test391" classname="listas.RegressionTest7" time="0"/>
  <testcase name="test391" classname="listas.RegressionTest8" time="0"/>
  <testcase name="test391" classname="listas.RegressionTest9" time="0"/>
  <testcase name="test392" classname="listas.RegressionTest0" time="0"/>
  <testcase name="test392" classname="listas.RegressionTest1" time="0"/>
  <testcase name="test392" classname="listas.RegressionTest2" time="0"/>
  <testcase name="test392" classname="listas.RegressionTest3" time="0"/>
  <testcase name="test392" classname="listas.RegressionTest4" time="0"/>
  <testcase name="test392" classname="listas.RegressionTest5" time="0"/>
  <testcase name="test392" classname="listas.RegressionTest6" time="0"/>
  <testcase name="test392" classname="listas.RegressionTest7" time="0"/>
  <testcase name="test392" classname="listas.RegressionTest8" time="0"/>
  <testcase name="test392" classname="listas.RegressionTest9" time="0"/>
  <testcase name="test393" classname="listas.RegressionTest0" time="0"/>
  <testcase name="test393" classname="listas.RegressionTest1" time="0"/>
  <testcase name="test393" classname="listas.RegressionTest2" time="0"/>
  <testcase name="test393" classname="listas.RegressionTest3" time="0"/>
  <testcase name="test393" classname="listas.RegressionTest4" time="0"/>
  <testcase name="test393" classname="listas.RegressionTest5" time="0"/>
  <testcase name="test393" classname="listas.RegressionTest6" time="0"/>
  <testcase name="test393" classname="listas.RegressionTest7" time="0"/>
  <testcase name="test393" classname="listas.RegressionTest8" time="0"/>
  <testcase name="test393" classname="listas.RegressionTest9" time="0"/>
  <testcase name="test394" classname="listas.RegressionTest0" time="0"/>
  <testcase name="test394" classname="listas.RegressionTest1" time="0"/>
  <testcase name="test394" classname="listas.RegressionTest2" time="0"/>
  <testcase name="test394" classname="listas.RegressionTest3" time="0"/>
  <testcase name="test394" classname="listas.RegressionTest4" time="0"/>
  <testcase name="test394" classname="listas.RegressionTest5" time="0"/>
  <testcase name="test394" classname="listas.RegressionTest6" time="0"/>
  <testcase name="test394" classname="listas.RegressionTest7" time="0"/>
  <testcase name="test394" classname="listas.RegressionTest8" time="0"/>
  <testcase name="test394" classname="listas.RegressionTest9" time="0"/>
  <testcase name="test395" classname="listas.RegressionTest0" time="0"/>
  <testcase name="test395" classname="listas.RegressionTest1" time="0"/>
  <testcase name="test395" classname="listas.RegressionTest2" time="0"/>
  <testcase name="test395" classname="listas.RegressionTest3" time="0.001"/>
  <testcase name="test395" classname="listas.RegressionTest4" time="0"/>
  <testcase name="test395" classname="listas.RegressionTest5" time="0"/>
  <testcase name="test395" classname="listas.RegressionTest6" time="0"/>
  <testcase name="test395" classname="listas.RegressionTest7" time="0"/>
  <testcase name="test395" classname="listas.RegressionTest8" time="0"/>
  <testcase name="test395" classname="listas.RegressionTest9" time="0"/>
  <testcase name="test396" classname="listas.RegressionTest0" time="0"/>
  <testcase name="test396" classname="listas.RegressionTest1" time="0"/>
  <testcase name="test396" classname="listas.RegressionTest2" time="0"/>
  <testcase name="test396" classname="listas.RegressionTest3" time="0"/>
  <testcase name="test396" classname="listas.RegressionTest4" time="0"/>
  <testcase name="test396" classname="listas.RegressionTest5" time="0"/>
  <testcase name="test396" classname="listas.RegressionTest6" time="0"/>
  <testcase name="test396" classname="listas.RegressionTest7" time="0"/>
  <testcase name="test396" classname="listas.RegressionTest8" time="0"/>
  <testcase name="test396" classname="listas.RegressionTest9" time="0"/>
  <testcase name="test397" classname="listas.RegressionTest0" time="0"/>
  <testcase name="test397" classname="listas.RegressionTest1" time="0"/>
  <testcase name="test397" classname="listas.RegressionTest2" time="0"/>
  <testcase name="test397" classname="listas.RegressionTest3" time="0"/>
  <testcase name="test397" classname="listas.RegressionTest4" time="0"/>
  <testcase name="test397" classname="listas.RegressionTest5" time="0"/>
  <testcase name="test397" classname="listas.RegressionTest6" time="0"/>
  <testcase name="test397" classname="listas.RegressionTest7" time="0"/>
  <testcase name="test397" classname="listas.RegressionTest8" time="0"/>
  <testcase name="test397" classname="listas.RegressionTest9" time="0"/>
  <testcase name="test398" classname="listas.RegressionTest0" time="0"/>
  <testcase name="test398" classname="listas.RegressionTest1" time="0"/>
  <testcase name="test398" classname="listas.RegressionTest2" time="0"/>
  <testcase name="test398" classname="listas.RegressionTest3" time="0"/>
  <testcase name="test398" classname="listas.RegressionTest4" time="0"/>
  <testcase name="test398" classname="listas.RegressionTest5" time="0"/>
  <testcase name="test398" classname="listas.RegressionTest6" time="0"/>
  <testcase name="test398" classname="listas.RegressionTest7" time="0"/>
  <testcase name="test398" classname="listas.RegressionTest8" time="0"/>
  <testcase name="test398" classname="listas.RegressionTest9" time="0"/>
  <testcase name="test399" classname="listas.RegressionTest0" time="0"/>
  <testcase name="test399" classname="listas.RegressionTest1" time="0"/>
  <testcase name="test399" classname="listas.RegressionTest2" time="0"/>
  <testcase name="test399" classname="listas.RegressionTest3" time="0"/>
  <testcase name="test399" classname="listas.RegressionTest4" time="0"/>
  <testcase name="test399" classname="listas.RegressionTest5" time="0"/>
  <testcase name="test399" classname="listas.RegressionTest6" time="0"/>
  <testcase name="test399" classname="listas.RegressionTest7" time="0"/>
  <testcase name="test399" classname="listas.RegressionTest8" time="0"/>
  <testcase name="test399" classname="listas.RegressionTest9" time="0"/>
  <testcase name="test400" classname="listas.RegressionTest0" time="0"/>
  <testcase name="test400" classname="listas.RegressionTest1" time="0"/>
  <testcase name="test400" classname="listas.RegressionTest2" time="0"/>
  <testcase name="test400" classname="listas.RegressionTest3" time="0"/>
  <testcase name="test400" classname="listas.RegressionTest4" time="0"/>
  <testcase name="test400" classname="listas.RegressionTest5" time="0"/>
  <testcase name="test400" classname="listas.RegressionTest6" time="0"/>
  <testcase name="test400" classname="listas.RegressionTest7" time="0"/>
  <testcase name="test400" classname="listas.RegressionTest8" time="0"/>
  <testcase name="test400" classname="listas.RegressionTest9" time="0"/>
  <testcase name="test401" classname="listas.RegressionTest0" time="0"/>
  <testcase name="test401" classname="listas.RegressionTest1" time="0"/>
  <testcase name="test401" classname="listas.RegressionTest2" time="0"/>
  <testcase name="test401" classname="listas.RegressionTest3" time="0"/>
  <testcase name="test401" classname="listas.RegressionTest4" time="0"/>
  <testcase name="test401" classname="listas.RegressionTest5" time="0"/>
  <testcase name="test401" classname="listas.RegressionTest6" time="0"/>
  <testcase name="test401" classname="listas.RegressionTest7" time="0"/>
  <testcase name="test401" classname="listas.RegressionTest8" time="0"/>
  <testcase name="test401" classname="listas.RegressionTest9" time="0"/>
  <testcase name="test402" classname="listas.RegressionTest0" time="0"/>
  <testcase name="test402" classname="listas.RegressionTest1" time="0"/>
  <testcase name="test402" classname="listas.RegressionTest2" time="0"/>
  <testcase name="test402" classname="listas.RegressionTest3" time="0"/>
  <testcase name="test402" classname="listas.RegressionTest4" time="0"/>
  <testcase name="test402" classname="listas.RegressionTest5" time="0"/>
  <testcase name="test402" classname="listas.RegressionTest6" time="0"/>
  <testcase name="test402" classname="listas.RegressionTest7" time="0"/>
  <testcase name="test402" classname="listas.RegressionTest8" time="0"/>
  <testcase name="test402" classname="listas.RegressionTest9" time="0"/>
  <testcase name="test403" classname="listas.RegressionTest0" time="0.001"/>
  <testcase name="test403" classname="listas.RegressionTest1" time="0"/>
  <testcase name="test403" classname="listas.RegressionTest2" time="0"/>
  <testcase name="test403" classname="listas.RegressionTest3" time="0"/>
  <testcase name="test403" classname="listas.RegressionTest4" time="0"/>
  <testcase name="test403" classname="listas.RegressionTest5" time="0"/>
  <testcase name="test403" classname="listas.RegressionTest6" time="0"/>
  <testcase name="test403" classname="listas.RegressionTest7" time="0"/>
  <testcase name="test403" classname="listas.RegressionTest8" time="0"/>
  <testcase name="test403" classname="listas.RegressionTest9" time="0"/>
  <testcase name="test404" classname="listas.RegressionTest0" time="0"/>
  <testcase name="test404" classname="listas.RegressionTest1" time="0"/>
  <testcase name="test404" classname="listas.RegressionTest2" time="0"/>
  <testcase name="test404" classname="listas.RegressionTest3" time="0"/>
  <testcase name="test404" classname="listas.RegressionTest4" time="0"/>
  <testcase name="test404" classname="listas.RegressionTest5" time="0"/>
  <testcase name="test404" classname="listas.RegressionTest6" time="0"/>
  <testcase name="test404" classname="listas.RegressionTest7" time="0"/>
  <testcase name="test404" classname="listas.RegressionTest8" time="0"/>
  <testcase name="test404" classname="listas.RegressionTest9" time="0"/>
  <testcase name="test405" classname="listas.RegressionTest0" time="0"/>
  <testcase name="test405" classname="listas.RegressionTest1" time="0"/>
  <testcase name="test405" classname="listas.RegressionTest2" time="0"/>
  <testcase name="test405" classname="listas.RegressionTest3" time="0"/>
  <testcase name="test405" classname="listas.RegressionTest4" time="0"/>
  <testcase name="test405" classname="listas.RegressionTest5" time="0"/>
  <testcase name="test405" classname="listas.RegressionTest6" time="0"/>
  <testcase name="test405" classname="listas.RegressionTest7" time="0"/>
  <testcase name="test405" classname="listas.RegressionTest8" time="0"/>
  <testcase name="test405" classname="listas.RegressionTest9" time="0"/>
  <testcase name="test406" classname="listas.RegressionTest0" time="0"/>
  <testcase name="test406" classname="listas.RegressionTest1" time="0"/>
  <testcase name="test406" classname="listas.RegressionTest2" time="0.001"/>
  <testcase name="test406" classname="listas.RegressionTest3" time="0"/>
  <testcase name="test406" classname="listas.RegressionTest4" time="0.001"/>
  <testcase name="test406" classname="listas.RegressionTest5" time="0"/>
  <testcase name="test406" classname="listas.RegressionTest6" time="0"/>
  <testcase name="test406" classname="listas.RegressionTest7" time="0"/>
  <testcase name="test406" classname="listas.RegressionTest8" time="0"/>
  <testcase name="test406" classname="listas.RegressionTest9" time="0"/>
  <testcase name="test407" classname="listas.RegressionTest0" time="0"/>
  <testcase name="test407" classname="listas.RegressionTest1" time="0"/>
  <testcase name="test407" classname="listas.RegressionTest2" time="0"/>
  <testcase name="test407" classname="listas.RegressionTest3" time="0"/>
  <testcase name="test407" classname="listas.RegressionTest4" time="0"/>
  <testcase name="test407" classname="listas.RegressionTest5" time="0"/>
  <testcase name="test407" classname="listas.RegressionTest6" time="0"/>
  <testcase name="test407" classname="listas.RegressionTest7" time="0"/>
  <testcase name="test407" classname="listas.RegressionTest8" time="0"/>
  <testcase name="test407" classname="listas.RegressionTest9" time="0"/>
  <testcase name="test408" classname="listas.RegressionTest0" time="0"/>
  <testcase name="test408" classname="listas.RegressionTest1" time="0"/>
  <testcase name="test408" classname="listas.RegressionTest2" time="0"/>
  <testcase name="test408" classname="listas.RegressionTest3" time="0"/>
  <testcase name="test408" classname="listas.RegressionTest4" time="0"/>
  <testcase name="test408" classname="listas.RegressionTest5" time="0"/>
  <testcase name="test408" classname="listas.RegressionTest6" time="0"/>
  <testcase name="test408" classname="listas.RegressionTest7" time="0"/>
  <testcase name="test408" classname="listas.RegressionTest8" time="0"/>
  <testcase name="test408" classname="listas.RegressionTest9" time="0"/>
  <testcase name="test409" classname="listas.RegressionTest0" time="0"/>
  <testcase name="test409" classname="listas.RegressionTest1" time="0"/>
  <testcase name="test409" classname="listas.RegressionTest2" time="0"/>
  <testcase name="test409" classname="listas.RegressionTest3" time="0"/>
  <testcase name="test409" classname="listas.RegressionTest4" time="0"/>
  <testcase name="test409" classname="listas.RegressionTest5" time="0"/>
  <testcase name="test409" classname="listas.RegressionTest6" time="0"/>
  <testcase name="test409" classname="listas.RegressionTest7" time="0"/>
  <testcase name="test409" classname="listas.RegressionTest8" time="0"/>
  <testcase name="test409" classname="listas.RegressionTest9" time="0"/>
  <testcase name="test410" classname="listas.RegressionTest0" time="0"/>
  <testcase name="test410" classname="listas.RegressionTest1" time="0"/>
  <testcase name="test410" classname="listas.RegressionTest2" time="0"/>
  <testcase name="test410" classname="listas.RegressionTest3" time="0"/>
  <testcase name="test410" classname="listas.RegressionTest4" time="0"/>
  <testcase name="test410" classname="listas.RegressionTest5" time="0"/>
  <testcase name="test410" classname="listas.RegressionTest6" time="0"/>
  <testcase name="test410" classname="listas.RegressionTest7" time="0"/>
  <testcase name="test410" classname="listas.RegressionTest8" time="0"/>
  <testcase name="test410" classname="listas.RegressionTest9" time="0"/>
  <testcase name="test411" classname="listas.RegressionTest0" time="0"/>
  <testcase name="test411" classname="listas.RegressionTest1" time="0"/>
  <testcase name="test411" classname="listas.RegressionTest2" time="0"/>
  <testcase name="test411" classname="listas.RegressionTest3" time="0"/>
  <testcase name="test411" classname="listas.RegressionTest4" time="0"/>
  <testcase name="test411" classname="listas.RegressionTest5" time="0"/>
  <testcase name="test411" classname="listas.RegressionTest6" time="0"/>
  <testcase name="test411" classname="listas.RegressionTest7" time="0"/>
  <testcase name="test411" classname="listas.RegressionTest8" time="0"/>
  <testcase name="test411" classname="listas.RegressionTest9" time="0"/>
  <testcase name="test412" classname="listas.RegressionTest0" time="0"/>
  <testcase name="test412" classname="listas.RegressionTest1" time="0"/>
  <testcase name="test412" classname="listas.RegressionTest2" time="0"/>
  <testcase name="test412" classname="listas.RegressionTest3" time="0"/>
  <testcase name="test412" classname="listas.RegressionTest4" time="0"/>
  <testcase name="test412" classname="listas.RegressionTest5" time="0"/>
  <testcase name="test412" classname="listas.RegressionTest6" time="0"/>
  <testcase name="test412" classname="listas.RegressionTest7" time="0"/>
  <testcase name="test412" classname="listas.RegressionTest8" time="0"/>
  <testcase name="test412" classname="listas.RegressionTest9" time="0"/>
  <testcase name="test413" classname="listas.RegressionTest0" time="0"/>
  <testcase name="test413" classname="listas.RegressionTest1" time="0"/>
  <testcase name="test413" classname="listas.RegressionTest2" time="0"/>
  <testcase name="test413" classname="listas.RegressionTest3" time="0"/>
  <testcase name="test413" classname="listas.RegressionTest4" time="0"/>
  <testcase name="test413" classname="listas.RegressionTest5" time="0"/>
  <testcase name="test413" classname="listas.RegressionTest6" time="0"/>
  <testcase name="test413" classname="listas.RegressionTest7" time="0"/>
  <testcase name="test413" classname="listas.RegressionTest8" time="0"/>
  <testcase name="test413" classname="listas.RegressionTest9" time="0"/>
  <testcase name="test414" classname="listas.RegressionTest0" time="0"/>
  <testcase name="test414" classname="listas.RegressionTest1" time="0"/>
  <testcase name="test414" classname="listas.RegressionTest2" time="0"/>
  <testcase name="test414" classname="listas.RegressionTest3" time="0"/>
  <testcase name="test414" classname="listas.RegressionTest4" time="0"/>
  <testcase name="test414" classname="listas.RegressionTest5" time="0"/>
  <testcase name="test414" classname="listas.RegressionTest6" time="0.001"/>
  <testcase name="test414" classname="listas.RegressionTest7" time="0"/>
  <testcase name="test414" classname="listas.RegressionTest8" time="0"/>
  <testcase name="test414" classname="listas.RegressionTest9" time="0"/>
  <testcase name="test415" classname="listas.RegressionTest0" time="0"/>
  <testcase name="test415" classname="listas.RegressionTest1" time="0"/>
  <testcase name="test415" classname="listas.RegressionTest2" time="0"/>
  <testcase name="test415" classname="listas.RegressionTest3" time="0"/>
  <testcase name="test415" classname="listas.RegressionTest4" time="0"/>
  <testcase name="test415" classname="listas.RegressionTest5" time="0"/>
  <testcase name="test415" classname="listas.RegressionTest6" time="0"/>
  <testcase name="test415" classname="listas.RegressionTest7" time="0"/>
  <testcase name="test415" classname="listas.RegressionTest8" time="0.001"/>
  <testcase name="test415" classname="listas.RegressionTest9" time="0"/>
  <testcase name="test416" classname="listas.RegressionTest0" time="0"/>
  <testcase name="test416" classname="listas.RegressionTest1" time="0"/>
  <testcase name="test416" classname="listas.RegressionTest2" time="0"/>
  <testcase name="test416" classname="listas.RegressionTest3" time="0"/>
  <testcase name="test416" classname="listas.RegressionTest4" time="0"/>
  <testcase name="test416" classname="listas.RegressionTest5" time="0"/>
  <testcase name="test416" classname="listas.RegressionTest6" time="0"/>
  <testcase name="test416" classname="listas.RegressionTest7" time="0"/>
  <testcase name="test416" classname="listas.RegressionTest8" time="0"/>
  <testcase name="test416" classname="listas.RegressionTest9" time="0"/>
  <testcase name="test417" classname="listas.RegressionTest0" time="0"/>
  <testcase name="test417" classname="listas.RegressionTest1" time="0"/>
  <testcase name="test417" classname="listas.RegressionTest2" time="0"/>
  <testcase name="test417" classname="listas.RegressionTest3" time="0"/>
  <testcase name="test417" classname="listas.RegressionTest4" time="0"/>
  <testcase name="test417" classname="listas.RegressionTest5" time="0"/>
  <testcase name="test417" classname="listas.RegressionTest6" time="0"/>
  <testcase name="test417" classname="listas.RegressionTest7" time="0"/>
  <testcase name="test417" classname="listas.RegressionTest8" time="0"/>
  <testcase name="test417" classname="listas.RegressionTest9" time="0"/>
  <testcase name="test418" classname="listas.RegressionTest0" time="0"/>
  <testcase name="test418" classname="listas.RegressionTest1" time="0"/>
  <testcase name="test418" classname="listas.RegressionTest2" time="0"/>
  <testcase name="test418" classname="listas.RegressionTest3" time="0"/>
  <testcase name="test418" classname="listas.RegressionTest4" time="0"/>
  <testcase name="test418" classname="listas.RegressionTest5" time="0"/>
  <testcase name="test418" classname="listas.RegressionTest6" time="0"/>
  <testcase name="test418" classname="listas.RegressionTest7" time="0"/>
  <testcase name="test418" classname="listas.RegressionTest8" time="0"/>
  <testcase name="test418" classname="listas.RegressionTest9" time="0"/>
  <testcase name="test419" classname="listas.RegressionTest0" time="0"/>
  <testcase name="test419" classname="listas.RegressionTest1" time="0.001"/>
  <testcase name="test419" classname="listas.RegressionTest2" time="0"/>
  <testcase name="test419" classname="listas.RegressionTest3" time="0"/>
  <testcase name="test419" classname="listas.RegressionTest4" time="0"/>
  <testcase name="test419" classname="listas.RegressionTest5" time="0"/>
  <testcase name="test419" classname="listas.RegressionTest6" time="0"/>
  <testcase name="test419" classname="listas.RegressionTest7" time="0"/>
  <testcase name="test419" classname="listas.RegressionTest8" time="0"/>
  <testcase name="test419" classname="listas.RegressionTest9" time="0"/>
  <testcase name="test420" classname="listas.RegressionTest0" time="0.001"/>
  <testcase name="test420" classname="listas.RegressionTest1" time="0"/>
  <testcase name="test420" classname="listas.RegressionTest2" time="0"/>
  <testcase name="test420" classname="listas.RegressionTest3" time="0"/>
  <testcase name="test420" classname="listas.RegressionTest4" time="0"/>
  <testcase name="test420" classname="listas.RegressionTest5" time="0"/>
  <testcase name="test420" classname="listas.RegressionTest6" time="0"/>
  <testcase name="test420" classname="listas.RegressionTest7" time="0"/>
  <testcase name="test420" classname="listas.RegressionTest8" time="0"/>
  <testcase name="test420" classname="listas.RegressionTest9" time="0"/>
  <testcase name="test421" classname="listas.RegressionTest0" time="0"/>
  <testcase name="test421" classname="listas.RegressionTest1" time="0"/>
  <testcase name="test421" classname="listas.RegressionTest2" time="0"/>
  <testcase name="test421" classname="listas.RegressionTest3" time="0"/>
  <testcase name="test421" classname="listas.RegressionTest4" time="0"/>
  <testcase name="test421" classname="listas.RegressionTest5" time="0"/>
  <testcase name="test421" classname="listas.RegressionTest6" time="0"/>
  <testcase name="test421" classname="listas.RegressionTest7" time="0"/>
  <testcase name="test421" classname="listas.RegressionTest8" time="0"/>
  <testcase name="test421" classname="listas.RegressionTest9" time="0"/>
  <testcase name="test422" classname="listas.RegressionTest0" time="0"/>
  <testcase name="test422" classname="listas.RegressionTest1" time="0"/>
  <testcase name="test422" classname="listas.RegressionTest2" time="0.001"/>
  <testcase name="test422" classname="listas.RegressionTest3" time="0"/>
  <testcase name="test422" classname="listas.RegressionTest4" time="0"/>
  <testcase name="test422" classname="listas.RegressionTest5" time="0"/>
  <testcase name="test422" classname="listas.RegressionTest6" time="0"/>
  <testcase name="test422" classname="listas.RegressionTest7" time="0"/>
  <testcase name="test422" classname="listas.RegressionTest8" time="0"/>
  <testcase name="test422" classname="listas.RegressionTest9" time="0"/>
  <testcase name="test423" classname="listas.RegressionTest0" time="0"/>
  <testcase name="test423" classname="listas.RegressionTest1" time="0"/>
  <testcase name="test423" classname="listas.RegressionTest2" time="0"/>
  <testcase name="test423" classname="listas.RegressionTest3" time="0"/>
  <testcase name="test423" classname="listas.RegressionTest4" time="0"/>
  <testcase name="test423" classname="listas.RegressionTest5" time="0"/>
  <testcase name="test423" classname="listas.RegressionTest6" time="0"/>
  <testcase name="test423" classname="listas.RegressionTest7" time="0"/>
  <testcase name="test423" classname="listas.RegressionTest8" time="0"/>
  <testcase name="test423" classname="listas.RegressionTest9" time="0"/>
  <testcase name="test424" classname="listas.RegressionTest0" time="0"/>
  <testcase name="test424" classname="listas.RegressionTest1" time="0"/>
  <testcase name="test424" classname="listas.RegressionTest2" time="0"/>
  <testcase name="test424" classname="listas.RegressionTest3" time="0"/>
  <testcase name="test424" classname="listas.RegressionTest4" time="0"/>
  <testcase name="test424" classname="listas.RegressionTest5" time="0"/>
  <testcase name="test424" classname="listas.RegressionTest6" time="0"/>
  <testcase name="test424" classname="listas.RegressionTest7" time="0"/>
  <testcase name="test424" classname="listas.RegressionTest8" time="0"/>
  <testcase name="test424" classname="listas.RegressionTest9" time="0"/>
  <testcase name="test425" classname="listas.RegressionTest0" time="0"/>
  <testcase name="test425" classname="listas.RegressionTest1" time="0"/>
  <testcase name="test425" classname="listas.RegressionTest2" time="0"/>
  <testcase name="test425" classname="listas.RegressionTest3" time="0"/>
  <testcase name="test425" classname="listas.RegressionTest4" time="0"/>
  <testcase name="test425" classname="listas.RegressionTest5" time="0"/>
  <testcase name="test425" classname="listas.RegressionTest6" time="0"/>
  <testcase name="test425" classname="listas.RegressionTest7" time="0"/>
  <testcase name="test425" classname="listas.RegressionTest8" time="0"/>
  <testcase name="test425" classname="listas.RegressionTest9" time="0"/>
  <testcase name="test426" classname="listas.RegressionTest0" time="0"/>
  <testcase name="test426" classname="listas.RegressionTest1" time="0"/>
  <testcase name="test426" classname="listas.RegressionTest2" time="0"/>
  <testcase name="test426" classname="listas.RegressionTest3" time="0"/>
  <testcase name="test426" classname="listas.RegressionTest4" time="0"/>
  <testcase name="test426" classname="listas.RegressionTest5" time="0"/>
  <testcase name="test426" classname="listas.RegressionTest6" time="0"/>
  <testcase name="test426" classname="listas.RegressionTest7" time="0"/>
  <testcase name="test426" classname="listas.RegressionTest8" time="0"/>
  <testcase name="test426" classname="listas.RegressionTest9" time="0"/>
  <testcase name="test427" classname="listas.RegressionTest0" time="0"/>
  <testcase name="test427" classname="listas.RegressionTest1" time="0"/>
  <testcase name="test427" classname="listas.RegressionTest2" time="0"/>
  <testcase name="test427" classname="listas.RegressionTest3" time="0"/>
  <testcase name="test427" classname="listas.RegressionTest4" time="0"/>
  <testcase name="test427" classname="listas.RegressionTest5" time="0"/>
  <testcase name="test427" classname="listas.RegressionTest6" time="0"/>
  <testcase name="test427" classname="listas.RegressionTest7" time="0"/>
  <testcase name="test427" classname="listas.RegressionTest8" time="0"/>
  <testcase name="test427" classname="listas.RegressionTest9" time="0"/>
  <testcase name="test428" classname="listas.RegressionTest0" time="0"/>
  <testcase name="test428" classname="listas.RegressionTest1" time="0"/>
  <testcase name="test428" classname="listas.RegressionTest2" time="0"/>
  <testcase name="test428" classname="listas.RegressionTest3" time="0"/>
  <testcase name="test428" classname="listas.RegressionTest4" time="0"/>
  <testcase name="test428" classname="listas.RegressionTest5" time="0"/>
  <testcase name="test428" classname="listas.RegressionTest6" time="0"/>
  <testcase name="test428" classname="listas.RegressionTest7" time="0"/>
  <testcase name="test428" classname="listas.RegressionTest8" time="0"/>
  <testcase name="test428" classname="listas.RegressionTest9" time="0"/>
  <testcase name="test429" classname="listas.RegressionTest0" time="0"/>
  <testcase name="test429" classname="listas.RegressionTest1" time="0"/>
  <testcase name="test429" classname="listas.RegressionTest2" time="0"/>
  <testcase name="test429" classname="listas.RegressionTest3" time="0"/>
  <testcase name="test429" classname="listas.RegressionTest4" time="0"/>
  <testcase name="test429" classname="listas.RegressionTest5" time="0"/>
  <testcase name="test429" classname="listas.RegressionTest6" time="0"/>
  <testcase name="test429" classname="listas.RegressionTest7" time="0"/>
  <testcase name="test429" classname="listas.RegressionTest8" time="0"/>
  <testcase name="test429" classname="listas.RegressionTest9" time="0"/>
  <testcase name="test430" classname="listas.RegressionTest0" time="0"/>
  <testcase name="test430" classname="listas.RegressionTest1" time="0"/>
  <testcase name="test430" classname="listas.RegressionTest2" time="0"/>
  <testcase name="test430" classname="listas.RegressionTest3" time="0"/>
  <testcase name="test430" classname="listas.RegressionTest4" time="0"/>
  <testcase name="test430" classname="listas.RegressionTest5" time="0"/>
  <testcase name="test430" classname="listas.RegressionTest6" time="0"/>
  <testcase name="test430" classname="listas.RegressionTest7" time="0"/>
  <testcase name="test430" classname="listas.RegressionTest8" time="0"/>
  <testcase name="test430" classname="listas.RegressionTest9" time="0"/>
  <testcase name="test431" classname="listas.RegressionTest0" time="0"/>
  <testcase name="test431" classname="listas.RegressionTest1" time="0.001"/>
  <testcase name="test431" classname="listas.RegressionTest2" time="0"/>
  <testcase name="test431" classname="listas.RegressionTest3" time="0"/>
  <testcase name="test431" classname="listas.RegressionTest4" time="0"/>
  <testcase name="test431" classname="listas.RegressionTest5" time="0"/>
  <testcase name="test431" classname="listas.RegressionTest6" time="0"/>
  <testcase name="test431" classname="listas.RegressionTest7" time="0"/>
  <testcase name="test431" classname="listas.RegressionTest8" time="0"/>
  <testcase name="test431" classname="listas.RegressionTest9" time="0"/>
  <testcase name="test432" classname="listas.RegressionTest0" time="0"/>
  <testcase name="test432" classname="listas.RegressionTest1" time="0"/>
  <testcase name="test432" classname="listas.RegressionTest2" time="0"/>
  <testcase name="test432" classname="listas.RegressionTest3" time="0"/>
  <testcase name="test432" classname="listas.RegressionTest4" time="0"/>
  <testcase name="test432" classname="listas.RegressionTest5" time="0"/>
  <testcase name="test432" classname="listas.RegressionTest6" time="0.001"/>
  <testcase name="test432" classname="listas.RegressionTest7" time="0"/>
  <testcase name="test432" classname="listas.RegressionTest8" time="0.001"/>
  <testcase name="test432" classname="listas.RegressionTest9" time="0"/>
  <testcase name="test433" classname="listas.RegressionTest0" time="0"/>
  <testcase name="test433" classname="listas.RegressionTest1" time="0"/>
  <testcase name="test433" classname="listas.RegressionTest2" time="0"/>
  <testcase name="test433" classname="listas.RegressionTest3" time="0"/>
  <testcase name="test433" classname="listas.RegressionTest4" time="0"/>
  <testcase name="test433" classname="listas.RegressionTest5" time="0"/>
  <testcase name="test433" classname="listas.RegressionTest6" time="0"/>
  <testcase name="test433" classname="listas.RegressionTest7" time="0"/>
  <testcase name="test433" classname="listas.RegressionTest8" time="0"/>
  <testcase name="test433" classname="listas.RegressionTest9" time="0"/>
  <testcase name="test434" classname="listas.RegressionTest0" time="0"/>
  <testcase name="test434" classname="listas.RegressionTest1" time="0"/>
  <testcase name="test434" classname="listas.RegressionTest2" time="0"/>
  <testcase name="test434" classname="listas.RegressionTest3" time="0"/>
  <testcase name="test434" classname="listas.RegressionTest4" time="0"/>
  <testcase name="test434" classname="listas.RegressionTest5" time="0"/>
  <testcase name="test434" classname="listas.RegressionTest6" time="0"/>
  <testcase name="test434" classname="listas.RegressionTest7" time="0"/>
  <testcase name="test434" classname="listas.RegressionTest8" time="0"/>
  <testcase name="test434" classname="listas.RegressionTest9" time="0"/>
  <testcase name="test435" classname="listas.RegressionTest0" time="0"/>
  <testcase name="test435" classname="listas.RegressionTest1" time="0"/>
  <testcase name="test435" classname="listas.RegressionTest2" time="0"/>
  <testcase name="test435" classname="listas.RegressionTest3" time="0"/>
  <testcase name="test435" classname="listas.RegressionTest4" time="0"/>
  <testcase name="test435" classname="listas.RegressionTest5" time="0"/>
  <testcase name="test435" classname="listas.RegressionTest6" time="0"/>
  <testcase name="test435" classname="listas.RegressionTest7" time="0"/>
  <testcase name="test435" classname="listas.RegressionTest8" time="0"/>
  <testcase name="test435" classname="listas.RegressionTest9" time="0"/>
  <testcase name="test436" classname="listas.RegressionTest0" time="0"/>
  <testcase name="test436" classname="listas.RegressionTest1" time="0"/>
  <testcase name="test436" classname="listas.RegressionTest2" time="0"/>
  <testcase name="test436" classname="listas.RegressionTest3" time="0"/>
  <testcase name="test436" classname="listas.RegressionTest4" time="0"/>
  <testcase name="test436" classname="listas.RegressionTest5" time="0"/>
  <testcase name="test436" classname="listas.RegressionTest6" time="0"/>
  <testcase name="test436" classname="listas.RegressionTest7" time="0"/>
  <testcase name="test436" classname="listas.RegressionTest8" time="0"/>
  <testcase name="test436" classname="listas.RegressionTest9" time="0"/>
  <testcase name="test437" classname="listas.RegressionTest0" time="0"/>
  <testcase name="test437" classname="listas.RegressionTest1" time="0"/>
  <testcase name="test437" classname="listas.RegressionTest2" time="0"/>
  <testcase name="test437" classname="listas.RegressionTest3" time="0"/>
  <testcase name="test437" classname="listas.RegressionTest4" time="0"/>
  <testcase name="test437" classname="listas.RegressionTest5" time="0"/>
  <testcase name="test437" classname="listas.RegressionTest6" time="0"/>
  <testcase name="test437" classname="listas.RegressionTest7" time="0"/>
  <testcase name="test437" classname="listas.RegressionTest8" time="0"/>
  <testcase name="test437" classname="listas.RegressionTest9" time="0"/>
  <testcase name="test438" classname="listas.RegressionTest0" time="0"/>
  <testcase name="test438" classname="listas.RegressionTest1" time="0"/>
  <testcase name="test438" classname="listas.RegressionTest2" time="0"/>
  <testcase name="test438" classname="listas.RegressionTest3" time="0"/>
  <testcase name="test438" classname="listas.RegressionTest4" time="0"/>
  <testcase name="test438" classname="listas.RegressionTest5" time="0"/>
  <testcase name="test438" classname="listas.RegressionTest6" time="0"/>
  <testcase name="test438" classname="listas.RegressionTest7" time="0"/>
  <testcase name="test438" classname="listas.RegressionTest8" time="0"/>
  <testcase name="test438" classname="listas.RegressionTest9" time="0"/>
  <testcase name="test439" classname="listas.RegressionTest0" time="0"/>
  <testcase name="test439" classname="listas.RegressionTest1" time="0"/>
  <testcase name="test439" classname="listas.RegressionTest2" time="0"/>
  <testcase name="test439" classname="listas.RegressionTest3" time="0"/>
  <testcase name="test439" classname="listas.RegressionTest4" time="0"/>
  <testcase name="test439" classname="listas.RegressionTest5" time="0"/>
  <testcase name="test439" classname="listas.RegressionTest6" time="0"/>
  <testcase name="test439" classname="listas.RegressionTest7" time="0"/>
  <testcase name="test439" classname="listas.RegressionTest8" time="0"/>
  <testcase name="test439" classname="listas.RegressionTest9" time="0"/>
  <testcase name="test440" classname="listas.RegressionTest0" time="0"/>
  <testcase name="test440" classname="listas.RegressionTest1" time="0"/>
  <testcase name="test440" classname="listas.RegressionTest2" time="0"/>
  <testcase name="test440" classname="listas.RegressionTest3" time="0"/>
  <testcase name="test440" classname="listas.RegressionTest4" time="0"/>
  <testcase name="test440" classname="listas.RegressionTest5" time="0"/>
  <testcase name="test440" classname="listas.RegressionTest6" time="0"/>
  <testcase name="test440" classname="listas.RegressionTest7" time="0"/>
  <testcase name="test440" classname="listas.RegressionTest8" time="0"/>
  <testcase name="test440" classname="listas.RegressionTest9" time="0"/>
  <testcase name="test441" classname="listas.RegressionTest0" time="0"/>
  <testcase name="test441" classname="listas.RegressionTest1" time="0"/>
  <testcase name="test441" classname="listas.RegressionTest2" time="0"/>
  <testcase name="test441" classname="listas.RegressionTest3" time="0"/>
  <testcase name="test441" classname="listas.RegressionTest4" time="0.001"/>
  <testcase name="test441" classname="listas.RegressionTest5" time="0"/>
  <testcase name="test441" classname="listas.RegressionTest6" time="0"/>
  <testcase name="test441" classname="listas.RegressionTest7" time="0"/>
  <testcase name="test441" classname="listas.RegressionTest8" time="0"/>
  <testcase name="test441" classname="listas.RegressionTest9" time="0"/>
  <testcase name="test442" classname="listas.RegressionTest0" time="0"/>
  <testcase name="test442" classname="listas.RegressionTest1" time="0"/>
  <testcase name="test442" classname="listas.RegressionTest2" time="0"/>
  <testcase name="test442" classname="listas.RegressionTest3" time="0"/>
  <testcase name="test442" classname="listas.RegressionTest4" time="0"/>
  <testcase name="test442" classname="listas.RegressionTest5" time="0"/>
  <testcase name="test442" classname="listas.RegressionTest6" time="0"/>
  <testcase name="test442" classname="listas.RegressionTest7" time="0"/>
  <testcase name="test442" classname="listas.RegressionTest8" time="0"/>
  <testcase name="test442" classname="listas.RegressionTest9" time="0"/>
  <testcase name="test443" classname="listas.RegressionTest0" time="0"/>
  <testcase name="test443" classname="listas.RegressionTest1" time="0"/>
  <testcase name="test443" classname="listas.RegressionTest2" time="0"/>
  <testcase name="test443" classname="listas.RegressionTest3" time="0"/>
  <testcase name="test443" classname="listas.RegressionTest4" time="0"/>
  <testcase name="test443" classname="listas.RegressionTest5" time="0"/>
  <testcase name="test443" classname="listas.RegressionTest6" time="0"/>
  <testcase name="test443" classname="listas.RegressionTest7" time="0"/>
  <testcase name="test443" classname="listas.RegressionTest8" time="0"/>
  <testcase name="test443" classname="listas.RegressionTest9" time="0"/>
  <testcase name="test444" classname="listas.RegressionTest0" time="0"/>
  <testcase name="test444" classname="listas.RegressionTest1" time="0"/>
  <testcase name="test444" classname="listas.RegressionTest2" time="0"/>
  <testcase name="test444" classname="listas.RegressionTest3" time="0"/>
  <testcase name="test444" classname="listas.RegressionTest4" time="0"/>
  <testcase name="test444" classname="listas.RegressionTest5" time="0"/>
  <testcase name="test444" classname="listas.RegressionTest6" time="0"/>
  <testcase name="test444" classname="listas.RegressionTest7" time="0"/>
  <testcase name="test444" classname="listas.RegressionTest8" time="0"/>
  <testcase name="test444" classname="listas.RegressionTest9" time="0"/>
  <testcase name="test445" classname="listas.RegressionTest0" time="0"/>
  <testcase name="test445" classname="listas.RegressionTest1" time="0"/>
  <testcase name="test445" classname="listas.RegressionTest2" time="0"/>
  <testcase name="test445" classname="listas.RegressionTest3" time="0"/>
  <testcase name="test445" classname="listas.RegressionTest4" time="0"/>
  <testcase name="test445" classname="listas.RegressionTest5" time="0"/>
  <testcase name="test445" classname="listas.RegressionTest6" time="0"/>
  <testcase name="test445" classname="listas.RegressionTest7" time="0"/>
  <testcase name="test445" classname="listas.RegressionTest8" time="0"/>
  <testcase name="test445" classname="listas.RegressionTest9" time="0"/>
  <testcase name="test446" classname="listas.RegressionTest0" time="0"/>
  <testcase name="test446" classname="listas.RegressionTest1" time="0"/>
  <testcase name="test446" classname="listas.RegressionTest2" time="0"/>
  <testcase name="test446" classname="listas.RegressionTest3" time="0"/>
  <testcase name="test446" classname="listas.RegressionTest4" time="0"/>
  <testcase name="test446" classname="listas.RegressionTest5" time="0"/>
  <testcase name="test446" classname="listas.RegressionTest6" time="0"/>
  <testcase name="test446" classname="listas.RegressionTest7" time="0"/>
  <testcase name="test446" classname="listas.RegressionTest8" time="0"/>
  <testcase name="test446" classname="listas.RegressionTest9" time="0.001"/>
  <testcase name="test447" classname="listas.RegressionTest0" time="0"/>
  <testcase name="test447" classname="listas.RegressionTest1" time="0"/>
  <testcase name="test447" classname="listas.RegressionTest2" time="0"/>
  <testcase name="test447" classname="listas.RegressionTest3" time="0"/>
  <testcase name="test447" classname="listas.RegressionTest4" time="0"/>
  <testcase name="test447" classname="listas.RegressionTest5" time="0"/>
  <testcase name="test447" classname="listas.RegressionTest6" time="0"/>
  <testcase name="test447" classname="listas.RegressionTest7" time="0"/>
  <testcase name="test447" classname="listas.RegressionTest8" time="0"/>
  <testcase name="test447" classname="listas.RegressionTest9" time="0"/>
  <testcase name="test448" classname="listas.RegressionTest0" time="0"/>
  <testcase name="test448" classname="listas.RegressionTest1" time="0"/>
  <testcase name="test448" classname="listas.RegressionTest2" time="0"/>
  <testcase name="test448" classname="listas.RegressionTest3" time="0"/>
  <testcase name="test448" classname="listas.RegressionTest4" time="0"/>
  <testcase name="test448" classname="listas.RegressionTest5" time="0"/>
  <testcase name="test448" classname="listas.RegressionTest6" time="0"/>
  <testcase name="test448" classname="listas.RegressionTest7" time="0"/>
  <testcase name="test448" classname="listas.RegressionTest8" time="0"/>
  <testcase name="test448" classname="listas.RegressionTest9" time="0"/>
  <testcase name="test449" classname="listas.RegressionTest0" time="0"/>
  <testcase name="test449" classname="listas.RegressionTest1" time="0"/>
  <testcase name="test449" classname="listas.RegressionTest2" time="0"/>
  <testcase name="test449" classname="listas.RegressionTest3" time="0"/>
  <testcase name="test449" classname="listas.RegressionTest4" time="0"/>
  <testcase name="test449" classname="listas.RegressionTest5" time="0"/>
  <testcase name="test449" classname="listas.RegressionTest6" time="0"/>
  <testcase name="test449" classname="listas.RegressionTest7" time="0"/>
  <testcase name="test449" classname="listas.RegressionTest8" time="0.001"/>
  <testcase name="test449" classname="listas.RegressionTest9" time="0"/>
  <testcase name="test450" classname="listas.RegressionTest0" time="0"/>
  <testcase name="test450" classname="listas.RegressionTest1" time="0"/>
  <testcase name="test450" classname="listas.RegressionTest2" time="0"/>
  <testcase name="test450" classname="listas.RegressionTest3" time="0"/>
  <testcase name="test450" classname="listas.RegressionTest4" time="0"/>
  <testcase name="test450" classname="listas.RegressionTest5" time="0"/>
  <testcase name="test450" classname="listas.RegressionTest6" time="0"/>
  <testcase name="test450" classname="listas.RegressionTest7" time="0"/>
  <testcase name="test450" classname="listas.RegressionTest8" time="0"/>
  <testcase name="test450" classname="listas.RegressionTest9" time="0"/>
  <testcase name="test451" classname="listas.RegressionTest0" time="0"/>
  <testcase name="test451" classname="listas.RegressionTest1" time="0"/>
  <testcase name="test451" classname="listas.RegressionTest2" time="0"/>
  <testcase name="test451" classname="listas.RegressionTest3" time="0"/>
  <testcase name="test451" classname="listas.RegressionTest4" time="0"/>
  <testcase name="test451" classname="listas.RegressionTest5" time="0"/>
  <testcase name="test451" classname="listas.RegressionTest6" time="0"/>
  <testcase name="test451" classname="listas.RegressionTest7" time="0"/>
  <testcase name="test451" classname="listas.RegressionTest8" time="0"/>
  <testcase name="test451" classname="listas.RegressionTest9" time="0"/>
  <testcase name="test452" classname="listas.RegressionTest0" time="0"/>
  <testcase name="test452" classname="listas.RegressionTest1" time="0"/>
  <testcase name="test452" classname="listas.RegressionTest2" time="0"/>
  <testcase name="test452" classname="listas.RegressionTest3" time="0"/>
  <testcase name="test452" classname="listas.RegressionTest4" time="0"/>
  <testcase name="test452" classname="listas.RegressionTest5" time="0"/>
  <testcase name="test452" classname="listas.RegressionTest6" time="0"/>
  <testcase name="test452" classname="listas.RegressionTest7" time="0"/>
  <testcase name="test452" classname="listas.RegressionTest8" time="0"/>
  <testcase name="test452" classname="listas.RegressionTest9" time="0"/>
  <testcase name="test453" classname="listas.RegressionTest0" time="0"/>
  <testcase name="test453" classname="listas.RegressionTest1" time="0"/>
  <testcase name="test453" classname="listas.RegressionTest2" time="0"/>
  <testcase name="test453" classname="listas.RegressionTest3" time="0"/>
  <testcase name="test453" classname="listas.RegressionTest4" time="0"/>
  <testcase name="test453" classname="listas.RegressionTest5" time="0"/>
  <testcase name="test453" classname="listas.RegressionTest6" time="0"/>
  <testcase name="test453" classname="listas.RegressionTest7" time="0"/>
  <testcase name="test453" classname="listas.RegressionTest8" time="0"/>
  <testcase name="test453" classname="listas.RegressionTest9" time="0"/>
  <testcase name="test454" classname="listas.RegressionTest0" time="0.001"/>
  <testcase name="test454" classname="listas.RegressionTest1" time="0"/>
  <testcase name="test454" classname="listas.RegressionTest2" time="0"/>
  <testcase name="test454" classname="listas.RegressionTest3" time="0"/>
  <testcase name="test454" classname="listas.RegressionTest4" time="0"/>
  <testcase name="test454" classname="listas.RegressionTest5" time="0"/>
  <testcase name="test454" classname="listas.RegressionTest6" time="0"/>
  <testcase name="test454" classname="listas.RegressionTest7" time="0"/>
  <testcase name="test454" classname="listas.RegressionTest8" time="0"/>
  <testcase name="test454" classname="listas.RegressionTest9" time="0"/>
  <testcase name="test455" classname="listas.RegressionTest0" time="0"/>
  <testcase name="test455" classname="listas.RegressionTest1" time="0"/>
  <testcase name="test455" classname="listas.RegressionTest2" time="0"/>
  <testcase name="test455" classname="listas.RegressionTest3" time="0"/>
  <testcase name="test455" classname="listas.RegressionTest4" time="0"/>
  <testcase name="test455" classname="listas.RegressionTest5" time="0"/>
  <testcase name="test455" classname="listas.RegressionTest6" time="0"/>
  <testcase name="test455" classname="listas.RegressionTest7" time="0"/>
  <testcase name="test455" classname="listas.RegressionTest8" time="0"/>
  <testcase name="test455" classname="listas.RegressionTest9" time="0"/>
  <testcase name="test456" classname="listas.RegressionTest0" time="0"/>
  <testcase name="test456" classname="listas.RegressionTest1" time="0"/>
  <testcase name="test456" classname="listas.RegressionTest2" time="0"/>
  <testcase name="test456" classname="listas.RegressionTest3" time="0"/>
  <testcase name="test456" classname="listas.RegressionTest4" time="0"/>
  <testcase name="test456" classname="listas.RegressionTest5" time="0"/>
  <testcase name="test456" classname="listas.RegressionTest6" time="0"/>
  <testcase name="test456" classname="listas.RegressionTest7" time="0"/>
  <testcase name="test456" classname="listas.RegressionTest8" time="0"/>
  <testcase name="test456" classname="listas.RegressionTest9" time="0"/>
  <testcase name="test457" classname="listas.RegressionTest0" time="0"/>
  <testcase name="test457" classname="listas.RegressionTest1" time="0"/>
  <testcase name="test457" classname="listas.RegressionTest2" time="0"/>
  <testcase name="test457" classname="listas.RegressionTest3" time="0"/>
  <testcase name="test457" classname="listas.RegressionTest4" time="0"/>
  <testcase name="test457" classname="listas.RegressionTest5" time="0"/>
  <testcase name="test457" classname="listas.RegressionTest6" time="0"/>
  <testcase name="test457" classname="listas.RegressionTest7" time="0"/>
  <testcase name="test457" classname="listas.RegressionTest8" time="0"/>
  <testcase name="test457" classname="listas.RegressionTest9" time="0"/>
  <testcase name="test458" classname="listas.RegressionTest0" time="0"/>
  <testcase name="test458" classname="listas.RegressionTest1" time="0"/>
  <testcase name="test458" classname="listas.RegressionTest2" time="0"/>
  <testcase name="test458" classname="listas.RegressionTest3" time="0"/>
  <testcase name="test458" classname="listas.RegressionTest4" time="0"/>
  <testcase name="test458" classname="listas.RegressionTest5" time="0"/>
  <testcase name="test458" classname="listas.RegressionTest6" time="0"/>
  <testcase name="test458" classname="listas.RegressionTest7" time="0"/>
  <testcase name="test458" classname="listas.RegressionTest8" time="0"/>
  <testcase name="test458" classname="listas.RegressionTest9" time="0"/>
  <testcase name="test459" classname="listas.RegressionTest0" time="0"/>
  <testcase name="test459" classname="listas.RegressionTest1" time="0"/>
  <testcase name="test459" classname="listas.RegressionTest2" time="0"/>
  <testcase name="test459" classname="listas.RegressionTest3" time="0"/>
  <testcase name="test459" classname="listas.RegressionTest4" time="0.001"/>
  <testcase name="test459" classname="listas.RegressionTest5" time="0"/>
  <testcase name="test459" classname="listas.RegressionTest6" time="0"/>
  <testcase name="test459" classname="listas.RegressionTest7" time="0"/>
  <testcase name="test459" classname="listas.RegressionTest8" time="0"/>
  <testcase name="test459" classname="listas.RegressionTest9" time="0"/>
  <testcase name="test460" classname="listas.RegressionTest0" time="0"/>
  <testcase name="test460" classname="listas.RegressionTest1" time="0"/>
  <testcase name="test460" classname="listas.RegressionTest2" time="0"/>
  <testcase name="test460" classname="listas.RegressionTest3" time="0"/>
  <testcase name="test460" classname="listas.RegressionTest4" time="0"/>
  <testcase name="test460" classname="listas.RegressionTest5" time="0"/>
  <testcase name="test460" classname="listas.RegressionTest6" time="0"/>
  <testcase name="test460" classname="listas.RegressionTest7" time="0"/>
  <testcase name="test460" classname="listas.RegressionTest8" time="0"/>
  <testcase name="test460" classname="listas.RegressionTest9" time="0"/>
  <testcase name="test461" classname="listas.RegressionTest0" time="0"/>
  <testcase name="test461" classname="listas.RegressionTest1" time="0"/>
  <testcase name="test461" classname="listas.RegressionTest2" time="0"/>
  <testcase name="test461" classname="listas.RegressionTest3" time="0"/>
  <testcase name="test461" classname="listas.RegressionTest4" time="0"/>
  <testcase name="test461" classname="listas.RegressionTest5" time="0.001"/>
  <testcase name="test461" classname="listas.RegressionTest6" time="0"/>
  <testcase name="test461" classname="listas.RegressionTest7" time="0"/>
  <testcase name="test461" classname="listas.RegressionTest8" time="0"/>
  <testcase name="test461" classname="listas.RegressionTest9" time="0"/>
  <testcase name="test462" classname="listas.RegressionTest0" time="0"/>
  <testcase name="test462" classname="listas.RegressionTest1" time="0"/>
  <testcase name="test462" classname="listas.RegressionTest2" time="0"/>
  <testcase name="test462" classname="listas.RegressionTest3" time="0"/>
  <testcase name="test462" classname="listas.RegressionTest4" time="0"/>
  <testcase name="test462" classname="listas.RegressionTest5" time="0"/>
  <testcase name="test462" classname="listas.RegressionTest6" time="0"/>
  <testcase name="test462" classname="listas.RegressionTest7" time="0"/>
  <testcase name="test462" classname="listas.RegressionTest8" time="0"/>
  <testcase name="test462" classname="listas.RegressionTest9" time="0"/>
  <testcase name="test463" classname="listas.RegressionTest0" time="0"/>
  <testcase name="test463" classname="listas.RegressionTest1" time="0"/>
  <testcase name="test463" classname="listas.RegressionTest2" time="0"/>
  <testcase name="test463" classname="listas.RegressionTest3" time="0"/>
  <testcase name="test463" classname="listas.RegressionTest4" time="0"/>
  <testcase name="test463" classname="listas.RegressionTest5" time="0"/>
  <testcase name="test463" classname="listas.RegressionTest6" time="0"/>
  <testcase name="test463" classname="listas.RegressionTest7" time="0"/>
  <testcase name="test463" classname="listas.RegressionTest8" time="0"/>
  <testcase name="test463" classname="listas.RegressionTest9" time="0"/>
  <testcase name="test464" classname="listas.RegressionTest0" time="0"/>
  <testcase name="test464" classname="listas.RegressionTest1" time="0"/>
  <testcase name="test464" classname="listas.RegressionTest2" time="0"/>
  <testcase name="test464" classname="listas.RegressionTest3" time="0"/>
  <testcase name="test464" classname="listas.RegressionTest4" time="0"/>
  <testcase name="test464" classname="listas.RegressionTest5" time="0"/>
  <testcase name="test464" classname="listas.RegressionTest6" time="0"/>
  <testcase name="test464" classname="listas.RegressionTest7" time="0"/>
  <testcase name="test464" classname="listas.RegressionTest8" time="0"/>
  <testcase name="test464" classname="listas.RegressionTest9" time="0"/>
  <testcase name="test465" classname="listas.RegressionTest0" time="0"/>
  <testcase name="test465" classname="listas.RegressionTest1" time="0"/>
  <testcase name="test465" classname="listas.RegressionTest2" time="0"/>
  <testcase name="test465" classname="listas.RegressionTest3" time="0"/>
  <testcase name="test465" classname="listas.RegressionTest4" time="0"/>
  <testcase name="test465" classname="listas.RegressionTest5" time="0"/>
  <testcase name="test465" classname="listas.RegressionTest6" time="0"/>
  <testcase name="test465" classname="listas.RegressionTest7" time="0"/>
  <testcase name="test465" classname="listas.RegressionTest8" time="0"/>
  <testcase name="test465" classname="listas.RegressionTest9" time="0"/>
  <testcase name="test466" classname="listas.RegressionTest0" time="0"/>
  <testcase name="test466" classname="listas.RegressionTest1" time="0"/>
  <testcase name="test466" classname="listas.RegressionTest2" time="0"/>
  <testcase name="test466" classname="listas.RegressionTest3" time="0"/>
  <testcase name="test466" classname="listas.RegressionTest4" time="0"/>
  <testcase name="test466" classname="listas.RegressionTest5" time="0"/>
  <testcase name="test466" classname="listas.RegressionTest6" time="0"/>
  <testcase name="test466" classname="listas.RegressionTest7" time="0"/>
  <testcase name="test466" classname="listas.RegressionTest8" time="0.001"/>
  <testcase name="test466" classname="listas.RegressionTest9" time="0.001"/>
  <testcase name="test467" classname="listas.RegressionTest0" time="0.001"/>
  <testcase name="test467" classname="listas.RegressionTest1" time="0"/>
  <testcase name="test467" classname="listas.RegressionTest2" time="0"/>
  <testcase name="test467" classname="listas.RegressionTest3" time="0"/>
  <testcase name="test467" classname="listas.RegressionTest4" time="0"/>
  <testcase name="test467" classname="listas.RegressionTest5" time="0"/>
  <testcase name="test467" classname="listas.RegressionTest6" time="0"/>
  <testcase name="test467" classname="listas.RegressionTest7" time="0"/>
  <testcase name="test467" classname="listas.RegressionTest8" time="0"/>
  <testcase name="test467" classname="listas.RegressionTest9" time="0"/>
  <testcase name="test468" classname="listas.RegressionTest0" time="0"/>
  <testcase name="test468" classname="listas.RegressionTest1" time="0"/>
  <testcase name="test468" classname="listas.RegressionTest2" time="0"/>
  <testcase name="test468" classname="listas.RegressionTest3" time="0"/>
  <testcase name="test468" classname="listas.RegressionTest4" time="0"/>
  <testcase name="test468" classname="listas.RegressionTest5" time="0"/>
  <testcase name="test468" classname="listas.RegressionTest6" time="0"/>
  <testcase name="test468" classname="listas.RegressionTest7" time="0"/>
  <testcase name="test468" classname="listas.RegressionTest8" time="0"/>
  <testcase name="test468" classname="listas.RegressionTest9" time="0"/>
  <testcase name="test469" classname="listas.RegressionTest0" time="0"/>
  <testcase name="test469" classname="listas.RegressionTest1" time="0"/>
  <testcase name="test469" classname="listas.RegressionTest2" time="0"/>
  <testcase name="test469" classname="listas.RegressionTest3" time="0"/>
  <testcase name="test469" classname="listas.RegressionTest4" time="0"/>
  <testcase name="test469" classname="listas.RegressionTest5" time="0"/>
  <testcase name="test469" classname="listas.RegressionTest6" time="0"/>
  <testcase name="test469" classname="listas.RegressionTest7" time="0"/>
  <testcase name="test469" classname="listas.RegressionTest8" time="0"/>
  <testcase name="test469" classname="listas.RegressionTest9" time="0"/>
  <testcase name="test470" classname="listas.RegressionTest0" time="0"/>
  <testcase name="test470" classname="listas.RegressionTest1" time="0"/>
  <testcase name="test470" classname="listas.RegressionTest2" time="0"/>
  <testcase name="test470" classname="listas.RegressionTest3" time="0"/>
  <testcase name="test470" classname="listas.RegressionTest4" time="0"/>
  <testcase name="test470" classname="listas.RegressionTest5" time="0"/>
  <testcase name="test470" classname="listas.RegressionTest6" time="0"/>
  <testcase name="test470" classname="listas.RegressionTest7" time="0"/>
  <testcase name="test470" classname="listas.RegressionTest8" time="0"/>
  <testcase name="test470" classname="listas.RegressionTest9" time="0"/>
  <testcase name="test471" classname="listas.RegressionTest0" time="0"/>
  <testcase name="test471" classname="listas.RegressionTest1" time="0"/>
  <testcase name="test471" classname="listas.RegressionTest2" time="0"/>
  <testcase name="test471" classname="listas.RegressionTest3" time="0"/>
  <testcase name="test471" classname="listas.RegressionTest4" time="0"/>
  <testcase name="test471" classname="listas.RegressionTest5" time="0"/>
  <testcase name="test471" classname="listas.RegressionTest6" time="0"/>
  <testcase name="test471" classname="listas.RegressionTest7" time="0"/>
  <testcase name="test471" classname="listas.RegressionTest8" time="0"/>
  <testcase name="test471" classname="listas.RegressionTest9" time="0"/>
  <testcase name="test472" classname="listas.RegressionTest0" time="0"/>
  <testcase name="test472" classname="listas.RegressionTest1" time="0"/>
  <testcase name="test472" classname="listas.RegressionTest2" time="0"/>
  <testcase name="test472" classname="listas.RegressionTest3" time="0"/>
  <testcase name="test472" classname="listas.RegressionTest4" time="0"/>
  <testcase name="test472" classname="listas.RegressionTest5" time="0"/>
  <testcase name="test472" classname="listas.RegressionTest6" time="0"/>
  <testcase name="test472" classname="listas.RegressionTest7" time="0"/>
  <testcase name="test472" classname="listas.RegressionTest8" time="0"/>
  <testcase name="test472" classname="listas.RegressionTest9" time="0"/>
  <testcase name="test473" classname="listas.RegressionTest0" time="0"/>
  <testcase name="test473" classname="listas.RegressionTest1" time="0"/>
  <testcase name="test473" classname="listas.RegressionTest2" time="0"/>
  <testcase name="test473" classname="listas.RegressionTest3" time="0"/>
  <testcase name="test473" classname="listas.RegressionTest4" time="0"/>
  <testcase name="test473" classname="listas.RegressionTest5" time="0"/>
  <testcase name="test473" classname="listas.RegressionTest6" time="0"/>
  <testcase name="test473" classname="listas.RegressionTest7" time="0"/>
  <testcase name="test473" classname="listas.RegressionTest8" time="0"/>
  <testcase name="test473" classname="listas.RegressionTest9" time="0"/>
  <testcase name="test474" classname="listas.RegressionTest0" time="0"/>
  <testcase name="test474" classname="listas.RegressionTest1" time="0"/>
  <testcase name="test474" classname="listas.RegressionTest2" time="0"/>
  <testcase name="test474" classname="listas.RegressionTest3" time="0"/>
  <testcase name="test474" classname="listas.RegressionTest4" time="0"/>
  <testcase name="test474" classname="listas.RegressionTest5" time="0"/>
  <testcase name="test474" classname="listas.RegressionTest6" time="0"/>
  <testcase name="test474" classname="listas.RegressionTest7" time="0"/>
  <testcase name="test474" classname="listas.RegressionTest8" time="0"/>
  <testcase name="test474" classname="listas.RegressionTest9" time="0"/>
  <testcase name="test475" classname="listas.RegressionTest0" time="0"/>
  <testcase name="test475" classname="listas.RegressionTest1" time="0"/>
  <testcase name="test475" classname="listas.RegressionTest2" time="0"/>
  <testcase name="test475" classname="listas.RegressionTest3" time="0"/>
  <testcase name="test475" classname="listas.RegressionTest4" time="0"/>
  <testcase name="test475" classname="listas.RegressionTest5" time="0"/>
  <testcase name="test475" classname="listas.RegressionTest6" time="0"/>
  <testcase name="test475" classname="listas.RegressionTest7" time="0"/>
  <testcase name="test475" classname="listas.RegressionTest8" time="0"/>
  <testcase name="test475" classname="listas.RegressionTest9" time="0"/>
  <testcase name="test476" classname="listas.RegressionTest0" time="0"/>
  <testcase name="test476" classname="listas.RegressionTest1" time="0"/>
  <testcase name="test476" classname="listas.RegressionTest2" time="0"/>
  <testcase name="test476" classname="listas.RegressionTest3" time="0.001"/>
  <testcase name="test476" classname="listas.RegressionTest4" time="0.001"/>
  <testcase name="test476" classname="listas.RegressionTest5" time="0"/>
  <testcase name="test476" classname="listas.RegressionTest6" time="0"/>
  <testcase name="test476" classname="listas.RegressionTest7" time="0"/>
  <testcase name="test476" classname="listas.RegressionTest8" time="0"/>
  <testcase name="test476" classname="listas.RegressionTest9" time="0"/>
  <testcase name="test477" classname="listas.RegressionTest0" time="0"/>
  <testcase name="test477" classname="listas.RegressionTest1" time="0"/>
  <testcase name="test477" classname="listas.RegressionTest2" time="0"/>
  <testcase name="test477" classname="listas.RegressionTest3" time="0"/>
  <testcase name="test477" classname="listas.RegressionTest4" time="0"/>
  <testcase name="test477" classname="listas.RegressionTest5" time="0"/>
  <testcase name="test477" classname="listas.RegressionTest6" time="0"/>
  <testcase name="test477" classname="listas.RegressionTest7" time="0"/>
  <testcase name="test477" classname="listas.RegressionTest8" time="0"/>
  <testcase name="test477" classname="listas.RegressionTest9" time="0"/>
  <testcase name="test478" classname="listas.RegressionTest0" time="0"/>
  <testcase name="test478" classname="listas.RegressionTest1" time="0"/>
  <testcase name="test478" classname="listas.RegressionTest2" time="0"/>
  <testcase name="test478" classname="listas.RegressionTest3" time="0"/>
  <testcase name="test478" classname="listas.RegressionTest4" time="0"/>
  <testcase name="test478" classname="listas.RegressionTest5" time="0"/>
  <testcase name="test478" classname="listas.RegressionTest6" time="0"/>
  <testcase name="test478" classname="listas.RegressionTest7" time="0"/>
  <testcase name="test478" classname="listas.RegressionTest8" time="0"/>
  <testcase name="test478" classname="listas.RegressionTest9" time="0"/>
  <testcase name="test479" classname="listas.RegressionTest0" time="0"/>
  <testcase name="test479" classname="listas.RegressionTest1" time="0"/>
  <testcase name="test479" classname="listas.RegressionTest2" time="0"/>
  <testcase name="test479" classname="listas.RegressionTest3" time="0"/>
  <testcase name="test479" classname="listas.RegressionTest4" time="0"/>
  <testcase name="test479" classname="listas.RegressionTest5" time="0.001"/>
  <testcase name="test479" classname="listas.RegressionTest6" time="0"/>
  <testcase name="test479" classname="listas.RegressionTest7" time="0"/>
  <testcase name="test479" classname="listas.RegressionTest8" time="0"/>
  <testcase name="test479" classname="listas.RegressionTest9" time="0"/>
  <testcase name="test480" classname="listas.RegressionTest0" time="0.001"/>
  <testcase name="test480" classname="listas.RegressionTest1" time="0"/>
  <testcase name="test480" classname="listas.RegressionTest2" time="0"/>
  <testcase name="test480" classname="listas.RegressionTest3" time="0"/>
  <testcase name="test480" classname="listas.RegressionTest4" time="0"/>
  <testcase name="test480" classname="listas.RegressionTest5" time="0"/>
  <testcase name="test480" classname="listas.RegressionTest6" time="0"/>
  <testcase name="test480" classname="listas.RegressionTest7" time="0"/>
  <testcase name="test480" classname="listas.RegressionTest8" time="0"/>
  <testcase name="test480" classname="listas.RegressionTest9" time="0"/>
  <testcase name="test481" classname="listas.RegressionTest0" time="0"/>
  <testcase name="test481" classname="listas.RegressionTest1" time="0"/>
  <testcase name="test481" classname="listas.RegressionTest2" time="0"/>
  <testcase name="test481" classname="listas.RegressionTest3" time="0"/>
  <testcase name="test481" classname="listas.RegressionTest4" time="0"/>
  <testcase name="test481" classname="listas.RegressionTest5" time="0"/>
  <testcase name="test481" classname="listas.RegressionTest6" time="0"/>
  <testcase name="test481" classname="listas.RegressionTest7" time="0"/>
  <testcase name="test481" classname="listas.RegressionTest8" time="0"/>
  <testcase name="test481" classname="listas.RegressionTest9" time="0"/>
  <testcase name="test482" classname="listas.RegressionTest0" time="0"/>
  <testcase name="test482" classname="listas.RegressionTest1" time="0"/>
  <testcase name="test482" classname="listas.RegressionTest2" time="0.001"/>
  <testcase name="test482" classname="listas.RegressionTest3" time="0"/>
  <testcase name="test482" classname="listas.RegressionTest4" time="0"/>
  <testcase name="test482" classname="listas.RegressionTest5" time="0"/>
  <testcase name="test482" classname="listas.RegressionTest6" time="0"/>
  <testcase name="test482" classname="listas.RegressionTest7" time="0"/>
  <testcase name="test482" classname="listas.RegressionTest8" time="0"/>
  <testcase name="test482" classname="listas.RegressionTest9" time="0"/>
  <testcase name="test483" classname="listas.RegressionTest0" time="0"/>
  <testcase name="test483" classname="listas.RegressionTest1" time="0"/>
  <testcase name="test483" classname="listas.RegressionTest2" time="0"/>
  <testcase name="test483" classname="listas.RegressionTest3" time="0"/>
  <testcase name="test483" classname="listas.RegressionTest4" time="0"/>
  <testcase name="test483" classname="listas.RegressionTest5" time="0"/>
  <testcase name="test483" classname="listas.RegressionTest6" time="0"/>
  <testcase name="test483" classname="listas.RegressionTest7" time="0"/>
  <testcase name="test483" classname="listas.RegressionTest8" time="0.001"/>
  <testcase name="test483" classname="listas.RegressionTest9" time="0"/>
  <testcase name="test484" classname="listas.RegressionTest0" time="0"/>
  <testcase name="test484" classname="listas.RegressionTest1" time="0"/>
  <testcase name="test484" classname="listas.RegressionTest2" time="0"/>
  <testcase name="test484" classname="listas.RegressionTest3" time="0"/>
  <testcase name="test484" classname="listas.RegressionTest4" time="0"/>
  <testcase name="test484" classname="listas.RegressionTest5" time="0"/>
  <testcase name="test484" classname="listas.RegressionTest6" time="0"/>
  <testcase name="test484" classname="listas.RegressionTest7" time="0"/>
  <testcase name="test484" classname="listas.RegressionTest8" time="0"/>
  <testcase name="test484" classname="listas.RegressionTest9" time="0"/>
  <testcase name="test485" classname="listas.RegressionTest0" time="0"/>
  <testcase name="test485" classname="listas.RegressionTest1" time="0"/>
  <testcase name="test485" classname="listas.RegressionTest2" time="0"/>
  <testcase name="test485" classname="listas.RegressionTest3" time="0"/>
  <testcase name="test485" classname="listas.RegressionTest4" time="0"/>
  <testcase name="test485" classname="listas.RegressionTest5" time="0"/>
  <testcase name="test485" classname="listas.RegressionTest6" time="0"/>
  <testcase name="test485" classname="listas.RegressionTest7" time="0"/>
  <testcase name="test485" classname="listas.RegressionTest8" time="0"/>
  <testcase name="test485" classname="listas.RegressionTest9" time="0"/>
  <testcase name="test486" classname="listas.RegressionTest0" time="0"/>
  <testcase name="test486" classname="listas.RegressionTest1" time="0"/>
  <testcase name="test486" classname="listas.RegressionTest2" time="0"/>
  <testcase name="test486" classname="listas.RegressionTest3" time="0"/>
  <testcase name="test486" classname="listas.RegressionTest4" time="0"/>
  <testcase name="test486" classname="listas.RegressionTest5" time="0"/>
  <testcase name="test486" classname="listas.RegressionTest6" time="0"/>
  <testcase name="test486" classname="listas.RegressionTest7" time="0"/>
  <testcase name="test486" classname="listas.RegressionTest8" time="0"/>
  <testcase name="test486" classname="listas.RegressionTest9" time="0"/>
  <testcase name="test487" classname="listas.RegressionTest0" time="0"/>
  <testcase name="test487" classname="listas.RegressionTest1" time="0"/>
  <testcase name="test487" classname="listas.RegressionTest2" time="0"/>
  <testcase name="test487" classname="listas.RegressionTest3" time="0"/>
  <testcase name="test487" classname="listas.RegressionTest4" time="0"/>
  <testcase name="test487" classname="listas.RegressionTest5" time="0"/>
  <testcase name="test487" classname="listas.RegressionTest6" time="0.001"/>
  <testcase name="test487" classname="listas.RegressionTest7" time="0"/>
  <testcase name="test487" classname="listas.RegressionTest8" time="0"/>
  <testcase name="test487" classname="listas.RegressionTest9" time="0"/>
  <testcase name="test488" classname="listas.RegressionTest0" time="0"/>
  <testcase name="test488" classname="listas.RegressionTest1" time="0"/>
  <testcase name="test488" classname="listas.RegressionTest2" time="0"/>
  <testcase name="test488" classname="listas.RegressionTest3" time="0"/>
  <testcase name="test488" classname="listas.RegressionTest4" time="0"/>
  <testcase name="test488" classname="listas.RegressionTest5" time="0"/>
  <testcase name="test488" classname="listas.RegressionTest6" time="0"/>
  <testcase name="test488" classname="listas.RegressionTest7" time="0"/>
  <testcase name="test488" classname="listas.RegressionTest8" time="0"/>
  <testcase name="test488" classname="listas.RegressionTest9" time="0"/>
  <testcase name="test489" classname="listas.RegressionTest0" time="0"/>
  <testcase name="test489" classname="listas.RegressionTest1" time="0"/>
  <testcase name="test489" classname="listas.RegressionTest2" time="0"/>
  <testcase name="test489" classname="listas.RegressionTest3" time="0"/>
  <testcase name="test489" classname="listas.RegressionTest4" time="0"/>
  <testcase name="test489" classname="listas.RegressionTest5" time="0"/>
  <testcase name="test489" classname="listas.RegressionTest6" time="0"/>
  <testcase name="test489" classname="listas.RegressionTest7" time="0"/>
  <testcase name="test489" classname="listas.RegressionTest8" time="0"/>
  <testcase name="test489" classname="listas.RegressionTest9" time="0"/>
  <testcase name="test490" classname="listas.RegressionTest0" time="0"/>
  <testcase name="test490" classname="listas.RegressionTest1" time="0"/>
  <testcase name="test490" classname="listas.RegressionTest2" time="0"/>
  <testcase name="test490" classname="listas.RegressionTest3" time="0"/>
  <testcase name="test490" classname="listas.RegressionTest4" time="0"/>
  <testcase name="test490" classname="listas.RegressionTest5" time="0"/>
  <testcase name="test490" classname="listas.RegressionTest6" time="0"/>
  <testcase name="test490" classname="listas.RegressionTest7" time="0"/>
  <testcase name="test490" classname="listas.RegressionTest8" time="0"/>
  <testcase name="test490" classname="listas.RegressionTest9" time="0"/>
  <testcase name="test491" classname="listas.RegressionTest0" time="0"/>
  <testcase name="test491" classname="listas.RegressionTest1" time="0"/>
  <testcase name="test491" classname="listas.RegressionTest2" time="0"/>
  <testcase name="test491" classname="listas.RegressionTest3" time="0"/>
  <testcase name="test491" classname="listas.RegressionTest4" time="0"/>
  <testcase name="test491" classname="listas.RegressionTest5" time="0"/>
  <testcase name="test491" classname="listas.RegressionTest6" time="0"/>
  <testcase name="test491" classname="listas.RegressionTest7" time="0"/>
  <testcase name="test491" classname="listas.RegressionTest8" time="0"/>
  <testcase name="test491" classname="listas.RegressionTest9" time="0"/>
  <testcase name="test492" classname="listas.RegressionTest0" time="0"/>
  <testcase name="test492" classname="listas.RegressionTest1" time="0"/>
  <testcase name="test492" classname="listas.RegressionTest2" time="0"/>
  <testcase name="test492" classname="listas.RegressionTest3" time="0"/>
  <testcase name="test492" classname="listas.RegressionTest4" time="0"/>
  <testcase name="test492" classname="listas.RegressionTest5" time="0"/>
  <testcase name="test492" classname="listas.RegressionTest6" time="0"/>
  <testcase name="test492" classname="listas.RegressionTest7" time="0"/>
  <testcase name="test492" classname="listas.RegressionTest8" time="0"/>
  <testcase name="test492" classname="listas.RegressionTest9" time="0"/>
  <testcase name="test493" classname="listas.RegressionTest0" time="0"/>
  <testcase name="test493" classname="listas.RegressionTest1" time="0"/>
  <testcase name="test493" classname="listas.RegressionTest2" time="0"/>
  <testcase name="test493" classname="listas.RegressionTest3" time="0"/>
  <testcase name="test493" classname="listas.RegressionTest4" time="0"/>
  <testcase name="test493" classname="listas.RegressionTest5" time="0"/>
  <testcase name="test493" classname="listas.RegressionTest6" time="0"/>
  <testcase name="test493" classname="listas.RegressionTest7" time="0"/>
  <testcase name="test493" classname="listas.RegressionTest8" time="0"/>
  <testcase name="test493" classname="listas.RegressionTest9" time="0"/>
  <testcase name="test494" classname="listas.RegressionTest0" time="0"/>
  <testcase name="test494" classname="listas.RegressionTest1" time="0"/>
  <testcase name="test494" classname="listas.RegressionTest2" time="0"/>
  <testcase name="test494" classname="listas.RegressionTest3" time="0"/>
  <testcase name="test494" classname="listas.RegressionTest4" time="0"/>
  <testcase name="test494" classname="listas.RegressionTest5" time="0"/>
  <testcase name="test494" classname="listas.RegressionTest6" time="0"/>
  <testcase name="test494" classname="listas.RegressionTest7" time="0"/>
  <testcase name="test494" classname="listas.RegressionTest8" time="0"/>
  <testcase name="test494" classname="listas.RegressionTest9" time="0"/>
  <testcase name="test495" classname="listas.RegressionTest0" time="0"/>
  <testcase name="test495" classname="listas.RegressionTest1" time="0"/>
  <testcase name="test495" classname="listas.RegressionTest2" time="0"/>
  <testcase name="test495" classname="listas.RegressionTest3" time="0"/>
  <testcase name="test495" classname="listas.RegressionTest4" time="0"/>
  <testcase name="test495" classname="listas.RegressionTest5" time="0"/>
  <testcase name="test495" classname="listas.RegressionTest6" time="0"/>
  <testcase name="test495" classname="listas.RegressionTest7" time="0"/>
  <testcase name="test495" classname="listas.RegressionTest8" time="0"/>
  <testcase name="test495" classname="listas.RegressionTest9" time="0"/>
  <testcase name="test496" classname="listas.RegressionTest0" time="0"/>
  <testcase name="test496" classname="listas.RegressionTest1" time="0"/>
  <testcase name="test496" classname="listas.RegressionTest2" time="0"/>
  <testcase name="test496" classname="listas.RegressionTest3" time="0"/>
  <testcase name="test496" classname="listas.RegressionTest4" time="0"/>
  <testcase name="test496" classname="listas.RegressionTest5" time="0"/>
  <testcase name="test496" classname="listas.RegressionTest6" time="0"/>
  <testcase name="test496" classname="listas.RegressionTest7" time="0"/>
  <testcase name="test496" classname="listas.RegressionTest8" time="0"/>
  <testcase name="test496" classname="listas.RegressionTest9" time="0"/>
  <testcase name="test497" classname="listas.RegressionTest0" time="0"/>
  <testcase name="test497" classname="listas.RegressionTest1" time="0"/>
  <testcase name="test497" classname="listas.RegressionTest2" time="0"/>
  <testcase name="test497" classname="listas.RegressionTest3" time="0"/>
  <testcase name="test497" classname="listas.RegressionTest4" time="0"/>
  <testcase name="test497" classname="listas.RegressionTest5" time="0"/>
  <testcase name="test497" classname="listas.RegressionTest6" time="0"/>
  <testcase name="test497" classname="listas.RegressionTest7" time="0"/>
  <testcase name="test497" classname="listas.RegressionTest8" time="0"/>
  <testcase name="test497" classname="listas.RegressionTest9" time="0"/>
  <testcase name="test498" classname="listas.RegressionTest0" time="0"/>
  <testcase name="test498" classname="listas.RegressionTest1" time="0"/>
  <testcase name="test498" classname="listas.RegressionTest2" time="0"/>
  <testcase name="test498" classname="listas.RegressionTest3" time="0"/>
  <testcase name="test498" classname="listas.RegressionTest4" time="0"/>
  <testcase name="test498" classname="listas.RegressionTest5" time="0"/>
  <testcase name="test498" classname="listas.RegressionTest6" time="0"/>
  <testcase name="test498" classname="listas.RegressionTest7" time="0"/>
  <testcase name="test498" classname="listas.RegressionTest8" time="0"/>
  <testcase name="test498" classname="listas.RegressionTest9" time="0"/>
  <testcase name="test499" classname="listas.RegressionTest0" time="0"/>
  <testcase name="test499" classname="listas.RegressionTest1" time="0"/>
  <testcase name="test499" classname="listas.RegressionTest2" time="0"/>
  <testcase name="test499" classname="listas.RegressionTest3" time="0"/>
  <testcase name="test499" classname="listas.RegressionTest4" time="0"/>
  <testcase name="test499" classname="listas.RegressionTest5" time="0"/>
  <testcase name="test499" classname="listas.RegressionTest6" time="0"/>
  <testcase name="test499" classname="listas.RegressionTest7" time="0"/>
  <testcase name="test499" classname="listas.RegressionTest8" time="0"/>
  <testcase name="test499" classname="listas.RegressionTest9" time="0"/>
  <testcase name="test500" classname="listas.RegressionTest0" time="0"/>
  <testcase name="test500" classname="listas.RegressionTest1" time="0"/>
  <testcase name="test500" classname="listas.RegressionTest2" time="0"/>
  <testcase name="test500" classname="listas.RegressionTest3" time="0"/>
  <testcase name="test500" classname="listas.RegressionTest4" time="0"/>
  <testcase name="test500" classname="listas.RegressionTest5" time="0"/>
  <testcase name="test500" classname="listas.RegressionTest6" time="0"/>
  <testcase name="test500" classname="listas.RegressionTest7" time="0"/>
  <testcase name="test500" classname="listas.RegressionTest8" time="0"/>
  <testcase name="test500" classname="listas.RegressionTest9" time="0"/>
</testsuite>